[ 2015-07-06T09:08:18+08:00 ] 127.0.0.1 /sucai/Xuan/Remote/updateJs
INFO: [ app_init ] --START--
INFO: Run Behavior\BuildLiteBehavior [ RunTime:0.000027s ]
INFO: [ app_init ] --END-- [ RunTime:0.000833s ]
INFO: [ app_begin ] --START--
INFO: Run Behavior\ReadHtmlCacheBehavior [ RunTime:0.001364s ]
INFO: [ app_begin ] --END-- [ RunTime:0.001687s ]
SQL: SHOW COLUMNS FROM `sucai_js` [ RunTime:0.003445s ]
SQL: UPDATE `sucai_js` SET `times_view`=6750,`times_comments`=3,`times_download`=570 WHERE ( id = 1 ) [ RunTime:0.000365s ]
SQL: UPDATE `sucai_js` SET `times_view`=3278,`times_comments`=2,`times_download`=435 WHERE ( id = 2 ) [ RunTime:0.000251s ]
SQL: UPDATE `sucai_js` SET `times_view`=3215,`times_comments`=12,`times_download`=601 WHERE ( id = 3 ) [ RunTime:0.000269s ]
SQL: UPDATE `sucai_js` SET `times_view`=1815,`times_comments`=0,`times_download`=268 WHERE ( id = 4 ) [ RunTime:0.000244s ]
SQL: UPDATE `sucai_js` SET `times_view`=1374,`times_comments`=1,`times_download`=305 WHERE ( id = 5 ) [ RunTime:0.000224s ]
SQL: UPDATE `sucai_js` SET `times_view`=4235,`times_comments`=0,`times_download`=363 WHERE ( id = 6 ) [ RunTime:0.000250s ]
SQL: UPDATE `sucai_js` SET `times_view`=1220,`times_comments`=0,`times_download`=227 WHERE ( id = 7 ) [ RunTime:0.000240s ]
SQL: UPDATE `sucai_js` SET `times_view`=576,`times_comments`=0,`times_download`=208 WHERE ( id = 8 ) [ RunTime:0.000363s ]
SQL: UPDATE `sucai_js` SET `times_view`=1149,`times_comments`=2,`times_download`=231 WHERE ( id = 9 ) [ RunTime:0.001247s ]
SQL: UPDATE `sucai_js` SET `times_view`=929,`times_comments`=0,`times_download`=259 WHERE ( id = 10 ) [ RunTime:0.000319s ]
SQL: UPDATE `sucai_js` SET `times_view`=393,`times_comments`=0,`times_download`=110 WHERE ( id = 11 ) [ RunTime:0.000392s ]
SQL: UPDATE `sucai_js` SET `times_view`=1231,`times_comments`=0,`times_download`=148 WHERE ( id = 12 ) [ RunTime:0.000307s ]
SQL: UPDATE `sucai_js` SET `times_view`=1790,`times_comments`=0,`times_download`=288 WHERE ( id = 13 ) [ RunTime:0.000479s ]
SQL: UPDATE `sucai_js` SET `times_view`=1823,`times_comments`=1,`times_download`=240 WHERE ( id = 14 ) [ RunTime:0.000396s ]
SQL: UPDATE `sucai_js` SET `times_view`=2239,`times_comments`=0,`times_download`=242 WHERE ( id = 15 ) [ RunTime:0.000291s ]
SQL: UPDATE `sucai_js` SET `times_view`=1880,`times_comments`=1,`times_download`=193 WHERE ( id = 16 ) [ RunTime:0.000263s ]
SQL: UPDATE `sucai_js` SET `times_view`=1064,`times_comments`=0,`times_download`=204 WHERE ( id = 17 ) [ RunTime:0.000325s ]
SQL: UPDATE `sucai_js` SET `times_view`=2877,`times_comments`=2,`times_download`=178 WHERE ( id = 18 ) [ RunTime:0.000264s ]
SQL: UPDATE `sucai_js` SET `times_view`=2794,`times_comments`=0,`times_download`=242 WHERE ( id = 19 ) [ RunTime:0.000300s ]
SQL: UPDATE `sucai_js` SET `times_view`=2126,`times_comments`=0,`times_download`=228 WHERE ( id = 20 ) [ RunTime:0.000313s ]
SQL: UPDATE `sucai_js` SET `times_view`=1731,`times_comments`=0,`times_download`=245 WHERE ( id = 21 ) [ RunTime:0.000220s ]
SQL: UPDATE `sucai_js` SET `times_view`=727,`times_comments`=0,`times_download`=169 WHERE ( id = 22 ) [ RunTime:0.000216s ]
SQL: UPDATE `sucai_js` SET `times_view`=4149,`times_comments`=2,`times_download`=274 WHERE ( id = 23 ) [ RunTime:0.000241s ]
SQL: UPDATE `sucai_js` SET `times_view`=377,`times_comments`=0,`times_download`=154 WHERE ( id = 24 ) [ RunTime:0.000223s ]
SQL: UPDATE `sucai_js` SET `times_view`=2794,`times_comments`=0,`times_download`=228 WHERE ( id = 25 ) [ RunTime:0.000249s ]
SQL: UPDATE `sucai_js` SET `times_view`=4077,`times_comments`=0,`times_download`=214 WHERE ( id = 26 ) [ RunTime:0.000229s ]
SQL: UPDATE `sucai_js` SET `times_view`=3117,`times_comments`=0,`times_download`=223 WHERE ( id = 27 ) [ RunTime:0.000215s ]
SQL: UPDATE `sucai_js` SET `times_view`=2102,`times_comments`=0,`times_download`=251 WHERE ( id = 28 ) [ RunTime:0.000298s ]
SQL: UPDATE `sucai_js` SET `times_view`=1292,`times_comments`=2,`times_download`=281 WHERE ( id = 29 ) [ RunTime:0.000340s ]
SQL: UPDATE `sucai_js` SET `times_view`=2271,`times_comments`=0,`times_download`=242 WHERE ( id = 30 ) [ RunTime:0.000246s ]
SQL: UPDATE `sucai_js` SET `times_view`=2076,`times_comments`=0,`times_download`=181 WHERE ( id = 31 ) [ RunTime:0.000232s ]
SQL: UPDATE `sucai_js` SET `times_view`=3027,`times_comments`=0,`times_download`=226 WHERE ( id = 32 ) [ RunTime:0.000293s ]
SQL: UPDATE `sucai_js` SET `times_view`=1663,`times_comments`=0,`times_download`=211 WHERE ( id = 33 ) [ RunTime:0.000293s ]
SQL: UPDATE `sucai_js` SET `times_view`=2124,`times_comments`=0,`times_download`=519 WHERE ( id = 34 ) [ RunTime:0.000300s ]
SQL: UPDATE `sucai_js` SET `times_view`=1261,`times_comments`=0,`times_download`=242 WHERE ( id = 35 ) [ RunTime:0.000354s ]
SQL: UPDATE `sucai_js` SET `times_view`=2121,`times_comments`=0,`times_download`=220 WHERE ( id = 36 ) [ RunTime:0.000332s ]
SQL: UPDATE `sucai_js` SET `times_view`=1503,`times_comments`=0,`times_download`=192 WHERE ( id = 37 ) [ RunTime:0.000211s ]
SQL: UPDATE `sucai_js` SET `times_view`=3596,`times_comments`=0,`times_download`=218 WHERE ( id = 38 ) [ RunTime:0.000269s ]
SQL: UPDATE `sucai_js` SET `times_view`=1886,`times_comments`=2,`times_download`=320 WHERE ( id = 39 ) [ RunTime:0.000238s ]
SQL: UPDATE `sucai_js` SET `times_view`=1130,`times_comments`=1,`times_download`=159 WHERE ( id = 40 ) [ RunTime:0.000231s ]
SQL: UPDATE `sucai_js` SET `times_view`=1623,`times_comments`=1,`times_download`=136 WHERE ( id = 41 ) [ RunTime:0.000223s ]
SQL: UPDATE `sucai_js` SET `times_view`=1237,`times_comments`=1,`times_download`=176 WHERE ( id = 42 ) [ RunTime:0.000226s ]
SQL: UPDATE `sucai_js` SET `times_view`=2035,`times_comments`=0,`times_download`=170 WHERE ( id = 43 ) [ RunTime:0.000226s ]
SQL: UPDATE `sucai_js` SET `times_view`=580,`times_comments`=1,`times_download`=143 WHERE ( id = 44 ) [ RunTime:0.000344s ]
SQL: UPDATE `sucai_js` SET `times_view`=1258,`times_comments`=1,`times_download`=297 WHERE ( id = 45 ) [ RunTime:0.000305s ]
SQL: UPDATE `sucai_js` SET `times_view`=1689,`times_comments`=1,`times_download`=235 WHERE ( id = 46 ) [ RunTime:0.000225s ]
SQL: UPDATE `sucai_js` SET `times_view`=2594,`times_comments`=3,`times_download`=232 WHERE ( id = 47 ) [ RunTime:0.000251s ]
SQL: UPDATE `sucai_js` SET `times_view`=1262,`times_comments`=0,`times_download`=171 WHERE ( id = 48 ) [ RunTime:0.000286s ]
SQL: UPDATE `sucai_js` SET `times_view`=597,`times_comments`=0,`times_download`=229 WHERE ( id = 49 ) [ RunTime:0.000242s ]
SQL: UPDATE `sucai_js` SET `times_view`=463,`times_comments`=2,`times_download`=149 WHERE ( id = 50 ) [ RunTime:0.000242s ]
SQL: UPDATE `sucai_js` SET `times_view`=381,`times_comments`=5,`times_download`=268 WHERE ( id = 51 ) [ RunTime:0.000236s ]
SQL: UPDATE `sucai_js` SET `times_view`=445,`times_comments`=2,`times_download`=145 WHERE ( id = 52 ) [ RunTime:0.000232s ]
SQL: UPDATE `sucai_js` SET `times_view`=118,`times_comments`=0,`times_download`=78 WHERE ( id = 53 ) [ RunTime:0.000240s ]
SQL: UPDATE `sucai_js` SET `times_view`=1137,`times_comments`=3,`times_download`=469 WHERE ( id = 54 ) [ RunTime:0.000267s ]
SQL: UPDATE `sucai_js` SET `times_view`=353,`times_comments`=0,`times_download`=116 WHERE ( id = 55 ) [ RunTime:0.000308s ]
SQL: UPDATE `sucai_js` SET `times_view`=109,`times_comments`=0,`times_download`=84 WHERE ( id = 56 ) [ RunTime:0.000235s ]
SQL: UPDATE `sucai_js` SET `times_view`=652,`times_comments`=1,`times_download`=283 WHERE ( id = 57 ) [ RunTime:0.000275s ]
SQL: UPDATE `sucai_js` SET `times_view`=513,`times_comments`=1,`times_download`=265 WHERE ( id = 58 ) [ RunTime:0.000265s ]
SQL: UPDATE `sucai_js` SET `times_view`=264,`times_comments`=0,`times_download`=119 WHERE ( id = 59 ) [ RunTime:0.000259s ]
SQL: UPDATE `sucai_js` SET `times_view`=923,`times_comments`=1,`times_download`=321 WHERE ( id = 60 ) [ RunTime:0.000233s ]
SQL: UPDATE `sucai_js` SET `times_view`=674,`times_comments`=5,`times_download`=220 WHERE ( id = 61 ) [ RunTime:0.000249s ]
SQL: UPDATE `sucai_js` SET `times_view`=271,`times_comments`=0,`times_download`=114 WHERE ( id = 62 ) [ RunTime:0.000325s ]
SQL: UPDATE `sucai_js` SET `times_view`=460,`times_comments`=4,`times_download`=138 WHERE ( id = 63 ) [ RunTime:0.000414s ]
SQL: UPDATE `sucai_js` SET `times_view`=977,`times_comments`=3,`times_download`=289 WHERE ( id = 64 ) [ RunTime:0.000303s ]
SQL: UPDATE `sucai_js` SET `times_view`=419,`times_comments`=0,`times_download`=145 WHERE ( id = 65 ) [ RunTime:0.000209s ]
SQL: UPDATE `sucai_js` SET `times_view`=279,`times_comments`=0,`times_download`=97 WHERE ( id = 66 ) [ RunTime:0.000222s ]
SQL: UPDATE `sucai_js` SET `times_view`=320,`times_comments`=1,`times_download`=75 WHERE ( id = 67 ) [ RunTime:0.000234s ]
SQL: UPDATE `sucai_js` SET `times_view`=260,`times_comments`=0,`times_download`=109 WHERE ( id = 68 ) [ RunTime:0.000229s ]
SQL: UPDATE `sucai_js` SET `times_view`=305,`times_comments`=0,`times_download`=98 WHERE ( id = 69 ) [ RunTime:0.000230s ]
SQL: UPDATE `sucai_js` SET `times_view`=1456,`times_comments`=5,`times_download`=329 WHERE ( id = 70 ) [ RunTime:0.000217s ]
SQL: UPDATE `sucai_js` SET `times_view`=1551,`times_comments`=3,`times_download`=512 WHERE ( id = 71 ) [ RunTime:0.000215s ]
SQL: UPDATE `sucai_js` SET `times_view`=375,`times_comments`=1,`times_download`=129 WHERE ( id = 72 ) [ RunTime:0.000246s ]
SQL: UPDATE `sucai_js` SET `times_view`=493,`times_comments`=3,`times_download`=179 WHERE ( id = 73 ) [ RunTime:0.000260s ]
SQL: UPDATE `sucai_js` SET `times_view`=1032,`times_comments`=4,`times_download`=339 WHERE ( id = 74 ) [ RunTime:0.000217s ]
SQL: UPDATE `sucai_js` SET `times_view`=388,`times_comments`=1,`times_download`=118 WHERE ( id = 75 ) [ RunTime:0.000233s ]
SQL: UPDATE `sucai_js` SET `times_view`=219,`times_comments`=0,`times_download`=91 WHERE ( id = 76 ) [ RunTime:0.000220s ]
SQL: UPDATE `sucai_js` SET `times_view`=977,`times_comments`=0,`times_download`=239 WHERE ( id = 77 ) [ RunTime:0.000281s ]
SQL: UPDATE `sucai_js` SET `times_view`=811,`times_comments`=4,`times_download`=229 WHERE ( id = 78 ) [ RunTime:0.000249s ]
SQL: UPDATE `sucai_js` SET `times_view`=299,`times_comments`=1,`times_download`=122 WHERE ( id = 79 ) [ RunTime:0.000211s ]
SQL: UPDATE `sucai_js` SET `times_view`=490,`times_comments`=1,`times_download`=116 WHERE ( id = 80 ) [ RunTime:0.000239s ]
SQL: UPDATE `sucai_js` SET `times_view`=250,`times_comments`=1,`times_download`=66 WHERE ( id = 86 ) [ RunTime:0.000243s ]
SQL: UPDATE `sucai_js` SET `times_view`=211,`times_comments`=0,`times_download`=89 WHERE ( id = 81 ) [ RunTime:0.000288s ]
SQL: UPDATE `sucai_js` SET `times_view`=115,`times_comments`=1,`times_download`=62 WHERE ( id = 82 ) [ RunTime:0.000209s ]
SQL: UPDATE `sucai_js` SET `times_view`=246,`times_comments`=1,`times_download`=90 WHERE ( id = 83 ) [ RunTime:0.000234s ]
SQL: UPDATE `sucai_js` SET `times_view`=499,`times_comments`=2,`times_download`=156 WHERE ( id = 84 ) [ RunTime:0.000210s ]
SQL: UPDATE `sucai_js` SET `times_view`=833,`times_comments`=3,`times_download`=274 WHERE ( id = 85 ) [ RunTime:0.000287s ]
SQL: UPDATE `sucai_js` SET `times_view`=450,`times_comments`=0,`times_download`=186 WHERE ( id = 87 ) [ RunTime:0.000301s ]
SQL: UPDATE `sucai_js` SET `times_view`=374,`times_comments`=0,`times_download`=125 WHERE ( id = 88 ) [ RunTime:0.000274s ]
SQL: UPDATE `sucai_js` SET `times_view`=182,`times_comments`=1,`times_download`=24 WHERE ( id = 89 ) [ RunTime:0.000377s ]
SQL: UPDATE `sucai_js` SET `times_view`=273,`times_comments`=0,`times_download`=137 WHERE ( id = 90 ) [ RunTime:0.001206s ]
SQL: UPDATE `sucai_js` SET `times_view`=861,`times_comments`=3,`times_download`=309 WHERE ( id = 91 ) [ RunTime:0.000443s ]
SQL: UPDATE `sucai_js` SET `times_view`=648,`times_comments`=2,`times_download`=268 WHERE ( id = 92 ) [ RunTime:0.000274s ]
SQL: UPDATE `sucai_js` SET `times_view`=214,`times_comments`=0,`times_download`=96 WHERE ( id = 93 ) [ RunTime:0.000231s ]
SQL: UPDATE `sucai_js` SET `times_view`=234,`times_comments`=0,`times_download`=95 WHERE ( id = 94 ) [ RunTime:0.000237s ]
SQL: UPDATE `sucai_js` SET `times_view`=383,`times_comments`=5,`times_download`=207 WHERE ( id = 95 ) [ RunTime:0.000234s ]
SQL: UPDATE `sucai_js` SET `times_view`=133,`times_comments`=0,`times_download`=67 WHERE ( id = 96 ) [ RunTime:0.000194s ]
SQL: UPDATE `sucai_js` SET `times_view`=165,`times_comments`=1,`times_download`=76 WHERE ( id = 97 ) [ RunTime:0.000233s ]
SQL: UPDATE `sucai_js` SET `times_view`=245,`times_comments`=2,`times_download`=118 WHERE ( id = 98 ) [ RunTime:0.000218s ]
SQL: UPDATE `sucai_js` SET `times_view`=263,`times_comments`=3,`times_download`=65 WHERE ( id = 99 ) [ RunTime:0.000208s ]
SQL: UPDATE `sucai_js` SET `times_view`=278,`times_comments`=1,`times_download`=93 WHERE ( id = 100 ) [ RunTime:0.000199s ]
SQL: UPDATE `sucai_js` SET `times_view`=498,`times_comments`=4,`times_download`=216 WHERE ( id = 105 ) [ RunTime:0.000212s ]
SQL: UPDATE `sucai_js` SET `times_view`=301,`times_comments`=0,`times_download`=120 WHERE ( id = 101 ) [ RunTime:0.000277s ]
SQL: UPDATE `sucai_js` SET `times_view`=146,`times_comments`=0,`times_download`=69 WHERE ( id = 102 ) [ RunTime:0.000234s ]
SQL: UPDATE `sucai_js` SET `times_view`=208,`times_comments`=1,`times_download`=75 WHERE ( id = 103 ) [ RunTime:0.000227s ]
SQL: UPDATE `sucai_js` SET `times_view`=197,`times_comments`=0,`times_download`=65 WHERE ( id = 104 ) [ RunTime:0.000232s ]
SQL: UPDATE `sucai_js` SET `times_view`=295,`times_comments`=4,`times_download`=84 WHERE ( id = 106 ) [ RunTime:0.000227s ]
SQL: UPDATE `sucai_js` SET `times_view`=365,`times_comments`=4,`times_download`=130 WHERE ( id = 107 ) [ RunTime:0.000303s ]
SQL: UPDATE `sucai_js` SET `times_view`=899,`times_comments`=2,`times_download`=1526 WHERE ( id = 108 ) [ RunTime:0.000290s ]
SQL: UPDATE `sucai_js` SET `times_view`=165,`times_comments`=3,`times_download`=75 WHERE ( id = 109 ) [ RunTime:0.000324s ]
SQL: UPDATE `sucai_js` SET `times_view`=369,`times_comments`=5,`times_download`=191 WHERE ( id = 110 ) [ RunTime:0.000243s ]
SQL: UPDATE `sucai_js` SET `times_view`=295,`times_comments`=4,`times_download`=109 WHERE ( id = 111 ) [ RunTime:0.000233s ]
SQL: UPDATE `sucai_js` SET `times_view`=305,`times_comments`=2,`times_download`=235 WHERE ( id = 112 ) [ RunTime:0.000368s ]
SQL: UPDATE `sucai_js` SET `times_view`=1059,`times_comments`=3,`times_download`=342 WHERE ( id = 113 ) [ RunTime:0.000253s ]
SQL: UPDATE `sucai_js` SET `times_view`=288,`times_comments`=3,`times_download`=155 WHERE ( id = 114 ) [ RunTime:0.000236s ]
SQL: UPDATE `sucai_js` SET `times_view`=227,`times_comments`=1,`times_download`=95 WHERE ( id = 115 ) [ RunTime:0.000249s ]
SQL: UPDATE `sucai_js` SET `times_view`=267,`times_comments`=2,`times_download`=59 WHERE ( id = 116 ) [ RunTime:0.000249s ]
SQL: UPDATE `sucai_js` SET `times_view`=493,`times_comments`=2,`times_download`=155 WHERE ( id = 117 ) [ RunTime:0.000241s ]
SQL: UPDATE `sucai_js` SET `times_view`=363,`times_comments`=2,`times_download`=102 WHERE ( id = 118 ) [ RunTime:0.000225s ]
SQL: UPDATE `sucai_js` SET `times_view`=263,`times_comments`=3,`times_download`=78 WHERE ( id = 119 ) [ RunTime:0.000233s ]
SQL: UPDATE `sucai_js` SET `times_view`=722,`times_comments`=6,`times_download`=176 WHERE ( id = 120 ) [ RunTime:0.000229s ]
SQL: UPDATE `sucai_js` SET `times_view`=274,`times_comments`=2,`times_download`=77 WHERE ( id = 121 ) [ RunTime:0.000298s ]
SQL: UPDATE `sucai_js` SET `times_view`=171,`times_comments`=2,`times_download`=81 WHERE ( id = 122 ) [ RunTime:0.000238s ]
SQL: UPDATE `sucai_js` SET `times_view`=230,`times_comments`=0,`times_download`=70 WHERE ( id = 123 ) [ RunTime:0.000249s ]
SQL: UPDATE `sucai_js` SET `times_view`=630,`times_comments`=3,`times_download`=240 WHERE ( id = 124 ) [ RunTime:0.000231s ]
SQL: UPDATE `sucai_js` SET `times_view`=518,`times_comments`=3,`times_download`=86 WHERE ( id = 125 ) [ RunTime:0.000236s ]
SQL: UPDATE `sucai_js` SET `times_view`=211,`times_comments`=3,`times_download`=105 WHERE ( id = 126 ) [ RunTime:0.000215s ]
SQL: UPDATE `sucai_js` SET `times_view`=1035,`times_comments`=6,`times_download`=281 WHERE ( id = 129 ) [ RunTime:0.000239s ]
SQL: UPDATE `sucai_js` SET `times_view`=496,`times_comments`=3,`times_download`=148 WHERE ( id = 127 ) [ RunTime:0.000234s ]
SQL: UPDATE `sucai_js` SET `times_view`=230,`times_comments`=3,`times_download`=69 WHERE ( id = 128 ) [ RunTime:0.000222s ]
SQL: UPDATE `sucai_js` SET `times_view`=106,`times_comments`=1,`times_download`=53 WHERE ( id = 132 ) [ RunTime:0.000231s ]
SQL: UPDATE `sucai_js` SET `times_view`=189,`times_comments`=1,`times_download`=75 WHERE ( id = 130 ) [ RunTime:0.000222s ]
SQL: UPDATE `sucai_js` SET `times_view`=267,`times_comments`=1,`times_download`=100 WHERE ( id = 131 ) [ RunTime:0.000210s ]
SQL: UPDATE `sucai_js` SET `times_view`=159,`times_comments`=2,`times_download`=67 WHERE ( id = 133 ) [ RunTime:0.000221s ]
SQL: UPDATE `sucai_js` SET `times_view`=158,`times_comments`=1,`times_download`=61 WHERE ( id = 134 ) [ RunTime:0.000209s ]
SQL: UPDATE `sucai_js` SET `times_view`=445,`times_comments`=3,`times_download`=101 WHERE ( id = 135 ) [ RunTime:0.000222s ]
SQL: UPDATE `sucai_js` SET `times_view`=340,`times_comments`=3,`times_download`=132 WHERE ( id = 140 ) [ RunTime:0.000303s ]
SQL: UPDATE `sucai_js` SET `times_view`=694,`times_comments`=8,`times_download`=178 WHERE ( id = 136 ) [ RunTime:0.000232s ]
SQL: UPDATE `sucai_js` SET `times_view`=92,`times_comments`=1,`times_download`=43 WHERE ( id = 137 ) [ RunTime:0.000241s ]
SQL: UPDATE `sucai_js` SET `times_view`=153,`times_comments`=1,`times_download`=63 WHERE ( id = 138 ) [ RunTime:0.000377s ]
SQL: UPDATE `sucai_js` SET `times_view`=156,`times_comments`=4,`times_download`=48 WHERE ( id = 139 ) [ RunTime:0.000265s ]
SQL: UPDATE `sucai_js` SET `times_view`=139,`times_comments`=1,`times_download`=58 WHERE ( id = 141 ) [ RunTime:0.000317s ]
SQL: UPDATE `sucai_js` SET `times_view`=120,`times_comments`=1,`times_download`=60 WHERE ( id = 142 ) [ RunTime:0.000363s ]
SQL: UPDATE `sucai_js` SET `times_view`=65,`times_comments`=1,`times_download`=49 WHERE ( id = 143 ) [ RunTime:0.000492s ]
SQL: UPDATE `sucai_js` SET `times_view`=104,`times_comments`=1,`times_download`=80 WHERE ( id = 144 ) [ RunTime:0.000374s ]
SQL: UPDATE `sucai_js` SET `times_view`=101,`times_comments`=1,`times_download`=69 WHERE ( id = 145 ) [ RunTime:0.000242s ]
SQL: UPDATE `sucai_js` SET `times_view`=121,`times_comments`=0,`times_download`=84 WHERE ( id = 161 ) [ RunTime:0.000238s ]
SQL: UPDATE `sucai_js` SET `times_view`=69,`times_comments`=1,`times_download`=37 WHERE ( id = 146 ) [ RunTime:0.000210s ]
SQL: UPDATE `sucai_js` SET `times_view`=27,`times_comments`=0,`times_download`=37 WHERE ( id = 156 ) [ RunTime:0.000216s ]
SQL: UPDATE `sucai_js` SET `times_view`=123,`times_comments`=1,`times_download`=83 WHERE ( id = 147 ) [ RunTime:0.000233s ]
SQL: UPDATE `sucai_js` SET `times_view`=85,`times_comments`=2,`times_download`=47 WHERE ( id = 148 ) [ RunTime:0.000237s ]
SQL: UPDATE `sucai_js` SET `times_view`=90,`times_comments`=0,`times_download`=41 WHERE ( id = 149 ) [ RunTime:0.000214s ]
SQL: UPDATE `sucai_js` SET `times_view`=40,`times_comments`=0,`times_download`=32 WHERE ( id = 150 ) [ RunTime:0.000225s ]
SQL: UPDATE `sucai_js` SET `times_view`=35,`times_comments`=0,`times_download`=41 WHERE ( id = 151 ) [ RunTime:0.000253s ]
SQL: UPDATE `sucai_js` SET `times_view`=71,`times_comments`=0,`times_download`=36 WHERE ( id = 152 ) [ RunTime:0.000215s ]
SQL: UPDATE `sucai_js` SET `times_view`=78,`times_comments`=0,`times_download`=39 WHERE ( id = 153 ) [ RunTime:0.000274s ]
SQL: UPDATE `sucai_js` SET `times_view`=49,`times_comments`=0,`times_download`=51 WHERE ( id = 154 ) [ RunTime:0.000239s ]
SQL: UPDATE `sucai_js` SET `times_view`=63,`times_comments`=0,`times_download`=31 WHERE ( id = 158 ) [ RunTime:0.000243s ]
SQL: UPDATE `sucai_js` SET `times_view`=474,`times_comments`=2,`times_download`=152 WHERE ( id = 155 ) [ RunTime:0.000249s ]
SQL: UPDATE `sucai_js` SET `times_view`=50,`times_comments`=0,`times_download`=38 WHERE ( id = 157 ) [ RunTime:0.000211s ]
SQL: UPDATE `sucai_js` SET `times_view`=194,`times_comments`=0,`times_download`=69 WHERE ( id = 159 ) [ RunTime:0.000248s ]
SQL: UPDATE `sucai_js` SET `times_view`=54,`times_comments`=0,`times_download`=50 WHERE ( id = 160 ) [ RunTime:0.000217s ]
SQL: UPDATE `sucai_js` SET `times_view`=88,`times_comments`=0,`times_download`=112 WHERE ( id = 162 ) [ RunTime:0.000355s ]
SQL: UPDATE `sucai_js` SET `times_view`=68,`times_comments`=1,`times_download`=66 WHERE ( id = 163 ) [ RunTime:0.000519s ]
SQL: UPDATE `sucai_js` SET `times_view`=77,`times_comments`=0,`times_download`=51 WHERE ( id = 164 ) [ RunTime:0.000289s ]
SQL: UPDATE `sucai_js` SET `times_view`=71,`times_comments`=1,`times_download`=14 WHERE ( id = 194 ) [ RunTime:0.000312s ]
SQL: UPDATE `sucai_js` SET `times_view`=567,`times_comments`=1,`times_download`=240 WHERE ( id = 165 ) [ RunTime:0.000515s ]
SQL: UPDATE `sucai_js` SET `times_view`=82,`times_comments`=0,`times_download`=34 WHERE ( id = 166 ) [ RunTime:0.000267s ]
SQL: UPDATE `sucai_js` SET `times_view`=153,`times_comments`=0,`times_download`=35 WHERE ( id = 167 ) [ RunTime:0.000294s ]
SQL: UPDATE `sucai_js` SET `times_view`=31,`times_comments`=0,`times_download`=32 WHERE ( id = 168 ) [ RunTime:0.000244s ]
SQL: UPDATE `sucai_js` SET `times_view`=43,`times_comments`=0,`times_download`=52 WHERE ( id = 169 ) [ RunTime:0.000225s ]
SQL: UPDATE `sucai_js` SET `times_view`=60,`times_comments`=0,`times_download`=42 WHERE ( id = 170 ) [ RunTime:0.000245s ]
SQL: UPDATE `sucai_js` SET `times_view`=65,`times_comments`=0,`times_download`=39 WHERE ( id = 171 ) [ RunTime:0.000237s ]
SQL: UPDATE `sucai_js` SET `times_view`=43,`times_comments`=0,`times_download`=38 WHERE ( id = 172 ) [ RunTime:0.000213s ]
SQL: UPDATE `sucai_js` SET `times_view`=64,`times_comments`=0,`times_download`=34 WHERE ( id = 173 ) [ RunTime:0.000230s ]
SQL: UPDATE `sucai_js` SET `times_view`=60,`times_comments`=0,`times_download`=39 WHERE ( id = 174 ) [ RunTime:0.000218s ]
SQL: UPDATE `sucai_js` SET `times_view`=60,`times_comments`=0,`times_download`=39 WHERE ( id = 175 ) [ RunTime:0.000231s ]
SQL: UPDATE `sucai_js` SET `times_view`=94,`times_comments`=0,`times_download`=60 WHERE ( id = 176 ) [ RunTime:0.000243s ]
SQL: UPDATE `sucai_js` SET `times_view`=50,`times_comments`=0,`times_download`=32 WHERE ( id = 177 ) [ RunTime:0.000259s ]
SQL: UPDATE `sucai_js` SET `times_view`=108,`times_comments`=0,`times_download`=60 WHERE ( id = 178 ) [ RunTime:0.000239s ]
SQL: UPDATE `sucai_js` SET `times_view`=151,`times_comments`=0,`times_download`=51 WHERE ( id = 179 ) [ RunTime:0.000228s ]
SQL: UPDATE `sucai_js` SET `times_view`=71,`times_comments`=1,`times_download`=55 WHERE ( id = 180 ) [ RunTime:0.000212s ]
SQL: UPDATE `sucai_js` SET `times_view`=126,`times_comments`=0,`times_download`=30 WHERE ( id = 181 ) [ RunTime:0.000230s ]
SQL: UPDATE `sucai_js` SET `times_view`=39,`times_comments`=0,`times_download`=39 WHERE ( id = 182 ) [ RunTime:0.000228s ]
SQL: UPDATE `sucai_js` SET `times_view`=81,`times_comments`=1,`times_download`=46 WHERE ( id = 183 ) [ RunTime:0.000223s ]
SQL: UPDATE `sucai_js` SET `times_view`=73,`times_comments`=0,`times_download`=44 WHERE ( id = 184 ) [ RunTime:0.000253s ]
SQL: UPDATE `sucai_js` SET `times_view`=63,`times_comments`=1,`times_download`=47 WHERE ( id = 185 ) [ RunTime:0.000216s ]
SQL: UPDATE `sucai_js` SET `times_view`=105,`times_comments`=1,`times_download`=60 WHERE ( id = 186 ) [ RunTime:0.000218s ]
SQL: UPDATE `sucai_js` SET `times_view`=103,`times_comments`=2,`times_download`=62 WHERE ( id = 187 ) [ RunTime:0.000265s ]
SQL: UPDATE `sucai_js` SET `times_view`=64,`times_comments`=1,`times_download`=48 WHERE ( id = 188 ) [ RunTime:0.000427s ]
SQL: UPDATE `sucai_js` SET `times_view`=42,`times_comments`=0,`times_download`=44 WHERE ( id = 189 ) [ RunTime:0.000258s ]
SQL: UPDATE `sucai_js` SET `times_view`=161,`times_comments`=0,`times_download`=79 WHERE ( id = 190 ) [ RunTime:0.000264s ]
SQL: UPDATE `sucai_js` SET `times_view`=73,`times_comments`=2,`times_download`=35 WHERE ( id = 191 ) [ RunTime:0.000218s ]
SQL: UPDATE `sucai_js` SET `times_view`=70,`times_comments`=0,`times_download`=50 WHERE ( id = 192 ) [ RunTime:0.000248s ]
SQL: UPDATE `sucai_js` SET `times_view`=97,`times_comments`=0,`times_download`=73 WHERE ( id = 193 ) [ RunTime:0.000258s ]
SQL: UPDATE `sucai_js` SET `times_view`=54,`times_comments`=0,`times_download`=23 WHERE ( id = 195 ) [ RunTime:0.000214s ]
SQL: UPDATE `sucai_js` SET `times_view`=41,`times_comments`=0,`times_download`=24 WHERE ( id = 196 ) [ RunTime:0.000263s ]
SQL: UPDATE `sucai_js` SET `times_view`=59,`times_comments`=0,`times_download`=56 WHERE ( id = 197 ) [ RunTime:0.000233s ]
SQL: UPDATE `sucai_js` SET `times_view`=65,`times_comments`=1,`times_download`=32 WHERE ( id = 198 ) [ RunTime:0.000225s ]
SQL: UPDATE `sucai_js` SET `times_view`=49,`times_comments`=0,`times_download`=28 WHERE ( id = 199 ) [ RunTime:0.000243s ]
SQL: UPDATE `sucai_js` SET `times_view`=101,`times_comments`=1,`times_download`=37 WHERE ( id = 200 ) [ RunTime:0.000274s ]
SQL: UPDATE `sucai_js` SET `times_view`=48,`times_comments`=0,`times_download`=29 WHERE ( id = 201 ) [ RunTime:0.000246s ]
SQL: UPDATE `sucai_js` SET `times_view`=59,`times_comments`=1,`times_download`=67 WHERE ( id = 202 ) [ RunTime:0.000262s ]
SQL: UPDATE `sucai_js` SET `times_view`=84,`times_comments`=0,`times_download`=44 WHERE ( id = 203 ) [ RunTime:0.000222s ]
SQL: UPDATE `sucai_js` SET `times_view`=72,`times_comments`=1,`times_download`=32 WHERE ( id = 204 ) [ RunTime:0.000234s ]
SQL: UPDATE `sucai_js` SET `times_view`=110,`times_comments`=1,`times_download`=43 WHERE ( id = 205 ) [ RunTime:0.000229s ]
SQL: UPDATE `sucai_js` SET `times_view`=89,`times_comments`=1,`times_download`=34 WHERE ( id = 206 ) [ RunTime:0.000218s ]
SQL: UPDATE `sucai_js` SET `times_view`=100,`times_comments`=0,`times_download`=60 WHERE ( id = 207 ) [ RunTime:0.000231s ]
SQL: UPDATE `sucai_js` SET `times_view`=92,`times_comments`=0,`times_download`=38 WHERE ( id = 208 ) [ RunTime:0.000217s ]
SQL: UPDATE `sucai_js` SET `times_view`=91,`times_comments`=2,`times_download`=40 WHERE ( id = 209 ) [ RunTime:0.000267s ]
SQL: UPDATE `sucai_js` SET `times_view`=73,`times_comments`=0,`times_download`=38 WHERE ( id = 210 ) [ RunTime:0.000234s ]
SQL: UPDATE `sucai_js` SET `times_view`=96,`times_comments`=1,`times_download`=42 WHERE ( id = 216 ) [ RunTime:0.000218s ]
SQL: UPDATE `sucai_js` SET `times_view`=324,`times_comments`=2,`times_download`=103 WHERE ( id = 211 ) [ RunTime:0.000254s ]
SQL: UPDATE `sucai_js` SET `times_view`=119,`times_comments`=0,`times_download`=38 WHERE ( id = 212 ) [ RunTime:0.000296s ]
SQL: UPDATE `sucai_js` SET `times_view`=141,`times_comments`=3,`times_download`=42 WHERE ( id = 213 ) [ RunTime:0.000251s ]
SQL: UPDATE `sucai_js` SET `times_view`=121,`times_comments`=1,`times_download`=55 WHERE ( id = 214 ) [ RunTime:0.000261s ]
SQL: UPDATE `sucai_js` SET `times_view`=92,`times_comments`=1,`times_download`=47 WHERE ( id = 215 ) [ RunTime:0.000251s ]
SQL: UPDATE `sucai_js` SET `times_view`=93,`times_comments`=0,`times_download`=148 WHERE ( id = 217 ) [ RunTime:0.000334s ]
SQL: UPDATE `sucai_js` SET `times_view`=99,`times_comments`=2,`times_download`=34 WHERE ( id = 218 ) [ RunTime:0.000280s ]
SQL: UPDATE `sucai_js` SET `times_view`=128,`times_comments`=1,`times_download`=52 WHERE ( id = 219 ) [ RunTime:0.000233s ]
SQL: UPDATE `sucai_js` SET `times_view`=77,`times_comments`=1,`times_download`=67 WHERE ( id = 220 ) [ RunTime:0.000214s ]
SQL: UPDATE `sucai_js` SET `times_view`=81,`times_comments`=0,`times_download`=62 WHERE ( id = 221 ) [ RunTime:0.000233s ]
SQL: UPDATE `sucai_js` SET `times_view`=128,`times_comments`=0,`times_download`=34 WHERE ( id = 222 ) [ RunTime:0.000222s ]
SQL: UPDATE `sucai_js` SET `times_view`=707,`times_comments`=1,`times_download`=132 WHERE ( id = 223 ) [ RunTime:0.000242s ]
SQL: UPDATE `sucai_js` SET `times_view`=76,`times_comments`=1,`times_download`=56 WHERE ( id = 224 ) [ RunTime:0.000233s ]
SQL: UPDATE `sucai_js` SET `times_view`=107,`times_comments`=0,`times_download`=35 WHERE ( id = 225 ) [ RunTime:0.000221s ]
SQL: UPDATE `sucai_js` SET `times_view`=69,`times_comments`=0,`times_download`=54 WHERE ( id = 226 ) [ RunTime:0.000254s ]
SQL: UPDATE `sucai_js` SET `times_view`=68,`times_comments`=1,`times_download`=21 WHERE ( id = 227 ) [ RunTime:0.000247s ]
SQL: UPDATE `sucai_js` SET `times_view`=115,`times_comments`=0,`times_download`=72 WHERE ( id = 228 ) [ RunTime:0.000258s ]
SQL: UPDATE `sucai_js` SET `times_view`=107,`times_comments`=0,`times_download`=45 WHERE ( id = 229 ) [ RunTime:0.000236s ]
SQL: UPDATE `sucai_js` SET `times_view`=97,`times_comments`=2,`times_download`=64 WHERE ( id = 230 ) [ RunTime:0.000244s ]
SQL: UPDATE `sucai_js` SET `times_view`=45,`times_comments`=1,`times_download`=17 WHERE ( id = 231 ) [ RunTime:0.000255s ]
SQL: UPDATE `sucai_js` SET `times_view`=23,`times_comments`=0,`times_download`=20 WHERE ( id = 232 ) [ RunTime:0.000251s ]
SQL: UPDATE `sucai_js` SET `times_view`=45,`times_comments`=1,`times_download`=13 WHERE ( id = 233 ) [ RunTime:0.000256s ]
SQL: UPDATE `sucai_js` SET `times_view`=44,`times_comments`=0,`times_download`=17 WHERE ( id = 234 ) [ RunTime:0.000275s ]
SQL: UPDATE `sucai_js` SET `times_view`=57,`times_comments`=1,`times_download`=15 WHERE ( id = 235 ) [ RunTime:0.000286s ]
SQL: UPDATE `sucai_js` SET `times_view`=31,`times_comments`=0,`times_download`=15 WHERE ( id = 236 ) [ RunTime:0.000231s ]
SQL: UPDATE `sucai_js` SET `times_view`=54,`times_comments`=0,`times_download`=12 WHERE ( id = 237 ) [ RunTime:0.000280s ]
SQL: UPDATE `sucai_js` SET `times_view`=101,`times_comments`=0,`times_download`=26 WHERE ( id = 238 ) [ RunTime:0.000247s ]
SQL: UPDATE `sucai_js` SET `times_view`=62,`times_comments`=0,`times_download`=42 WHERE ( id = 239 ) [ RunTime:0.000235s ]
SQL: UPDATE `sucai_js` SET `times_view`=94,`times_comments`=0,`times_download`=41 WHERE ( id = 240 ) [ RunTime:0.000229s ]
SQL: UPDATE `sucai_js` SET `times_view`=68,`times_comments`=0,`times_download`=22 WHERE ( id = 241 ) [ RunTime:0.000282s ]
SQL: UPDATE `sucai_js` SET `times_view`=54,`times_comments`=0,`times_download`=17 WHERE ( id = 242 ) [ RunTime:0.000284s ]
SQL: UPDATE `sucai_js` SET `times_view`=62,`times_comments`=0,`times_download`=30 WHERE ( id = 243 ) [ RunTime:0.000661s ]
SQL: UPDATE `sucai_js` SET `times_view`=66,`times_comments`=0,`times_download`=28 WHERE ( id = 244 ) [ RunTime:0.000250s ]
SQL: UPDATE `sucai_js` SET `times_view`=763,`times_comments`=1,`times_download`=89 WHERE ( id = 245 ) [ RunTime:0.000360s ]
SQL: UPDATE `sucai_js` SET `times_view`=121,`times_comments`=1,`times_download`=31 WHERE ( id = 246 ) [ RunTime:0.000561s ]
SQL: UPDATE `sucai_js` SET `times_view`=121,`times_comments`=0,`times_download`=38 WHERE ( id = 247 ) [ RunTime:0.000320s ]
SQL: UPDATE `sucai_js` SET `times_view`=887,`times_comments`=0,`times_download`=145 WHERE ( id = 248 ) [ RunTime:0.000306s ]
SQL: UPDATE `sucai_js` SET `times_view`=119,`times_comments`=1,`times_download`=1210 WHERE ( id = 249 ) [ RunTime:0.000290s ]
SQL: UPDATE `sucai_js` SET `times_view`=65,`times_comments`=0,`times_download`=21 WHERE ( id = 250 ) [ RunTime:0.000232s ]
SQL: UPDATE `sucai_js` SET `times_view`=108,`times_comments`=0,`times_download`=37 WHERE ( id = 251 ) [ RunTime:0.000254s ]
SQL: UPDATE `sucai_js` SET `times_view`=131,`times_comments`=0,`times_download`=49 WHERE ( id = 252 ) [ RunTime:0.000232s ]
SQL: UPDATE `sucai_js` SET `times_view`=130,`times_comments`=2,`times_download`=56 WHERE ( id = 253 ) [ RunTime:0.000251s ]
SQL: UPDATE `sucai_js` SET `times_view`=95,`times_comments`=1,`times_download`=41 WHERE ( id = 254 ) [ RunTime:0.000241s ]
SQL: UPDATE `sucai_js` SET `times_view`=144,`times_comments`=1,`times_download`=36 WHERE ( id = 255 ) [ RunTime:0.000269s ]
SQL: UPDATE `sucai_js` SET `times_view`=48,`times_comments`=0,`times_download`=13 WHERE ( id = 256 ) [ RunTime:0.000333s ]
SQL: UPDATE `sucai_js` SET `times_view`=87,`times_comments`=0,`times_download`=36 WHERE ( id = 257 ) [ RunTime:0.000274s ]
SQL: UPDATE `sucai_js` SET `times_view`=92,`times_comments`=1,`times_download`=27 WHERE ( id = 258 ) [ RunTime:0.000293s ]
SQL: UPDATE `sucai_js` SET `times_view`=116,`times_comments`=1,`times_download`=70 WHERE ( id = 259 ) [ RunTime:0.000287s ]
SQL: UPDATE `sucai_js` SET `times_view`=124,`times_comments`=2,`times_download`=47 WHERE ( id = 260 ) [ RunTime:0.000268s ]
SQL: UPDATE `sucai_js` SET `times_view`=140,`times_comments`=5,`times_download`=43 WHERE ( id = 261 ) [ RunTime:0.000232s ]
SQL: UPDATE `sucai_js` SET `times_view`=92,`times_comments`=1,`times_download`=24 WHERE ( id = 262 ) [ RunTime:0.000277s ]
SQL: UPDATE `sucai_js` SET `times_view`=116,`times_comments`=2,`times_download`=30 WHERE ( id = 263 ) [ RunTime:0.000266s ]
SQL: UPDATE `sucai_js` SET `times_view`=195,`times_comments`=2,`times_download`=120 WHERE ( id = 264 ) [ RunTime:0.000586s ]
SQL: UPDATE `sucai_js` SET `times_view`=228,`times_comments`=1,`times_download`=163 WHERE ( id = 265 ) [ RunTime:0.000577s ]
SQL: UPDATE `sucai_js` SET `times_view`=61,`times_comments`=0,`times_download`=38 WHERE ( id = 266 ) [ RunTime:0.000366s ]
SQL: UPDATE `sucai_js` SET `times_view`=160,`times_comments`=2,`times_download`=60 WHERE ( id = 267 ) [ RunTime:0.000324s ]
SQL: UPDATE `sucai_js` SET `times_view`=593,`times_comments`=1,`times_download`=248 WHERE ( id = 268 ) [ RunTime:0.000293s ]
SQL: UPDATE `sucai_js` SET `times_view`=46,`times_comments`=0,`times_download`=22 WHERE ( id = 269 ) [ RunTime:0.000297s ]
SQL: UPDATE `sucai_js` SET `times_view`=90,`times_comments`=0,`times_download`=23 WHERE ( id = 270 ) [ RunTime:0.000277s ]
SQL: UPDATE `sucai_js` SET `times_view`=67,`times_comments`=0,`times_download`=26 WHERE ( id = 271 ) [ RunTime:0.000279s ]
SQL: UPDATE `sucai_js` SET `times_view`=57,`times_comments`=0,`times_download`=41 WHERE ( id = 272 ) [ RunTime:0.000258s ]
SQL: UPDATE `sucai_js` SET `times_view`=58,`times_comments`=1,`times_download`=20 WHERE ( id = 273 ) [ RunTime:0.000269s ]
SQL: UPDATE `sucai_js` SET `times_view`=99,`times_comments`=1,`times_download`=58 WHERE ( id = 274 ) [ RunTime:0.000252s ]
SQL: UPDATE `sucai_js` SET `times_view`=39,`times_comments`=1,`times_download`=20 WHERE ( id = 275 ) [ RunTime:0.000255s ]
SQL: UPDATE `sucai_js` SET `times_view`=41,`times_comments`=1,`times_download`=18 WHERE ( id = 276 ) [ RunTime:0.000254s ]
SQL: UPDATE `sucai_js` SET `times_view`=65,`times_comments`=0,`times_download`=42 WHERE ( id = 277 ) [ RunTime:0.000274s ]
SQL: UPDATE `sucai_js` SET `times_view`=37,`times_comments`=1,`times_download`=15 WHERE ( id = 278 ) [ RunTime:0.000279s ]
SQL: UPDATE `sucai_js` SET `times_view`=57,`times_comments`=1,`times_download`=27 WHERE ( id = 279 ) [ RunTime:0.000282s ]
SQL: UPDATE `sucai_js` SET `times_view`=55,`times_comments`=0,`times_download`=17 WHERE ( id = 280 ) [ RunTime:0.000233s ]
SQL: UPDATE `sucai_js` SET `times_view`=22,`times_comments`=0,`times_download`=8 WHERE ( id = 281 ) [ RunTime:0.000263s ]
SQL: UPDATE `sucai_js` SET `times_view`=28,`times_comments`=0,`times_download`=7 WHERE ( id = 282 ) [ RunTime:0.000261s ]
SQL: UPDATE `sucai_js` SET `times_view`=45,`times_comments`=1,`times_download`=10 WHERE ( id = 283 ) [ RunTime:0.000244s ]
SQL: UPDATE `sucai_js` SET `times_view`=46,`times_comments`=1,`times_download`=19 WHERE ( id = 284 ) [ RunTime:0.000256s ]
SQL: UPDATE `sucai_js` SET `times_view`=41,`times_comments`=2,`times_download`=9 WHERE ( id = 285 ) [ RunTime:0.000234s ]
SQL: SHOW COLUMNS FROM `sucai_modals` [ RunTime:0.004626s ]
SQL: UPDATE `sucai_modals` SET `times_view`=2130,`times_comments`=3,`times_download`=354 WHERE ( id = 1 ) [ RunTime:0.000513s ]
SQL: UPDATE `sucai_modals` SET `times_view`=776,`times_comments`=2,`times_download`=219 WHERE ( id = 2 ) [ RunTime:0.000385s ]
SQL: UPDATE `sucai_modals` SET `times_view`=3242,`times_comments`=4,`times_download`=319 WHERE ( id = 3 ) [ RunTime:0.000310s ]
SQL: UPDATE `sucai_modals` SET `times_view`=1847,`times_comments`=14,`times_download`=274 WHERE ( id = 4 ) [ RunTime:0.000299s ]
SQL: UPDATE `sucai_modals` SET `times_view`=1076,`times_comments`=3,`times_download`=280 WHERE ( id = 5 ) [ RunTime:0.000310s ]
SQL: UPDATE `sucai_modals` SET `times_view`=3173,`times_comments`=6,`times_download`=314 WHERE ( id = 6 ) [ RunTime:0.000279s ]
SQL: UPDATE `sucai_modals` SET `times_view`=1368,`times_comments`=0,`times_download`=267 WHERE ( id = 7 ) [ RunTime:0.000302s ]
SQL: UPDATE `sucai_modals` SET `times_view`=5483,`times_comments`=3,`times_download`=410 WHERE ( id = 8 ) [ RunTime:0.000315s ]
SQL: UPDATE `sucai_modals` SET `times_view`=7449,`times_comments`=5,`times_download`=1468 WHERE ( id = 9 ) [ RunTime:0.000350s ]
SQL: UPDATE `sucai_modals` SET `times_view`=4052,`times_comments`=4,`times_download`=358 WHERE ( id = 10 ) [ RunTime:0.000309s ]
SQL: UPDATE `sucai_modals` SET `times_view`=4207,`times_comments`=7,`times_download`=354 WHERE ( id = 11 ) [ RunTime:0.000293s ]
SQL: UPDATE `sucai_modals` SET `times_view`=3338,`times_comments`=7,`times_download`=332 WHERE ( id = 12 ) [ RunTime:0.000390s ]
SQL: UPDATE `sucai_modals` SET `times_view`=1219,`times_comments`=2,`times_download`=273 WHERE ( id = 13 ) [ RunTime:0.000344s ]
SQL: UPDATE `sucai_modals` SET `times_view`=1606,`times_comments`=3,`times_download`=173 WHERE ( id = 14 ) [ RunTime:0.000300s ]
SQL: UPDATE `sucai_modals` SET `times_view`=3867,`times_comments`=3,`times_download`=217 WHERE ( id = 15 ) [ RunTime:0.000332s ]
SQL: UPDATE `sucai_modals` SET `times_view`=456,`times_comments`=10,`times_download`=173 WHERE ( id = 16 ) [ RunTime:0.000411s ]
SQL: UPDATE `sucai_modals` SET `times_view`=498,`times_comments`=7,`times_download`=360 WHERE ( id = 17 ) [ RunTime:0.000349s ]
SQL: UPDATE `sucai_modals` SET `times_view`=254,`times_comments`=5,`times_download`=82 WHERE ( id = 18 ) [ RunTime:0.000342s ]
SQL: UPDATE `sucai_modals` SET `times_view`=620,`times_comments`=4,`times_download`=176 WHERE ( id = 19 ) [ RunTime:0.000307s ]
SQL: UPDATE `sucai_modals` SET `times_view`=730,`times_comments`=9,`times_download`=232 WHERE ( id = 20 ) [ RunTime:0.000269s ]
SQL: UPDATE `sucai_modals` SET `times_view`=557,`times_comments`=9,`times_download`=175 WHERE ( id = 21 ) [ RunTime:0.000307s ]
SQL: UPDATE `sucai_modals` SET `times_view`=361,`times_comments`=9,`times_download`=105 WHERE ( id = 22 ) [ RunTime:0.000407s ]
SQL: UPDATE `sucai_modals` SET `times_view`=1103,`times_comments`=19,`times_download`=295 WHERE ( id = 23 ) [ RunTime:0.000349s ]
SQL: UPDATE `sucai_modals` SET `times_view`=308,`times_comments`=6,`times_download`=82 WHERE ( id = 24 ) [ RunTime:0.000310s ]
SQL: UPDATE `sucai_modals` SET `times_view`=0,`times_comments`=0,`times_download`=70 WHERE ( id = 25 ) [ RunTime:0.000237s ]
SQL: UPDATE `sucai_modals` SET `times_view`=303,`times_comments`=3,`times_download`=89 WHERE ( id = 26 ) [ RunTime:0.000265s ]
SQL: UPDATE `sucai_modals` SET `times_view`=346,`times_comments`=4,`times_download`=141 WHERE ( id = 27 ) [ RunTime:0.000286s ]
SQL: UPDATE `sucai_modals` SET `times_view`=210,`times_comments`=3,`times_download`=72 WHERE ( id = 28 ) [ RunTime:0.000289s ]
SQL: UPDATE `sucai_modals` SET `times_view`=505,`times_comments`=3,`times_download`=127 WHERE ( id = 49 ) [ RunTime:0.000281s ]
SQL: UPDATE `sucai_modals` SET `times_view`=155,`times_comments`=2,`times_download`=56 WHERE ( id = 29 ) [ RunTime:0.000276s ]
SQL: UPDATE `sucai_modals` SET `times_view`=548,`times_comments`=7,`times_download`=155 WHERE ( id = 30 ) [ RunTime:0.000275s ]
SQL: UPDATE `sucai_modals` SET `times_view`=133,`times_comments`=1,`times_download`=137 WHERE ( id = 31 ) [ RunTime:0.000220s ]
SQL: UPDATE `sucai_modals` SET `times_view`=114,`times_comments`=0,`times_download`=52 WHERE ( id = 32 ) [ RunTime:0.000307s ]
SQL: UPDATE `sucai_modals` SET `times_view`=347,`times_comments`=2,`times_download`=140 WHERE ( id = 33 ) [ RunTime:0.000371s ]
SQL: UPDATE `sucai_modals` SET `times_view`=221,`times_comments`=1,`times_download`=103 WHERE ( id = 34 ) [ RunTime:0.000329s ]
SQL: UPDATE `sucai_modals` SET `times_view`=39,`times_comments`=0,`times_download`=33 WHERE ( id = 35 ) [ RunTime:0.000299s ]
SQL: UPDATE `sucai_modals` SET `times_view`=95,`times_comments`=0,`times_download`=64 WHERE ( id = 36 ) [ RunTime:0.000432s ]
SQL: UPDATE `sucai_modals` SET `times_view`=61,`times_comments`=0,`times_download`=48 WHERE ( id = 37 ) [ RunTime:0.000356s ]
SQL: UPDATE `sucai_modals` SET `times_view`=113,`times_comments`=1,`times_download`=49 WHERE ( id = 38 ) [ RunTime:0.000245s ]
SQL: UPDATE `sucai_modals` SET `times_view`=85,`times_comments`=1,`times_download`=51 WHERE ( id = 39 ) [ RunTime:0.000259s ]
SQL: UPDATE `sucai_modals` SET `times_view`=125,`times_comments`=0,`times_download`=55 WHERE ( id = 40 ) [ RunTime:0.000351s ]
SQL: UPDATE `sucai_modals` SET `times_view`=116,`times_comments`=0,`times_download`=62 WHERE ( id = 41 ) [ RunTime:0.000307s ]
SQL: UPDATE `sucai_modals` SET `times_view`=91,`times_comments`=4,`times_download`=44 WHERE ( id = 42 ) [ RunTime:0.000262s ]
SQL: UPDATE `sucai_modals` SET `times_view`=184,`times_comments`=2,`times_download`=58 WHERE ( id = 43 ) [ RunTime:0.000311s ]
SQL: UPDATE `sucai_modals` SET `times_view`=405,`times_comments`=2,`times_download`=123 WHERE ( id = 44 ) [ RunTime:0.000408s ]
SQL: UPDATE `sucai_modals` SET `times_view`=383,`times_comments`=0,`times_download`=179 WHERE ( id = 45 ) [ RunTime:0.000363s ]
SQL: UPDATE `sucai_modals` SET `times_view`=632,`times_comments`=5,`times_download`=281 WHERE ( id = 46 ) [ RunTime:0.000355s ]
SQL: UPDATE `sucai_modals` SET `times_view`=456,`times_comments`=1,`times_download`=133 WHERE ( id = 47 ) [ RunTime:0.000324s ]
SQL: UPDATE `sucai_modals` SET `times_view`=564,`times_comments`=4,`times_download`=114 WHERE ( id = 48 ) [ RunTime:0.001455s ]
SQL: UPDATE `sucai_modals` SET `times_view`=543,`times_comments`=0,`times_download`=136 WHERE ( id = 50 ) [ RunTime:0.000343s ]
SQL: UPDATE `sucai_modals` SET `times_view`=354,`times_comments`=2,`times_download`=103 WHERE ( id = 51 ) [ RunTime:0.000246s ]
SQL: UPDATE `sucai_modals` SET `times_view`=589,`times_comments`=6,`times_download`=148 WHERE ( id = 52 ) [ RunTime:0.000253s ]
SQL: UPDATE `sucai_modals` SET `times_view`=225,`times_comments`=3,`times_download`=87 WHERE ( id = 54 ) [ RunTime:0.000246s ]
SQL: UPDATE `sucai_modals` SET `times_view`=359,`times_comments`=3,`times_download`=126 WHERE ( id = 53 ) [ RunTime:0.000245s ]
SQL: UPDATE `sucai_modals` SET `times_view`=421,`times_comments`=0,`times_download`=157 WHERE ( id = 55 ) [ RunTime:0.000291s ]
SQL: UPDATE `sucai_modals` SET `times_view`=216,`times_comments`=0,`times_download`=72 WHERE ( id = 56 ) [ RunTime:0.000233s ]
SQL: UPDATE `sucai_modals` SET `times_view`=462,`times_comments`=3,`times_download`=144 WHERE ( id = 57 ) [ RunTime:0.000249s ]
SQL: UPDATE `sucai_modals` SET `times_view`=271,`times_comments`=1,`times_download`=124 WHERE ( id = 58 ) [ RunTime:0.000228s ]
SQL: UPDATE `sucai_modals` SET `times_view`=372,`times_comments`=3,`times_download`=135 WHERE ( id = 59 ) [ RunTime:0.000227s ]
SQL: UPDATE `sucai_modals` SET `times_view`=524,`times_comments`=0,`times_download`=268 WHERE ( id = 60 ) [ RunTime:0.000246s ]
SQL: UPDATE `sucai_modals` SET `times_view`=282,`times_comments`=1,`times_download`=122 WHERE ( id = 61 ) [ RunTime:0.001047s ]
SQL: UPDATE `sucai_modals` SET `times_view`=227,`times_comments`=1,`times_download`=72 WHERE ( id = 62 ) [ RunTime:0.000483s ]
SQL: UPDATE `sucai_modals` SET `times_view`=416,`times_comments`=0,`times_download`=182 WHERE ( id = 63 ) [ RunTime:0.000388s ]
SQL: UPDATE `sucai_modals` SET `times_view`=492,`times_comments`=2,`times_download`=155 WHERE ( id = 64 ) [ RunTime:0.000305s ]
SQL: UPDATE `sucai_modals` SET `times_view`=162,`times_comments`=1,`times_download`=56 WHERE ( id = 65 ) [ RunTime:0.000244s ]
SQL: UPDATE `sucai_modals` SET `times_view`=255,`times_comments`=1,`times_download`=102 WHERE ( id = 66 ) [ RunTime:0.000275s ]
SQL: UPDATE `sucai_modals` SET `times_view`=279,`times_comments`=3,`times_download`=267 WHERE ( id = 67 ) [ RunTime:0.000269s ]
SQL: UPDATE `sucai_modals` SET `times_view`=306,`times_comments`=4,`times_download`=127 WHERE ( id = 68 ) [ RunTime:0.000273s ]
SQL: UPDATE `sucai_modals` SET `times_view`=234,`times_comments`=5,`times_download`=75 WHERE ( id = 69 ) [ RunTime:0.000272s ]
SQL: UPDATE `sucai_modals` SET `times_view`=244,`times_comments`=3,`times_download`=181 WHERE ( id = 70 ) [ RunTime:0.000257s ]
SQL: UPDATE `sucai_modals` SET `times_view`=197,`times_comments`=4,`times_download`=69 WHERE ( id = 85 ) [ RunTime:0.000272s ]
SQL: UPDATE `sucai_modals` SET `times_view`=263,`times_comments`=4,`times_download`=107 WHERE ( id = 71 ) [ RunTime:0.000258s ]
SQL: UPDATE `sucai_modals` SET `times_view`=174,`times_comments`=2,`times_download`=68 WHERE ( id = 72 ) [ RunTime:0.000265s ]
SQL: UPDATE `sucai_modals` SET `times_view`=295,`times_comments`=7,`times_download`=240 WHERE ( id = 73 ) [ RunTime:0.000280s ]
SQL: UPDATE `sucai_modals` SET `times_view`=406,`times_comments`=2,`times_download`=119 WHERE ( id = 74 ) [ RunTime:0.000315s ]
SQL: UPDATE `sucai_modals` SET `times_view`=812,`times_comments`=6,`times_download`=283 WHERE ( id = 75 ) [ RunTime:0.000378s ]
SQL: UPDATE `sucai_modals` SET `times_view`=206,`times_comments`=6,`times_download`=470 WHERE ( id = 76 ) [ RunTime:0.000378s ]
SQL: UPDATE `sucai_modals` SET `times_view`=522,`times_comments`=4,`times_download`=206 WHERE ( id = 77 ) [ RunTime:0.000278s ]
SQL: UPDATE `sucai_modals` SET `times_view`=390,`times_comments`=4,`times_download`=131 WHERE ( id = 78 ) [ RunTime:0.000274s ]
SQL: UPDATE `sucai_modals` SET `times_view`=229,`times_comments`=2,`times_download`=86 WHERE ( id = 79 ) [ RunTime:0.000257s ]
SQL: UPDATE `sucai_modals` SET `times_view`=140,`times_comments`=1,`times_download`=42 WHERE ( id = 80 ) [ RunTime:0.000642s ]
SQL: UPDATE `sucai_modals` SET `times_view`=159,`times_comments`=1,`times_download`=63 WHERE ( id = 81 ) [ RunTime:0.000307s ]
SQL: UPDATE `sucai_modals` SET `times_view`=112,`times_comments`=2,`times_download`=53 WHERE ( id = 82 ) [ RunTime:0.000233s ]
SQL: UPDATE `sucai_modals` SET `times_view`=125,`times_comments`=0,`times_download`=50 WHERE ( id = 83 ) [ RunTime:0.000286s ]
SQL: UPDATE `sucai_modals` SET `times_view`=150,`times_comments`=3,`times_download`=51 WHERE ( id = 84 ) [ RunTime:0.000539s ]
SQL: UPDATE `sucai_modals` SET `times_view`=112,`times_comments`=4,`times_download`=39 WHERE ( id = 86 ) [ RunTime:0.001246s ]
SQL: UPDATE `sucai_modals` SET `times_view`=288,`times_comments`=4,`times_download`=90 WHERE ( id = 87 ) [ RunTime:0.000356s ]
SQL: UPDATE `sucai_modals` SET `times_view`=88,`times_comments`=0,`times_download`=33 WHERE ( id = 88 ) [ RunTime:0.000286s ]
SQL: UPDATE `sucai_modals` SET `times_view`=67,`times_comments`=0,`times_download`=33 WHERE ( id = 89 ) [ RunTime:0.000271s ]
SQL: UPDATE `sucai_modals` SET `times_view`=59,`times_comments`=2,`times_download`=31 WHERE ( id = 90 ) [ RunTime:0.000279s ]
SQL: UPDATE `sucai_modals` SET `times_view`=84,`times_comments`=2,`times_download`=37 WHERE ( id = 91 ) [ RunTime:0.000264s ]
SQL: UPDATE `sucai_modals` SET `times_view`=69,`times_comments`=2,`times_download`=52 WHERE ( id = 92 ) [ RunTime:0.000257s ]
SQL: UPDATE `sucai_modals` SET `times_view`=53,`times_comments`=1,`times_download`=32 WHERE ( id = 93 ) [ RunTime:0.000322s ]
SQL: UPDATE `sucai_modals` SET `times_view`=20,`times_comments`=0,`times_download`=29 WHERE ( id = 94 ) [ RunTime:0.000308s ]
SQL: UPDATE `sucai_modals` SET `times_view`=73,`times_comments`=0,`times_download`=34 WHERE ( id = 95 ) [ RunTime:0.000314s ]
SQL: UPDATE `sucai_modals` SET `times_view`=63,`times_comments`=0,`times_download`=139 WHERE ( id = 96 ) [ RunTime:0.000298s ]
SQL: UPDATE `sucai_modals` SET `times_view`=86,`times_comments`=0,`times_download`=41 WHERE ( id = 97 ) [ RunTime:0.000277s ]
SQL: UPDATE `sucai_modals` SET `times_view`=31,`times_comments`=0,`times_download`=37 WHERE ( id = 98 ) [ RunTime:0.000296s ]
SQL: UPDATE `sucai_modals` SET `times_view`=108,`times_comments`=1,`times_download`=54 WHERE ( id = 99 ) [ RunTime:0.000291s ]
SQL: UPDATE `sucai_modals` SET `times_view`=29,`times_comments`=0,`times_download`=32 WHERE ( id = 100 ) [ RunTime:0.000246s ]
SQL: UPDATE `sucai_modals` SET `times_view`=40,`times_comments`=1,`times_download`=33 WHERE ( id = 101 ) [ RunTime:0.000292s ]
SQL: UPDATE `sucai_modals` SET `times_view`=47,`times_comments`=0,`times_download`=37 WHERE ( id = 102 ) [ RunTime:0.000268s ]
SQL: UPDATE `sucai_modals` SET `times_view`=90,`times_comments`=0,`times_download`=40 WHERE ( id = 103 ) [ RunTime:0.000266s ]
SQL: UPDATE `sucai_modals` SET `times_view`=34,`times_comments`=0,`times_download`=35 WHERE ( id = 104 ) [ RunTime:0.000246s ]
SQL: UPDATE `sucai_modals` SET `times_view`=51,`times_comments`=1,`times_download`=32 WHERE ( id = 105 ) [ RunTime:0.000244s ]
SQL: UPDATE `sucai_modals` SET `times_view`=56,`times_comments`=0,`times_download`=33 WHERE ( id = 106 ) [ RunTime:0.000256s ]
SQL: UPDATE `sucai_modals` SET `times_view`=91,`times_comments`=0,`times_download`=39 WHERE ( id = 107 ) [ RunTime:0.000285s ]
SQL: UPDATE `sucai_modals` SET `times_view`=134,`times_comments`=0,`times_download`=79 WHERE ( id = 108 ) [ RunTime:0.000270s ]
SQL: UPDATE `sucai_modals` SET `times_view`=55,`times_comments`=0,`times_download`=34 WHERE ( id = 109 ) [ RunTime:0.000269s ]
SQL: UPDATE `sucai_modals` SET `times_view`=126,`times_comments`=1,`times_download`=58 WHERE ( id = 110 ) [ RunTime:0.000306s ]
SQL: UPDATE `sucai_modals` SET `times_view`=46,`times_comments`=0,`times_download`=36 WHERE ( id = 111 ) [ RunTime:0.000339s ]
SQL: UPDATE `sucai_modals` SET `times_view`=83,`times_comments`=0,`times_download`=48 WHERE ( id = 112 ) [ RunTime:0.000561s ]
SQL: UPDATE `sucai_modals` SET `times_view`=137,`times_comments`=3,`times_download`=87 WHERE ( id = 113 ) [ RunTime:0.000316s ]
SQL: UPDATE `sucai_modals` SET `times_view`=38,`times_comments`=0,`times_download`=66 WHERE ( id = 114 ) [ RunTime:0.000254s ]
SQL: UPDATE `sucai_modals` SET `times_view`=60,`times_comments`=1,`times_download`=40 WHERE ( id = 115 ) [ RunTime:0.000270s ]
SQL: UPDATE `sucai_modals` SET `times_view`=82,`times_comments`=0,`times_download`=44 WHERE ( id = 116 ) [ RunTime:0.000228s ]
SQL: UPDATE `sucai_modals` SET `times_view`=30,`times_comments`=1,`times_download`=31 WHERE ( id = 117 ) [ RunTime:0.000283s ]
SQL: UPDATE `sucai_modals` SET `times_view`=41,`times_comments`=1,`times_download`=31 WHERE ( id = 118 ) [ RunTime:0.000236s ]
SQL: UPDATE `sucai_modals` SET `times_view`=172,`times_comments`=3,`times_download`=65 WHERE ( id = 119 ) [ RunTime:0.000258s ]
SQL: UPDATE `sucai_modals` SET `times_view`=72,`times_comments`=0,`times_download`=41 WHERE ( id = 120 ) [ RunTime:0.000341s ]
SQL: UPDATE `sucai_modals` SET `times_view`=76,`times_comments`=0,`times_download`=41 WHERE ( id = 121 ) [ RunTime:0.000284s ]
SQL: UPDATE `sucai_modals` SET `times_view`=204,`times_comments`=2,`times_download`=140 WHERE ( id = 122 ) [ RunTime:0.000258s ]
SQL: UPDATE `sucai_modals` SET `times_view`=192,`times_comments`=2,`times_download`=44 WHERE ( id = 123 ) [ RunTime:0.000278s ]
SQL: UPDATE `sucai_modals` SET `times_view`=47,`times_comments`=1,`times_download`=26 WHERE ( id = 124 ) [ RunTime:0.000234s ]
SQL: UPDATE `sucai_modals` SET `times_view`=57,`times_comments`=0,`times_download`=31 WHERE ( id = 125 ) [ RunTime:0.000236s ]
SQL: UPDATE `sucai_modals` SET `times_view`=100,`times_comments`=2,`times_download`=49 WHERE ( id = 126 ) [ RunTime:0.000273s ]
SQL: UPDATE `sucai_modals` SET `times_view`=31,`times_comments`=0,`times_download`=21 WHERE ( id = 127 ) [ RunTime:0.000247s ]
SQL: UPDATE `sucai_modals` SET `times_view`=43,`times_comments`=0,`times_download`=29 WHERE ( id = 128 ) [ RunTime:0.000255s ]
SQL: UPDATE `sucai_modals` SET `times_view`=54,`times_comments`=0,`times_download`=18 WHERE ( id = 129 ) [ RunTime:0.000264s ]
SQL: UPDATE `sucai_modals` SET `times_view`=91,`times_comments`=2,`times_download`=27 WHERE ( id = 130 ) [ RunTime:0.000250s ]
SQL: UPDATE `sucai_modals` SET `times_view`=57,`times_comments`=0,`times_download`=27 WHERE ( id = 131 ) [ RunTime:0.000273s ]
SQL: UPDATE `sucai_modals` SET `times_view`=61,`times_comments`=1,`times_download`=24 WHERE ( id = 132 ) [ RunTime:0.000270s ]
SQL: UPDATE `sucai_modals` SET `times_view`=131,`times_comments`=5,`times_download`=64 WHERE ( id = 133 ) [ RunTime:0.000316s ]
SQL: UPDATE `sucai_modals` SET `times_view`=125,`times_comments`=4,`times_download`=12 WHERE ( id = 134 ) [ RunTime:0.000400s ]
SQL: UPDATE `sucai_modals` SET `times_view`=53,`times_comments`=1,`times_download`=31 WHERE ( id = 135 ) [ RunTime:0.000300s ]
SQL: UPDATE `sucai_modals` SET `times_view`=37,`times_comments`=0,`times_download`=13 WHERE ( id = 136 ) [ RunTime:0.000312s ]
SQL: UPDATE `sucai_modals` SET `times_view`=29,`times_comments`=0,`times_download`=13 WHERE ( id = 137 ) [ RunTime:0.000323s ]
SQL: UPDATE `sucai_modals` SET `times_view`=19,`times_comments`=0,`times_download`=6 WHERE ( id = 138 ) [ RunTime:0.000277s ]
SQL: UPDATE `sucai_modals` SET `times_view`=40,`times_comments`=1,`times_download`=19 WHERE ( id = 139 ) [ RunTime:0.000284s ]
SQL: UPDATE `sucai_modals` SET `times_view`=61,`times_comments`=0,`times_download`=24 WHERE ( id = 140 ) [ RunTime:0.000281s ]
SQL: UPDATE `sucai_modals` SET `times_view`=53,`times_comments`=0,`times_download`=22 WHERE ( id = 141 ) [ RunTime:0.000269s ]
SQL: UPDATE `sucai_modals` SET `times_view`=192,`times_comments`=4,`times_download`=75 WHERE ( id = 142 ) [ RunTime:0.000277s ]
SQL: UPDATE `sucai_modals` SET `times_view`=47,`times_comments`=2,`times_download`=18 WHERE ( id = 144 ) [ RunTime:0.000260s ]
SQL: UPDATE `sucai_modals` SET `times_view`=69,`times_comments`=2,`times_download`=18 WHERE ( id = 143 ) [ RunTime:0.000291s ]
SQL: UPDATE `sucai_modals` SET `times_view`=43,`times_comments`=0,`times_download`=13 WHERE ( id = 146 ) [ RunTime:0.000273s ]
SQL: UPDATE `sucai_modals` SET `times_view`=49,`times_comments`=0,`times_download`=18 WHERE ( id = 145 ) [ RunTime:0.000245s ]
SQL: UPDATE `sucai_modals` SET `times_view`=34,`times_comments`=0,`times_download`=19 WHERE ( id = 147 ) [ RunTime:0.000254s ]
SQL: UPDATE `sucai_modals` SET `times_view`=34,`times_comments`=1,`times_download`=19 WHERE ( id = 148 ) [ RunTime:0.000332s ]
SQL: UPDATE `sucai_modals` SET `times_view`=31,`times_comments`=2,`times_download`=12 WHERE ( id = 149 ) [ RunTime:0.000294s ]
SQL: UPDATE `sucai_modals` SET `times_view`=37,`times_comments`=3,`times_download`=22 WHERE ( id = 150 ) [ RunTime:0.000278s ]
SQL: UPDATE `sucai_modals` SET `times_view`=49,`times_comments`=1,`times_download`=3 WHERE ( id = 151 ) [ RunTime:0.000306s ]
SQL: UPDATE `sucai_modals` SET `times_view`=14,`times_comments`=0,`times_download`=9 WHERE ( id = 153 ) [ RunTime:0.000330s ]
SQL: UPDATE `sucai_modals` SET `times_view`=11,`times_comments`=1,`times_download`=29 WHERE ( id = 152 ) [ RunTime:0.000301s ]
SQL: UPDATE `sucai_modals` SET `times_view`=17,`times_comments`=0,`times_download`=1 WHERE ( id = 154 ) [ RunTime:0.000295s ]
SQL: UPDATE `sucai_modals` SET `times_view`=9,`times_comments`=0,`times_download`=8 WHERE ( id = 155 ) [ RunTime:0.000275s ]
SQL: UPDATE `sucai_modals` SET `times_view`=7,`times_comments`=0,`times_download`=11 WHERE ( id = 156 ) [ RunTime:0.000289s ]
SQL: UPDATE `sucai_modals` SET `times_view`=26,`times_comments`=0,`times_download`=34 WHERE ( id = 157 ) [ RunTime:0.000249s ]
SQL: UPDATE `sucai_modals` SET `times_view`=9,`times_comments`=0,`times_download`=8 WHERE ( id = 158 ) [ RunTime:0.000237s ]
SQL: UPDATE `sucai_modals` SET `times_view`=7,`times_comments`=0,`times_download`=11 WHERE ( id = 159 ) [ RunTime:0.000260s ]
SQL: UPDATE `sucai_modals` SET `times_view`=17,`times_comments`=0,`times_download`=7 WHERE ( id = 160 ) [ RunTime:0.000251s ]
SQL: UPDATE `sucai_modals` SET `times_view`=31,`times_comments`=1,`times_download`=8 WHERE ( id = 161 ) [ RunTime:0.000255s ]
SQL: UPDATE `sucai_modals` SET `times_view`=20,`times_comments`=0,`times_download`=1 WHERE ( id = 162 ) [ RunTime:0.000273s ]
SQL: UPDATE `sucai_modals` SET `times_view`=41,`times_comments`=1,`times_download`=12 WHERE ( id = 163 ) [ RunTime:0.000286s ]
SQL: SHOW COLUMNS FROM `sucai_sites` [ RunTime:0.026764s ]
SQL: UPDATE `sucai_sites` SET `times_view`=19,`times_comments`=0 WHERE ( id = '1' ) [ RunTime:0.009601s ]
SQL: UPDATE `sucai_sites` SET `times_view`=12,`times_comments`=0 WHERE ( id = '2' ) [ RunTime:0.000284s ]
SQL: UPDATE `sucai_sites` SET `times_view`=21,`times_comments`=0 WHERE ( id = '3' ) [ RunTime:0.000243s ]
SQL: UPDATE `sucai_sites` SET `times_view`=22,`times_comments`=1 WHERE ( id = '4' ) [ RunTime:0.000352s ]
SQL: UPDATE `sucai_sites` SET `times_view`=8,`times_comments`=0 WHERE ( id = '5' ) [ RunTime:0.000313s ]
SQL: UPDATE `sucai_sites` SET `times_view`=3,`times_comments`=0 WHERE ( id = '6' ) [ RunTime:0.000361s ]
SQL: UPDATE `sucai_sites` SET `times_view`=16,`times_comments`=0 WHERE ( id = '7' ) [ RunTime:0.000424s ]
SQL: UPDATE `sucai_sites` SET `times_view`=4,`times_comments`=0 WHERE ( id = '8' ) [ RunTime:0.000272s ]
SQL: UPDATE `sucai_sites` SET `times_view`=9,`times_comments`=0 WHERE ( id = '9' ) [ RunTime:0.000246s ]
SQL: UPDATE `sucai_sites` SET `times_view`=11,`times_comments`=0 WHERE ( id = '10' ) [ RunTime:0.000220s ]
SQL: UPDATE `sucai_sites` SET `times_view`=0,`times_comments`=0 WHERE ( id = '11' ) [ RunTime:0.000232s ]
SQL: UPDATE `sucai_sites` SET `times_view`=2,`times_comments`=0 WHERE ( id = '12' ) [ RunTime:0.000233s ]
SQL: UPDATE `sucai_sites` SET `times_view`=28,`times_comments`=0 WHERE ( id = '13' ) [ RunTime:0.000207s ]
SQL: UPDATE `sucai_sites` SET `times_view`=3,`times_comments`=0 WHERE ( id = '14' ) [ RunTime:0.000229s ]
SQL: UPDATE `sucai_sites` SET `times_view`=7,`times_comments`=0 WHERE ( id = '15' ) [ RunTime:0.000219s ]
SQL: UPDATE `sucai_sites` SET `times_view`=7,`times_comments`=0 WHERE ( id = '16' ) [ RunTime:0.000294s ]
SQL: UPDATE `sucai_sites` SET `times_view`=7,`times_comments`=0 WHERE ( id = '17' ) [ RunTime:0.000403s ]
SQL: UPDATE `sucai_sites` SET `times_view`=7,`times_comments`=0 WHERE ( id = '18' ) [ RunTime:0.000301s ]
SQL: UPDATE `sucai_sites` SET `times_view`=30,`times_comments`=0 WHERE ( id = '19' ) [ RunTime:0.000230s ]
SQL: UPDATE `sucai_sites` SET `times_view`=11,`times_comments`=0 WHERE ( id = '20' ) [ RunTime:0.000386s ]
SQL: UPDATE `sucai_sites` SET `times_view`=7,`times_comments`=0 WHERE ( id = '21' ) [ RunTime:0.000257s ]
SQL: UPDATE `sucai_sites` SET `times_view`=20,`times_comments`=0 WHERE ( id = '22' ) [ RunTime:0.000238s ]
SQL: UPDATE `sucai_sites` SET `times_view`=9,`times_comments`=0 WHERE ( id = '23' ) [ RunTime:0.000230s ]
SQL: UPDATE `sucai_sites` SET `times_view`=12,`times_comments`=0 WHERE ( id = '24' ) [ RunTime:0.000303s ]
SQL: UPDATE `sucai_sites` SET `times_view`=14,`times_comments`=0 WHERE ( id = '25' ) [ RunTime:0.000338s ]
SQL: UPDATE `sucai_sites` SET `times_view`=19,`times_comments`=0 WHERE ( id = '26' ) [ RunTime:0.000272s ]
SQL: UPDATE `sucai_sites` SET `times_view`=7,`times_comments`=0 WHERE ( id = '27' ) [ RunTime:0.000292s ]
SQL: UPDATE `sucai_sites` SET `times_view`=3,`times_comments`=0 WHERE ( id = '28' ) [ RunTime:0.001422s ]
SQL: UPDATE `sucai_sites` SET `times_view`=1,`times_comments`=0 WHERE ( id = '29' ) [ RunTime:0.000398s ]
SQL: UPDATE `sucai_sites` SET `times_view`=1,`times_comments`=0 WHERE ( id = '30' ) [ RunTime:0.000225s ]
SQL: UPDATE `sucai_sites` SET `times_view`=7,`times_comments`=0 WHERE ( id = '31' ) [ RunTime:0.000274s ]
SQL: UPDATE `sucai_sites` SET `times_view`=8,`times_comments`=0 WHERE ( id = '32' ) [ RunTime:0.000222s ]
SQL: UPDATE `sucai_sites` SET `times_view`=7,`times_comments`=0 WHERE ( id = '33' ) [ RunTime:0.000337s ]
SQL: UPDATE `sucai_sites` SET `times_view`=7,`times_comments`=0 WHERE ( id = '34' ) [ RunTime:0.000439s ]
SQL: UPDATE `sucai_sites` SET `times_view`=5,`times_comments`=0 WHERE ( id = '35' ) [ RunTime:0.000235s ]
SQL: UPDATE `sucai_sites` SET `times_view`=1,`times_comments`=0 WHERE ( id = '36' ) [ RunTime:0.000237s ]
SQL: UPDATE `sucai_sites` SET `times_view`=3,`times_comments`=0 WHERE ( id = '37' ) [ RunTime:0.000251s ]
SQL: UPDATE `sucai_sites` SET `times_view`=1,`times_comments`=0 WHERE ( id = '38' ) [ RunTime:0.000213s ]
SQL: UPDATE `sucai_sites` SET `times_view`=5,`times_comments`=0 WHERE ( id = '39' ) [ RunTime:0.000234s ]
SQL: UPDATE `sucai_sites` SET `times_view`=7,`times_comments`=0 WHERE ( id = '40' ) [ RunTime:0.000307s ]
SQL: UPDATE `sucai_sites` SET `times_view`=11,`times_comments`=0 WHERE ( id = '41' ) [ RunTime:0.000302s ]
SQL: UPDATE `sucai_sites` SET `times_view`=2,`times_comments`=0 WHERE ( id = '42' ) [ RunTime:0.000236s ]
SQL: UPDATE `sucai_sites` SET `times_view`=6,`times_comments`=0 WHERE ( id = '43' ) [ RunTime:0.000211s ]
SQL: UPDATE `sucai_sites` SET `times_view`=6,`times_comments`=1 WHERE ( id = '44' ) [ RunTime:0.000238s ]
SQL: UPDATE `sucai_sites` SET `times_view`=11,`times_comments`=0 WHERE ( id = '45' ) [ RunTime:0.000232s ]
SQL: UPDATE `sucai_sites` SET `times_view`=4,`times_comments`=0 WHERE ( id = '46' ) [ RunTime:0.000260s ]
SQL: UPDATE `sucai_sites` SET `times_view`=2,`times_comments`=0 WHERE ( id = '47' ) [ RunTime:0.000318s ]
SQL: UPDATE `sucai_sites` SET `times_view`=0,`times_comments`=0 WHERE ( id = '48' ) [ RunTime:0.000285s ]
SQL: UPDATE `sucai_sites` SET `times_view`=29,`times_comments`=0 WHERE ( id = '49' ) [ RunTime:0.000263s ]
SQL: UPDATE `sucai_sites` SET `times_view`=5,`times_comments`=0 WHERE ( id = '50' ) [ RunTime:0.000238s ]
SQL: UPDATE `sucai_sites` SET `times_view`=5,`times_comments`=0 WHERE ( id = '51' ) [ RunTime:0.000220s ]
SQL: UPDATE `sucai_sites` SET `times_view`=14,`times_comments`=0 WHERE ( id = '52' ) [ RunTime:0.000209s ]
SQL: UPDATE `sucai_sites` SET `times_view`=7,`times_comments`=0 WHERE ( id = '53' ) [ RunTime:0.000247s ]
SQL: UPDATE `sucai_sites` SET `times_view`=5,`times_comments`=0 WHERE ( id = '54' ) [ RunTime:0.000346s ]
SQL: UPDATE `sucai_sites` SET `times_view`=3,`times_comments`=0 WHERE ( id = '55' ) [ RunTime:0.000273s ]
SQL: UPDATE `sucai_sites` SET `times_view`=3,`times_comments`=0 WHERE ( id = '56' ) [ RunTime:0.000240s ]
SQL: UPDATE `sucai_sites` SET `times_view`=9,`times_comments`=0 WHERE ( id = '57' ) [ RunTime:0.000215s ]
SQL: UPDATE `sucai_sites` SET `times_view`=13,`times_comments`=0 WHERE ( id = '58' ) [ RunTime:0.000234s ]
SQL: UPDATE `sucai_sites` SET `times_view`=6,`times_comments`=0 WHERE ( id = '59' ) [ RunTime:0.000236s ]
SQL: UPDATE `sucai_sites` SET `times_view`=9,`times_comments`=0 WHERE ( id = '60' ) [ RunTime:0.000211s ]
SQL: UPDATE `sucai_sites` SET `times_view`=7,`times_comments`=0 WHERE ( id = '61' ) [ RunTime:0.000235s ]
SQL: UPDATE `sucai_sites` SET `times_view`=5,`times_comments`=0 WHERE ( id = '62' ) [ RunTime:0.000196s ]
SQL: UPDATE `sucai_sites` SET `times_view`=5,`times_comments`=0 WHERE ( id = '63' ) [ RunTime:0.000206s ]
SQL: UPDATE `sucai_sites` SET `times_view`=10,`times_comments`=0 WHERE ( id = '64' ) [ RunTime:0.000226s ]
SQL: UPDATE `sucai_sites` SET `times_view`=5,`times_comments`=0 WHERE ( id = '65' ) [ RunTime:0.000273s ]
SQL: UPDATE `sucai_sites` SET `times_view`=5,`times_comments`=0 WHERE ( id = '66' ) [ RunTime:0.000241s ]
SQL: UPDATE `sucai_sites` SET `times_view`=1,`times_comments`=0 WHERE ( id = '67' ) [ RunTime:0.000314s ]
SQL: UPDATE `sucai_sites` SET `times_view`=3,`times_comments`=0 WHERE ( id = '68' ) [ RunTime:0.000290s ]
SQL: UPDATE `sucai_sites` SET `times_view`=9,`times_comments`=0 WHERE ( id = '69' ) [ RunTime:0.000245s ]
SQL: UPDATE `sucai_sites` SET `times_view`=7,`times_comments`=0 WHERE ( id = '70' ) [ RunTime:0.000232s ]
SQL: UPDATE `sucai_sites` SET `times_view`=12,`times_comments`=0 WHERE ( id = '71' ) [ RunTime:0.000211s ]
SQL: UPDATE `sucai_sites` SET `times_view`=4,`times_comments`=0 WHERE ( id = '72' ) [ RunTime:0.000231s ]
SQL: UPDATE `sucai_sites` SET `times_view`=5,`times_comments`=0 WHERE ( id = '73' ) [ RunTime:0.000204s ]
SQL: UPDATE `sucai_sites` SET `times_view`=4,`times_comments`=0 WHERE ( id = '74' ) [ RunTime:0.000208s ]
SQL: UPDATE `sucai_sites` SET `times_view`=10,`times_comments`=0 WHERE ( id = '75' ) [ RunTime:0.000242s ]
SQL: UPDATE `sucai_sites` SET `times_view`=6,`times_comments`=0 WHERE ( id = '76' ) [ RunTime:0.000206s ]
SQL: UPDATE `sucai_sites` SET `times_view`=10,`times_comments`=0 WHERE ( id = '77' ) [ RunTime:0.000232s ]
SQL: UPDATE `sucai_sites` SET `times_view`=12,`times_comments`=0 WHERE ( id = '78' ) [ RunTime:0.000221s ]
SQL: UPDATE `sucai_sites` SET `times_view`=9,`times_comments`=0 WHERE ( id = '79' ) [ RunTime:0.000224s ]
SQL: UPDATE `sucai_sites` SET `times_view`=4,`times_comments`=0 WHERE ( id = '80' ) [ RunTime:0.000224s ]
SQL: UPDATE `sucai_sites` SET `times_view`=2,`times_comments`=0 WHERE ( id = '81' ) [ RunTime:0.000224s ]
SQL: UPDATE `sucai_sites` SET `times_view`=19,`times_comments`=0 WHERE ( id = '82' ) [ RunTime:0.000398s ]
SQL: UPDATE `sucai_sites` SET `times_view`=5,`times_comments`=0 WHERE ( id = '83' ) [ RunTime:0.000303s ]
SQL: UPDATE `sucai_sites` SET `times_view`=4,`times_comments`=0 WHERE ( id = '84' ) [ RunTime:0.000208s ]
SQL: UPDATE `sucai_sites` SET `times_view`=12,`times_comments`=0 WHERE ( id = '85' ) [ RunTime:0.000198s ]
SQL: UPDATE `sucai_sites` SET `times_view`=7,`times_comments`=0 WHERE ( id = '86' ) [ RunTime:0.000220s ]
SQL: UPDATE `sucai_sites` SET `times_view`=12,`times_comments`=0 WHERE ( id = '87' ) [ RunTime:0.000185s ]
SQL: UPDATE `sucai_sites` SET `times_view`=8,`times_comments`=0 WHERE ( id = '88' ) [ RunTime:0.000216s ]
SQL: UPDATE `sucai_sites` SET `times_view`=6,`times_comments`=0 WHERE ( id = '89' ) [ RunTime:0.000214s ]
SQL: UPDATE `sucai_sites` SET `times_view`=2,`times_comments`=0 WHERE ( id = '90' ) [ RunTime:0.000217s ]
SQL: UPDATE `sucai_sites` SET `times_view`=3,`times_comments`=0 WHERE ( id = '91' ) [ RunTime:0.000224s ]
SQL: UPDATE `sucai_sites` SET `times_view`=5,`times_comments`=0 WHERE ( id = '92' ) [ RunTime:0.000224s ]
SQL: UPDATE `sucai_sites` SET `times_view`=3,`times_comments`=0 WHERE ( id = '93' ) [ RunTime:0.000207s ]
SQL: UPDATE `sucai_sites` SET `times_view`=5,`times_comments`=0 WHERE ( id = '94' ) [ RunTime:0.000221s ]
SQL: UPDATE `sucai_sites` SET `times_view`=20,`times_comments`=1 WHERE ( id = '95' ) [ RunTime:0.000310s ]
SQL: UPDATE `sucai_sites` SET `times_view`=18,`times_comments`=0 WHERE ( id = '96' ) [ RunTime:0.000332s ]
SQL: UPDATE `sucai_sites` SET `times_view`=20,`times_comments`=0 WHERE ( id = '97' ) [ RunTime:0.000354s ]
SQL: UPDATE `sucai_sites` SET `times_view`=2,`times_comments`=0 WHERE ( id = '98' ) [ RunTime:0.000231s ]
SQL: UPDATE `sucai_sites` SET `times_view`=25,`times_comments`=0 WHERE ( id = '99' ) [ RunTime:0.000223s ]
SQL: UPDATE `sucai_sites` SET `times_view`=3,`times_comments`=0 WHERE ( id = '100' ) [ RunTime:0.000407s ]
SQL: UPDATE `sucai_sites` SET `times_view`=7,`times_comments`=0 WHERE ( id = '101' ) [ RunTime:0.000215s ]
SQL: UPDATE `sucai_sites` SET `times_view`=14,`times_comments`=0 WHERE ( id = '102' ) [ RunTime:0.000221s ]
SQL: UPDATE `sucai_sites` SET `times_view`=3,`times_comments`=0 WHERE ( id = '103' ) [ RunTime:0.000221s ]
SQL: UPDATE `sucai_sites` SET `times_view`=3,`times_comments`=0 WHERE ( id = '104' ) [ RunTime:0.000225s ]
SQL: UPDATE `sucai_sites` SET `times_view`=6,`times_comments`=0 WHERE ( id = '105' ) [ RunTime:0.000231s ]
SQL: UPDATE `sucai_sites` SET `times_view`=6,`times_comments`=0 WHERE ( id = '106' ) [ RunTime:0.000202s ]
SQL: UPDATE `sucai_sites` SET `times_view`=7,`times_comments`=0 WHERE ( id = '107' ) [ RunTime:0.000250s ]
SQL: UPDATE `sucai_sites` SET `times_view`=7,`times_comments`=0 WHERE ( id = '108' ) [ RunTime:0.001465s ]
SQL: UPDATE `sucai_sites` SET `times_view`=7,`times_comments`=0 WHERE ( id = '109' ) [ RunTime:0.000493s ]
SQL: UPDATE `sucai_sites` SET `times_view`=22,`times_comments`=0 WHERE ( id = '110' ) [ RunTime:0.000429s ]
SQL: UPDATE `sucai_sites` SET `times_view`=12,`times_comments`=0 WHERE ( id = '111' ) [ RunTime:0.000402s ]
SQL: UPDATE `sucai_sites` SET `times_view`=16,`times_comments`=0 WHERE ( id = '112' ) [ RunTime:0.000221s ]
SQL: UPDATE `sucai_sites` SET `times_view`=7,`times_comments`=0 WHERE ( id = '113' ) [ RunTime:0.000247s ]
SQL: UPDATE `sucai_sites` SET `times_view`=15,`times_comments`=0 WHERE ( id = '114' ) [ RunTime:0.000228s ]
SQL: UPDATE `sucai_sites` SET `times_view`=1,`times_comments`=0 WHERE ( id = '115' ) [ RunTime:0.000200s ]
SQL: UPDATE `sucai_sites` SET `times_view`=12,`times_comments`=0 WHERE ( id = '116' ) [ RunTime:0.000222s ]
SQL: UPDATE `sucai_sites` SET `times_view`=47,`times_comments`=2 WHERE ( id = '117' ) [ RunTime:0.000194s ]
SQL: UPDATE `sucai_sites` SET `times_view`=28,`times_comments`=0 WHERE ( id = '118' ) [ RunTime:0.000198s ]
SQL: UPDATE `sucai_sites` SET `times_view`=33,`times_comments`=0 WHERE ( id = '119' ) [ RunTime:0.000229s ]
SQL: UPDATE `sucai_sites` SET `times_view`=14,`times_comments`=0 WHERE ( id = '120' ) [ RunTime:0.000210s ]
SQL: UPDATE `sucai_sites` SET `times_view`=13,`times_comments`=0 WHERE ( id = '121' ) [ RunTime:0.000350s ]
SQL: UPDATE `sucai_sites` SET `times_view`=7,`times_comments`=0 WHERE ( id = '122' ) [ RunTime:0.000328s ]
SQL: UPDATE `sucai_sites` SET `times_view`=8,`times_comments`=0 WHERE ( id = '123' ) [ RunTime:0.000269s ]
SQL: UPDATE `sucai_sites` SET `times_view`=17,`times_comments`=0 WHERE ( id = '124' ) [ RunTime:0.000243s ]
SQL: UPDATE `sucai_sites` SET `times_view`=8,`times_comments`=0 WHERE ( id = '125' ) [ RunTime:0.000244s ]
SQL: UPDATE `sucai_sites` SET `times_view`=3,`times_comments`=0 WHERE ( id = '126' ) [ RunTime:0.000212s ]
SQL: UPDATE `sucai_sites` SET `times_view`=9,`times_comments`=0 WHERE ( id = '127' ) [ RunTime:0.000253s ]
SQL: UPDATE `sucai_sites` SET `times_view`=34,`times_comments`=1 WHERE ( id = '128' ) [ RunTime:0.000217s ]
SQL: UPDATE `sucai_sites` SET `times_view`=22,`times_comments`=0 WHERE ( id = '129' ) [ RunTime:0.000276s ]
SQL: UPDATE `sucai_sites` SET `times_view`=20,`times_comments`=0 WHERE ( id = '130' ) [ RunTime:0.000252s ]
SQL: UPDATE `sucai_sites` SET `times_view`=5,`times_comments`=0 WHERE ( id = '131' ) [ RunTime:0.000278s ]
SQL: UPDATE `sucai_sites` SET `times_view`=9,`times_comments`=0 WHERE ( id = '132' ) [ RunTime:0.000269s ]
SQL: UPDATE `sucai_sites` SET `times_view`=8,`times_comments`=0 WHERE ( id = '133' ) [ RunTime:0.000237s ]
SQL: UPDATE `sucai_sites` SET `times_view`=10,`times_comments`=0 WHERE ( id = '134' ) [ RunTime:0.000228s ]
SQL: UPDATE `sucai_sites` SET `times_view`=10,`times_comments`=0 WHERE ( id = '135' ) [ RunTime:0.000287s ]
SQL: UPDATE `sucai_sites` SET `times_view`=15,`times_comments`=0 WHERE ( id = '136' ) [ RunTime:0.000293s ]
SQL: UPDATE `sucai_sites` SET `times_view`=18,`times_comments`=0 WHERE ( id = '137' ) [ RunTime:0.000221s ]
SQL: UPDATE `sucai_sites` SET `times_view`=19,`times_comments`=0 WHERE ( id = '138' ) [ RunTime:0.000224s ]
SQL: UPDATE `sucai_sites` SET `times_view`=11,`times_comments`=0 WHERE ( id = '139' ) [ RunTime:0.000203s ]
SQL: UPDATE `sucai_sites` SET `times_view`=4,`times_comments`=0 WHERE ( id = '140' ) [ RunTime:0.000201s ]
SQL: UPDATE `sucai_sites` SET `times_view`=7,`times_comments`=0 WHERE ( id = '141' ) [ RunTime:0.000221s ]
SQL: UPDATE `sucai_sites` SET `times_view`=9,`times_comments`=0 WHERE ( id = '142' ) [ RunTime:0.000189s ]
SQL: UPDATE `sucai_sites` SET `times_view`=12,`times_comments`=0 WHERE ( id = '143' ) [ RunTime:0.000252s ]
SQL: UPDATE `sucai_sites` SET `times_view`=19,`times_comments`=0 WHERE ( id = '144' ) [ RunTime:0.000215s ]
SQL: UPDATE `sucai_sites` SET `times_view`=40,`times_comments`=0 WHERE ( id = '145' ) [ RunTime:0.000195s ]
SQL: UPDATE `sucai_sites` SET `times_view`=2,`times_comments`=0 WHERE ( id = '146' ) [ RunTime:0.000214s ]
SQL: UPDATE `sucai_sites` SET `times_view`=13,`times_comments`=0 WHERE ( id = '147' ) [ RunTime:0.000215s ]
SQL: UPDATE `sucai_sites` SET `times_view`=17,`times_comments`=0 WHERE ( id = '148' ) [ RunTime:0.000195s ]
SQL: UPDATE `sucai_sites` SET `times_view`=2,`times_comments`=0 WHERE ( id = '149' ) [ RunTime:0.000239s ]
SQL: UPDATE `sucai_sites` SET `times_view`=13,`times_comments`=0 WHERE ( id = '150' ) [ RunTime:0.000300s ]
SQL: UPDATE `sucai_sites` SET `times_view`=11,`times_comments`=0 WHERE ( id = '151' ) [ RunTime:0.000346s ]
SQL: UPDATE `sucai_sites` SET `times_view`=21,`times_comments`=0 WHERE ( id = '152' ) [ RunTime:0.000509s ]
SQL: UPDATE `sucai_sites` SET `times_view`=26,`times_comments`=0 WHERE ( id = '153' ) [ RunTime:0.000362s ]
SQL: UPDATE `sucai_sites` SET `times_view`=0,`times_comments`=0 WHERE ( id = '154' ) [ RunTime:0.000311s ]
SQL: UPDATE `sucai_sites` SET `times_view`=21,`times_comments`=0 WHERE ( id = '155' ) [ RunTime:0.000264s ]
SQL: UPDATE `sucai_sites` SET `times_view`=10,`times_comments`=0 WHERE ( id = '156' ) [ RunTime:0.000282s ]
SQL: UPDATE `sucai_sites` SET `times_view`=20,`times_comments`=0 WHERE ( id = '157' ) [ RunTime:0.000266s ]
SQL: UPDATE `sucai_sites` SET `times_view`=7,`times_comments`=0 WHERE ( id = '158' ) [ RunTime:0.000285s ]
SQL: UPDATE `sucai_sites` SET `times_view`=29,`times_comments`=0 WHERE ( id = '159' ) [ RunTime:0.000240s ]
SQL: UPDATE `sucai_sites` SET `times_view`=9,`times_comments`=0 WHERE ( id = '160' ) [ RunTime:0.000239s ]
SQL: UPDATE `sucai_sites` SET `times_view`=1,`times_comments`=0 WHERE ( id = '161' ) [ RunTime:0.000217s ]
SQL: UPDATE `sucai_sites` SET `times_view`=16,`times_comments`=0 WHERE ( id = '162' ) [ RunTime:0.000269s ]
SQL: UPDATE `sucai_sites` SET `times_view`=17,`times_comments`=0 WHERE ( id = '163' ) [ RunTime:0.000411s ]
SQL: UPDATE `sucai_sites` SET `times_view`=10,`times_comments`=0 WHERE ( id = '164' ) [ RunTime:0.000226s ]
SQL: UPDATE `sucai_sites` SET `times_view`=13,`times_comments`=0 WHERE ( id = '165' ) [ RunTime:0.000233s ]
SQL: UPDATE `sucai_sites` SET `times_view`=8,`times_comments`=0 WHERE ( id = '166' ) [ RunTime:0.000251s ]
SQL: UPDATE `sucai_sites` SET `times_view`=10,`times_comments`=0 WHERE ( id = '167' ) [ RunTime:0.000202s ]
SQL: UPDATE `sucai_sites` SET `times_view`=13,`times_comments`=0 WHERE ( id = '168' ) [ RunTime:0.000224s ]
SQL: UPDATE `sucai_sites` SET `times_view`=7,`times_comments`=0 WHERE ( id = '169' ) [ RunTime:0.000223s ]
SQL: UPDATE `sucai_sites` SET `times_view`=15,`times_comments`=0 WHERE ( id = '170' ) [ RunTime:0.000204s ]
SQL: UPDATE `sucai_sites` SET `times_view`=2,`times_comments`=0 WHERE ( id = '171' ) [ RunTime:0.000232s ]
SQL: UPDATE `sucai_sites` SET `times_view`=3,`times_comments`=0 WHERE ( id = '172' ) [ RunTime:0.000212s ]
SQL: UPDATE `sucai_sites` SET `times_view`=19,`times_comments`=0 WHERE ( id = '173' ) [ RunTime:0.000210s ]
SQL: UPDATE `sucai_sites` SET `times_view`=7,`times_comments`=0 WHERE ( id = '174' ) [ RunTime:0.000224s ]
SQL: UPDATE `sucai_sites` SET `times_view`=16,`times_comments`=0 WHERE ( id = '175' ) [ RunTime:0.000196s ]
SQL: UPDATE `sucai_sites` SET `times_view`=3,`times_comments`=0 WHERE ( id = '176' ) [ RunTime:0.000238s ]
SQL: UPDATE `sucai_sites` SET `times_view`=8,`times_comments`=0 WHERE ( id = '177' ) [ RunTime:0.000432s ]
SQL: UPDATE `sucai_sites` SET `times_view`=5,`times_comments`=0 WHERE ( id = '178' ) [ RunTime:0.000363s ]
SQL: UPDATE `sucai_sites` SET `times_view`=4,`times_comments`=0 WHERE ( id = '179' ) [ RunTime:0.000338s ]
SQL: UPDATE `sucai_sites` SET `times_view`=9,`times_comments`=0 WHERE ( id = '180' ) [ RunTime:0.000319s ]
SQL: UPDATE `sucai_sites` SET `times_view`=14,`times_comments`=0 WHERE ( id = '181' ) [ RunTime:0.000321s ]
SQL: UPDATE `sucai_sites` SET `times_view`=0,`times_comments`=0 WHERE ( id = '182' ) [ RunTime:0.000334s ]
SQL: UPDATE `sucai_sites` SET `times_view`=15,`times_comments`=0 WHERE ( id = '183' ) [ RunTime:0.000382s ]
SQL: UPDATE `sucai_sites` SET `times_view`=27,`times_comments`=0 WHERE ( id = '184' ) [ RunTime:0.000355s ]
SQL: UPDATE `sucai_sites` SET `times_view`=7,`times_comments`=0 WHERE ( id = '185' ) [ RunTime:0.000277s ]
SQL: UPDATE `sucai_sites` SET `times_view`=4,`times_comments`=0 WHERE ( id = '186' ) [ RunTime:0.000278s ]
SQL: UPDATE `sucai_sites` SET `times_view`=6,`times_comments`=0 WHERE ( id = '187' ) [ RunTime:0.000276s ]
SQL: UPDATE `sucai_sites` SET `times_view`=22,`times_comments`=0 WHERE ( id = '188' ) [ RunTime:0.000783s ]
SQL: UPDATE `sucai_sites` SET `times_view`=23,`times_comments`=0 WHERE ( id = '189' ) [ RunTime:0.000331s ]
SQL: UPDATE `sucai_sites` SET `times_view`=22,`times_comments`=0 WHERE ( id = '190' ) [ RunTime:0.000292s ]
SQL: UPDATE `sucai_sites` SET `times_view`=33,`times_comments`=0 WHERE ( id = '191' ) [ RunTime:0.000308s ]
SQL: UPDATE `sucai_sites` SET `times_view`=39,`times_comments`=0 WHERE ( id = '192' ) [ RunTime:0.000259s ]
SQL: UPDATE `sucai_sites` SET `times_view`=11,`times_comments`=0 WHERE ( id = '193' ) [ RunTime:0.000256s ]
SQL: UPDATE `sucai_sites` SET `times_view`=57,`times_comments`=0 WHERE ( id = '194' ) [ RunTime:0.000275s ]
SQL: UPDATE `sucai_sites` SET `times_view`=19,`times_comments`=0 WHERE ( id = '195' ) [ RunTime:0.000249s ]
SQL: UPDATE `sucai_sites` SET `times_view`=12,`times_comments`=0 WHERE ( id = '196' ) [ RunTime:0.000336s ]
SQL: UPDATE `sucai_sites` SET `times_view`=20,`times_comments`=0 WHERE ( id = '197' ) [ RunTime:0.000265s ]
SQL: UPDATE `sucai_sites` SET `times_view`=29,`times_comments`=0 WHERE ( id = '198' ) [ RunTime:0.000251s ]
SQL: UPDATE `sucai_sites` SET `times_view`=4,`times_comments`=0 WHERE ( id = '199' ) [ RunTime:0.000319s ]
SQL: UPDATE `sucai_sites` SET `times_view`=10,`times_comments`=0 WHERE ( id = '200' ) [ RunTime:0.000253s ]
SQL: UPDATE `sucai_sites` SET `times_view`=5,`times_comments`=0 WHERE ( id = '201' ) [ RunTime:0.000339s ]
SQL: UPDATE `sucai_sites` SET `times_view`=40,`times_comments`=0 WHERE ( id = '202' ) [ RunTime:0.000325s ]
SQL: UPDATE `sucai_sites` SET `times_view`=10,`times_comments`=0 WHERE ( id = '203' ) [ RunTime:0.000301s ]
SQL: UPDATE `sucai_sites` SET `times_view`=5,`times_comments`=0 WHERE ( id = '204' ) [ RunTime:0.000253s ]
SQL: UPDATE `sucai_sites` SET `times_view`=36,`times_comments`=1 WHERE ( id = '205' ) [ RunTime:0.000262s ]
SQL: UPDATE `sucai_sites` SET `times_view`=34,`times_comments`=0 WHERE ( id = '206' ) [ RunTime:0.000256s ]
SQL: UPDATE `sucai_sites` SET `times_view`=2,`times_comments`=0 WHERE ( id = '207' ) [ RunTime:0.000279s ]
SQL: UPDATE `sucai_sites` SET `times_view`=61,`times_comments`=0 WHERE ( id = '208' ) [ RunTime:0.000231s ]
SQL: UPDATE `sucai_sites` SET `times_view`=16,`times_comments`=0 WHERE ( id = '209' ) [ RunTime:0.000531s ]
SQL: UPDATE `sucai_sites` SET `times_view`=30,`times_comments`=0 WHERE ( id = '210' ) [ RunTime:0.000333s ]
SQL: UPDATE `sucai_sites` SET `times_view`=11,`times_comments`=0 WHERE ( id = '211' ) [ RunTime:0.000296s ]
SQL: UPDATE `sucai_sites` SET `times_view`=15,`times_comments`=0 WHERE ( id = '212' ) [ RunTime:0.000297s ]
SQL: UPDATE `sucai_sites` SET `times_view`=17,`times_comments`=0 WHERE ( id = '213' ) [ RunTime:0.000299s ]
SQL: UPDATE `sucai_sites` SET `times_view`=23,`times_comments`=0 WHERE ( id = '214' ) [ RunTime:0.000291s ]
SQL: UPDATE `sucai_sites` SET `times_view`=9,`times_comments`=0 WHERE ( id = '215' ) [ RunTime:0.000257s ]
SQL: UPDATE `sucai_sites` SET `times_view`=16,`times_comments`=0 WHERE ( id = '216' ) [ RunTime:0.000258s ]
SQL: UPDATE `sucai_sites` SET `times_view`=31,`times_comments`=0 WHERE ( id = '217' ) [ RunTime:0.000249s ]
SQL: UPDATE `sucai_sites` SET `times_view`=24,`times_comments`=0 WHERE ( id = '218' ) [ RunTime:0.000261s ]
SQL: UPDATE `sucai_sites` SET `times_view`=62,`times_comments`=0 WHERE ( id = '219' ) [ RunTime:0.000256s ]
SQL: UPDATE `sucai_sites` SET `times_view`=46,`times_comments`=0 WHERE ( id = '220' ) [ RunTime:0.000294s ]
SQL: UPDATE `sucai_sites` SET `times_view`=33,`times_comments`=0 WHERE ( id = '221' ) [ RunTime:0.000292s ]
SQL: UPDATE `sucai_sites` SET `times_view`=14,`times_comments`=0 WHERE ( id = '222' ) [ RunTime:0.000340s ]
SQL: UPDATE `sucai_sites` SET `times_view`=19,`times_comments`=0 WHERE ( id = '223' ) [ RunTime:0.000396s ]
SQL: UPDATE `sucai_sites` SET `times_view`=26,`times_comments`=0 WHERE ( id = '224' ) [ RunTime:0.000340s ]
SQL: UPDATE `sucai_sites` SET `times_view`=18,`times_comments`=0 WHERE ( id = '225' ) [ RunTime:0.000316s ]
SQL: UPDATE `sucai_sites` SET `times_view`=24,`times_comments`=0 WHERE ( id = '226' ) [ RunTime:0.000379s ]
SQL: UPDATE `sucai_sites` SET `times_view`=41,`times_comments`=0 WHERE ( id = '227' ) [ RunTime:0.000351s ]
SQL: UPDATE `sucai_sites` SET `times_view`=111,`times_comments`=0 WHERE ( id = '228' ) [ RunTime:0.000346s ]
SQL: UPDATE `sucai_sites` SET `times_view`=0,`times_comments`=0 WHERE ( id = '229' ) [ RunTime:0.000282s ]
SQL: UPDATE `sucai_sites` SET `times_view`=22,`times_comments`=0 WHERE ( id = '230' ) [ RunTime:0.000299s ]
SQL: UPDATE `sucai_sites` SET `times_view`=33,`times_comments`=0 WHERE ( id = '231' ) [ RunTime:0.000303s ]
SQL: UPDATE `sucai_sites` SET `times_view`=56,`times_comments`=0 WHERE ( id = '232' ) [ RunTime:0.000268s ]
SQL: UPDATE `sucai_sites` SET `times_view`=79,`times_comments`=0 WHERE ( id = '233' ) [ RunTime:0.000252s ]
SQL: UPDATE `sucai_sites` SET `times_view`=77,`times_comments`=0 WHERE ( id = '234' ) [ RunTime:0.000229s ]
SQL: UPDATE `sucai_sites` SET `times_view`=143,`times_comments`=0 WHERE ( id = '235' ) [ RunTime:0.000273s ]
SQL: UPDATE `sucai_sites` SET `times_view`=0,`times_comments`=0 WHERE ( id = '236' ) [ RunTime:0.000306s ]
SQL: UPDATE `sucai_sites` SET `times_view`=36,`times_comments`=0 WHERE ( id = '237' ) [ RunTime:0.000284s ]
SQL: UPDATE `sucai_sites` SET `times_view`=106,`times_comments`=0 WHERE ( id = '238' ) [ RunTime:0.000262s ]
SQL: UPDATE `sucai_sites` SET `times_view`=90,`times_comments`=0 WHERE ( id = '239' ) [ RunTime:0.000222s ]
SQL: UPDATE `sucai_sites` SET `times_view`=39,`times_comments`=0 WHERE ( id = '240' ) [ RunTime:0.000263s ]
SQL: UPDATE `sucai_sites` SET `times_view`=27,`times_comments`=2 WHERE ( id = '241' ) [ RunTime:0.000199s ]
SQL: UPDATE `sucai_sites` SET `times_view`=116,`times_comments`=0 WHERE ( id = '242' ) [ RunTime:0.000217s ]
SQL: UPDATE `sucai_sites` SET `times_view`=152,`times_comments`=0 WHERE ( id = '243' ) [ RunTime:0.000176s ]
SQL: UPDATE `sucai_sites` SET `times_view`=57,`times_comments`=0 WHERE ( id = '244' ) [ RunTime:0.000236s ]
SQL: UPDATE `sucai_sites` SET `times_view`=187,`times_comments`=0 WHERE ( id = '245' ) [ RunTime:0.000270s ]
SQL: UPDATE `sucai_sites` SET `times_view`=207,`times_comments`=2 WHERE ( id = '246' ) [ RunTime:0.000220s ]
SQL: UPDATE `sucai_sites` SET `times_view`=189,`times_comments`=0 WHERE ( id = '247' ) [ RunTime:0.000169s ]
SQL: UPDATE `sucai_sites` SET `times_view`=72,`times_comments`=1 WHERE ( id = '248' ) [ RunTime:0.000181s ]
SQL: UPDATE `sucai_sites` SET `times_view`=125,`times_comments`=1 WHERE ( id = '249' ) [ RunTime:0.000162s ]
SQL: UPDATE `sucai_sites` SET `times_view`=124,`times_comments`=0 WHERE ( id = '250' ) [ RunTime:0.000164s ]
SQL: UPDATE `sucai_sites` SET `times_view`=396,`times_comments`=0 WHERE ( id = '251' ) [ RunTime:0.000203s ]
SQL: UPDATE `sucai_sites` SET `times_view`=329,`times_comments`=1 WHERE ( id = '252' ) [ RunTime:0.000172s ]
SQL: UPDATE `sucai_sites` SET `times_view`=13,`times_comments`=0 WHERE ( id = '253' ) [ RunTime:0.000176s ]
SQL: UPDATE `sucai_sites` SET `times_view`=23,`times_comments`=0 WHERE ( id = '254' ) [ RunTime:0.000178s ]
SQL: UPDATE `sucai_sites` SET `times_view`=29,`times_comments`=0 WHERE ( id = '255' ) [ RunTime:0.000160s ]
SQL: UPDATE `sucai_sites` SET `times_view`=8,`times_comments`=1 WHERE ( id = '256' ) [ RunTime:0.000176s ]
SQL: UPDATE `sucai_sites` SET `times_view`=19,`times_comments`=0 WHERE ( id = '257' ) [ RunTime:0.000283s ]
SQL: UPDATE `sucai_sites` SET `times_view`=9,`times_comments`=0 WHERE ( id = '258' ) [ RunTime:0.000263s ]
SQL: UPDATE `sucai_sites` SET `times_view`=11,`times_comments`=0 WHERE ( id = '259' ) [ RunTime:0.000189s ]
SQL: UPDATE `sucai_sites` SET `times_view`=4,`times_comments`=0 WHERE ( id = '260' ) [ RunTime:0.000164s ]
SQL: UPDATE `sucai_sites` SET `times_view`=3,`times_comments`=0 WHERE ( id = '261' ) [ RunTime:0.000161s ]
SQL: UPDATE `sucai_sites` SET `times_view`=9,`times_comments`=0 WHERE ( id = '262' ) [ RunTime:0.000177s ]
SQL: UPDATE `sucai_sites` SET `times_view`=31,`times_comments`=0 WHERE ( id = '263' ) [ RunTime:0.000167s ]
SQL: UPDATE `sucai_sites` SET `times_view`=8,`times_comments`=1 WHERE ( id = '264' ) [ RunTime:0.000195s ]
SQL: UPDATE `sucai_sites` SET `times_view`=73,`times_comments`=0 WHERE ( id = '265' ) [ RunTime:0.000216s ]
SQL: UPDATE `sucai_sites` SET `times_view`=49,`times_comments`=3 WHERE ( id = '266' ) [ RunTime:0.000163s ]
SQL: UPDATE `sucai_sites` SET `times_view`=12,`times_comments`=1 WHERE ( id = '267' ) [ RunTime:0.000172s ]
SQL: UPDATE `sucai_sites` SET `times_view`=23,`times_comments`=0 WHERE ( id = '268' ) [ RunTime:0.000213s ]
SQL: UPDATE `sucai_sites` SET `times_view`=74,`times_comments`=0 WHERE ( id = '269' ) [ RunTime:0.000171s ]
SQL: UPDATE `sucai_sites` SET `times_view`=39,`times_comments`=1 WHERE ( id = '270' ) [ RunTime:0.000213s ]
SQL: UPDATE `sucai_sites` SET `times_view`=24,`times_comments`=0 WHERE ( id = '271' ) [ RunTime:0.000160s ]
SQL: UPDATE `sucai_sites` SET `times_view`=16,`times_comments`=0 WHERE ( id = '272' ) [ RunTime:0.000158s ]
SQL: UPDATE `sucai_sites` SET `times_view`=30,`times_comments`=0 WHERE ( id = '273' ) [ RunTime:0.000204s ]
SQL: UPDATE `sucai_sites` SET `times_view`=0,`times_comments`=0 WHERE ( id = '274' ) [ RunTime:0.000157s ]
SQL: UPDATE `sucai_sites` SET `times_view`=0,`times_comments`=0 WHERE ( id = '275' ) [ RunTime:0.000176s ]
SQL: UPDATE `sucai_sites` SET `times_view`=13,`times_comments`=0 WHERE ( id = '276' ) [ RunTime:0.000174s ]
SQL: UPDATE `sucai_sites` SET `times_view`=12,`times_comments`=0 WHERE ( id = '277' ) [ RunTime:0.000188s ]
SQL: UPDATE `sucai_sites` SET `times_view`=54,`times_comments`=1 WHERE ( id = '278' ) [ RunTime:0.000289s ]
SQL: UPDATE `sucai_sites` SET `times_view`=25,`times_comments`=0 WHERE ( id = '279' ) [ RunTime:0.000291s ]
SQL: UPDATE `sucai_sites` SET `times_view`=19,`times_comments`=1 WHERE ( id = '280' ) [ RunTime:0.000481s ]
SQL: UPDATE `sucai_sites` SET `times_view`=69,`times_comments`=0 WHERE ( id = '281' ) [ RunTime:0.000483s ]
SQL: UPDATE `sucai_sites` SET `times_view`=37,`times_comments`=0 WHERE ( id = '282' ) [ RunTime:0.000332s ]
SQL: UPDATE `sucai_sites` SET `times_view`=25,`times_comments`=0 WHERE ( id = '283' ) [ RunTime:0.000364s ]
SQL: UPDATE `sucai_sites` SET `times_view`=54,`times_comments`=0 WHERE ( id = '284' ) [ RunTime:0.000424s ]
SQL: UPDATE `sucai_sites` SET `times_view`=41,`times_comments`=0 WHERE ( id = '285' ) [ RunTime:0.000336s ]
SQL: UPDATE `sucai_sites` SET `times_view`=73,`times_comments`=0 WHERE ( id = '286' ) [ RunTime:0.000401s ]
SQL: UPDATE `sucai_sites` SET `times_view`=6,`times_comments`=0 WHERE ( id = '287' ) [ RunTime:0.000392s ]
SQL: UPDATE `sucai_sites` SET `times_view`=11,`times_comments`=0 WHERE ( id = '288' ) [ RunTime:0.000347s ]
SQL: UPDATE `sucai_sites` SET `times_view`=16,`times_comments`=0 WHERE ( id = '289' ) [ RunTime:0.000349s ]
SQL: SELECT `addtime`,`id` FROM `sucai_modals` WHERE ( id = 127 ) LIMIT 1   [ RunTime:0.000304s ]
SQL: SELECT `id`,`addtime` FROM `sucai_modals` WHERE ( id > 127 ) ORDER BY id ASC  [ RunTime:0.000688s ]
SQL: UPDATE `sucai_modals` SET `addtime`=1434666235 WHERE ( id = 128 ) [ RunTime:0.000396s ]
SQL: UPDATE `sucai_modals` SET `addtime`=1434665746 WHERE ( id = 129 ) [ RunTime:0.000352s ]
SQL: UPDATE `sucai_modals` SET `addtime`=1434665622 WHERE ( id = 130 ) [ RunTime:0.000352s ]
SQL: UPDATE `sucai_modals` SET `addtime`=1434753102 WHERE ( id = 131 ) [ RunTime:0.000328s ]
SQL: UPDATE `sucai_modals` SET `addtime`=1434752929 WHERE ( id = 132 ) [ RunTime:0.000373s ]
SQL: UPDATE `sucai_modals` SET `addtime`=1434749686 WHERE ( id = 133 ) [ RunTime:0.000347s ]
SQL: UPDATE `sucai_modals` SET `addtime`=1434841787 WHERE ( id = 134 ) [ RunTime:0.000433s ]
SQL: UPDATE `sucai_modals` SET `addtime`=1434839706 WHERE ( id = 135 ) [ RunTime:0.000423s ]
SQL: UPDATE `sucai_modals` SET `addtime`=1434841076 WHERE ( id = 136 ) [ RunTime:0.000370s ]
SQL: UPDATE `sucai_modals` SET `addtime`=1434926417 WHERE ( id = 137 ) [ RunTime:0.000310s ]
SQL: UPDATE `sucai_modals` SET `addtime`=1434924129 WHERE ( id = 138 ) [ RunTime:0.000356s ]
SQL: UPDATE `sucai_modals` SET `addtime`=1434925326 WHERE ( id = 139 ) [ RunTime:0.000376s ]
SQL: UPDATE `sucai_modals` SET `addtime`=1435012326 WHERE ( id = 140 ) [ RunTime:0.000365s ]
SQL: UPDATE `sucai_modals` SET `addtime`=1435009388 WHERE ( id = 141 ) [ RunTime:0.000350s ]
SQL: UPDATE `sucai_modals` SET `addtime`=1435012299 WHERE ( id = 142 ) [ RunTime:0.000409s ]
SQL: UPDATE `sucai_modals` SET `addtime`=1435100612 WHERE ( id = 143 ) [ RunTime:0.000441s ]
SQL: UPDATE `sucai_modals` SET `addtime`=1435101130 WHERE ( id = 144 ) [ RunTime:0.000346s ]
SQL: UPDATE `sucai_modals` SET `addtime`=1435099250 WHERE ( id = 145 ) [ RunTime:0.000435s ]
SQL: UPDATE `sucai_modals` SET `addtime`=1435185948 WHERE ( id = 146 ) [ RunTime:0.000342s ]
SQL: UPDATE `sucai_modals` SET `addtime`=1435185012 WHERE ( id = 147 ) [ RunTime:0.000329s ]
SQL: UPDATE `sucai_modals` SET `addtime`=1435189137 WHERE ( id = 148 ) [ RunTime:0.000385s ]
SQL: UPDATE `sucai_modals` SET `addtime`=1435268653 WHERE ( id = 149 ) [ RunTime:0.000343s ]
SQL: UPDATE `sucai_modals` SET `addtime`=1435269525 WHERE ( id = 150 ) [ RunTime:0.000376s ]
SQL: UPDATE `sucai_modals` SET `addtime`=1435269179 WHERE ( id = 151 ) [ RunTime:0.000393s ]
SQL: UPDATE `sucai_modals` SET `addtime`=1435361996 WHERE ( id = 152 ) [ RunTime:0.000323s ]
SQL: UPDATE `sucai_modals` SET `addtime`=1435359046 WHERE ( id = 153 ) [ RunTime:0.000336s ]
SQL: UPDATE `sucai_modals` SET `addtime`=1435358680 WHERE ( id = 154 ) [ RunTime:0.000452s ]
SQL: UPDATE `sucai_modals` SET `addtime`=1435447762 WHERE ( id = 155 ) [ RunTime:0.000375s ]
SQL: UPDATE `sucai_modals` SET `addtime`=1435442158 WHERE ( id = 156 ) [ RunTime:0.000340s ]
SQL: UPDATE `sucai_modals` SET `addtime`=1435443080 WHERE ( id = 157 ) [ RunTime:0.000300s ]
SQL: UPDATE `sucai_modals` SET `addtime`=1435529062 WHERE ( id = 158 ) [ RunTime:0.000281s ]
SQL: UPDATE `sucai_modals` SET `addtime`=1435528209 WHERE ( id = 159 ) [ RunTime:0.000286s ]
SQL: UPDATE `sucai_modals` SET `addtime`=1435531274 WHERE ( id = 160 ) [ RunTime:0.000323s ]
SQL: UPDATE `sucai_modals` SET `addtime`=1435621405 WHERE ( id = 161 ) [ RunTime:0.000310s ]
SQL: UPDATE `sucai_modals` SET `addtime`=1435617124 WHERE ( id = 162 ) [ RunTime:0.000314s ]
SQL: UPDATE `sucai_modals` SET `addtime`=1435621173 WHERE ( id = 163 ) [ RunTime:0.000314s ]
SQL: UPDATE `sucai_modals` SET `addtime`=1435702993 WHERE ( id = 164 ) [ RunTime:0.000349s ]
SQL: SELECT `addtime`,`id` FROM `sucai_js` WHERE ( id = 205 ) LIMIT 1   [ RunTime:0.000471s ]
SQL: SELECT `id`,`addtime`,`type` FROM `sucai_js` WHERE ( id > 205 ) ORDER BY id ASC  [ RunTime:0.002309s ]
SQL: UPDATE `sucai_js` SET `addtime`=1436125135 WHERE ( id = 206 ) [ RunTime:0.000520s ]
SQL: UPDATE `sucai_js` SET `addtime`=1436109638 WHERE ( id = 207 ) [ RunTime:0.000382s ]
SQL: UPDATE `sucai_js` SET `addtime`=1436092295 WHERE ( id = 208 ) [ RunTime:0.000367s ]
SQL: UPDATE `sucai_js` SET `addtime`=1436124153 WHERE ( id = 211 ) [ RunTime:0.000396s ]
SQL: UPDATE `sucai_js` SET `addtime`=1436057134 WHERE ( id = 212 ) [ RunTime:0.000577s ]
SQL: UPDATE `sucai_js` SET `addtime`=1436111035 WHERE ( id = 213 ) [ RunTime:0.000378s ]
SQL: UPDATE `sucai_js` SET `addtime`=1436144528 WHERE ( id = 214 ) [ RunTime:0.000381s ]
SQL: UPDATE `sucai_js` SET `addtime`=1436114160 WHERE ( id = 216 ) [ RunTime:0.000365s ]
SQL: UPDATE `sucai_js` SET `addtime`=1436101352 WHERE ( id = 218 ) [ RunTime:0.000380s ]
SQL: UPDATE `sucai_js` SET `addtime`=1436123402 WHERE ( id = 219 ) [ RunTime:0.000380s ]
SQL: UPDATE `sucai_js` SET `addtime`=1436052481 WHERE ( id = 221 ) [ RunTime:0.000325s ]
SQL: UPDATE `sucai_js` SET `addtime`=1436074636 WHERE ( id = 222 ) [ RunTime:0.000465s ]
SQL: UPDATE `sucai_js` SET `addtime`=1436068789 WHERE ( id = 225 ) [ RunTime:0.000392s ]
SQL: UPDATE `sucai_js` SET `addtime`=1436065737 WHERE ( id = 226 ) [ RunTime:0.000387s ]
SQL: UPDATE `sucai_js` SET `addtime`=1436059151 WHERE ( id = 227 ) [ RunTime:0.000370s ]
SQL: UPDATE `sucai_js` SET `addtime`=1436140580 WHERE ( id = 228 ) [ RunTime:0.000356s ]
SQL: UPDATE `sucai_js` SET `addtime`=1436094444 WHERE ( id = 229 ) [ RunTime:0.000424s ]
SQL: UPDATE `sucai_js` SET `addtime`=1436073040 WHERE ( id = 230 ) [ RunTime:0.000528s ]
SQL: UPDATE `sucai_js` SET `addtime`=1436083541 WHERE ( id = 231 ) [ RunTime:0.000663s ]
SQL: UPDATE `sucai_js` SET `addtime`=1436122993 WHERE ( id = 232 ) [ RunTime:0.000422s ]
SQL: UPDATE `sucai_js` SET `addtime`=1436097318 WHERE ( id = 233 ) [ RunTime:0.000703s ]
SQL: UPDATE `sucai_js` SET `addtime`=1436064313 WHERE ( id = 234 ) [ RunTime:0.000362s ]
SQL: UPDATE `sucai_js` SET `addtime`=1436044649 WHERE ( id = 235 ) [ RunTime:0.000288s ]
SQL: UPDATE `sucai_js` SET `addtime`=1436048875 WHERE ( id = 236 ) [ RunTime:0.000219s ]
SQL: UPDATE `sucai_js` SET `addtime`=1436104411 WHERE ( id = 237 ) [ RunTime:0.000271s ]
SQL: UPDATE `sucai_js` SET `addtime`=1436066554 WHERE ( id = 238 ) [ RunTime:0.000224s ]
SQL: UPDATE `sucai_js` SET `addtime`=1436077477 WHERE ( id = 239 ) [ RunTime:0.000206s ]
SQL: UPDATE `sucai_js` SET `addtime`=1436053225 WHERE ( id = 240 ) [ RunTime:0.000211s ]
SQL: UPDATE `sucai_js` SET `addtime`=1436142722 WHERE ( id = 241 ) [ RunTime:0.000250s ]
SQL: UPDATE `sucai_js` SET `addtime`=1436106764 WHERE ( id = 242 ) [ RunTime:0.000228s ]
SQL: UPDATE `sucai_js` SET `addtime`=1436101022 WHERE ( id = 243 ) [ RunTime:0.000251s ]
SQL: UPDATE `sucai_js` SET `addtime`=1436055045 WHERE ( id = 244 ) [ RunTime:0.000239s ]
SQL: UPDATE `sucai_js` SET `addtime`=1436131252 WHERE ( id = 248 ) [ RunTime:0.000228s ]
SQL: UPDATE `sucai_js` SET `addtime`=1436103943 WHERE ( id = 249 ) [ RunTime:0.000241s ]
SQL: UPDATE `sucai_js` SET `addtime`=1436142287 WHERE ( id = 250 ) [ RunTime:0.000202s ]
SQL: UPDATE `sucai_js` SET `addtime`=1436081333 WHERE ( id = 251 ) [ RunTime:0.000232s ]
SQL: UPDATE `sucai_js` SET `addtime`=1436097002 WHERE ( id = 252 ) [ RunTime:0.000232s ]
SQL: UPDATE `sucai_js` SET `addtime`=1436085090 WHERE ( id = 253 ) [ RunTime:0.000218s ]
SQL: UPDATE `sucai_js` SET `addtime`=1436120271 WHERE ( id = 254 ) [ RunTime:0.000445s ]
SQL: UPDATE `sucai_js` SET `addtime`=1436051090 WHERE ( id = 255 ) [ RunTime:0.000442s ]
SQL: UPDATE `sucai_js` SET `addtime`=1436066969 WHERE ( id = 256 ) [ RunTime:0.000420s ]
SQL: UPDATE `sucai_js` SET `addtime`=1436077206 WHERE ( id = 257 ) [ RunTime:0.000492s ]
SQL: UPDATE `sucai_js` SET `addtime`=1436061973 WHERE ( id = 258 ) [ RunTime:0.000471s ]
SQL: UPDATE `sucai_js` SET `addtime`=1436099315 WHERE ( id = 259 ) [ RunTime:0.000403s ]
SQL: UPDATE `sucai_js` SET `addtime`=1436068156 WHERE ( id = 260 ) [ RunTime:0.000374s ]
SQL: UPDATE `sucai_js` SET `addtime`=1436107291 WHERE ( id = 261 ) [ RunTime:0.000394s ]
SQL: UPDATE `sucai_js` SET `addtime`=1436102394 WHERE ( id = 262 ) [ RunTime:0.000390s ]
SQL: UPDATE `sucai_js` SET `addtime`=1436037010 WHERE ( id = 263 ) [ RunTime:0.000358s ]
SQL: UPDATE `sucai_js` SET `addtime`=1436127561 WHERE ( id = 264 ) [ RunTime:0.000369s ]
SQL: UPDATE `sucai_js` SET `addtime`=1436094345 WHERE ( id = 267 ) [ RunTime:0.000341s ]
SQL: UPDATE `sucai_js` SET `addtime`=1436052533 WHERE ( id = 268 ) [ RunTime:0.000498s ]
SQL: UPDATE `sucai_js` SET `addtime`=1436107173 WHERE ( id = 269 ) [ RunTime:0.000564s ]
SQL: UPDATE `sucai_js` SET `addtime`=1436056185 WHERE ( id = 270 ) [ RunTime:0.000468s ]
SQL: UPDATE `sucai_js` SET `addtime`=1436065367 WHERE ( id = 271 ) [ RunTime:0.000377s ]
SQL: UPDATE `sucai_js` SET `addtime`=1436047392 WHERE ( id = 272 ) [ RunTime:0.000371s ]
SQL: UPDATE `sucai_js` SET `addtime`=1436120804 WHERE ( id = 273 ) [ RunTime:0.000371s ]
SQL: UPDATE `sucai_js` SET `addtime`=1436097028 WHERE ( id = 274 ) [ RunTime:0.000385s ]
SQL: UPDATE `sucai_js` SET `addtime`=1436047359 WHERE ( id = 275 ) [ RunTime:0.000490s ]
SQL: UPDATE `sucai_js` SET `addtime`=1436113969 WHERE ( id = 276 ) [ RunTime:0.000624s ]
SQL: UPDATE `sucai_js` SET `addtime`=1436104905 WHERE ( id = 278 ) [ RunTime:0.000424s ]
SQL: UPDATE `sucai_js` SET `addtime`=1436061089 WHERE ( id = 279 ) [ RunTime:0.000412s ]
SQL: UPDATE `sucai_js` SET `addtime`=1436067319 WHERE ( id = 280 ) [ RunTime:0.000361s ]
SQL: UPDATE `sucai_js` SET `addtime`=1436063265 WHERE ( id = 281 ) [ RunTime:0.000367s ]
SQL: UPDATE `sucai_js` SET `addtime`=1436086474 WHERE ( id = 282 ) [ RunTime:0.000367s ]
SQL: UPDATE `sucai_js` SET `addtime`=1436083370 WHERE ( id = 283 ) [ RunTime:0.000367s ]
SQL: UPDATE `sucai_js` SET `addtime`=1436044247 WHERE ( id = 284 ) [ RunTime:0.000412s ]
SQL: UPDATE `sucai_js` SET `addtime`=1436138279 WHERE ( id = 285 ) [ RunTime:0.000441s ]
SQL: UPDATE `sucai_js` SET `addtime`=1436092512 WHERE ( id = 286 ) [ RunTime:0.000504s ]
SQL: UPDATE `sucai_js` SET `addtime`=1436082869 WHERE ( id = 287 ) [ RunTime:0.000484s ]
INFO: [ app_end ] --START--
INFO: Run Behavior\ShowPageTraceBehavior [ RunTime:0.001503s ]
INFO: [ app_end ] --END-- [ RunTime:0.001613s ]

