[ 2014-07-07T09:01:03+08:00 ] ERR: (ThinkException) 非法操作fanhui
[ 2014-07-07T09:01:03+08:00 ] ERR: (ThinkException) 无法加载模块Public
[ 2014-07-07T09:02:33+08:00 ] ERR: (ThinkException) 无法加载模块Public
[ 2014-07-07T09:02:33+08:00 ] ERR: (ThinkException) 非法操作fanhui
[ 2014-07-07T09:09:16+08:00 ] ERR: (ThinkException) 无法加载模块Public
[ 2014-07-07T09:09:16+08:00 ] ERR: (ThinkException) 无法加载模块Public
[ 2014-07-07T09:09:16+08:00 ] ERR: (ThinkException) 无法加载模块Public
[ 2014-07-07T09:09:16+08:00 ] ERR: (ThinkException) 无法加载模块Public
[ 2014-07-07T09:09:16+08:00 ] ERR: (ThinkException) 无法加载模块Public
[ 2014-07-07T09:09:16+08:00 ] ERR: (ThinkException) 无法加载模块Public
[ 2014-07-07T09:09:16+08:00 ] ERR: (ThinkException) 无法加载模块Public
[ 2014-07-07T09:09:16+08:00 ] ERR: (ThinkException) 无法加载模块Public
[ 2014-07-07T09:09:16+08:00 ] ERR: (ThinkException) 无法加载模块Public
[ 2014-07-07T09:09:16+08:00 ] ERR: (ThinkException) 无法加载模块Public
[ 2014-07-07T09:13:41+08:00 ] ERR: (ThinkException) 非法操作fanhui
[ 2014-07-07T09:14:57+08:00 ] ERR: (ThinkException) 非法操作fanhui
[ 2014-07-07T09:16:58+08:00 ] ERR: (ThinkException) 非法操作fanhui
[ 2014-07-07T09:17:06+08:00 ] ERR: (ThinkException) 非法操作fanhui
[ 2014-07-07T09:17:17+08:00 ] ERR: (ThinkException) 非法操作fanhui
[ 2014-07-07T09:18:14+08:00 ] ERR: (ThinkException) 无法加载模块Public
[ 2014-07-07T09:18:14+08:00 ] ERR: (ThinkException) 非法操作fanhui
[ 2014-07-07T09:19:30+08:00 ] ERR: (ThinkException) 非法操作fanhui
[ 2014-07-07T09:20:35+08:00 ] ERR: (ThinkException) 非法操作fanhui
[ 2014-07-07T09:21:06+08:00 ] ERR: (ThinkException) 非法操作fanhui
[ 2014-07-07T09:21:50+08:00 ] ERR: (ThinkException) 非法操作fanhui
[ 2014-07-07T09:21:50+08:00 ] ERR: (ThinkException) 无法加载模块Public
[ 2014-07-07T09:21:53+08:00 ] ERR: (ThinkException) 非法操作fanhui
[ 2014-07-07T09:22:56+08:00 ] ERR: (ThinkException) 非法操作fanhui
[ 2014-07-07T09:23:47+08:00 ] ERR: (ThinkException) 非法操作fanhui
[ 2014-07-07T09:23:50+08:00 ] ERR: (ThinkException) 非法操作fanhui
[ 2014-07-07T09:23:51+08:00 ] ERR: (ThinkException) 非法操作fanhui
[ 2014-07-07T09:24:27+08:00 ] ERR: (ThinkException) 非法操作fanhui
[ 2014-07-07T09:24:27+08:00 ] ERR: (ThinkException) 无法加载模块Public
[ 2014-07-07T09:24:27+08:00 ] ERR: (ThinkException) 非法操作fanhui
[ 2014-07-07T09:24:29+08:00 ] ERR: (ThinkException) 非法操作fanhui
[ 2014-07-07T09:26:14+08:00 ] ERR: (ThinkException) 非法操作fanhui
[ 2014-07-07T09:28:49+08:00 ] ERR: (ThinkException) 非法操作fanhui
[ 2014-07-07T09:29:47+08:00 ] ERR: (ThinkException) 非法操作fanhui
[ 2014-07-07T09:29:52+08:00 ] ERR: (ThinkException) 无法加载模块Public
[ 2014-07-07T09:31:05+08:00 ] ERR: (ThinkException) 无法加载模块Public
[ 2014-07-07T09:31:06+08:00 ] ERR: (ThinkException) 非法操作fanhui
[ 2014-07-07T09:31:53+08:00 ] ERR: (ThinkException) 非法操作fanhui
[ 2014-07-07T09:32:06+08:00 ] ERR: (ThinkException) 无法加载模块Public
[ 2014-07-07T09:32:12+08:00 ] ERR: (ThinkException) 无法加载模块Public
[ 2014-07-07T09:32:17+08:00 ] ERR: (ThinkException) 无法加载模块Public
[ 2014-07-07T09:32:39+08:00 ] ERR: (ThinkException) 无法加载模块Public
[ 2014-07-07T09:32:57+08:00 ] ERR: (ThinkException) 无法加载模块Public
[ 2014-07-07T09:33:05+08:00 ] ERR: (ThinkException) 无法加载模块Public
[ 2014-07-07T09:33:05+08:00 ] ERR: (ThinkException) 非法操作fanhui
[ 2014-07-07T09:36:22+08:00 ] ERR: (ThinkException) 非法操作fanhui
[ 2014-07-07T09:37:01+08:00 ] ERR: (ThinkException) 无法加载模块Public
[ 2014-07-07T09:37:50+08:00 ] ERR: (ThinkException) 无法加载模块Public
[ 2014-07-07T09:38:10+08:00 ] ERR: (ThinkException) 非法操作fanhui
[ 2014-07-07T09:38:10+08:00 ] ERR: (ThinkException) 无法加载模块Public
[ 2014-07-07T09:38:10+08:00 ] ERR: (ThinkException) 无法加载模块Public
[ 2014-07-07T09:38:10+08:00 ] ERR: (ThinkException) 非法操作fanhui
[ 2014-07-07T09:45:08+08:00 ] ERR: (ThinkException) 无法加载模块Public
[ 2014-07-07T09:45:08+08:00 ] ERR: (ThinkException) 非法操作fanhui
[ 2014-07-07T09:46:30+08:00 ] ERR: (ThinkException) 非法操作fanhui
[ 2014-07-07T09:46:30+08:00 ] ERR: (ThinkException) 无法加载模块Public
[ 2014-07-07T09:46:34+08:00 ] ERR: (ThinkException) 非法操作fanhui
[ 2014-07-07T09:46:55+08:00 ] ERR: (ThinkException) 非法操作fanhui
[ 2014-07-07T09:48:23+08:00 ] ERR: (ThinkException) 非法操作fanhui
[ 2014-07-07T09:48:23+08:00 ] ERR: (ThinkException) 无法加载模块Public
[ 2014-07-07T09:48:26+08:00 ] ERR: (ThinkException) 无法加载模块Public
[ 2014-07-07T09:48:26+08:00 ] ERR: (ThinkException) 非法操作fanhui
[ 2014-07-07T09:48:42+08:00 ] ERR: (ThinkException) 非法操作fanhui
[ 2014-07-07T09:48:43+08:00 ] ERR: (ThinkException) 无法加载模块Public
[ 2014-07-07T09:49:56+08:00 ] ERR: (ThinkException) 非法操作fanhui
[ 2014-07-07T09:51:41+08:00 ] ERR: (ThinkException) 非法操作fanhui
[ 2014-07-07T09:53:04+08:00 ] ERR: (ThinkException) 非法操作fanhui
[ 2014-07-07T09:53:17+08:00 ] ERR: (ThinkException) 非法操作fanhui
[ 2014-07-07T09:53:25+08:00 ] ERR: (ThinkException) 非法操作fanhui
[ 2014-07-07T09:54:47+08:00 ] ERR: (ThinkException) 非法操作fanhui
[ 2014-07-07T09:54:47+08:00 ] ERR: (ThinkException) 无法加载模块Public
[ 2014-07-07T09:54:56+08:00 ] ERR: (ThinkException) 非法操作fanhui
[ 2014-07-07T09:55:05+08:00 ] ERR: (ThinkException) 无法加载模块Public
[ 2014-07-07T09:55:05+08:00 ] ERR: (ThinkException) 非法操作fanhui
[ 2014-07-07T09:55:22+08:00 ] ERR: (ThinkException) 无法加载模块Public
[ 2014-07-07T09:56:02+08:00 ] ERR: (ThinkException) 无法加载模块Public
[ 2014-07-07T09:56:03+08:00 ] ERR: (ThinkException) 非法操作fanhui
[ 2014-07-07T09:56:50+08:00 ] ERR: (ThinkException) 非法操作fanhui
[ 2014-07-07T09:58:25+08:00 ] ERR: (ThinkException) 非法操作fanhui
[ 2014-07-07T09:58:25+08:00 ] ERR: (ThinkException) 无法加载模块Public
[ 2014-07-07T10:03:39+08:00 ] ERR: (ThinkException) 非法操作fanhui
[ 2014-07-07T10:05:47+08:00 ] ERR: (ThinkException) 非法操作fanhui
[ 2014-07-07T10:06:06+08:00 ] ERR: (ThinkException) 模板不存在[./home//Tpl/default/Index/index.html]
[ 2014-07-07T10:07:11+08:00 ] ERR: (ThinkException) 无法加载模块Public
[ 2014-07-07T10:07:11+08:00 ] ERR: (ThinkException) 非法操作fanhui
[ 2014-07-07T10:07:29+08:00 ] ERR: (ThinkException) 非法操作fanhui
[ 2014-07-07T10:07:50+08:00 ] ERR: (ThinkException) 非法操作fanhui
[ 2014-07-07T10:08:31+08:00 ] ERR: (ThinkException) 非法操作fanhui
[ 2014-07-07T10:10:38+08:00 ] ERR: (ThinkException) 非法操作fanhui
[ 2014-07-07T10:11:10+08:00 ] ERR: (ThinkException) 非法操作fanhui
[ 2014-07-07T10:12:16+08:00 ] ERR: (ThinkException) 非法操作fanhui
[ 2014-07-07T10:13:05+08:00 ] ERR: (ThinkException) 非法操作fanhui
[ 2014-07-07T10:14:51+08:00 ] ERR: (ThinkException) 无法加载模块Public
[ 2014-07-07T10:14:51+08:00 ] ERR: (ThinkException) 非法操作fanhui
[ 2014-07-07T10:14:53+08:00 ] ERR: (ThinkException) 非法操作fanhui
[ 2014-07-07T10:15:53+08:00 ] ERR: (ThinkException) 无法加载模块Public
[ 2014-07-07T10:17:38+08:00 ] ERR: (ThinkException) 无法加载模块Public
[ 2014-07-07T10:19:44+08:00 ] ERR: (ThinkException) 非法操作fanhui
[ 2014-07-07T10:19:44+08:00 ] ERR: (ThinkException) 无法加载模块Public
[ 2014-07-07T10:21:40+08:00 ] ERR: (ThinkException) 非法操作fanhui
[ 2014-07-07T10:21:40+08:00 ] ERR: (ThinkException) 无法加载模块Public
[ 2014-07-07T10:21:43+08:00 ] ERR: (ThinkException) 无法加载模块Public
[ 2014-07-07T10:21:43+08:00 ] ERR: (ThinkException) 非法操作fanhui
[ 2014-07-07T10:21:46+08:00 ] ERR: (ThinkException) 无法加载模块Public
[ 2014-07-07T10:21:46+08:00 ] ERR: (ThinkException) 非法操作fanhui
[ 2014-07-07T10:21:50+08:00 ] ERR: (ThinkException) 非法操作fanhui
[ 2014-07-07T10:21:56+08:00 ] ERR: (ThinkException) 非法操作fanhui
[ 2014-07-07T10:21:56+08:00 ] ERR: (ThinkException) 无法加载模块Public
[ 2014-07-07T10:22:43+08:00 ] ERR: (ThinkException) 无法加载模块Public
[ 2014-07-07T10:30:22+08:00 ] ERR: (ThinkException) 无法加载模块Public
[ 2014-07-07T10:30:36+08:00 ] ERR: (ThinkException) 无法加载模块Public
[ 2014-07-07T10:31:24+08:00 ] ERR: (ThinkException) 无法加载模块Public
[ 2014-07-07T10:31:44+08:00 ] ERR: (ThinkException) 无法加载模块Public
[ 2014-07-07T10:31:58+08:00 ] ERR: (ThinkException) 无法加载模块Public
[ 2014-07-07T10:32:09+08:00 ] ERR: (ThinkException) 无法加载模块Public
[ 2014-07-07T10:34:59+08:00 ] ERR: (ThinkException) 无法加载模块Public
[ 2014-07-07T10:35:08+08:00 ] ERR: (ThinkException) 无法加载模块Public
[ 2014-07-07T10:43:15+08:00 ] ERR: (ThinkException) 无法加载模块Public
[ 2014-07-07T10:45:34+08:00 ] ERR: (ThinkException) 无法加载模块Public
[ 2014-07-07T10:47:05+08:00 ] ERR: (ThinkException) 无法加载模块Public
[ 2014-07-07T10:49:58+08:00 ] ERR: (ThinkException) 无法加载模块Public
[ 2014-07-07T10:50:32+08:00 ] ERR: (ThinkException) 无法加载模块admin.php
[ 2014-07-07T11:04:53+08:00 ] ERR: (ThinkException) 无法加载模块Public
[ 2014-07-07T11:07:59+08:00 ] ERR: (ThinkException) 无法加载模块Public
[ 2014-07-07T12:43:17+08:00 ] ERR: (ThinkException) 无法加载模块Public
[ 2014-07-07T12:45:06+08:00 ] ERR: (ThinkException) 无法加载模块Public
[ 2014-07-07T12:47:32+08:00 ] ERR: (ThinkException) 无法加载模块Public
[ 2014-07-07T12:47:32+08:00 ] ERR: (ThinkException) 无法加载模块Public
[ 2014-07-07T12:47:32+08:00 ] ERR: (ThinkException) 无法加载模块Public
[ 2014-07-07T12:47:32+08:00 ] ERR: (ThinkException) 无法加载模块Public
[ 2014-07-07T12:47:32+08:00 ] ERR: (ThinkException) 无法加载模块Public
[ 2014-07-07T12:47:32+08:00 ] ERR: (ThinkException) 无法加载模块Public
[ 2014-07-07T12:47:32+08:00 ] ERR: (ThinkException) 无法加载模块Public
[ 2014-07-07T12:47:32+08:00 ] ERR: (ThinkException) 无法加载模块Public
[ 2014-07-07T12:47:32+08:00 ] ERR: (ThinkException) 无法加载模块Public
[ 2014-07-07T12:47:32+08:00 ] ERR: (ThinkException) 无法加载模块Public
[ 2014-07-07T12:47:32+08:00 ] ERR: (ThinkException) 无法加载模块Public
[ 2014-07-07T12:47:32+08:00 ] ERR: (ThinkException) 无法加载模块Public
[ 2014-07-07T12:47:32+08:00 ] ERR: (ThinkException) 无法加载模块Public
[ 2014-07-07T12:47:32+08:00 ] ERR: (ThinkException) 无法加载模块Public
[ 2014-07-07T12:47:32+08:00 ] ERR: (ThinkException) 无法加载模块Public
[ 2014-07-07T12:47:32+08:00 ] ERR: (ThinkException) 无法加载模块Public
[ 2014-07-07T12:47:32+08:00 ] ERR: (ThinkException) 无法加载模块Public
[ 2014-07-07T12:47:32+08:00 ] ERR: (ThinkException) 无法加载模块Public
[ 2014-07-07T12:47:32+08:00 ] ERR: (ThinkException) 无法加载模块Public
[ 2014-07-07T12:47:32+08:00 ] ERR: (ThinkException) 无法加载模块Public
[ 2014-07-07T12:47:32+08:00 ] ERR: (ThinkException) 无法加载模块Public
[ 2014-07-07T12:47:32+08:00 ] ERR: (ThinkException) 无法加载模块Public
[ 2014-07-07T12:47:32+08:00 ] ERR: (ThinkException) 无法加载模块Public
[ 2014-07-07T12:47:32+08:00 ] ERR: (ThinkException) 无法加载模块Public
[ 2014-07-07T12:47:32+08:00 ] ERR: (ThinkException) 无法加载模块Public
[ 2014-07-07T12:47:32+08:00 ] ERR: (ThinkException) 无法加载模块Public
[ 2014-07-07T12:47:32+08:00 ] ERR: (ThinkException) 无法加载模块Public
[ 2014-07-07T12:47:32+08:00 ] ERR: (ThinkException) 无法加载模块Public
[ 2014-07-07T12:47:32+08:00 ] ERR: (ThinkException) 无法加载模块Public
[ 2014-07-07T12:47:32+08:00 ] ERR: (ThinkException) 无法加载模块Public
[ 2014-07-07T12:47:32+08:00 ] ERR: (ThinkException) 无法加载模块Public
[ 2014-07-07T12:47:32+08:00 ] ERR: (ThinkException) 无法加载模块Public
[ 2014-07-07T12:47:32+08:00 ] ERR: (ThinkException) 无法加载模块Public
[ 2014-07-07T12:47:32+08:00 ] ERR: (ThinkException) 无法加载模块Public
[ 2014-07-07T12:47:37+08:00 ] ERR: (ThinkException) 无法加载模块Public
[ 2014-07-07T12:50:46+08:00 ] ERR: (ThinkException) 无法加载模块Public
[ 2014-07-07T12:50:46+08:00 ] ERR: (ThinkException) 无法加载模块Public
[ 2014-07-07T12:50:46+08:00 ] ERR: (ThinkException) 无法加载模块Public
[ 2014-07-07T12:50:46+08:00 ] ERR: (ThinkException) 无法加载模块Public
[ 2014-07-07T12:50:46+08:00 ] ERR: (ThinkException) 无法加载模块Public
[ 2014-07-07T12:50:46+08:00 ] ERR: (ThinkException) 无法加载模块Public
[ 2014-07-07T12:50:46+08:00 ] ERR: (ThinkException) 无法加载模块Public
[ 2014-07-07T12:50:46+08:00 ] ERR: (ThinkException) 无法加载模块Public
[ 2014-07-07T12:50:46+08:00 ] ERR: (ThinkException) 无法加载模块Public
[ 2014-07-07T12:50:46+08:00 ] ERR: (ThinkException) 无法加载模块Public
[ 2014-07-07T12:50:46+08:00 ] ERR: (ThinkException) 无法加载模块Public
[ 2014-07-07T12:50:46+08:00 ] ERR: (ThinkException) 无法加载模块Public
[ 2014-07-07T12:50:46+08:00 ] ERR: (ThinkException) 无法加载模块Public
[ 2014-07-07T12:50:46+08:00 ] ERR: (ThinkException) 无法加载模块Public
[ 2014-07-07T12:50:46+08:00 ] ERR: (ThinkException) 无法加载模块Public
[ 2014-07-07T12:50:46+08:00 ] ERR: (ThinkException) 无法加载模块Public
[ 2014-07-07T12:50:46+08:00 ] ERR: (ThinkException) 无法加载模块Public
[ 2014-07-07T12:50:46+08:00 ] ERR: (ThinkException) 无法加载模块Public
[ 2014-07-07T12:50:46+08:00 ] ERR: (ThinkException) 无法加载模块Public
[ 2014-07-07T12:50:46+08:00 ] ERR: (ThinkException) 无法加载模块Public
[ 2014-07-07T12:50:46+08:00 ] ERR: (ThinkException) 无法加载模块Public
[ 2014-07-07T12:50:46+08:00 ] ERR: (ThinkException) 无法加载模块Public
[ 2014-07-07T12:50:46+08:00 ] ERR: (ThinkException) 无法加载模块Public
[ 2014-07-07T12:50:46+08:00 ] ERR: (ThinkException) 无法加载模块Public
[ 2014-07-07T12:50:46+08:00 ] ERR: (ThinkException) 无法加载模块Public
[ 2014-07-07T12:50:46+08:00 ] ERR: (ThinkException) 无法加载模块Public
[ 2014-07-07T12:50:46+08:00 ] ERR: (ThinkException) 无法加载模块Public
[ 2014-07-07T12:50:46+08:00 ] ERR: (ThinkException) 无法加载模块Public
[ 2014-07-07T12:50:46+08:00 ] ERR: (ThinkException) 无法加载模块Public
[ 2014-07-07T12:50:46+08:00 ] ERR: (ThinkException) 无法加载模块Public
[ 2014-07-07T12:50:46+08:00 ] ERR: (ThinkException) 无法加载模块Public
[ 2014-07-07T12:50:46+08:00 ] ERR: (ThinkException) 无法加载模块Public
[ 2014-07-07T12:50:46+08:00 ] ERR: (ThinkException) 无法加载模块Public
[ 2014-07-07T13:21:02+08:00 ] ERR: (ThinkException) 无法加载模块Public
[ 2014-07-07T14:08:04+08:00 ] ERR: (ThinkException) 无法加载模块Public
[ 2014-07-07T14:08:37+08:00 ] ERR: (ThinkException) 无法加载模块Public
[ 2014-07-07T14:10:28+08:00 ] ERR: (ThinkException) 无法加载模块Public
[ 2014-07-07T14:11:08+08:00 ] ERR: (ThinkException) 无法加载模块Public
[ 2014-07-07T14:11:08+08:00 ] ERR: (ThinkException) 无法加载模块Public
[ 2014-07-07T14:12:10+08:00 ] ERR: (ThinkException) 无法加载模块Public
[ 2014-07-07T14:20:59+08:00 ] ERR: (ThinkException) 无法加载模块Public
[ 2014-07-07T14:21:56+08:00 ] ERR: (ThinkException) 无法加载模块Public
[ 2014-07-07T14:23:24+08:00 ] ERR: (ThinkException) 无法加载模块Public
[ 2014-07-07T14:25:41+08:00 ] ERR: (ThinkException) 无法加载模块Public
[ 2014-07-07T14:25:57+08:00 ] ERR: (ThinkException) 无法加载模块Public
[ 2014-07-07T14:26:52+08:00 ] ERR: (ThinkException) 无法加载模块Public
[ 2014-07-07T14:26:53+08:00 ] ERR: (ThinkException) 无法加载模块Public
[ 2014-07-07T14:27:25+08:00 ] ERR: (ThinkException) 无法加载模块Public
[ 2014-07-07T14:27:25+08:00 ] ERR: (ThinkException) 无法加载模块Public
[ 2014-07-07T14:28:03+08:00 ] ERR: (ThinkException) 无法加载模块Public
[ 2014-07-07T14:28:03+08:00 ] ERR: (ThinkException) 无法加载模块Public
[ 2014-07-07T14:28:24+08:00 ] ERR: (ThinkException) 无法加载模块Public
[ 2014-07-07T14:28:24+08:00 ] ERR: (ThinkException) 无法加载模块Public
[ 2014-07-07T14:29:07+08:00 ] ERR: (ThinkException) 无法加载模块Public
[ 2014-07-07T14:29:07+08:00 ] ERR: (ThinkException) 无法加载模块Public
[ 2014-07-07T14:37:06+08:00 ] ERR: (ThinkException) 无法加载模块Public
[ 2014-07-07T14:37:06+08:00 ] ERR: (ThinkException) 无法加载模块Public
[ 2014-07-07T14:37:37+08:00 ] ERR: (ThinkException) 无法加载模块Public
[ 2014-07-07T14:37:37+08:00 ] ERR: (ThinkException) 无法加载模块Public
[ 2014-07-07T14:39:04+08:00 ] ERR: (ThinkException) 无法加载模块Public
[ 2014-07-07T14:39:04+08:00 ] ERR: (ThinkException) 无法加载模块Public
[ 2014-07-07T14:39:11+08:00 ] ERR: (ThinkException) 无法加载模块Public
[ 2014-07-07T14:39:15+08:00 ] ERR: (ThinkException) 无法加载模块Public
[ 2014-07-07T14:39:16+08:00 ] ERR: (ThinkException) 无法加载模块Public
[ 2014-07-07T14:40:06+08:00 ] ERR: (ThinkException) 无法加载模块Public
[ 2014-07-07T14:40:08+08:00 ] ERR: (ThinkException) 无法加载模块Public
[ 2014-07-07T14:40:12+08:00 ] ERR: (ThinkException) 无法加载模块Public
[ 2014-07-07T14:40:21+08:00 ] ERR: (ThinkException) 无法加载模块Public
[ 2014-07-07T14:40:21+08:00 ] ERR: (ThinkException) 无法加载模块Public
[ 2014-07-07T14:40:24+08:00 ] ERR: (ThinkException) 无法加载模块Public
[ 2014-07-07T14:41:59+08:00 ] ERR: (ThinkException) 无法加载模块Public
[ 2014-07-07T14:42:01+08:00 ] ERR: (ThinkException) 无法加载模块Public
[ 2014-07-07T14:42:01+08:00 ] ERR: (ThinkException) 无法加载模块Public
[ 2014-07-07T14:42:03+08:00 ] ERR: (ThinkException) 无法加载模块Public
[ 2014-07-07T14:42:05+08:00 ] ERR: (ThinkException) 无法加载模块Public
[ 2014-07-07T14:45:52+08:00 ] ERR: (ThinkException) 无法加载模块Public
[ 2014-07-07T14:45:53+08:00 ] ERR: (ThinkException) 无法加载模块Public
[ 2014-07-07T14:49:44+08:00 ] ERR: (ThinkException) 无法加载模块Public
[ 2014-07-07T14:49:44+08:00 ] ERR: (ThinkException) 无法加载模块Public
[ 2014-07-07T14:51:37+08:00 ] ERR: (ThinkException) 无法加载模块Public
[ 2014-07-07T14:51:37+08:00 ] ERR: (ThinkException) 无法加载模块Public
[ 2014-07-07T14:52:03+08:00 ] ERR: (ThinkException) 无法加载模块Public
[ 2014-07-07T14:52:03+08:00 ] ERR: (ThinkException) 无法加载模块Public
[ 2014-07-07T14:53:26+08:00 ] ERR: (ThinkException) 无法加载模块Public
[ 2014-07-07T14:53:35+08:00 ] ERR: (ThinkException) 无法加载模块Public
[ 2014-07-07T14:54:24+08:00 ] ERR: (ThinkException) 无法加载模块Public
[ 2014-07-07T14:54:34+08:00 ] ERR: (ThinkException) 无法加载模块Public
[ 2014-07-07T14:56:21+08:00 ] ERR: (ThinkException) 无法加载模块Public
[ 2014-07-07T14:56:21+08:00 ] ERR: (ThinkException) 无法加载模块Public
[ 2014-07-07T14:57:13+08:00 ] ERR: (ThinkException) 无法加载模块Public
[ 2014-07-07T14:57:13+08:00 ] ERR: (ThinkException) 无法加载模块Public
[ 2014-07-07T14:58:03+08:00 ] ERR: (ThinkException) 无法加载模块Public
[ 2014-07-07T14:58:03+08:00 ] ERR: (ThinkException) 无法加载模块Public
[ 2014-07-07T14:58:31+08:00 ] ERR: (ThinkException) 无法加载模块Public
[ 2014-07-07T14:58:32+08:00 ] ERR: (ThinkException) 无法加载模块Public
[ 2014-07-07T14:58:50+08:00 ] ERR: (ThinkException) 无法加载模块Public
[ 2014-07-07T14:58:51+08:00 ] ERR: (ThinkException) 无法加载模块Public
[ 2014-07-07T15:01:06+08:00 ] ERR: (ThinkException) 无法加载模块Public
[ 2014-07-07T15:01:06+08:00 ] ERR: (ThinkException) 无法加载模块Public
[ 2014-07-07T15:01:50+08:00 ] ERR: (ThinkException) 无法加载模块Public
[ 2014-07-07T15:01:50+08:00 ] ERR: (ThinkException) 无法加载模块Public
[ 2014-07-07T15:02:39+08:00 ] ERR: (ThinkException) 无法加载模块Public
[ 2014-07-07T15:02:39+08:00 ] ERR: (ThinkException) 无法加载模块Public
[ 2014-07-07T15:03:14+08:00 ] ERR: (ThinkException) 无法加载模块Public
[ 2014-07-07T15:03:15+08:00 ] ERR: (ThinkException) 无法加载模块Public
[ 2014-07-07T15:03:31+08:00 ] ERR: (ThinkException) 无法加载模块Public
[ 2014-07-07T15:04:14+08:00 ] ERR: (ThinkException) 无法加载模块Public
[ 2014-07-07T15:04:14+08:00 ] ERR: (ThinkException) 无法加载模块Public
[ 2014-07-07T15:05:47+08:00 ] ERR: (ThinkException) 无法加载模块Public
[ 2014-07-07T15:05:47+08:00 ] ERR: (ThinkException) 无法加载模块Public
[ 2014-07-07T15:08:18+08:00 ] ERR: (ThinkException) 无法加载模块Login
[ 2014-07-07T15:22:26+08:00 ] ERR: (ThinkException) 无法加载模块Public
[ 2014-07-07T15:22:31+08:00 ] ERR: (ThinkException) 无法加载模块Public
[ 2014-07-07T15:23:05+08:00 ] ERR: (ThinkException) 无法加载模块Public
[ 2014-07-07T15:25:07+08:00 ] ERR: (ThinkException) 无法加载模块Public
[ 2014-07-07T15:27:14+08:00 ] ERR: (ThinkException) 无法加载模块Public
[ 2014-07-07T15:27:49+08:00 ] ERR: (ThinkException) 无法加载模块Public
[ 2014-07-07T15:29:35+08:00 ] ERR: (ThinkException) 无法加载模块Public
[ 2014-07-07T15:30:57+08:00 ] ERR: (ThinkException) 无法加载模块Public
[ 2014-07-07T15:31:10+08:00 ] ERR: (ThinkException) 无法加载模块Public
[ 2014-07-07T15:32:34+08:00 ] ERR: (ThinkException) 无法加载模块Public
[ 2014-07-07T15:32:34+08:00 ] ERR: (ThinkException) 无法加载模块Public
[ 2014-07-07T15:33:15+08:00 ] ERR: (ThinkException) 无法加载模块Public
[ 2014-07-07T15:33:15+08:00 ] ERR: (ThinkException) 无法加载模块Public
[ 2014-07-07T15:35:48+08:00 ] ERR: (ThinkException) 无法加载模块Public
[ 2014-07-07T15:35:49+08:00 ] ERR: (ThinkException) 无法加载模块Public
[ 2014-07-07T15:41:46+08:00 ] ERR: (ThinkException) 无法加载模块Public
[ 2014-07-07T15:41:46+08:00 ] ERR: (ThinkException) 无法加载模块Public
[ 2014-07-07T15:48:15+08:00 ] ERR: (ThinkException) 无法加载模块Public
[ 2014-07-07T15:48:15+08:00 ] ERR: (ThinkException) 无法加载模块Public
[ 2014-07-07T15:48:34+08:00 ] ERR: (ThinkException) 无法加载模块Public
[ 2014-07-07T15:48:34+08:00 ] ERR: (ThinkException) 无法加载模块Public
[ 2014-07-07T15:48:50+08:00 ] ERR: (ThinkException) 无法加载模块Public
[ 2014-07-07T15:48:50+08:00 ] ERR: (ThinkException) 无法加载模块Public
[ 2014-07-07T15:49:12+08:00 ] ERR: (ThinkException) 无法加载模块Public
[ 2014-07-07T15:49:12+08:00 ] ERR: (ThinkException) 无法加载模块Public
[ 2014-07-07T15:50:09+08:00 ] ERR: (ThinkException) 无法加载模块Public
[ 2014-07-07T16:10:23+08:00 ] ERR: (ThinkException) 无法加载模块Public
[ 2014-07-07T16:10:39+08:00 ] ERR: (ThinkException) 无法加载模块Public
[ 2014-07-07T16:21:19+08:00 ] ERR: (ThinkException) 无法加载模块Public
[ 2014-07-07T16:26:41+08:00 ] ERR: (ThinkException) 无法加载模块Login
[ 2014-07-07T16:30:03+08:00 ] ERR: (ThinkException) 无法加载模块Public
[ 2014-07-07T16:31:16+08:00 ] ERR: (ThinkException) 无法加载模块Public
[ 2014-07-07T16:31:16+08:00 ] ERR: (ThinkException) 无法加载模块Public
[ 2014-07-07T16:32:02+08:00 ] ERR: (ThinkException) 无法加载模块Public
[ 2014-07-07T16:32:02+08:00 ] ERR: (ThinkException) 无法加载模块Public
[ 2014-07-07T16:32:02+08:00 ] ERR: (ThinkException) 无法加载模块Public
[ 2014-07-07T16:32:03+08:00 ] ERR: (ThinkException) 无法加载模块Public
[ 2014-07-07T16:32:18+08:00 ] ERR: (ThinkException) 无法加载模块Public
[ 2014-07-07T16:32:18+08:00 ] ERR: (ThinkException) 无法加载模块Public
[ 2014-07-07T16:33:23+08:00 ] ERR: (ThinkException) 无法加载模块Public
[ 2014-07-07T16:33:23+08:00 ] ERR: (ThinkException) 无法加载模块Public
[ 2014-07-07T16:33:23+08:00 ] ERR: (ThinkException) 无法加载模块Public
[ 2014-07-07T16:33:23+08:00 ] ERR: (ThinkException) 无法加载模块Public
[ 2014-07-07T16:33:31+08:00 ] ERR: (ThinkException) 无法加载模块Public
[ 2014-07-07T16:33:31+08:00 ] ERR: (ThinkException) 无法加载模块Public
[ 2014-07-07T16:34:05+08:00 ] ERR: (ThinkException) 无法加载模块Public
[ 2014-07-07T16:34:05+08:00 ] ERR: (ThinkException) 无法加载模块Public
[ 2014-07-07T16:34:06+08:00 ] ERR: (ThinkException) 无法加载模块Public
[ 2014-07-07T16:34:06+08:00 ] ERR: (ThinkException) 无法加载模块Public
[ 2014-07-07T16:34:06+08:00 ] ERR: (ThinkException) 无法加载模块Public
[ 2014-07-07T16:34:07+08:00 ] ERR: (ThinkException) 无法加载模块Public
[ 2014-07-07T16:34:07+08:00 ] ERR: (ThinkException) 无法加载模块Public
[ 2014-07-07T16:34:07+08:00 ] ERR: (ThinkException) 无法加载模块Public
[ 2014-07-07T16:34:11+08:00 ] ERR: (ThinkException) 无法加载模块Public
[ 2014-07-07T16:34:11+08:00 ] ERR: (ThinkException) 无法加载模块Public
[ 2014-07-07T16:35:17+08:00 ] ERR: (ThinkException) 无法加载模块Public
[ 2014-07-07T16:35:17+08:00 ] ERR: (ThinkException) 无法加载模块Public
[ 2014-07-07T16:35:18+08:00 ] ERR: (ThinkException) 无法加载模块Public
[ 2014-07-07T16:35:18+08:00 ] ERR: (ThinkException) 无法加载模块Public
[ 2014-07-07T16:35:18+08:00 ] ERR: (ThinkException) 无法加载模块Public
[ 2014-07-07T16:35:26+08:00 ] ERR: (ThinkException) 无法加载模块Public
[ 2014-07-07T16:35:26+08:00 ] ERR: (ThinkException) 无法加载模块Public
[ 2014-07-07T16:35:44+08:00 ] ERR: (ThinkException) 无法加载模块Public
[ 2014-07-07T16:35:44+08:00 ] ERR: (ThinkException) 无法加载模块Public
[ 2014-07-07T16:36:57+08:00 ] ERR: (ThinkException) 无法加载模块Public
[ 2014-07-07T16:38:13+08:00 ] ERR: (ThinkException) 无法加载模块Public
[ 2014-07-07T16:38:59+08:00 ] ERR: (ThinkException) 无法加载模块Public
[ 2014-07-07T16:38:59+08:00 ] ERR: (ThinkException) 无法加载模块Public
[ 2014-07-07T16:38:59+08:00 ] ERR: (ThinkException) 无法加载模块Public
[ 2014-07-07T16:39:17+08:00 ] ERR: (ThinkException) 无法加载模块Public
[ 2014-07-07T16:39:17+08:00 ] ERR: (ThinkException) 无法加载模块Public
[ 2014-07-07T16:39:17+08:00 ] ERR: (ThinkException) 无法加载模块Public
[ 2014-07-07T16:39:17+08:00 ] ERR: (ThinkException) 无法加载模块Public
[ 2014-07-07T16:39:18+08:00 ] ERR: (ThinkException) 无法加载模块Public
[ 2014-07-07T16:39:18+08:00 ] ERR: (ThinkException) 无法加载模块Public
[ 2014-07-07T16:39:18+08:00 ] ERR: (ThinkException) 无法加载模块Public
[ 2014-07-07T16:39:18+08:00 ] ERR: (ThinkException) 无法加载模块Public
[ 2014-07-07T16:39:27+08:00 ] ERR: (ThinkException) 无法加载模块Public
[ 2014-07-07T16:39:27+08:00 ] ERR: (ThinkException) 无法加载模块Public
[ 2014-07-07T16:39:27+08:00 ] ERR: (ThinkException) 无法加载模块Public
[ 2014-07-07T16:39:28+08:00 ] ERR: (ThinkException) 无法加载模块Public
[ 2014-07-07T16:39:28+08:00 ] ERR: (ThinkException) 无法加载模块Public
[ 2014-07-07T16:39:28+08:00 ] ERR: (ThinkException) 无法加载模块Public
[ 2014-07-07T16:39:28+08:00 ] ERR: (ThinkException) 无法加载模块Public
[ 2014-07-07T16:40:07+08:00 ] ERR: (ThinkException) 无法加载模块Public
[ 2014-07-07T16:40:07+08:00 ] ERR: (ThinkException) 无法加载模块Public
[ 2014-07-07T16:40:07+08:00 ] ERR: (ThinkException) 无法加载模块Public
[ 2014-07-07T16:40:07+08:00 ] ERR: (ThinkException) 无法加载模块Public
[ 2014-07-07T16:40:09+08:00 ] ERR: (ThinkException) 无法加载模块Public
[ 2014-07-07T16:40:09+08:00 ] ERR: (ThinkException) 无法加载模块Public
[ 2014-07-07T16:40:09+08:00 ] ERR: (ThinkException) 无法加载模块Public
[ 2014-07-07T16:40:09+08:00 ] ERR: (ThinkException) 无法加载模块Public
[ 2014-07-07T16:40:09+08:00 ] ERR: (ThinkException) 无法加载模块Public
[ 2014-07-07T16:40:09+08:00 ] ERR: (ThinkException) 无法加载模块Public
[ 2014-07-07T16:40:09+08:00 ] ERR: (ThinkException) 无法加载模块Public
[ 2014-07-07T16:40:09+08:00 ] ERR: (ThinkException) 无法加载模块Public
[ 2014-07-07T16:40:09+08:00 ] ERR: (ThinkException) 无法加载模块Public
[ 2014-07-07T16:40:10+08:00 ] ERR: (ThinkException) 无法加载模块Public
[ 2014-07-07T16:40:10+08:00 ] ERR: (ThinkException) 无法加载模块Public
[ 2014-07-07T16:40:10+08:00 ] ERR: (ThinkException) 无法加载模块Public
[ 2014-07-07T16:40:10+08:00 ] ERR: (ThinkException) 无法加载模块Public
[ 2014-07-07T16:40:10+08:00 ] ERR: (ThinkException) 无法加载模块Public
[ 2014-07-07T16:40:10+08:00 ] ERR: (ThinkException) 无法加载模块Public
[ 2014-07-07T16:40:10+08:00 ] ERR: (ThinkException) 无法加载模块Public
[ 2014-07-07T16:40:11+08:00 ] ERR: (ThinkException) 无法加载模块Public
[ 2014-07-07T16:40:11+08:00 ] ERR: (ThinkException) 无法加载模块Public
[ 2014-07-07T16:40:11+08:00 ] ERR: (ThinkException) 无法加载模块Public
[ 2014-07-07T16:40:11+08:00 ] ERR: (ThinkException) 无法加载模块Public
[ 2014-07-07T16:40:12+08:00 ] ERR: (ThinkException) 无法加载模块Public
[ 2014-07-07T16:40:13+08:00 ] ERR: (ThinkException) 无法加载模块Public
[ 2014-07-07T16:40:13+08:00 ] ERR: (ThinkException) 无法加载模块Public
[ 2014-07-07T16:40:13+08:00 ] ERR: (ThinkException) 无法加载模块Public
[ 2014-07-07T16:40:13+08:00 ] ERR: (ThinkException) 无法加载模块Public
[ 2014-07-07T16:40:20+08:00 ] ERR: (ThinkException) 无法加载模块Public
[ 2014-07-07T16:40:20+08:00 ] ERR: (ThinkException) 无法加载模块Public
[ 2014-07-07T16:40:20+08:00 ] ERR: (ThinkException) 无法加载模块Public
[ 2014-07-07T16:40:20+08:00 ] ERR: (ThinkException) 无法加载模块Public
[ 2014-07-07T16:40:31+08:00 ] ERR: (ThinkException) 无法加载模块Public
[ 2014-07-07T16:40:31+08:00 ] ERR: (ThinkException) 无法加载模块Public
[ 2014-07-07T16:40:57+08:00 ] ERR: (ThinkException) 无法加载模块Public
[ 2014-07-07T16:40:57+08:00 ] ERR: (ThinkException) 无法加载模块Public
[ 2014-07-07T16:40:57+08:00 ] ERR: (ThinkException) 无法加载模块Public
[ 2014-07-07T16:40:57+08:00 ] ERR: (ThinkException) 无法加载模块Public
[ 2014-07-07T16:40:59+08:00 ] ERR: (ThinkException) 无法加载模块Public
[ 2014-07-07T16:40:59+08:00 ] ERR: (ThinkException) 无法加载模块Public
[ 2014-07-07T16:40:59+08:00 ] ERR: (ThinkException) 无法加载模块Public
[ 2014-07-07T16:40:59+08:00 ] ERR: (ThinkException) 无法加载模块Public
[ 2014-07-07T16:41:01+08:00 ] ERR: (ThinkException) 无法加载模块Public
[ 2014-07-07T16:41:01+08:00 ] ERR: (ThinkException) 无法加载模块Public
[ 2014-07-07T16:41:01+08:00 ] ERR: (ThinkException) 无法加载模块Public
[ 2014-07-07T16:41:02+08:00 ] ERR: (ThinkException) 无法加载模块Public
[ 2014-07-07T16:41:02+08:00 ] ERR: (ThinkException) 无法加载模块Public
[ 2014-07-07T16:41:02+08:00 ] ERR: (ThinkException) 无法加载模块Public
[ 2014-07-07T16:41:02+08:00 ] ERR: (ThinkException) 无法加载模块Public
[ 2014-07-07T16:41:03+08:00 ] ERR: (ThinkException) 无法加载模块Public
[ 2014-07-07T16:41:03+08:00 ] ERR: (ThinkException) 无法加载模块Public
[ 2014-07-07T16:41:03+08:00 ] ERR: (ThinkException) 无法加载模块Public
[ 2014-07-07T16:41:04+08:00 ] ERR: (ThinkException) 无法加载模块Public
[ 2014-07-07T16:41:09+08:00 ] ERR: (ThinkException) 无法加载模块Public
[ 2014-07-07T16:41:09+08:00 ] ERR: (ThinkException) 无法加载模块Public
[ 2014-07-07T16:41:09+08:00 ] ERR: (ThinkException) 无法加载模块Public
[ 2014-07-07T16:41:09+08:00 ] ERR: (ThinkException) 无法加载模块Public
[ 2014-07-07T16:41:28+08:00 ] ERR: (ThinkException) 无法加载模块js
[ 2014-07-07T16:41:28+08:00 ] ERR: (ThinkException) 无法加载模块js
[ 2014-07-07T16:41:30+08:00 ] ERR: (ThinkException) 无法加载模块js
[ 2014-07-07T16:41:30+08:00 ] ERR: (ThinkException) 无法加载模块js
[ 2014-07-07T16:41:34+08:00 ] ERR: (ThinkException) 无法加载模块Public
[ 2014-07-07T16:41:34+08:00 ] ERR: (ThinkException) 无法加载模块Public
[ 2014-07-07T16:41:37+08:00 ] ERR: (ThinkException) 无法加载模块Public
[ 2014-07-07T16:41:37+08:00 ] ERR: (ThinkException) 无法加载模块Public
[ 2014-07-07T16:42:13+08:00 ] ERR: (ThinkException) 无法加载模块js
[ 2014-07-07T16:42:13+08:00 ] ERR: (ThinkException) 无法加载模块js
[ 2014-07-07T16:42:13+08:00 ] ERR: (ThinkException) 无法加载模块Public
[ 2014-07-07T16:42:16+08:00 ] ERR: (ThinkException) 无法加载模块Public
[ 2014-07-07T16:42:39+08:00 ] ERR: (ThinkException) 无法加载模块Public
[ 2014-07-07T16:42:39+08:00 ] ERR: (ThinkException) 无法加载模块Public
[ 2014-07-07T16:42:39+08:00 ] ERR: (ThinkException) 无法加载模块Public
[ 2014-07-07T16:42:39+08:00 ] ERR: (ThinkException) 无法加载模块Public
[ 2014-07-07T16:42:41+08:00 ] ERR: (ThinkException) 无法加载模块Public
[ 2014-07-07T16:42:44+08:00 ] ERR: (ThinkException) 无法加载模块Public
[ 2014-07-07T16:42:46+08:00 ] ERR: (ThinkException) 无法加载模块Public
[ 2014-07-07T16:49:56+08:00 ] ERR: (ThinkException) 无法加载模块Public
[ 2014-07-07T16:49:57+08:00 ] ERR: (ThinkException) 无法加载模块Public
[ 2014-07-07T16:49:57+08:00 ] ERR: (ThinkException) 无法加载模块Public
[ 2014-07-07T16:49:57+08:00 ] ERR: (ThinkException) 无法加载模块Public
[ 2014-07-07T16:49:59+08:00 ] ERR: (ThinkException) 无法加载模块Public
[ 2014-07-07T16:50:02+08:00 ] ERR: (ThinkException) 无法加载模块Public
[ 2014-07-07T16:50:55+08:00 ] ERR: (ThinkException) 无法加载模块js
[ 2014-07-07T16:50:55+08:00 ] ERR: (ThinkException) 无法加载模块js
[ 2014-07-07T16:50:56+08:00 ] ERR: (ThinkException) 无法加载模块Public
[ 2014-07-07T16:50:57+08:00 ] ERR: (ThinkException) 无法加载模块Public
[ 2014-07-07T16:51:52+08:00 ] ERR: (ThinkException) 无法加载模块Public
[ 2014-07-07T16:51:52+08:00 ] ERR: (ThinkException) 无法加载模块Public
[ 2014-07-07T16:53:40+08:00 ] ERR: (ThinkException) 无法加载模块Public
[ 2014-07-07T16:53:42+08:00 ] ERR: (ThinkException) 非法操作Public
[ 2014-07-07T16:53:42+08:00 ] ERR: (ThinkException) 非法操作Public
[ 2014-07-07T16:53:42+08:00 ] ERR: (ThinkException) 非法操作Public
[ 2014-07-07T16:53:42+08:00 ] ERR: (ThinkException) 非法操作Public
[ 2014-07-07T16:53:42+08:00 ] ERR: (ThinkException) 非法操作Public
[ 2014-07-07T16:53:42+08:00 ] ERR: (ThinkException) 非法操作Public
[ 2014-07-07T16:53:42+08:00 ] ERR: (ThinkException) 非法操作Public
[ 2014-07-07T16:53:42+08:00 ] ERR: (ThinkException) 非法操作Public
[ 2014-07-07T16:53:42+08:00 ] ERR: (ThinkException) 非法操作Public
[ 2014-07-07T16:53:42+08:00 ] ERR: (ThinkException) 非法操作Public
[ 2014-07-07T16:53:42+08:00 ] ERR: (ThinkException) 非法操作Public
[ 2014-07-07T16:53:42+08:00 ] ERR: (ThinkException) 非法操作Public
[ 2014-07-07T16:53:42+08:00 ] ERR: (ThinkException) 非法操作Public
[ 2014-07-07T16:53:42+08:00 ] ERR: (ThinkException) 非法操作Public
[ 2014-07-07T16:53:42+08:00 ] ERR: (ThinkException) 非法操作Public
[ 2014-07-07T16:53:42+08:00 ] ERR: (ThinkException) 非法操作Public
[ 2014-07-07T16:53:42+08:00 ] ERR: (ThinkException) 非法操作Public
[ 2014-07-07T16:53:42+08:00 ] ERR: (ThinkException) 非法操作Public
[ 2014-07-07T16:53:42+08:00 ] ERR: (ThinkException) 非法操作Public
[ 2014-07-07T16:53:42+08:00 ] ERR: (ThinkException) 非法操作Public
[ 2014-07-07T16:53:42+08:00 ] ERR: (ThinkException) 非法操作Public
[ 2014-07-07T16:53:42+08:00 ] ERR: (ThinkException) 非法操作Public
[ 2014-07-07T16:53:42+08:00 ] ERR: (ThinkException) 非法操作Public
[ 2014-07-07T16:53:42+08:00 ] ERR: (ThinkException) 非法操作Public
[ 2014-07-07T16:53:42+08:00 ] ERR: (ThinkException) 非法操作Public
[ 2014-07-07T16:53:42+08:00 ] ERR: (ThinkException) 非法操作Public
[ 2014-07-07T16:53:42+08:00 ] ERR: (ThinkException) 非法操作Public
[ 2014-07-07T16:53:42+08:00 ] ERR: (ThinkException) 非法操作Public
[ 2014-07-07T16:53:42+08:00 ] ERR: (ThinkException) 非法操作Public
[ 2014-07-07T16:53:42+08:00 ] ERR: (ThinkException) 非法操作Public
[ 2014-07-07T16:53:42+08:00 ] ERR: (ThinkException) 非法操作Public
[ 2014-07-07T16:53:42+08:00 ] ERR: (ThinkException) 非法操作Public
[ 2014-07-07T16:53:42+08:00 ] ERR: (ThinkException) 非法操作Public
[ 2014-07-07T16:53:45+08:00 ] ERR: (ThinkException) 无法加载模块Public
[ 2014-07-07T16:54:06+08:00 ] ERR: (ThinkException) 无法加载模块Public
[ 2014-07-07T16:54:08+08:00 ] ERR: (ThinkException) 非法操作home
[ 2014-07-07T16:54:29+08:00 ] ERR: (ThinkException) 无法加载模块Public
[ 2014-07-07T16:54:30+08:00 ] ERR: (ThinkException) 无法加载模块Public
[ 2014-07-07T16:54:31+08:00 ] ERR: (ThinkException) 非法操作Public
[ 2014-07-07T16:54:31+08:00 ] ERR: (ThinkException) 非法操作Public
[ 2014-07-07T16:54:31+08:00 ] ERR: (ThinkException) 非法操作Public
[ 2014-07-07T16:54:31+08:00 ] ERR: (ThinkException) 非法操作Public
[ 2014-07-07T16:54:31+08:00 ] ERR: (ThinkException) 非法操作Public
[ 2014-07-07T16:54:31+08:00 ] ERR: (ThinkException) 非法操作Public
[ 2014-07-07T16:54:31+08:00 ] ERR: (ThinkException) 非法操作Public
[ 2014-07-07T16:54:31+08:00 ] ERR: (ThinkException) 非法操作Public
[ 2014-07-07T16:54:31+08:00 ] ERR: (ThinkException) 非法操作Public
[ 2014-07-07T16:54:31+08:00 ] ERR: (ThinkException) 非法操作Public
[ 2014-07-07T16:54:31+08:00 ] ERR: (ThinkException) 非法操作Public
[ 2014-07-07T16:54:31+08:00 ] ERR: (ThinkException) 非法操作Public
[ 2014-07-07T16:54:31+08:00 ] ERR: (ThinkException) 非法操作Public
[ 2014-07-07T16:54:31+08:00 ] ERR: (ThinkException) 非法操作Public
[ 2014-07-07T16:54:31+08:00 ] ERR: (ThinkException) 非法操作Public
[ 2014-07-07T16:54:31+08:00 ] ERR: (ThinkException) 非法操作Public
[ 2014-07-07T16:54:31+08:00 ] ERR: (ThinkException) 非法操作Public
[ 2014-07-07T16:54:32+08:00 ] ERR: (ThinkException) 非法操作Public
[ 2014-07-07T16:54:32+08:00 ] ERR: (ThinkException) 非法操作Public
[ 2014-07-07T16:54:32+08:00 ] ERR: (ThinkException) 非法操作Public
[ 2014-07-07T16:54:32+08:00 ] ERR: (ThinkException) 非法操作Public
[ 2014-07-07T16:54:32+08:00 ] ERR: (ThinkException) 非法操作Public
[ 2014-07-07T16:54:32+08:00 ] ERR: (ThinkException) 非法操作Public
[ 2014-07-07T16:54:32+08:00 ] ERR: (ThinkException) 非法操作Public
[ 2014-07-07T16:54:32+08:00 ] ERR: (ThinkException) 非法操作Public
[ 2014-07-07T16:54:32+08:00 ] ERR: (ThinkException) 非法操作Public
[ 2014-07-07T16:54:32+08:00 ] ERR: (ThinkException) 非法操作Public
[ 2014-07-07T16:54:32+08:00 ] ERR: (ThinkException) 非法操作Public
[ 2014-07-07T16:54:32+08:00 ] ERR: (ThinkException) 非法操作Public
[ 2014-07-07T16:54:32+08:00 ] ERR: (ThinkException) 非法操作Public
[ 2014-07-07T16:54:32+08:00 ] ERR: (ThinkException) 非法操作Public
[ 2014-07-07T16:54:32+08:00 ] ERR: (ThinkException) 非法操作Public
[ 2014-07-07T16:54:52+08:00 ] ERR: (ThinkException) 非法操作Public
[ 2014-07-07T16:54:52+08:00 ] ERR: (ThinkException) 非法操作Public
[ 2014-07-07T16:54:52+08:00 ] ERR: (ThinkException) 非法操作Public
[ 2014-07-07T16:54:52+08:00 ] ERR: (ThinkException) 非法操作Public
[ 2014-07-07T16:54:52+08:00 ] ERR: (ThinkException) 非法操作Public
[ 2014-07-07T16:54:52+08:00 ] ERR: (ThinkException) 非法操作Public
[ 2014-07-07T16:54:52+08:00 ] ERR: (ThinkException) 非法操作Public
[ 2014-07-07T16:54:52+08:00 ] ERR: (ThinkException) 非法操作Public
[ 2014-07-07T16:54:52+08:00 ] ERR: (ThinkException) 非法操作Public
[ 2014-07-07T16:54:52+08:00 ] ERR: (ThinkException) 非法操作Public
[ 2014-07-07T16:54:52+08:00 ] ERR: (ThinkException) 非法操作Public
[ 2014-07-07T16:54:52+08:00 ] ERR: (ThinkException) 非法操作Public
[ 2014-07-07T16:54:52+08:00 ] ERR: (ThinkException) 非法操作Public
[ 2014-07-07T16:54:52+08:00 ] ERR: (ThinkException) 非法操作Public
[ 2014-07-07T16:54:52+08:00 ] ERR: (ThinkException) 非法操作Public
[ 2014-07-07T16:54:52+08:00 ] ERR: (ThinkException) 非法操作Public
[ 2014-07-07T16:54:52+08:00 ] ERR: (ThinkException) 非法操作Public
[ 2014-07-07T16:54:52+08:00 ] ERR: (ThinkException) 非法操作Public
[ 2014-07-07T16:54:52+08:00 ] ERR: (ThinkException) 非法操作Public
[ 2014-07-07T16:54:52+08:00 ] ERR: (ThinkException) 非法操作Public
[ 2014-07-07T16:54:52+08:00 ] ERR: (ThinkException) 非法操作Public
[ 2014-07-07T16:54:52+08:00 ] ERR: (ThinkException) 非法操作Public
[ 2014-07-07T16:54:52+08:00 ] ERR: (ThinkException) 非法操作Public
[ 2014-07-07T16:54:52+08:00 ] ERR: (ThinkException) 非法操作Public
[ 2014-07-07T16:54:52+08:00 ] ERR: (ThinkException) 非法操作Public
[ 2014-07-07T16:54:52+08:00 ] ERR: (ThinkException) 非法操作Public
[ 2014-07-07T16:54:52+08:00 ] ERR: (ThinkException) 非法操作Public
[ 2014-07-07T16:54:52+08:00 ] ERR: (ThinkException) 非法操作Public
[ 2014-07-07T16:54:57+08:00 ] ERR: (ThinkException) 无法加载模块Public
[ 2014-07-07T16:54:57+08:00 ] ERR: (ThinkException) 无法加载模块Public
[ 2014-07-07T16:54:57+08:00 ] ERR: (ThinkException) 无法加载模块Public
[ 2014-07-07T16:54:57+08:00 ] ERR: (ThinkException) 无法加载模块Public
[ 2014-07-07T16:54:57+08:00 ] ERR: (ThinkException) 无法加载模块Public
[ 2014-07-07T16:54:57+08:00 ] ERR: (ThinkException) 无法加载模块Public
[ 2014-07-07T16:54:57+08:00 ] ERR: (ThinkException) 无法加载模块Public
[ 2014-07-07T16:54:57+08:00 ] ERR: (ThinkException) 无法加载模块Public
[ 2014-07-07T16:54:57+08:00 ] ERR: (ThinkException) 无法加载模块Public
[ 2014-07-07T16:54:57+08:00 ] ERR: (ThinkException) 无法加载模块Public
[ 2014-07-07T16:54:57+08:00 ] ERR: (ThinkException) 无法加载模块Public
[ 2014-07-07T16:54:57+08:00 ] ERR: (ThinkException) 无法加载模块Public
[ 2014-07-07T16:54:57+08:00 ] ERR: (ThinkException) 无法加载模块Public
[ 2014-07-07T16:54:57+08:00 ] ERR: (ThinkException) 无法加载模块Public
[ 2014-07-07T16:54:57+08:00 ] ERR: (ThinkException) 无法加载模块Public
[ 2014-07-07T16:54:57+08:00 ] ERR: (ThinkException) 无法加载模块Public
[ 2014-07-07T16:54:57+08:00 ] ERR: (ThinkException) 无法加载模块Public
[ 2014-07-07T16:54:57+08:00 ] ERR: (ThinkException) 无法加载模块Public
[ 2014-07-07T16:54:57+08:00 ] ERR: (ThinkException) 无法加载模块Public
[ 2014-07-07T16:54:57+08:00 ] ERR: (ThinkException) 无法加载模块Public
[ 2014-07-07T16:54:57+08:00 ] ERR: (ThinkException) 无法加载模块Public
[ 2014-07-07T16:54:57+08:00 ] ERR: (ThinkException) 无法加载模块Public
[ 2014-07-07T16:54:57+08:00 ] ERR: (ThinkException) 无法加载模块Public
[ 2014-07-07T16:54:57+08:00 ] ERR: (ThinkException) 无法加载模块Public
[ 2014-07-07T16:54:57+08:00 ] ERR: (ThinkException) 无法加载模块Public
[ 2014-07-07T16:54:57+08:00 ] ERR: (ThinkException) 无法加载模块Public
[ 2014-07-07T16:54:57+08:00 ] ERR: (ThinkException) 无法加载模块Public
[ 2014-07-07T16:54:57+08:00 ] ERR: (ThinkException) 无法加载模块Public
[ 2014-07-07T16:54:57+08:00 ] ERR: (ThinkException) 无法加载模块Public
[ 2014-07-07T16:54:57+08:00 ] ERR: (ThinkException) 无法加载模块Public
[ 2014-07-07T16:54:57+08:00 ] ERR: (ThinkException) 无法加载模块Public
[ 2014-07-07T16:54:57+08:00 ] ERR: (ThinkException) 无法加载模块Public
[ 2014-07-07T16:55:01+08:00 ] ERR: (ThinkException) 无法加载模块Public
[ 2014-07-07T16:55:01+08:00 ] ERR: (ThinkException) 无法加载模块Public
[ 2014-07-07T16:55:01+08:00 ] ERR: (ThinkException) 无法加载模块Public
[ 2014-07-07T16:55:15+08:00 ] ERR: (ThinkException) 无法加载模块Public
[ 2014-07-07T16:55:15+08:00 ] ERR: (ThinkException) 无法加载模块Public
[ 2014-07-07T16:55:15+08:00 ] ERR: (ThinkException) 无法加载模块Public
[ 2014-07-07T16:55:18+08:00 ] ERR: (ThinkException) 无法加载模块Public
[ 2014-07-07T16:55:18+08:00 ] ERR: (ThinkException) 无法加载模块Public
[ 2014-07-07T16:55:21+08:00 ] ERR: (ThinkException) 无法加载模块Public
[ 2014-07-07T16:55:21+08:00 ] ERR: (ThinkException) 无法加载模块Public
[ 2014-07-07T16:55:22+08:00 ] ERR: (ThinkException) 无法加载模块Public
[ 2014-07-07T16:55:22+08:00 ] ERR: (ThinkException) 无法加载模块Public
[ 2014-07-07T16:55:31+08:00 ] ERR: (ThinkException) 无法加载模块Public
[ 2014-07-07T16:55:31+08:00 ] ERR: (ThinkException) 无法加载模块Public
[ 2014-07-07T16:55:33+08:00 ] ERR: (ThinkException) 无法加载模块Public
[ 2014-07-07T16:55:33+08:00 ] ERR: (ThinkException) 无法加载模块Public
[ 2014-07-07T16:55:38+08:00 ] ERR: (ThinkException) 无法加载模块Public
[ 2014-07-07T16:55:39+08:00 ] ERR: (ThinkException) 无法加载模块Public
[ 2014-07-07T16:55:45+08:00 ] ERR: (ThinkException) 非法操作Public
[ 2014-07-07T16:55:45+08:00 ] ERR: (ThinkException) 非法操作Public
[ 2014-07-07T16:55:45+08:00 ] ERR: (ThinkException) 非法操作Public
[ 2014-07-07T16:55:45+08:00 ] ERR: (ThinkException) 非法操作Public
[ 2014-07-07T16:55:45+08:00 ] ERR: (ThinkException) 非法操作Public
[ 2014-07-07T16:55:45+08:00 ] ERR: (ThinkException) 非法操作Public
[ 2014-07-07T16:55:45+08:00 ] ERR: (ThinkException) 非法操作Public
[ 2014-07-07T16:55:45+08:00 ] ERR: (ThinkException) 非法操作Public
[ 2014-07-07T16:55:45+08:00 ] ERR: (ThinkException) 非法操作Public
[ 2014-07-07T16:55:45+08:00 ] ERR: (ThinkException) 非法操作Public
[ 2014-07-07T16:55:45+08:00 ] ERR: (ThinkException) 非法操作Public
[ 2014-07-07T16:55:45+08:00 ] ERR: (ThinkException) 非法操作Public
[ 2014-07-07T16:55:45+08:00 ] ERR: (ThinkException) 非法操作Public
[ 2014-07-07T16:55:45+08:00 ] ERR: (ThinkException) 非法操作Public
[ 2014-07-07T16:55:45+08:00 ] ERR: (ThinkException) 非法操作Public
[ 2014-07-07T16:55:45+08:00 ] ERR: (ThinkException) 非法操作Public
[ 2014-07-07T16:55:45+08:00 ] ERR: (ThinkException) 非法操作Public
[ 2014-07-07T16:55:45+08:00 ] ERR: (ThinkException) 非法操作Public
[ 2014-07-07T16:55:45+08:00 ] ERR: (ThinkException) 非法操作Public
[ 2014-07-07T16:55:45+08:00 ] ERR: (ThinkException) 非法操作Public
[ 2014-07-07T16:55:45+08:00 ] ERR: (ThinkException) 非法操作Public
[ 2014-07-07T16:55:45+08:00 ] ERR: (ThinkException) 非法操作Public
[ 2014-07-07T16:55:45+08:00 ] ERR: (ThinkException) 非法操作Public
[ 2014-07-07T16:55:45+08:00 ] ERR: (ThinkException) 非法操作Public
[ 2014-07-07T16:55:45+08:00 ] ERR: (ThinkException) 非法操作Public
[ 2014-07-07T16:55:45+08:00 ] ERR: (ThinkException) 非法操作Public
[ 2014-07-07T16:55:45+08:00 ] ERR: (ThinkException) 非法操作Public
[ 2014-07-07T16:55:45+08:00 ] ERR: (ThinkException) 非法操作Public
[ 2014-07-07T16:55:45+08:00 ] ERR: (ThinkException) 非法操作Public
[ 2014-07-07T16:55:45+08:00 ] ERR: (ThinkException) 非法操作Public
[ 2014-07-07T16:55:45+08:00 ] ERR: (ThinkException) 非法操作Public
[ 2014-07-07T16:55:45+08:00 ] ERR: (ThinkException) 非法操作Public
[ 2014-07-07T16:55:45+08:00 ] ERR: (ThinkException) 非法操作Public
[ 2014-07-07T16:55:45+08:00 ] ERR: (ThinkException) 非法操作Public
[ 2014-07-07T16:55:45+08:00 ] ERR: (ThinkException) 非法操作Public
[ 2014-07-07T16:55:45+08:00 ] ERR: (ThinkException) 非法操作Public
[ 2014-07-07T16:55:45+08:00 ] ERR: (ThinkException) 非法操作Public
[ 2014-07-07T16:56:35+08:00 ] ERR: (ThinkException) 非法操作Public
[ 2014-07-07T16:56:35+08:00 ] ERR: (ThinkException) 非法操作Public
[ 2014-07-07T16:56:35+08:00 ] ERR: (ThinkException) 非法操作Public
[ 2014-07-07T16:56:35+08:00 ] ERR: (ThinkException) 非法操作Public
[ 2014-07-07T16:56:35+08:00 ] ERR: (ThinkException) 非法操作Public
[ 2014-07-07T16:56:35+08:00 ] ERR: (ThinkException) 非法操作Public
[ 2014-07-07T16:56:35+08:00 ] ERR: (ThinkException) 非法操作Public
[ 2014-07-07T16:56:35+08:00 ] ERR: (ThinkException) 非法操作Public
[ 2014-07-07T16:56:35+08:00 ] ERR: (ThinkException) 非法操作Public
[ 2014-07-07T16:56:35+08:00 ] ERR: (ThinkException) 非法操作Public
[ 2014-07-07T16:56:35+08:00 ] ERR: (ThinkException) 非法操作Public
[ 2014-07-07T16:56:35+08:00 ] ERR: (ThinkException) 非法操作Public
[ 2014-07-07T16:56:35+08:00 ] ERR: (ThinkException) 非法操作Public
[ 2014-07-07T16:56:35+08:00 ] ERR: (ThinkException) 非法操作Public
[ 2014-07-07T16:56:35+08:00 ] ERR: (ThinkException) 非法操作Public
[ 2014-07-07T16:56:35+08:00 ] ERR: (ThinkException) 非法操作Public
[ 2014-07-07T16:56:35+08:00 ] ERR: (ThinkException) 非法操作Public
[ 2014-07-07T16:56:35+08:00 ] ERR: (ThinkException) 非法操作Public
[ 2014-07-07T16:56:35+08:00 ] ERR: (ThinkException) 非法操作Public
[ 2014-07-07T16:56:35+08:00 ] ERR: (ThinkException) 非法操作Public
[ 2014-07-07T16:56:35+08:00 ] ERR: (ThinkException) 非法操作Public
[ 2014-07-07T16:56:35+08:00 ] ERR: (ThinkException) 非法操作Public
[ 2014-07-07T16:56:35+08:00 ] ERR: (ThinkException) 非法操作Public
[ 2014-07-07T16:56:35+08:00 ] ERR: (ThinkException) 非法操作Public
[ 2014-07-07T16:56:35+08:00 ] ERR: (ThinkException) 非法操作Public
[ 2014-07-07T16:56:35+08:00 ] ERR: (ThinkException) 非法操作Public
[ 2014-07-07T16:56:35+08:00 ] ERR: (ThinkException) 非法操作Public
[ 2014-07-07T16:56:56+08:00 ] ERR: (ThinkException) 非法操作Public
[ 2014-07-07T16:56:56+08:00 ] ERR: (ThinkException) 非法操作Public
[ 2014-07-07T16:56:56+08:00 ] ERR: (ThinkException) 非法操作Public
[ 2014-07-07T16:56:56+08:00 ] ERR: (ThinkException) 非法操作Public
[ 2014-07-07T16:56:56+08:00 ] ERR: (ThinkException) 非法操作Public
[ 2014-07-07T16:56:56+08:00 ] ERR: (ThinkException) 非法操作Public
[ 2014-07-07T16:56:56+08:00 ] ERR: (ThinkException) 非法操作Public
[ 2014-07-07T16:56:56+08:00 ] ERR: (ThinkException) 非法操作Public
[ 2014-07-07T16:56:56+08:00 ] ERR: (ThinkException) 非法操作Public
[ 2014-07-07T16:56:56+08:00 ] ERR: (ThinkException) 非法操作Public
[ 2014-07-07T16:56:56+08:00 ] ERR: (ThinkException) 非法操作Public
[ 2014-07-07T16:56:56+08:00 ] ERR: (ThinkException) 非法操作Public
[ 2014-07-07T16:56:56+08:00 ] ERR: (ThinkException) 非法操作Public
[ 2014-07-07T16:56:56+08:00 ] ERR: (ThinkException) 非法操作Public
[ 2014-07-07T16:56:56+08:00 ] ERR: (ThinkException) 非法操作Public
[ 2014-07-07T16:56:56+08:00 ] ERR: (ThinkException) 非法操作Public
[ 2014-07-07T16:56:56+08:00 ] ERR: (ThinkException) 非法操作Public
[ 2014-07-07T16:56:56+08:00 ] ERR: (ThinkException) 非法操作Public
[ 2014-07-07T16:56:56+08:00 ] ERR: (ThinkException) 非法操作Public
[ 2014-07-07T16:56:56+08:00 ] ERR: (ThinkException) 非法操作Public
[ 2014-07-07T16:56:56+08:00 ] ERR: (ThinkException) 非法操作Public
[ 2014-07-07T16:56:56+08:00 ] ERR: (ThinkException) 非法操作Public
[ 2014-07-07T16:56:56+08:00 ] ERR: (ThinkException) 非法操作Public
[ 2014-07-07T16:56:56+08:00 ] ERR: (ThinkException) 非法操作Public
[ 2014-07-07T16:56:56+08:00 ] ERR: (ThinkException) 非法操作Public
[ 2014-07-07T16:56:56+08:00 ] ERR: (ThinkException) 非法操作Public
[ 2014-07-07T16:56:56+08:00 ] ERR: (ThinkException) 非法操作Public
[ 2014-07-07T16:57:02+08:00 ] ERR: (ThinkException) 非法操作Public
[ 2014-07-07T16:57:02+08:00 ] ERR: (ThinkException) 非法操作Public
[ 2014-07-07T16:57:02+08:00 ] ERR: (ThinkException) 非法操作Public
[ 2014-07-07T16:57:02+08:00 ] ERR: (ThinkException) 非法操作Public
[ 2014-07-07T16:57:02+08:00 ] ERR: (ThinkException) 非法操作Public
[ 2014-07-07T16:57:02+08:00 ] ERR: (ThinkException) 非法操作Public
[ 2014-07-07T16:57:02+08:00 ] ERR: (ThinkException) 非法操作Public
[ 2014-07-07T16:57:02+08:00 ] ERR: (ThinkException) 非法操作Public
[ 2014-07-07T16:57:02+08:00 ] ERR: (ThinkException) 非法操作Public
[ 2014-07-07T16:57:02+08:00 ] ERR: (ThinkException) 非法操作Public
[ 2014-07-07T16:57:02+08:00 ] ERR: (ThinkException) 非法操作Public
[ 2014-07-07T16:57:02+08:00 ] ERR: (ThinkException) 非法操作Public
[ 2014-07-07T16:57:02+08:00 ] ERR: (ThinkException) 非法操作Public
[ 2014-07-07T16:57:02+08:00 ] ERR: (ThinkException) 非法操作Public
[ 2014-07-07T16:57:02+08:00 ] ERR: (ThinkException) 非法操作Public
[ 2014-07-07T16:57:02+08:00 ] ERR: (ThinkException) 非法操作Public
[ 2014-07-07T16:57:02+08:00 ] ERR: (ThinkException) 非法操作Public
[ 2014-07-07T16:57:02+08:00 ] ERR: (ThinkException) 非法操作Public
[ 2014-07-07T16:57:02+08:00 ] ERR: (ThinkException) 非法操作Public
[ 2014-07-07T16:57:02+08:00 ] ERR: (ThinkException) 非法操作Public
[ 2014-07-07T16:57:02+08:00 ] ERR: (ThinkException) 非法操作Public
[ 2014-07-07T16:57:02+08:00 ] ERR: (ThinkException) 非法操作Public
[ 2014-07-07T16:57:02+08:00 ] ERR: (ThinkException) 非法操作Public
[ 2014-07-07T16:57:02+08:00 ] ERR: (ThinkException) 非法操作Public
[ 2014-07-07T16:57:02+08:00 ] ERR: (ThinkException) 非法操作Public
[ 2014-07-07T16:57:02+08:00 ] ERR: (ThinkException) 非法操作Public
[ 2014-07-07T16:57:02+08:00 ] ERR: (ThinkException) 非法操作Public
[ 2014-07-07T16:57:03+08:00 ] ERR: (ThinkException) 非法操作Public
[ 2014-07-07T16:57:04+08:00 ] ERR: (ThinkException) 非法操作Public
[ 2014-07-07T16:57:04+08:00 ] ERR: (ThinkException) 非法操作Public
[ 2014-07-07T16:57:04+08:00 ] ERR: (ThinkException) 非法操作Public
[ 2014-07-07T16:57:04+08:00 ] ERR: (ThinkException) 非法操作Public
[ 2014-07-07T16:57:04+08:00 ] ERR: (ThinkException) 非法操作Public
[ 2014-07-07T16:57:04+08:00 ] ERR: (ThinkException) 非法操作Public
[ 2014-07-07T16:57:04+08:00 ] ERR: (ThinkException) 非法操作Public
[ 2014-07-07T16:57:04+08:00 ] ERR: (ThinkException) 非法操作Public
[ 2014-07-07T16:57:04+08:00 ] ERR: (ThinkException) 非法操作Public
[ 2014-07-07T16:57:04+08:00 ] ERR: (ThinkException) 非法操作Public
[ 2014-07-07T16:57:04+08:00 ] ERR: (ThinkException) 非法操作Public
[ 2014-07-07T16:57:04+08:00 ] ERR: (ThinkException) 非法操作Public
[ 2014-07-07T16:57:04+08:00 ] ERR: (ThinkException) 非法操作Public
[ 2014-07-07T16:57:04+08:00 ] ERR: (ThinkException) 非法操作Public
[ 2014-07-07T16:57:04+08:00 ] ERR: (ThinkException) 非法操作Public
[ 2014-07-07T16:57:04+08:00 ] ERR: (ThinkException) 非法操作Public
[ 2014-07-07T16:57:04+08:00 ] ERR: (ThinkException) 非法操作Public
[ 2014-07-07T16:57:04+08:00 ] ERR: (ThinkException) 非法操作Public
[ 2014-07-07T16:57:04+08:00 ] ERR: (ThinkException) 非法操作Public
[ 2014-07-07T16:57:04+08:00 ] ERR: (ThinkException) 非法操作Public
[ 2014-07-07T16:57:04+08:00 ] ERR: (ThinkException) 非法操作Public
[ 2014-07-07T16:57:04+08:00 ] ERR: (ThinkException) 非法操作Public
[ 2014-07-07T16:57:04+08:00 ] ERR: (ThinkException) 非法操作Public
[ 2014-07-07T16:57:04+08:00 ] ERR: (ThinkException) 非法操作Public
[ 2014-07-07T16:57:04+08:00 ] ERR: (ThinkException) 非法操作Public
[ 2014-07-07T16:57:04+08:00 ] ERR: (ThinkException) 非法操作Public
[ 2014-07-07T16:57:14+08:00 ] ERR: (ThinkException) 无法加载模块Public
[ 2014-07-07T16:57:43+08:00 ] ERR: (ThinkException) 无法加载模块Public
[ 2014-07-07T16:57:44+08:00 ] ERR: (ThinkException) 无法加载模块Public
[ 2014-07-07T16:57:46+08:00 ] ERR: (ThinkException) 非法操作Public
[ 2014-07-07T16:57:46+08:00 ] ERR: (ThinkException) 非法操作Public
[ 2014-07-07T16:57:46+08:00 ] ERR: (ThinkException) 非法操作Public
[ 2014-07-07T16:57:46+08:00 ] ERR: (ThinkException) 非法操作Public
[ 2014-07-07T16:57:46+08:00 ] ERR: (ThinkException) 非法操作Public
[ 2014-07-07T16:57:46+08:00 ] ERR: (ThinkException) 非法操作Public
[ 2014-07-07T16:57:46+08:00 ] ERR: (ThinkException) 非法操作Public
[ 2014-07-07T16:57:46+08:00 ] ERR: (ThinkException) 非法操作Public
[ 2014-07-07T16:57:46+08:00 ] ERR: (ThinkException) 非法操作Public
[ 2014-07-07T16:57:46+08:00 ] ERR: (ThinkException) 非法操作Public
[ 2014-07-07T16:57:46+08:00 ] ERR: (ThinkException) 非法操作Public
[ 2014-07-07T16:57:46+08:00 ] ERR: (ThinkException) 非法操作Public
[ 2014-07-07T16:57:46+08:00 ] ERR: (ThinkException) 非法操作Public
[ 2014-07-07T16:57:46+08:00 ] ERR: (ThinkException) 非法操作Public
[ 2014-07-07T16:57:46+08:00 ] ERR: (ThinkException) 非法操作Public
[ 2014-07-07T16:57:46+08:00 ] ERR: (ThinkException) 非法操作Public
[ 2014-07-07T16:57:46+08:00 ] ERR: (ThinkException) 非法操作Public
[ 2014-07-07T16:57:46+08:00 ] ERR: (ThinkException) 非法操作Public
[ 2014-07-07T16:57:46+08:00 ] ERR: (ThinkException) 非法操作Public
[ 2014-07-07T16:57:46+08:00 ] ERR: (ThinkException) 非法操作Public
[ 2014-07-07T16:57:46+08:00 ] ERR: (ThinkException) 非法操作Public
[ 2014-07-07T16:57:46+08:00 ] ERR: (ThinkException) 非法操作Public
[ 2014-07-07T16:57:46+08:00 ] ERR: (ThinkException) 非法操作Public
[ 2014-07-07T16:57:46+08:00 ] ERR: (ThinkException) 非法操作Public
[ 2014-07-07T16:57:46+08:00 ] ERR: (ThinkException) 非法操作Public
[ 2014-07-07T16:57:46+08:00 ] ERR: (ThinkException) 非法操作Public
[ 2014-07-07T16:57:46+08:00 ] ERR: (ThinkException) 非法操作Public
[ 2014-07-07T16:57:46+08:00 ] ERR: (ThinkException) 非法操作Public
[ 2014-07-07T16:57:46+08:00 ] ERR: (ThinkException) 非法操作Public
[ 2014-07-07T16:57:46+08:00 ] ERR: (ThinkException) 非法操作Public
[ 2014-07-07T16:57:46+08:00 ] ERR: (ThinkException) 非法操作Public
[ 2014-07-07T16:57:46+08:00 ] ERR: (ThinkException) 非法操作Public
[ 2014-07-07T16:57:56+08:00 ] ERR: (ThinkException) 无法加载模块Public
[ 2014-07-07T16:58:03+08:00 ] ERR: (ThinkException) 无法加载模块Public
[ 2014-07-07T16:58:07+08:00 ] ERR: (ThinkException) 无法加载模块Public
[ 2014-07-07T16:58:07+08:00 ] ERR: (ThinkException) 无法加载模块Public
[ 2014-07-07T17:00:03+08:00 ] ERR: (ThinkException) 无法加载模块Public
[ 2014-07-07T17:00:03+08:00 ] ERR: (ThinkException) 无法加载模块Public
[ 2014-07-07T17:00:08+08:00 ] ERR: (ThinkException) 无法加载模块Public
[ 2014-07-07T17:00:08+08:00 ] ERR: (ThinkException) 无法加载模块Public
[ 2014-07-07T17:00:08+08:00 ] ERR: (ThinkException) 无法加载模块Public
[ 2014-07-07T17:00:08+08:00 ] ERR: (ThinkException) 无法加载模块Public
[ 2014-07-07T17:00:08+08:00 ] ERR: (ThinkException) 无法加载模块Public
[ 2014-07-07T17:00:08+08:00 ] ERR: (ThinkException) 无法加载模块Public
[ 2014-07-07T17:00:08+08:00 ] ERR: (ThinkException) 无法加载模块Public
[ 2014-07-07T17:00:08+08:00 ] ERR: (ThinkException) 无法加载模块Public
[ 2014-07-07T17:00:08+08:00 ] ERR: (ThinkException) 无法加载模块Public
[ 2014-07-07T17:00:08+08:00 ] ERR: (ThinkException) 无法加载模块Public
[ 2014-07-07T17:00:08+08:00 ] ERR: (ThinkException) 无法加载模块Public
[ 2014-07-07T17:00:08+08:00 ] ERR: (ThinkException) 无法加载模块Public
[ 2014-07-07T17:00:08+08:00 ] ERR: (ThinkException) 无法加载模块Public
[ 2014-07-07T17:00:08+08:00 ] ERR: (ThinkException) 无法加载模块Public
[ 2014-07-07T17:00:08+08:00 ] ERR: (ThinkException) 无法加载模块Public
[ 2014-07-07T17:00:08+08:00 ] ERR: (ThinkException) 无法加载模块Public
[ 2014-07-07T17:00:08+08:00 ] ERR: (ThinkException) 无法加载模块Public
[ 2014-07-07T17:00:08+08:00 ] ERR: (ThinkException) 无法加载模块Public
[ 2014-07-07T17:00:08+08:00 ] ERR: (ThinkException) 无法加载模块Public
[ 2014-07-07T17:00:08+08:00 ] ERR: (ThinkException) 无法加载模块Public
[ 2014-07-07T17:00:08+08:00 ] ERR: (ThinkException) 无法加载模块Public
[ 2014-07-07T17:00:08+08:00 ] ERR: (ThinkException) 无法加载模块Public
[ 2014-07-07T17:00:08+08:00 ] ERR: (ThinkException) 无法加载模块Public
[ 2014-07-07T17:00:08+08:00 ] ERR: (ThinkException) 无法加载模块Public
[ 2014-07-07T17:00:08+08:00 ] ERR: (ThinkException) 无法加载模块Public
[ 2014-07-07T17:00:08+08:00 ] ERR: (ThinkException) 无法加载模块Public
[ 2014-07-07T17:00:08+08:00 ] ERR: (ThinkException) 无法加载模块Public
[ 2014-07-07T17:00:08+08:00 ] ERR: (ThinkException) 无法加载模块Public
[ 2014-07-07T17:00:08+08:00 ] ERR: (ThinkException) 无法加载模块Public
[ 2014-07-07T17:00:08+08:00 ] ERR: (ThinkException) 无法加载模块Public
[ 2014-07-07T17:00:08+08:00 ] ERR: (ThinkException) 无法加载模块Public
[ 2014-07-07T17:00:08+08:00 ] ERR: (ThinkException) 无法加载模块Public
[ 2014-07-07T17:00:08+08:00 ] ERR: (ThinkException) 无法加载模块Public
[ 2014-07-07T17:00:08+08:00 ] ERR: (ThinkException) 无法加载模块Public
[ 2014-07-07T17:00:08+08:00 ] ERR: (ThinkException) 无法加载模块Public
[ 2014-07-07T17:00:08+08:00 ] ERR: (ThinkException) 无法加载模块Public
[ 2014-07-07T17:00:08+08:00 ] ERR: (ThinkException) 无法加载模块Public
[ 2014-07-07T17:00:28+08:00 ] ERR: (ThinkException) 无法加载模块Public
[ 2014-07-07T17:00:28+08:00 ] ERR: (ThinkException) 无法加载模块Public
[ 2014-07-07T17:00:33+08:00 ] ERR: (ThinkException) 无法加载模块Public
[ 2014-07-07T17:00:33+08:00 ] ERR: (ThinkException) 无法加载模块Public
[ 2014-07-07T17:01:08+08:00 ] ERR: (ThinkException) 无法加载模块Public
[ 2014-07-07T17:01:08+08:00 ] ERR: (ThinkException) 无法加载模块Public
[ 2014-07-07T17:01:11+08:00 ] ERR: (ThinkException) 无法加载模块Public
[ 2014-07-07T17:01:11+08:00 ] ERR: (ThinkException) 无法加载模块Public
[ 2014-07-07T17:14:00+08:00 ] ERR: (ThinkException) 无法加载模块Public
[ 2014-07-07T17:14:01+08:00 ] ERR: (ThinkException) 无法加载模块Public
[ 2014-07-07T17:14:11+08:00 ] ERR: (ThinkException) 非法操作www.zsbeihang.com
