[ 2014-07-04T09:17:40+08:00 ] ERR: (ThinkException) 非法操作fanhui
[ 2014-07-04T09:17:40+08:00 ] ERR: (ThinkException) 无法加载模块Public
[ 2014-07-04T09:19:10+08:00 ] ERR: (ThinkException) 无法加载模块Public
[ 2014-07-04T09:19:10+08:00 ] ERR: (ThinkException) 非法操作fanhui
[ 2014-07-04T09:19:12+08:00 ] ERR: (ThinkException) 非法操作fanhui
[ 2014-07-04T09:19:14+08:00 ] ERR: (ThinkException) 非法操作fanhui
[ 2014-07-04T09:25:22+08:00 ] ERR: (ThinkException) 无法加载模块Public
[ 2014-07-04T09:25:22+08:00 ] ERR: (ThinkException) 非法操作fanhui
[ 2014-07-04T09:25:33+08:00 ] ERR: (ThinkException) 无法加载模块Public
[ 2014-07-04T09:25:34+08:00 ] ERR: (ThinkException) 非法操作fanhui
[ 2014-07-04T09:25:44+08:00 ] ERR: (ThinkException) 无法加载模块Public
[ 2014-07-04T09:25:44+08:00 ] ERR: (ThinkException) 非法操作fanhui
[ 2014-07-04T09:25:59+08:00 ] ERR: (ThinkException) 无法加载模块Public
[ 2014-07-04T09:25:59+08:00 ] ERR: (ThinkException) 非法操作fanhui
[ 2014-07-04T09:26:57+08:00 ] ERR: (ThinkException) 非法操作fanhui
[ 2014-07-04T09:27:04+08:00 ] ERR: (ThinkException) 非法操作fanhui
[ 2014-07-04T09:27:27+08:00 ] ERR: (ThinkException) 无法加载模块Public
[ 2014-07-04T09:27:27+08:00 ] ERR: (ThinkException) 非法操作fanhui
[ 2014-07-04T09:27:41+08:00 ] ERR: (ThinkException) 非法操作fanhui
[ 2014-07-04T09:27:41+08:00 ] ERR: (ThinkException) 无法加载模块Public
[ 2014-07-04T09:28:06+08:00 ] ERR: (ThinkException) 非法操作fanhui
[ 2014-07-04T09:33:13+08:00 ] ERR: (ThinkException) 非法操作fanhui
[ 2014-07-04T09:33:45+08:00 ] ERR: (ThinkException) 非法操作fanhui
[ 2014-07-04T09:34:07+08:00 ] ERR: (ThinkException) 无法加载模块Public
[ 2014-07-04T09:34:07+08:00 ] ERR: (ThinkException) 非法操作fanhui
[ 2014-07-04T09:34:21+08:00 ] ERR: (ThinkException) 无法加载模块Public
[ 2014-07-04T09:34:21+08:00 ] ERR: (ThinkException) 非法操作fanhui
[ 2014-07-04T09:34:30+08:00 ] ERR: (ThinkException) 无法加载模块Public
[ 2014-07-04T09:34:30+08:00 ] ERR: (ThinkException) 非法操作fanhui
[ 2014-07-04T09:34:43+08:00 ] ERR: (ThinkException) 无法加载模块Public
[ 2014-07-04T09:34:43+08:00 ] ERR: (ThinkException) 非法操作fanhui
[ 2014-07-04T09:35:43+08:00 ] ERR: (ThinkException) 无法加载模块Public
[ 2014-07-04T09:35:43+08:00 ] ERR: (ThinkException) 非法操作fanhui
[ 2014-07-04T09:36:06+08:00 ] ERR: (ThinkException) 非法操作fanhui
[ 2014-07-04T09:36:42+08:00 ] ERR: (ThinkException) 无法加载模块Public
[ 2014-07-04T09:36:42+08:00 ] ERR: (ThinkException) 非法操作fanhui
[ 2014-07-04T09:37:49+08:00 ] ERR: (ThinkException) 无法加载模块Public
[ 2014-07-04T09:38:05+08:00 ] ERR: (ThinkException) 无法加载模块Public
[ 2014-07-04T09:38:05+08:00 ] ERR: (ThinkException) 无法加载模块Public
[ 2014-07-04T09:38:05+08:00 ] ERR: (ThinkException) 非法操作fanhui
[ 2014-07-04T09:40:00+08:00 ] ERR: (ThinkException) 无法加载模块Public
[ 2014-07-04T09:40:01+08:00 ] ERR: (ThinkException) 无法加载模块Public
[ 2014-07-04T09:40:01+08:00 ] ERR: (ThinkException) 非法操作fanhui
[ 2014-07-04T10:14:37+08:00 ] ERR: (ThinkException) 无法加载模块Public
[ 2014-07-04T10:14:37+08:00 ] ERR: (ThinkException) 非法操作fanhui
[ 2014-07-04T11:28:45+08:00 ] ERR: (ThinkException) 无法加载模块Public
[ 2014-07-04T11:28:45+08:00 ] ERR: (ThinkException) 非法操作fanhui
[ 2014-07-04T11:30:06+08:00 ] ERR: (ThinkException) 无法加载模块Public
[ 2014-07-04T11:30:06+08:00 ] ERR: (ThinkException) 非法操作fanhui
[ 2014-07-04T11:30:22+08:00 ] ERR: (ThinkException) 无法加载模块Public
[ 2014-07-04T11:30:22+08:00 ] ERR: (ThinkException) 非法操作fanhui
[ 2014-07-04T11:31:11+08:00 ] ERR: (ThinkException) 无法加载模块Public
[ 2014-07-04T11:31:11+08:00 ] ERR: (ThinkException) 非法操作fanhui
[ 2014-07-04T11:31:31+08:00 ] ERR: (ThinkException) 无法加载模块Public
[ 2014-07-04T11:31:31+08:00 ] ERR: (ThinkException) 非法操作fanhui
[ 2014-07-04T11:32:15+08:00 ] ERR: (ThinkException) 无法加载模块Public
[ 2014-07-04T11:32:15+08:00 ] ERR: (ThinkException) 非法操作fanhui
[ 2014-07-04T11:33:40+08:00 ] ERR: (ThinkException) 无法加载模块Public
[ 2014-07-04T11:33:40+08:00 ] ERR: (ThinkException) 非法操作fanhui
[ 2014-07-04T11:33:45+08:00 ] ERR: (ThinkException) 无法加载模块Public
[ 2014-07-04T11:35:05+08:00 ] ERR: (ThinkException) 无法加载模块Public
[ 2014-07-04T11:35:05+08:00 ] ERR: (ThinkException) 无法加载模块Public
[ 2014-07-04T11:35:05+08:00 ] ERR: (ThinkException) 非法操作fanhui
[ 2014-07-04T11:35:32+08:00 ] ERR: (ThinkException) 无法加载模块Public
[ 2014-07-04T11:35:32+08:00 ] ERR: (ThinkException) 无法加载模块Public
[ 2014-07-04T11:35:32+08:00 ] ERR: (ThinkException) 非法操作fanhui
[ 2014-07-04T11:38:59+08:00 ] ERR: (ThinkException) 无法加载模块Public
[ 2014-07-04T11:38:59+08:00 ] ERR: (ThinkException) 无法加载模块Public
[ 2014-07-04T11:38:59+08:00 ] ERR: (ThinkException) 非法操作fanhui
[ 2014-07-04T11:39:40+08:00 ] ERR: (ThinkException) 无法加载模块Public
[ 2014-07-04T11:39:40+08:00 ] ERR: (ThinkException) 无法加载模块Public
[ 2014-07-04T11:39:40+08:00 ] ERR: (ThinkException) 非法操作fanhui
[ 2014-07-04T11:40:19+08:00 ] ERR: (ThinkException) 无法加载模块Public
[ 2014-07-04T11:40:19+08:00 ] ERR: (ThinkException) 无法加载模块Public
[ 2014-07-04T11:40:19+08:00 ] ERR: (ThinkException) 非法操作fanhui
[ 2014-07-04T11:43:18+08:00 ] ERR: (ThinkException) 无法加载模块Public
[ 2014-07-04T11:43:19+08:00 ] ERR: (ThinkException) 无法加载模块Public
[ 2014-07-04T11:43:19+08:00 ] ERR: (ThinkException) 非法操作fanhui
[ 2014-07-04T11:44:14+08:00 ] ERR: (ThinkException) 无法加载模块Public
[ 2014-07-04T11:44:14+08:00 ] ERR: (ThinkException) 无法加载模块Public
[ 2014-07-04T11:44:14+08:00 ] ERR: (ThinkException) 非法操作fanhui
[ 2014-07-04T11:44:33+08:00 ] ERR: (ThinkException) 无法加载模块Public
[ 2014-07-04T11:44:33+08:00 ] ERR: (ThinkException) 无法加载模块Public
[ 2014-07-04T11:44:33+08:00 ] ERR: (ThinkException) 非法操作fanhui
[ 2014-07-04T11:47:50+08:00 ] ERR: (ThinkException) 无法加载模块Public
[ 2014-07-04T11:47:50+08:00 ] ERR: (ThinkException) 无法加载模块Public
[ 2014-07-04T11:47:50+08:00 ] ERR: (ThinkException) 非法操作fanhui
[ 2014-07-04T11:50:19+08:00 ] ERR: (ThinkException) 无法加载模块Public
[ 2014-07-04T11:50:20+08:00 ] ERR: (ThinkException) 无法加载模块Public
[ 2014-07-04T11:50:20+08:00 ] ERR: (ThinkException) 非法操作fanhui
[ 2014-07-04T11:50:58+08:00 ] ERR: (ThinkException) 无法加载模块Public
[ 2014-07-04T11:50:59+08:00 ] ERR: (ThinkException) 无法加载模块Public
[ 2014-07-04T11:50:59+08:00 ] ERR: (ThinkException) 非法操作fanhui
[ 2014-07-04T11:51:27+08:00 ] ERR: (ThinkException) 无法加载模块Public
[ 2014-07-04T11:51:28+08:00 ] ERR: (ThinkException) 无法加载模块Public
[ 2014-07-04T11:51:28+08:00 ] ERR: (ThinkException) 非法操作fanhui
[ 2014-07-04T11:56:14+08:00 ] ERR: (ThinkException) 无法加载模块Public
[ 2014-07-04T11:57:40+08:00 ] ERR: (ThinkException) 无法加载模块Public
[ 2014-07-04T11:57:41+08:00 ] ERR: (ThinkException) 无法加载模块Public
[ 2014-07-04T11:57:41+08:00 ] ERR: (ThinkException) 非法操作fanhui
[ 2014-07-04T12:00:39+08:00 ] ERR: (ThinkException) 无法加载模块Public
[ 2014-07-04T12:04:16+08:00 ] ERR: (ThinkException) 无法加载模块Public
[ 2014-07-04T12:04:16+08:00 ] ERR: (ThinkException) 非法操作fanhui
[ 2014-07-04T12:53:53+08:00 ] ERR: (ThinkException) 无法加载模块Public
[ 2014-07-04T12:53:53+08:00 ] ERR: (ThinkException) 非法操作fanhui
[ 2014-07-04T13:06:45+08:00 ] ERR: (ThinkException) 非法操作fanhui
[ 2014-07-04T13:06:45+08:00 ] ERR: (ThinkException) 无法加载模块Public
[ 2014-07-04T13:07:07+08:00 ] ERR: (ThinkException) 无法加载模块Login
[ 2014-07-04T13:07:41+08:00 ] ERR: (ThinkException) 无法加载模块Login
[ 2014-07-04T13:07:43+08:00 ] ERR: (ThinkException) 无法加载模块Login
[ 2014-07-04T13:07:43+08:00 ] ERR: (ThinkException) 无法加载模块Login
[ 2014-07-04T13:07:43+08:00 ] ERR: (ThinkException) 无法加载模块Login
[ 2014-07-04T13:07:43+08:00 ] ERR: (ThinkException) 无法加载模块Login
[ 2014-07-04T13:08:04+08:00 ] ERR: (ThinkException) 无法加载模块Login
[ 2014-07-04T13:08:05+08:00 ] ERR: (ThinkException) 无法加载模块Login
[ 2014-07-04T13:08:06+08:00 ] ERR: (ThinkException) 无法加载模块Login
[ 2014-07-04T13:08:06+08:00 ] ERR: (ThinkException) 无法加载模块Login
[ 2014-07-04T13:08:06+08:00 ] ERR: (ThinkException) 无法加载模块Login
[ 2014-07-04T13:08:06+08:00 ] ERR: (ThinkException) 无法加载模块Login
[ 2014-07-04T13:08:08+08:00 ] ERR: (ThinkException) 无法加载模块Login
[ 2014-07-04T13:08:08+08:00 ] ERR: (ThinkException) 无法加载模块Login
[ 2014-07-04T13:08:08+08:00 ] ERR: (ThinkException) 无法加载模块Login
[ 2014-07-04T13:08:18+08:00 ] ERR: (ThinkException) 无法加载模块Login
[ 2014-07-04T13:08:20+08:00 ] ERR: (ThinkException) 无法加载模块Login
[ 2014-07-04T13:08:20+08:00 ] ERR: (ThinkException) 无法加载模块Login
[ 2014-07-04T13:08:20+08:00 ] ERR: (ThinkException) 无法加载模块Login
[ 2014-07-04T13:17:57+08:00 ] ERR: (ThinkException) 无法加载模块Login
[ 2014-07-04T14:00:31+08:00 ] ERR: (ThinkException) 无法加载模块myweb
[ 2014-07-04T14:00:43+08:00 ] ERR: (ThinkException) 无法加载模块myweb
[ 2014-07-04T14:47:46+08:00 ] ERR: (ThinkException) 非法操作fanhui
[ 2014-07-04T14:47:46+08:00 ] ERR: (ThinkException) 无法加载模块Public
[ 2014-07-04T14:58:25+08:00 ] ERR: (ThinkException) 非法操作fanhui
[ 2014-07-04T14:58:37+08:00 ] ERR: (ThinkException) 无法加载模块Public
[ 2014-07-04T14:58:37+08:00 ] ERR: (ThinkException) 非法操作fanhui
[ 2014-07-04T14:58:42+08:00 ] ERR: (ThinkException) 无法加载模块Public
[ 2014-07-04T14:58:42+08:00 ] ERR: (ThinkException) 非法操作fanhui
[ 2014-07-04T14:59:09+08:00 ] ERR: (ThinkException) 非法操作fanhui
[ 2014-07-04T14:59:20+08:00 ] ERR: (ThinkException) 无法加载模块Public
[ 2014-07-04T14:59:20+08:00 ] ERR: (ThinkException) 非法操作fanhui
[ 2014-07-04T14:59:31+08:00 ] ERR: (ThinkException) 无法加载模块Public
[ 2014-07-04T14:59:31+08:00 ] ERR: (ThinkException) 非法操作fanhui
[ 2014-07-04T15:00:52+08:00 ] ERR: (ThinkException) 无法加载模块Public
[ 2014-07-04T15:00:52+08:00 ] ERR: (ThinkException) 非法操作fanhui
[ 2014-07-04T15:01:01+08:00 ] ERR: (ThinkException) 非法操作fanhui
[ 2014-07-04T15:01:03+08:00 ] ERR: (ThinkException) 非法操作fanhui
[ 2014-07-04T15:01:31+08:00 ] ERR: (ThinkException) 非法操作fanhui
[ 2014-07-04T15:01:46+08:00 ] ERR: (ThinkException) 无法加载模块Public
[ 2014-07-04T15:01:46+08:00 ] ERR: (ThinkException) 非法操作fanhui
[ 2014-07-04T15:02:28+08:00 ] ERR: (ThinkException) 非法操作fanhui
[ 2014-07-04T15:02:30+08:00 ] ERR: (ThinkException) 非法操作fanhui
[ 2014-07-04T15:02:33+08:00 ] ERR: (ThinkException) 非法操作Public
[ 2014-07-04T15:02:33+08:00 ] ERR: (ThinkException) 非法操作Public
[ 2014-07-04T15:02:33+08:00 ] ERR: (ThinkException) 非法操作Public
[ 2014-07-04T15:02:33+08:00 ] ERR: (ThinkException) 非法操作Public
[ 2014-07-04T15:02:33+08:00 ] ERR: (ThinkException) 非法操作Public
[ 2014-07-04T15:02:33+08:00 ] ERR: (ThinkException) 非法操作Public
[ 2014-07-04T15:02:33+08:00 ] ERR: (ThinkException) 非法操作Public
[ 2014-07-04T15:02:33+08:00 ] ERR: (ThinkException) 非法操作Public
[ 2014-07-04T15:02:33+08:00 ] ERR: (ThinkException) 非法操作Public
[ 2014-07-04T15:02:33+08:00 ] ERR: (ThinkException) 非法操作Public
[ 2014-07-04T15:02:33+08:00 ] ERR: (ThinkException) 非法操作Public
[ 2014-07-04T15:02:33+08:00 ] ERR: (ThinkException) 非法操作Public
[ 2014-07-04T15:02:33+08:00 ] ERR: (ThinkException) 非法操作Public
[ 2014-07-04T15:02:33+08:00 ] ERR: (ThinkException) 非法操作Public
[ 2014-07-04T15:02:33+08:00 ] ERR: (ThinkException) 非法操作Public
[ 2014-07-04T15:02:33+08:00 ] ERR: (ThinkException) 非法操作Public
[ 2014-07-04T15:02:33+08:00 ] ERR: (ThinkException) 非法操作Public
[ 2014-07-04T15:02:33+08:00 ] ERR: (ThinkException) 非法操作Public
[ 2014-07-04T15:02:33+08:00 ] ERR: (ThinkException) 非法操作Public
[ 2014-07-04T15:02:33+08:00 ] ERR: (ThinkException) 非法操作Public
[ 2014-07-04T15:02:33+08:00 ] ERR: (ThinkException) 非法操作Public
[ 2014-07-04T15:02:33+08:00 ] ERR: (ThinkException) 非法操作Public
[ 2014-07-04T15:02:33+08:00 ] ERR: (ThinkException) 非法操作Public
[ 2014-07-04T15:02:33+08:00 ] ERR: (ThinkException) 非法操作Public
[ 2014-07-04T15:02:33+08:00 ] ERR: (ThinkException) 非法操作Public
[ 2014-07-04T15:02:33+08:00 ] ERR: (ThinkException) 非法操作Public
[ 2014-07-04T15:02:33+08:00 ] ERR: (ThinkException) 非法操作Public
[ 2014-07-04T15:02:33+08:00 ] ERR: (ThinkException) 非法操作Public
[ 2014-07-04T15:02:33+08:00 ] ERR: (ThinkException) 非法操作Public
[ 2014-07-04T15:02:33+08:00 ] ERR: (ThinkException) 非法操作Public
[ 2014-07-04T15:02:33+08:00 ] ERR: (ThinkException) 非法操作Public
[ 2014-07-04T15:02:33+08:00 ] ERR: (ThinkException) 非法操作Public
[ 2014-07-04T15:02:33+08:00 ] ERR: (ThinkException) 非法操作Public
[ 2014-07-04T15:02:33+08:00 ] ERR: (ThinkException) 非法操作Public
[ 2014-07-04T15:02:33+08:00 ] ERR: (ThinkException) 非法操作Public
[ 2014-07-04T15:02:33+08:00 ] ERR: (ThinkException) 非法操作Public
[ 2014-07-04T15:02:33+08:00 ] ERR: (ThinkException) 非法操作Public
[ 2014-07-04T15:02:33+08:00 ] ERR: (ThinkException) 非法操作Public
[ 2014-07-04T15:02:33+08:00 ] ERR: (ThinkException) 非法操作Public
[ 2014-07-04T15:02:33+08:00 ] ERR: (ThinkException) 非法操作Public
[ 2014-07-04T15:02:33+08:00 ] ERR: (ThinkException) 非法操作Public
[ 2014-07-04T15:02:37+08:00 ] ERR: (ThinkException) 非法操作fanhui
[ 2014-07-04T15:03:19+08:00 ] ERR: (ThinkException) 非法操作Public
[ 2014-07-04T15:03:19+08:00 ] ERR: (ThinkException) 非法操作Public
[ 2014-07-04T15:03:19+08:00 ] ERR: (ThinkException) 非法操作Public
[ 2014-07-04T15:03:19+08:00 ] ERR: (ThinkException) 非法操作Public
[ 2014-07-04T15:03:19+08:00 ] ERR: (ThinkException) 非法操作Public
[ 2014-07-04T15:03:19+08:00 ] ERR: (ThinkException) 非法操作Public
[ 2014-07-04T15:03:19+08:00 ] ERR: (ThinkException) 非法操作Public
[ 2014-07-04T15:03:19+08:00 ] ERR: (ThinkException) 非法操作Public
[ 2014-07-04T15:03:19+08:00 ] ERR: (ThinkException) 非法操作Public
[ 2014-07-04T15:03:19+08:00 ] ERR: (ThinkException) 非法操作Public
[ 2014-07-04T15:03:19+08:00 ] ERR: (ThinkException) 非法操作Public
[ 2014-07-04T15:03:19+08:00 ] ERR: (ThinkException) 非法操作Public
[ 2014-07-04T15:03:19+08:00 ] ERR: (ThinkException) 非法操作Public
[ 2014-07-04T15:03:19+08:00 ] ERR: (ThinkException) 非法操作Public
[ 2014-07-04T15:03:19+08:00 ] ERR: (ThinkException) 非法操作Public
[ 2014-07-04T15:03:19+08:00 ] ERR: (ThinkException) 非法操作Public
[ 2014-07-04T15:03:19+08:00 ] ERR: (ThinkException) 非法操作Public
[ 2014-07-04T15:03:19+08:00 ] ERR: (ThinkException) 非法操作Public
[ 2014-07-04T15:03:19+08:00 ] ERR: (ThinkException) 非法操作Public
[ 2014-07-04T15:03:19+08:00 ] ERR: (ThinkException) 非法操作Public
[ 2014-07-04T15:03:19+08:00 ] ERR: (ThinkException) 非法操作Public
[ 2014-07-04T15:03:19+08:00 ] ERR: (ThinkException) 非法操作Public
[ 2014-07-04T15:03:19+08:00 ] ERR: (ThinkException) 非法操作Public
[ 2014-07-04T15:03:19+08:00 ] ERR: (ThinkException) 非法操作Public
[ 2014-07-04T15:03:19+08:00 ] ERR: (ThinkException) 非法操作Public
[ 2014-07-04T15:03:19+08:00 ] ERR: (ThinkException) 非法操作Public
[ 2014-07-04T15:03:19+08:00 ] ERR: (ThinkException) 非法操作Public
[ 2014-07-04T15:03:19+08:00 ] ERR: (ThinkException) 非法操作Public
[ 2014-07-04T15:03:19+08:00 ] ERR: (ThinkException) 非法操作Public
[ 2014-07-04T15:03:19+08:00 ] ERR: (ThinkException) 非法操作Public
[ 2014-07-04T15:03:19+08:00 ] ERR: (ThinkException) 非法操作Public
[ 2014-07-04T15:03:19+08:00 ] ERR: (ThinkException) 非法操作Public
[ 2014-07-04T15:03:19+08:00 ] ERR: (ThinkException) 非法操作Public
[ 2014-07-04T15:03:19+08:00 ] ERR: (ThinkException) 非法操作Public
[ 2014-07-04T15:03:19+08:00 ] ERR: (ThinkException) 非法操作Public
[ 2014-07-04T15:03:19+08:00 ] ERR: (ThinkException) 非法操作Public
[ 2014-07-04T15:03:49+08:00 ] ERR: (ThinkException) 无法加载模块Public
[ 2014-07-04T15:03:49+08:00 ] ERR: (ThinkException) 非法操作fanhui
[ 2014-07-04T15:03:59+08:00 ] ERR: (ThinkException) 无法加载模块Public
[ 2014-07-04T15:03:59+08:00 ] ERR: (ThinkException) 非法操作fanhui
[ 2014-07-04T15:04:37+08:00 ] ERR: (ThinkException) 无法加载模块Public
[ 2014-07-04T15:04:37+08:00 ] ERR: (ThinkException) 非法操作fanhui
[ 2014-07-04T15:40:27+08:00 ] ERR: (ThinkException) 无法加载模块Public
[ 2014-07-04T15:41:40+08:00 ] ERR: (ThinkException) 无法加载模块Public
[ 2014-07-04T15:41:53+08:00 ] ERR: (ThinkException) 无法加载模块Public
[ 2014-07-04T15:43:43+08:00 ] ERR: (ThinkException) 无法加载模块Public
[ 2014-07-04T15:43:45+08:00 ] ERR: (ThinkException) 无法加载模块Public
[ 2014-07-04T15:44:04+08:00 ] ERR: (ThinkException) 无法加载模块Public
[ 2014-07-04T16:01:57+08:00 ] ERR: (ThinkException) 无法加载模块Public
[ 2014-07-04T16:01:59+08:00 ] ERR: (ThinkException) 无法加载模块Public
[ 2014-07-04T16:13:20+08:00 ] ERR: (ThinkException) 无法加载模块Public
[ 2014-07-04T16:13:20+08:00 ] ERR: (ThinkException) 无法加载模块Public
[ 2014-07-04T16:13:20+08:00 ] ERR: (ThinkException) 无法加载模块Public
[ 2014-07-04T16:13:20+08:00 ] ERR: (ThinkException) 无法加载模块Public
[ 2014-07-04T16:13:20+08:00 ] ERR: (ThinkException) 无法加载模块Public
[ 2014-07-04T16:13:20+08:00 ] ERR: (ThinkException) 无法加载模块Public
[ 2014-07-04T16:13:32+08:00 ] ERR: (ThinkException) 无法加载模块Public
[ 2014-07-04T16:13:32+08:00 ] ERR: (ThinkException) 无法加载模块Public
[ 2014-07-04T16:13:32+08:00 ] ERR: (ThinkException) 无法加载模块Public
[ 2014-07-04T16:13:32+08:00 ] ERR: (ThinkException) 无法加载模块Public
[ 2014-07-04T16:13:32+08:00 ] ERR: (ThinkException) 无法加载模块Public
[ 2014-07-04T16:13:32+08:00 ] ERR: (ThinkException) 无法加载模块Public
[ 2014-07-04T16:22:18+08:00 ] ERR: (ThinkException) 非法操作fanhui
[ 2014-07-04T16:22:18+08:00 ] ERR: (ThinkException) 无法加载模块Public
[ 2014-07-04T16:22:25+08:00 ] ERR: (ThinkException) 无法加载模块Public
[ 2014-07-04T16:22:25+08:00 ] ERR: (ThinkException) 非法操作fanhui
[ 2014-07-04T16:22:28+08:00 ] ERR: (ThinkException) 无法加载模块Public
[ 2014-07-04T16:22:28+08:00 ] ERR: (ThinkException) 非法操作fanhui
[ 2014-07-04T16:27:24+08:00 ] ERR: (ThinkException) 无法加载模块Public
[ 2014-07-04T16:31:20+08:00 ] ERR: (ThinkException) 无法加载模块Public
[ 2014-07-04T16:31:42+08:00 ] ERR: (ThinkException) 无法加载模块Public
[ 2014-07-04T16:40:21+08:00 ] ERR: (ThinkException) 无法加载模块Public
[ 2014-07-04T16:40:48+08:00 ] ERR: (ThinkException) 无法加载模块Public
[ 2014-07-04T16:47:08+08:00 ] ERR: (ThinkException) 无法加载模块Public
[ 2014-07-04T16:54:54+08:00 ] ERR: (ThinkException) 无法加载模块Public
[ 2014-07-04T16:55:19+08:00 ] ERR: (ThinkException) 无法加载模块Public
[ 2014-07-04T16:57:25+08:00 ] ERR: (ThinkException) 无法加载模块Public
[ 2014-07-04T16:57:26+08:00 ] ERR: (ThinkException) 无法加载模块Public
[ 2014-07-04T16:58:24+08:00 ] ERR: (ThinkException) 无法加载模块Public
[ 2014-07-04T17:00:07+08:00 ] ERR: (ThinkException) 无法加载模块Public
[ 2014-07-04T17:00:07+08:00 ] ERR: (ThinkException) 无法加载模块Public
[ 2014-07-04T17:00:08+08:00 ] ERR: (ThinkException) 无法加载模块Public
[ 2014-07-04T17:00:08+08:00 ] ERR: (ThinkException) 无法加载模块Public
[ 2014-07-04T17:00:08+08:00 ] ERR: (ThinkException) 无法加载模块Public
[ 2014-07-04T17:00:46+08:00 ] ERR: (ThinkException) 无法加载模块Public
[ 2014-07-04T17:02:40+08:00 ] ERR: (ThinkException) 无法加载模块Public
[ 2014-07-04T17:05:16+08:00 ] ERR: (ThinkException) 无法加载模块Public
[ 2014-07-04T17:05:17+08:00 ] ERR: (ThinkException) 无法加载模块Public
[ 2014-07-04T17:05:17+08:00 ] ERR: (ThinkException) 无法加载模块Public
[ 2014-07-04T17:05:17+08:00 ] ERR: (ThinkException) 无法加载模块Public
[ 2014-07-04T17:05:17+08:00 ] ERR: (ThinkException) 无法加载模块Public
[ 2014-07-04T17:05:17+08:00 ] ERR: (ThinkException) 无法加载模块Public
[ 2014-07-04T17:05:18+08:00 ] ERR: (ThinkException) 无法加载模块Public
[ 2014-07-04T17:05:27+08:00 ] ERR: (ThinkException) 无法加载模块Public
[ 2014-07-04T17:05:27+08:00 ] ERR: (ThinkException) 无法加载模块Public
[ 2014-07-04T17:06:32+08:00 ] ERR: (ThinkException) 无法加载模块Public
[ 2014-07-04T17:06:32+08:00 ] ERR: (ThinkException) 无法加载模块Public
[ 2014-07-04T17:06:32+08:00 ] ERR: (ThinkException) 无法加载模块Public
[ 2014-07-04T17:06:33+08:00 ] ERR: (ThinkException) 无法加载模块Public
[ 2014-07-04T17:06:33+08:00 ] ERR: (ThinkException) 无法加载模块Public
[ 2014-07-04T17:06:33+08:00 ] ERR: (ThinkException) 无法加载模块Public
[ 2014-07-04T17:06:33+08:00 ] ERR: (ThinkException) 无法加载模块Public
[ 2014-07-04T17:06:34+08:00 ] ERR: (ThinkException) 无法加载模块Public
[ 2014-07-04T17:06:34+08:00 ] ERR: (ThinkException) 无法加载模块Public
[ 2014-07-04T17:06:34+08:00 ] ERR: (ThinkException) 无法加载模块Public
[ 2014-07-04T17:06:59+08:00 ] ERR: (ThinkException) 无法加载模块Public
[ 2014-07-04T17:07:01+08:00 ] ERR: (ThinkException) 无法加载模块Public
[ 2014-07-04T17:07:02+08:00 ] ERR: (ThinkException) 无法加载模块Public
[ 2014-07-04T17:07:02+08:00 ] ERR: (ThinkException) 无法加载模块Public
