[ 2014-07-10T09:12:12+08:00 ] ERR: (ThinkException) 无法加载模块Public
[ 2014-07-10T09:12:22+08:00 ] ERR: (ThinkException) 无法加载模块Public
[ 2014-07-10T09:12:23+08:00 ] ERR: (ThinkException) 无法加载模块Public
[ 2014-07-10T09:24:50+08:00 ] ERR: (ThinkException) 无法加载模块Public
[ 2014-07-10T10:25:09+08:00 ] ERR: (ThinkException) 无法加载模块Public
[ 2014-07-10T10:25:10+08:00 ] ERR: (ThinkException) 无法加载模块Public
[ 2014-07-10T10:26:23+08:00 ] ERR: (ThinkException) 无法加载模块Public
[ 2014-07-10T10:41:06+08:00 ] ERR: (ThinkException) 无法加载模块Public
[ 2014-07-10T10:41:07+08:00 ] ERR: (ThinkException) 无法加载模块Public
[ 2014-07-10T10:41:07+08:00 ] ERR: (ThinkException) 无法加载模块Public
[ 2014-07-10T10:41:36+08:00 ] ERR: (ThinkException) 无法加载模块Public
[ 2014-07-10T10:41:46+08:00 ] ERR: (ThinkException) 无法加载模块Public
[ 2014-07-10T10:41:46+08:00 ] ERR: (ThinkException) 无法加载模块Public
[ 2014-07-10T10:43:13+08:00 ] ERR: (ThinkException) 无法加载模块Public
[ 2014-07-10T10:43:13+08:00 ] ERR: (ThinkException) 无法加载模块Public
[ 2014-07-10T10:44:25+08:00 ] ERR: (ThinkException) 无法加载模块Public
[ 2014-07-10T10:44:37+08:00 ] ERR: (ThinkException) 无法加载模块Public
[ 2014-07-10T10:47:11+08:00 ] ERR: (ThinkException) 无法加载模块Public
[ 2014-07-10T10:47:40+08:00 ] ERR: (ThinkException) 无法加载模块Public
[ 2014-07-10T10:48:16+08:00 ] ERR: (ThinkException) 无法加载模块Public
[ 2014-07-10T10:48:18+08:00 ] ERR: (ThinkException) 无法加载模块Public
[ 2014-07-10T10:48:43+08:00 ] ERR: (ThinkException) 无法加载模块Public
[ 2014-07-10T10:49:05+08:00 ] ERR: (ThinkException) 无法加载模块Public
[ 2014-07-10T10:50:07+08:00 ] ERR: (ThinkException) 无法加载模块Public
[ 2014-07-10T10:50:59+08:00 ] ERR: (ThinkException) 无法加载模块Public
[ 2014-07-10T10:51:20+08:00 ] ERR: (ThinkException) 无法加载模块Public
[ 2014-07-10T10:52:00+08:00 ] ERR: (ThinkException) 无法加载模块Public
[ 2014-07-10T10:52:03+08:00 ] ERR: (ThinkException) 无法加载模块Public
[ 2014-07-10T10:52:22+08:00 ] ERR: (ThinkException) 无法加载模块Public
[ 2014-07-10T10:52:23+08:00 ] ERR: (ThinkException) 无法加载模块Public
[ 2014-07-10T10:53:17+08:00 ] ERR: (ThinkException) 无法加载模块Public
[ 2014-07-10T10:53:17+08:00 ] ERR: (ThinkException) 无法加载模块Public
[ 2014-07-10T10:53:28+08:00 ] ERR: (ThinkException) 无法加载模块Public
[ 2014-07-10T10:54:04+08:00 ] ERR: (ThinkException) 无法加载模块Public
[ 2014-07-10T10:54:05+08:00 ] ERR: (ThinkException) 无法加载模块Public
[ 2014-07-10T10:54:05+08:00 ] ERR: (ThinkException) 无法加载模块Public
[ 2014-07-10T10:54:29+08:00 ] ERR: (ThinkException) 无法加载模块Public
[ 2014-07-10T10:57:28+08:00 ] ERR: (ThinkException) 无法加载模块Public
[ 2014-07-10T10:57:29+08:00 ] ERR: (ThinkException) 无法加载模块Public
[ 2014-07-10T10:58:08+08:00 ] ERR: (ThinkException) 无法加载模块Public
[ 2014-07-10T10:59:03+08:00 ] ERR: (ThinkException) 无法加载模块Public
[ 2014-07-10T10:59:39+08:00 ] ERR: (ThinkException) 无法加载模块Public
[ 2014-07-10T11:00:08+08:00 ] ERR: (ThinkException) 无法加载模块Public
[ 2014-07-10T11:01:00+08:00 ] ERR: (ThinkException) 无法加载模块Public
[ 2014-07-10T11:02:49+08:00 ] ERR: (ThinkException) 无法加载模块Public
[ 2014-07-10T11:04:04+08:00 ] ERR: (ThinkException) 无法加载模块Public
[ 2014-07-10T11:04:23+08:00 ] ERR: (ThinkException) 无法加载模块Public
[ 2014-07-10T11:10:34+08:00 ] ERR: (ThinkException) 无法加载模块Public
[ 2014-07-10T11:12:35+08:00 ] ERR: (ThinkException) 无法加载模块Public
[ 2014-07-10T11:13:02+08:00 ] ERR: (ThinkException) 无法加载模块Public
[ 2014-07-10T11:16:14+08:00 ] ERR: (ThinkException) 无法加载模块Public
[ 2014-07-10T11:16:14+08:00 ] ERR: (ThinkException) 无法加载模块Public
[ 2014-07-10T11:16:19+08:00 ] ERR: (ThinkException) 无法加载模块Public
[ 2014-07-10T11:16:40+08:00 ] ERR: (ThinkException) 无法加载模块Public
[ 2014-07-10T11:16:55+08:00 ] ERR: (ThinkException) 无法加载模块Public
[ 2014-07-10T11:17:07+08:00 ] ERR: (ThinkException) 无法加载模块Public
[ 2014-07-10T11:17:39+08:00 ] ERR: (ThinkException) 无法加载模块Public
[ 2014-07-10T11:17:40+08:00 ] ERR: (ThinkException) 无法加载模块Public
[ 2014-07-10T11:17:54+08:00 ] ERR: (ThinkException) 无法加载模块Public
[ 2014-07-10T11:18:16+08:00 ] ERR: (ThinkException) 无法加载模块Public
[ 2014-07-10T11:19:43+08:00 ] ERR: (ThinkException) 无法加载模块Public
[ 2014-07-10T11:20:15+08:00 ] ERR: (ThinkException) 无法加载模块Public
[ 2014-07-10T11:20:53+08:00 ] ERR: (ThinkException) 无法加载模块Public
[ 2014-07-10T11:21:12+08:00 ] ERR: (ThinkException) 无法加载模块Public
[ 2014-07-10T11:22:05+08:00 ] ERR: (ThinkException) 无法加载模块Public
[ 2014-07-10T11:23:33+08:00 ] ERR: (ThinkException) 无法加载模块Public
[ 2014-07-10T11:25:08+08:00 ] ERR: (ThinkException) 无法加载模块Public
[ 2014-07-10T11:25:30+08:00 ] ERR: (ThinkException) 无法加载模块Public
[ 2014-07-10T11:25:34+08:00 ] ERR: (ThinkException) 无法加载模块Public
[ 2014-07-10T11:26:00+08:00 ] ERR: (ThinkException) 无法加载模块Public
[ 2014-07-10T11:26:27+08:00 ] ERR: (ThinkException) 无法加载模块Public
[ 2014-07-10T11:26:30+08:00 ] ERR: (ThinkException) 无法加载模块Public
[ 2014-07-10T11:26:58+08:00 ] ERR: (ThinkException) 无法加载模块Public
[ 2014-07-10T11:28:39+08:00 ] ERR: (ThinkException) 无法加载模块Public
[ 2014-07-10T11:29:20+08:00 ] ERR: (ThinkException) 无法加载模块Public
[ 2014-07-10T11:29:22+08:00 ] ERR: (ThinkException) 无法加载模块Public
[ 2014-07-10T11:29:23+08:00 ] ERR: (ThinkException) 无法加载模块Public
[ 2014-07-10T11:31:25+08:00 ] ERR: (ThinkException) 无法加载模块Public
[ 2014-07-10T11:31:38+08:00 ] ERR: (ThinkException) 无法加载模块Public
[ 2014-07-10T13:18:47+08:00 ] ERR: (ThinkException) 无法加载模块Login
[ 2014-07-10T13:45:29+08:00 ] ERR: (ThinkException) 无法加载模块Public
[ 2014-07-10T14:15:39+08:00 ] ERR: (ThinkException) 无法加载模块Public
[ 2014-07-10T14:15:40+08:00 ] ERR: (ThinkException) 无法加载模块Public
[ 2014-07-10T14:16:22+08:00 ] ERR: (ThinkException) 无法加载模块Public
[ 2014-07-10T14:17:35+08:00 ] ERR: (ThinkException) 无法加载模块Public
[ 2014-07-10T14:17:36+08:00 ] ERR: (ThinkException) 无法加载模块Public
[ 2014-07-10T14:18:12+08:00 ] ERR: (ThinkException) 无法加载模块Public
[ 2014-07-10T14:18:12+08:00 ] ERR: (ThinkException) 无法加载模块Public
[ 2014-07-10T14:18:52+08:00 ] ERR: (ThinkException) 无法加载模块Public
[ 2014-07-10T14:18:52+08:00 ] ERR: (ThinkException) 无法加载模块Public
[ 2014-07-10T14:19:15+08:00 ] ERR: (ThinkException) 无法加载模块Public
[ 2014-07-10T14:21:35+08:00 ] ERR: (ThinkException) 无法加载模块Login
[ 2014-07-10T14:21:36+08:00 ] ERR: (ThinkException) 无法加载模块Public
[ 2014-07-10T14:21:36+08:00 ] ERR: (ThinkException) 无法加载模块Public
[ 2014-07-10T14:21:37+08:00 ] ERR: (ThinkException) 无法加载模块Public
[ 2014-07-10T14:29:26+08:00 ] ERR: (ThinkException) 无法加载模块Public
[ 2014-07-10T14:29:26+08:00 ] ERR: (ThinkException) 无法加载模块Public
[ 2014-07-10T14:29:30+08:00 ] ERR: (ThinkException) 无法加载模块home
[ 2014-07-10T14:29:30+08:00 ] ERR: (ThinkException) 无法加载模块home
[ 2014-07-10T14:29:30+08:00 ] ERR: (ThinkException) 无法加载模块home
[ 2014-07-10T14:29:45+08:00 ] ERR: (ThinkException) 无法加载模块home
[ 2014-07-10T14:35:38+08:00 ] ERR: (ThinkException) 无法加载模块home
[ 2014-07-10T14:35:38+08:00 ] ERR: (ThinkException) 无法加载模块home
[ 2014-07-10T14:35:38+08:00 ] ERR: (ThinkException) 无法加载模块home
[ 2014-07-10T14:35:38+08:00 ] ERR: (ThinkException) 无法加载模块home
[ 2014-07-10T14:35:38+08:00 ] ERR: (ThinkException) 无法加载模块home
[ 2014-07-10T14:35:38+08:00 ] ERR: (ThinkException) 无法加载模块home
[ 2014-07-10T14:35:44+08:00 ] ERR: (ThinkException) 无法加载模块home
[ 2014-07-10T14:41:11+08:00 ] ERR: (ThinkException) 无法加载模块home
[ 2014-07-10T14:41:11+08:00 ] ERR: (ThinkException) 无法加载模块home
[ 2014-07-10T14:41:11+08:00 ] ERR: (ThinkException) 无法加载模块home
[ 2014-07-10T14:41:38+08:00 ] ERR: (ThinkException) 无法加载模块home
[ 2014-07-10T14:54:36+08:00 ] ERR: (ThinkException) 无法加载模块Public
[ 2014-07-10T14:54:37+08:00 ] ERR: (ThinkException) 无法加载模块Public
[ 2014-07-10T14:54:37+08:00 ] ERR: (ThinkException) 无法加载模块Public
[ 2014-07-10T14:55:06+08:00 ] ERR: (ThinkException) 非法操作__URL__
[ 2014-07-10T14:55:30+08:00 ] ERR: (ThinkException) 非法操作__URL__
[ 2014-07-10T14:56:06+08:00 ] ERR: (ThinkException) 无法加载模块Public
[ 2014-07-10T14:56:06+08:00 ] ERR: (ThinkException) 无法加载模块Public
[ 2014-07-10T14:56:06+08:00 ] ERR: (ThinkException) 无法加载模块Public
[ 2014-07-10T14:56:06+08:00 ] ERR: (ThinkException) 无法加载模块Public
[ 2014-07-10T14:56:06+08:00 ] ERR: (ThinkException) 无法加载模块Public
[ 2014-07-10T14:56:06+08:00 ] ERR: (ThinkException) 无法加载模块Public
[ 2014-07-10T14:56:06+08:00 ] ERR: (ThinkException) 无法加载模块Public
[ 2014-07-10T14:56:06+08:00 ] ERR: (ThinkException) 无法加载模块Public
[ 2014-07-10T14:56:06+08:00 ] ERR: (ThinkException) 无法加载模块Public
[ 2014-07-10T14:56:06+08:00 ] ERR: (ThinkException) 无法加载模块Public
[ 2014-07-10T14:56:06+08:00 ] ERR: (ThinkException) 无法加载模块Public
[ 2014-07-10T14:56:07+08:00 ] ERR: (ThinkException) 无法加载模块Public
[ 2014-07-10T14:56:07+08:00 ] ERR: (ThinkException) 无法加载模块Public
[ 2014-07-10T14:56:07+08:00 ] ERR: (ThinkException) 无法加载模块Public
[ 2014-07-10T14:56:07+08:00 ] ERR: (ThinkException) 无法加载模块Public
[ 2014-07-10T14:56:07+08:00 ] ERR: (ThinkException) 无法加载模块Public
[ 2014-07-10T14:56:07+08:00 ] ERR: (ThinkException) 无法加载模块Public
[ 2014-07-10T14:56:07+08:00 ] ERR: (ThinkException) 无法加载模块Public
[ 2014-07-10T14:56:07+08:00 ] ERR: (ThinkException) 无法加载模块Public
[ 2014-07-10T14:56:07+08:00 ] ERR: (ThinkException) 无法加载模块Public
[ 2014-07-10T14:56:07+08:00 ] ERR: (ThinkException) 无法加载模块Public
[ 2014-07-10T14:56:07+08:00 ] ERR: (ThinkException) 无法加载模块Public
[ 2014-07-10T14:56:07+08:00 ] ERR: (ThinkException) 无法加载模块Public
[ 2014-07-10T14:56:07+08:00 ] ERR: (ThinkException) 无法加载模块Public
[ 2014-07-10T14:56:07+08:00 ] ERR: (ThinkException) 无法加载模块Public
[ 2014-07-10T14:56:07+08:00 ] ERR: (ThinkException) 无法加载模块Public
[ 2014-07-10T14:56:07+08:00 ] ERR: (ThinkException) 无法加载模块Public
[ 2014-07-10T14:56:07+08:00 ] ERR: (ThinkException) 无法加载模块Public
[ 2014-07-10T14:56:07+08:00 ] ERR: (ThinkException) 无法加载模块Public
[ 2014-07-10T14:56:07+08:00 ] ERR: (ThinkException) 无法加载模块Public
[ 2014-07-10T14:56:07+08:00 ] ERR: (ThinkException) 无法加载模块Public
[ 2014-07-10T14:56:07+08:00 ] ERR: (ThinkException) 无法加载模块Public
[ 2014-07-10T14:57:29+08:00 ] ERR: (ThinkException) 无法加载模块registration
[ 2014-07-10T14:57:49+08:00 ] ERR: (ThinkException) 无法加载模块.Index
