[ 2014-07-03T10:00:51+08:00 ] ERR: (ThinkException) 无法加载模块fanhui
[ 2014-07-03T10:00:51+08:00 ] ERR: (ThinkException) 无法加载模块about
[ 2014-07-03T10:00:53+08:00 ] ERR: (ThinkException) 无法加载模块fanhui
[ 2014-07-03T10:00:54+08:00 ] ERR: (ThinkException) 无法加载模块registration
[ 2014-07-03T10:00:56+08:00 ] ERR: (ThinkException) 无法加载模块fanhui
[ 2014-07-03T10:00:57+08:00 ] ERR: (ThinkException) 无法加载模块contact
[ 2014-07-03T10:00:58+08:00 ] ERR: (ThinkException) 无法加载模块fanhui
[ 2014-07-03T10:02:40+08:00 ] ERR: (ThinkException) 无法加载模块fanhui
[ 2014-07-03T10:02:42+08:00 ] ERR: (ThinkException) 无法加载模块about
[ 2014-07-03T10:02:43+08:00 ] ERR: (ThinkException) 无法加载模块fanhui
[ 2014-07-03T10:02:44+08:00 ] ERR: (ThinkException) 无法加载模块contact
[ 2014-07-03T10:02:46+08:00 ] ERR: (ThinkException) 无法加载模块fanhui
[ 2014-07-03T10:02:46+08:00 ] ERR: (ThinkException) 无法加载模块about
[ 2014-07-03T10:02:47+08:00 ] ERR: (ThinkException) 无法加载模块fanhui
[ 2014-07-03T10:03:15+08:00 ] ERR: (ThinkException) 无法加载模块fanhui
[ 2014-07-03T10:03:18+08:00 ] ERR: (ThinkException) 无法加载模块contact
[ 2014-07-03T10:03:27+08:00 ] ERR: (ThinkException) 无法加载模块fanhui
[ 2014-07-03T10:04:25+08:00 ] ERR: (ThinkException) 无法加载模块fanhui
[ 2014-07-03T10:04:28+08:00 ] ERR: (ThinkException) 无法加载模块registration
[ 2014-07-03T10:04:31+08:00 ] ERR: (ThinkException) 无法加载模块fanhui
[ 2014-07-03T10:05:20+08:00 ] ERR: (ThinkException) 无法加载模块fanhui
[ 2014-07-03T10:05:22+08:00 ] ERR: (ThinkException) 无法加载模块registration
[ 2014-07-03T10:05:26+08:00 ] ERR: (ThinkException) 无法加载模块fanhui
[ 2014-07-03T10:05:41+08:00 ] ERR: (ThinkException) 无法加载模块fanhui
[ 2014-07-03T10:05:42+08:00 ] ERR: (ThinkException) 无法加载模块contact
[ 2014-07-03T10:05:44+08:00 ] ERR: (ThinkException) 无法加载模块fanhui
[ 2014-07-03T10:09:22+08:00 ] ERR: (ThinkException) 无法加载模块fanhui
[ 2014-07-03T10:09:24+08:00 ] ERR: (ThinkException) 无法加载模块about
[ 2014-07-03T10:09:25+08:00 ] ERR: (ThinkException) 无法加载模块fanhui
[ 2014-07-03T10:09:41+08:00 ] ERR: (ThinkException) 无法加载模块fanhui
[ 2014-07-03T10:09:41+08:00 ] ERR: (ThinkException) 无法加载模块contact
[ 2014-07-03T10:09:43+08:00 ] ERR: (ThinkException) 无法加载模块fanhui
[ 2014-07-03T10:09:44+08:00 ] ERR: (ThinkException) 无法加载模块registration
[ 2014-07-03T10:09:45+08:00 ] ERR: (ThinkException) 无法加载模块fanhui
[ 2014-07-03T10:10:04+08:00 ] ERR: (ThinkException) 无法加载模块fanhui
[ 2014-07-03T10:10:07+08:00 ] ERR: (ThinkException) 无法加载模块educational
[ 2014-07-03T10:10:09+08:00 ] ERR: (ThinkException) 无法加载模块fanhui
[ 2014-07-03T10:10:10+08:00 ] ERR: (ThinkException) 无法加载模块registration
[ 2014-07-03T10:10:12+08:00 ] ERR: (ThinkException) 无法加载模块fanhui
[ 2014-07-03T10:10:21+08:00 ] ERR: (ThinkException) 无法加载模块fanhui
[ 2014-07-03T10:10:24+08:00 ] ERR: (ThinkException) 无法加载模块contact
[ 2014-07-03T10:10:25+08:00 ] ERR: (ThinkException) 无法加载模块fanhui
[ 2014-07-03T10:11:14+08:00 ] ERR: (ThinkException) 无法加载模块fanhui
[ 2014-07-03T10:11:15+08:00 ] ERR: (ThinkException) 无法加载模块registration
[ 2014-07-03T10:11:16+08:00 ] ERR: (ThinkException) 无法加载模块registration
[ 2014-07-03T10:11:16+08:00 ] ERR: (ThinkException) 无法加载模块registration
[ 2014-07-03T10:11:16+08:00 ] ERR: (ThinkException) 无法加载模块registration
[ 2014-07-03T10:11:16+08:00 ] ERR: (ThinkException) 无法加载模块registration
[ 2014-07-03T10:11:18+08:00 ] ERR: (ThinkException) 无法加载模块fanhui
[ 2014-07-03T10:11:18+08:00 ] ERR: (ThinkException) 无法加载模块fanhui
[ 2014-07-03T10:11:19+08:00 ] ERR: (ThinkException) 无法加载模块fanhui
[ 2014-07-03T10:11:21+08:00 ] ERR: (ThinkException) 无法加载模块about
[ 2014-07-03T10:11:37+08:00 ] ERR: (ThinkException) 无法加载模块about
[ 2014-07-03T10:11:38+08:00 ] ERR: (ThinkException) 无法加载模块fanhui
[ 2014-07-03T10:11:38+08:00 ] ERR: (ThinkException) 无法加载模块fanhui
[ 2014-07-03T10:11:39+08:00 ] ERR: (ThinkException) 无法加载模块about
[ 2014-07-03T10:11:41+08:00 ] ERR: (ThinkException) 无法加载模块fanhui
[ 2014-07-03T10:11:55+08:00 ] ERR: (ThinkException) 无法加载模块fanhui
[ 2014-07-03T10:11:56+08:00 ] ERR: (ThinkException) 无法加载模块about
[ 2014-07-03T10:11:58+08:00 ] ERR: (ThinkException) 无法加载模块fanhui
[ 2014-07-03T10:11:59+08:00 ] ERR: (ThinkException) 无法加载模块registration
[ 2014-07-03T10:12:00+08:00 ] ERR: (ThinkException) 无法加载模块fanhui
[ 2014-07-03T10:12:32+08:00 ] ERR: (ThinkException) 非法操作fanhui
[ 2014-07-03T10:12:37+08:00 ] ERR: (ThinkException) 非法操作about.html
[ 2014-07-03T10:12:55+08:00 ] ERR: (ThinkException) 非法操作about.html
[ 2014-07-03T10:12:57+08:00 ] ERR: (ThinkException) 非法操作fanhui
[ 2014-07-03T10:13:02+08:00 ] ERR: (ThinkException) 非法操作registration.html
[ 2014-07-03T10:13:25+08:00 ] ERR: (ThinkException) 非法操作fanhui
[ 2014-07-03T10:13:37+08:00 ] ERR: (ThinkException) 非法操作fanhui
[ 2014-07-03T10:13:42+08:00 ] ERR: (ThinkException) 非法操作fanhui
[ 2014-07-03T10:14:16+08:00 ] ERR: (ThinkException) 非法操作fanhui
[ 2014-07-03T10:14:52+08:00 ] ERR: (ThinkException) 非法操作registration.html
[ 2014-07-03T10:14:54+08:00 ] ERR: (ThinkException) 非法操作fanhui
[ 2014-07-03T10:15:33+08:00 ] ERR: (ThinkException) 非法操作registration.html
[ 2014-07-03T10:16:41+08:00 ] ERR: (ThinkException) 非法操作Public
[ 2014-07-03T10:16:41+08:00 ] ERR: (ThinkException) 非法操作Public
[ 2014-07-03T10:16:41+08:00 ] ERR: (ThinkException) 非法操作Public
[ 2014-07-03T10:16:41+08:00 ] ERR: (ThinkException) 非法操作Public
[ 2014-07-03T10:16:41+08:00 ] ERR: (ThinkException) 非法操作Public
[ 2014-07-03T10:16:41+08:00 ] ERR: (ThinkException) 非法操作Public
[ 2014-07-03T10:16:41+08:00 ] ERR: (ThinkException) 非法操作Public
[ 2014-07-03T10:16:41+08:00 ] ERR: (ThinkException) 非法操作Public
[ 2014-07-03T10:16:41+08:00 ] ERR: (ThinkException) 非法操作Public
[ 2014-07-03T10:16:41+08:00 ] ERR: (ThinkException) 非法操作Public
[ 2014-07-03T10:16:41+08:00 ] ERR: (ThinkException) 非法操作Public
[ 2014-07-03T10:16:41+08:00 ] ERR: (ThinkException) 非法操作Public
[ 2014-07-03T10:16:41+08:00 ] ERR: (ThinkException) 非法操作Public
[ 2014-07-03T10:16:41+08:00 ] ERR: (ThinkException) 非法操作Public
[ 2014-07-03T10:16:41+08:00 ] ERR: (ThinkException) 非法操作Public
[ 2014-07-03T10:16:41+08:00 ] ERR: (ThinkException) 非法操作Public
[ 2014-07-03T10:16:41+08:00 ] ERR: (ThinkException) 非法操作Public
[ 2014-07-03T10:16:41+08:00 ] ERR: (ThinkException) 非法操作Public
[ 2014-07-03T10:16:41+08:00 ] ERR: (ThinkException) 非法操作Public
[ 2014-07-03T10:16:41+08:00 ] ERR: (ThinkException) 非法操作Public
[ 2014-07-03T10:16:41+08:00 ] ERR: (ThinkException) 非法操作Public
[ 2014-07-03T10:16:41+08:00 ] ERR: (ThinkException) 非法操作Public
[ 2014-07-03T10:16:41+08:00 ] ERR: (ThinkException) 非法操作Public
[ 2014-07-03T10:16:41+08:00 ] ERR: (ThinkException) 非法操作Public
[ 2014-07-03T10:16:41+08:00 ] ERR: (ThinkException) 非法操作Public
[ 2014-07-03T10:16:41+08:00 ] ERR: (ThinkException) 非法操作Public
[ 2014-07-03T10:16:41+08:00 ] ERR: (ThinkException) 非法操作Public
[ 2014-07-03T10:16:41+08:00 ] ERR: (ThinkException) 非法操作Public
[ 2014-07-03T10:16:41+08:00 ] ERR: (ThinkException) 非法操作Public
[ 2014-07-03T10:16:41+08:00 ] ERR: (ThinkException) 非法操作Public
[ 2014-07-03T10:16:41+08:00 ] ERR: (ThinkException) 非法操作Public
[ 2014-07-03T10:16:56+08:00 ] ERR: (ThinkException) 非法操作Public
[ 2014-07-03T10:16:56+08:00 ] ERR: (ThinkException) 非法操作Public
[ 2014-07-03T10:16:56+08:00 ] ERR: (ThinkException) 非法操作Public
[ 2014-07-03T10:16:56+08:00 ] ERR: (ThinkException) 非法操作Public
[ 2014-07-03T10:16:56+08:00 ] ERR: (ThinkException) 非法操作Public
[ 2014-07-03T10:16:56+08:00 ] ERR: (ThinkException) 非法操作Public
[ 2014-07-03T10:16:56+08:00 ] ERR: (ThinkException) 非法操作Public
[ 2014-07-03T10:16:56+08:00 ] ERR: (ThinkException) 非法操作Public
[ 2014-07-03T10:16:56+08:00 ] ERR: (ThinkException) 非法操作Public
[ 2014-07-03T10:16:56+08:00 ] ERR: (ThinkException) 非法操作Public
[ 2014-07-03T10:16:56+08:00 ] ERR: (ThinkException) 非法操作Public
[ 2014-07-03T10:16:56+08:00 ] ERR: (ThinkException) 非法操作Public
[ 2014-07-03T10:16:56+08:00 ] ERR: (ThinkException) 非法操作Public
[ 2014-07-03T10:16:56+08:00 ] ERR: (ThinkException) 非法操作Public
[ 2014-07-03T10:16:56+08:00 ] ERR: (ThinkException) 非法操作Public
[ 2014-07-03T10:16:56+08:00 ] ERR: (ThinkException) 非法操作Public
[ 2014-07-03T10:16:56+08:00 ] ERR: (ThinkException) 非法操作Public
[ 2014-07-03T10:16:56+08:00 ] ERR: (ThinkException) 非法操作Public
[ 2014-07-03T10:16:56+08:00 ] ERR: (ThinkException) 非法操作Public
[ 2014-07-03T10:16:57+08:00 ] ERR: (ThinkException) 非法操作Public
[ 2014-07-03T10:16:57+08:00 ] ERR: (ThinkException) 非法操作Public
[ 2014-07-03T10:16:57+08:00 ] ERR: (ThinkException) 非法操作Public
[ 2014-07-03T10:16:57+08:00 ] ERR: (ThinkException) 非法操作Public
[ 2014-07-03T10:16:57+08:00 ] ERR: (ThinkException) 非法操作Public
[ 2014-07-03T10:16:57+08:00 ] ERR: (ThinkException) 非法操作Public
[ 2014-07-03T10:16:57+08:00 ] ERR: (ThinkException) 非法操作Public
[ 2014-07-03T10:16:57+08:00 ] ERR: (ThinkException) 非法操作Public
[ 2014-07-03T10:16:57+08:00 ] ERR: (ThinkException) 非法操作Public
[ 2014-07-03T10:16:57+08:00 ] ERR: (ThinkException) 非法操作Public
[ 2014-07-03T10:16:57+08:00 ] ERR: (ThinkException) 非法操作Public
[ 2014-07-03T10:16:57+08:00 ] ERR: (ThinkException) 非法操作Public
[ 2014-07-03T10:16:57+08:00 ] ERR: (ThinkException) 非法操作Public
[ 2014-07-03T10:16:57+08:00 ] ERR: (ThinkException) 非法操作Public
[ 2014-07-03T10:17:26+08:00 ] ERR: (ThinkException) 非法操作about.html
[ 2014-07-03T10:17:38+08:00 ] ERR: (ThinkException) 非法操作about.html
[ 2014-07-03T10:17:42+08:00 ] ERR: (ThinkException) 非法操作about.html
[ 2014-07-03T10:17:46+08:00 ] ERR: (ThinkException) 非法操作fanhui
[ 2014-07-03T10:17:48+08:00 ] ERR: (ThinkException) 非法操作about.html
[ 2014-07-03T10:17:51+08:00 ] ERR: (ThinkException) 非法操作about.html
[ 2014-07-03T10:18:18+08:00 ] ERR: (ThinkException) 非法操作about.html
[ 2014-07-03T10:18:20+08:00 ] ERR: (ThinkException) 非法操作fanhui
[ 2014-07-03T10:18:23+08:00 ] ERR: (ThinkException) 非法操作fanhui
[ 2014-07-03T10:18:27+08:00 ] ERR: (ThinkException) 非法操作about.html
[ 2014-07-03T10:18:50+08:00 ] ERR: (ThinkException) 非法操作registration.html
[ 2014-07-03T10:19:33+08:00 ] ERR: (ThinkException) 非法操作about.html
[ 2014-07-03T10:20:16+08:00 ] ERR: (ThinkException) 非法操作registration.html
[ 2014-07-03T10:21:18+08:00 ] ERR: (ThinkException) 非法操作fanhui
[ 2014-07-03T10:28:00+08:00 ] ERR: (ThinkException) 非法操作fanhui
[ 2014-07-03T10:30:30+08:00 ] ERR: (ThinkException) 非法操作fanhui
[ 2014-07-03T10:31:19+08:00 ] ERR: (ThinkException) 非法操作fanhui
[ 2014-07-03T10:31:34+08:00 ] ERR: (ThinkException) 非法操作fanhui
[ 2014-07-03T10:34:01+08:00 ] ERR: (ThinkException) 非法操作fanhui
[ 2014-07-03T10:58:14+08:00 ] ERR: (ThinkException) 非法操作fanhui
[ 2014-07-03T11:03:43+08:00 ] ERR: (ThinkException) 非法操作fanhui
[ 2014-07-03T11:03:53+08:00 ] ERR: (ThinkException) 非法操作fanhui
[ 2014-07-03T11:04:00+08:00 ] ERR: (ThinkException) 非法操作fanhui
[ 2014-07-03T11:04:57+08:00 ] ERR: (ThinkException) 非法操作fanhui
[ 2014-07-03T11:22:14+08:00 ] ERR: (ThinkException) 非法操作fanhui
[ 2014-07-03T11:25:18+08:00 ] ERR: (ThinkException) 非法操作fanhui
[ 2014-07-03T11:26:25+08:00 ] ERR: (ThinkException) 非法操作fanhui
[ 2014-07-03T11:38:02+08:00 ] ERR: (ThinkException) 非法操作fanhui
[ 2014-07-03T11:38:45+08:00 ] ERR: (ThinkException) 非法操作fanhui
[ 2014-07-03T11:39:13+08:00 ] ERR: (ThinkException) 非法操作fanhui
[ 2014-07-03T11:44:28+08:00 ] ERR: (ThinkException) 无法加载模块bottom
[ 2014-07-03T11:45:12+08:00 ] ERR: (ThinkException) 非法操作Public
[ 2014-07-03T11:45:12+08:00 ] ERR: (ThinkException) 非法操作Public
[ 2014-07-03T11:45:12+08:00 ] ERR: (ThinkException) 非法操作Public
[ 2014-07-03T11:45:12+08:00 ] ERR: (ThinkException) 非法操作Public
[ 2014-07-03T11:45:12+08:00 ] ERR: (ThinkException) 非法操作Public
[ 2014-07-03T11:45:12+08:00 ] ERR: (ThinkException) 非法操作Public
[ 2014-07-03T11:45:12+08:00 ] ERR: (ThinkException) 非法操作Public
[ 2014-07-03T11:45:12+08:00 ] ERR: (ThinkException) 非法操作Public
[ 2014-07-03T11:45:12+08:00 ] ERR: (ThinkException) 非法操作Public
[ 2014-07-03T11:45:12+08:00 ] ERR: (ThinkException) 非法操作Public
[ 2014-07-03T11:45:12+08:00 ] ERR: (ThinkException) 非法操作Public
[ 2014-07-03T11:45:12+08:00 ] ERR: (ThinkException) 非法操作Public
[ 2014-07-03T11:45:12+08:00 ] ERR: (ThinkException) 非法操作Public
[ 2014-07-03T11:45:12+08:00 ] ERR: (ThinkException) 非法操作Public
[ 2014-07-03T11:45:12+08:00 ] ERR: (ThinkException) 非法操作Public
[ 2014-07-03T11:45:12+08:00 ] ERR: (ThinkException) 非法操作Public
[ 2014-07-03T11:45:12+08:00 ] ERR: (ThinkException) 非法操作Public
[ 2014-07-03T11:45:12+08:00 ] ERR: (ThinkException) 非法操作Public
[ 2014-07-03T11:45:12+08:00 ] ERR: (ThinkException) 非法操作Public
[ 2014-07-03T11:45:12+08:00 ] ERR: (ThinkException) 非法操作Public
[ 2014-07-03T11:45:12+08:00 ] ERR: (ThinkException) 非法操作Public
[ 2014-07-03T11:45:12+08:00 ] ERR: (ThinkException) 非法操作Public
[ 2014-07-03T11:45:12+08:00 ] ERR: (ThinkException) 非法操作Public
[ 2014-07-03T11:45:12+08:00 ] ERR: (ThinkException) 非法操作Public
[ 2014-07-03T11:45:12+08:00 ] ERR: (ThinkException) 非法操作Public
[ 2014-07-03T11:45:12+08:00 ] ERR: (ThinkException) 非法操作Public
[ 2014-07-03T11:45:12+08:00 ] ERR: (ThinkException) 非法操作Public
[ 2014-07-03T11:45:12+08:00 ] ERR: (ThinkException) 非法操作Public
[ 2014-07-03T11:45:12+08:00 ] ERR: (ThinkException) 非法操作Public
[ 2014-07-03T11:45:12+08:00 ] ERR: (ThinkException) 非法操作Public
[ 2014-07-03T11:45:12+08:00 ] ERR: (ThinkException) 非法操作Public
[ 2014-07-03T11:45:12+08:00 ] ERR: (ThinkException) 非法操作Public
[ 2014-07-03T11:45:12+08:00 ] ERR: (ThinkException) 非法操作Public
[ 2014-07-03T11:45:12+08:00 ] ERR: (ThinkException) 非法操作Public
[ 2014-07-03T11:45:34+08:00 ] ERR: (ThinkException) 非法操作Public
[ 2014-07-03T11:46:15+08:00 ] ERR: (ThinkException) 无法加载模块Public
[ 2014-07-03T11:46:28+08:00 ] ERR: (ThinkException) 非法操作Public
[ 2014-07-03T11:46:28+08:00 ] ERR: (ThinkException) 非法操作Public
[ 2014-07-03T11:46:28+08:00 ] ERR: (ThinkException) 非法操作Public
[ 2014-07-03T11:46:28+08:00 ] ERR: (ThinkException) 非法操作Public
[ 2014-07-03T11:46:28+08:00 ] ERR: (ThinkException) 非法操作Public
[ 2014-07-03T11:46:28+08:00 ] ERR: (ThinkException) 非法操作Public
[ 2014-07-03T11:46:28+08:00 ] ERR: (ThinkException) 非法操作Public
[ 2014-07-03T11:46:28+08:00 ] ERR: (ThinkException) 非法操作Public
[ 2014-07-03T11:46:28+08:00 ] ERR: (ThinkException) 非法操作Public
[ 2014-07-03T11:46:28+08:00 ] ERR: (ThinkException) 非法操作Public
[ 2014-07-03T11:46:28+08:00 ] ERR: (ThinkException) 非法操作Public
[ 2014-07-03T11:46:28+08:00 ] ERR: (ThinkException) 非法操作Public
[ 2014-07-03T11:46:28+08:00 ] ERR: (ThinkException) 非法操作Public
[ 2014-07-03T11:46:28+08:00 ] ERR: (ThinkException) 非法操作Public
[ 2014-07-03T11:46:28+08:00 ] ERR: (ThinkException) 非法操作Public
[ 2014-07-03T11:46:28+08:00 ] ERR: (ThinkException) 非法操作Public
[ 2014-07-03T11:46:28+08:00 ] ERR: (ThinkException) 非法操作Public
[ 2014-07-03T11:46:28+08:00 ] ERR: (ThinkException) 非法操作Public
[ 2014-07-03T11:46:28+08:00 ] ERR: (ThinkException) 非法操作Public
[ 2014-07-03T11:46:28+08:00 ] ERR: (ThinkException) 非法操作Public
[ 2014-07-03T11:46:28+08:00 ] ERR: (ThinkException) 非法操作Public
[ 2014-07-03T11:46:28+08:00 ] ERR: (ThinkException) 非法操作Public
[ 2014-07-03T11:46:28+08:00 ] ERR: (ThinkException) 非法操作Public
[ 2014-07-03T11:46:29+08:00 ] ERR: (ThinkException) 非法操作Public
[ 2014-07-03T11:46:29+08:00 ] ERR: (ThinkException) 非法操作Public
[ 2014-07-03T11:46:29+08:00 ] ERR: (ThinkException) 非法操作Public
[ 2014-07-03T11:46:29+08:00 ] ERR: (ThinkException) 非法操作Public
[ 2014-07-03T11:46:29+08:00 ] ERR: (ThinkException) 非法操作Public
[ 2014-07-03T11:46:29+08:00 ] ERR: (ThinkException) 非法操作Public
[ 2014-07-03T11:46:29+08:00 ] ERR: (ThinkException) 非法操作Public
[ 2014-07-03T11:46:29+08:00 ] ERR: (ThinkException) 非法操作Public
[ 2014-07-03T11:46:42+08:00 ] ERR: (ThinkException) 无法加载模块..Public
[ 2014-07-03T11:46:42+08:00 ] ERR: (ThinkException) 无法加载模块..Public
[ 2014-07-03T11:46:42+08:00 ] ERR: (ThinkException) 非法操作Public
[ 2014-07-03T11:46:42+08:00 ] ERR: (ThinkException) 非法操作Public
[ 2014-07-03T11:46:42+08:00 ] ERR: (ThinkException) 非法操作Public
[ 2014-07-03T11:46:42+08:00 ] ERR: (ThinkException) 非法操作Public
[ 2014-07-03T11:46:42+08:00 ] ERR: (ThinkException) 非法操作Public
[ 2014-07-03T11:46:42+08:00 ] ERR: (ThinkException) 非法操作Public
[ 2014-07-03T11:46:42+08:00 ] ERR: (ThinkException) 非法操作Public
[ 2014-07-03T11:46:42+08:00 ] ERR: (ThinkException) 非法操作Public
[ 2014-07-03T11:46:42+08:00 ] ERR: (ThinkException) 非法操作Public
[ 2014-07-03T11:46:42+08:00 ] ERR: (ThinkException) 非法操作Public
[ 2014-07-03T11:46:42+08:00 ] ERR: (ThinkException) 非法操作Public
[ 2014-07-03T11:46:42+08:00 ] ERR: (ThinkException) 非法操作Public
[ 2014-07-03T11:46:42+08:00 ] ERR: (ThinkException) 非法操作Public
[ 2014-07-03T11:46:42+08:00 ] ERR: (ThinkException) 非法操作Public
[ 2014-07-03T11:46:42+08:00 ] ERR: (ThinkException) 非法操作Public
[ 2014-07-03T11:46:42+08:00 ] ERR: (ThinkException) 非法操作Public
[ 2014-07-03T11:46:42+08:00 ] ERR: (ThinkException) 非法操作Public
[ 2014-07-03T11:46:42+08:00 ] ERR: (ThinkException) 非法操作Public
[ 2014-07-03T11:46:42+08:00 ] ERR: (ThinkException) 非法操作Public
[ 2014-07-03T11:46:42+08:00 ] ERR: (ThinkException) 非法操作Public
[ 2014-07-03T11:46:42+08:00 ] ERR: (ThinkException) 非法操作Public
[ 2014-07-03T11:46:42+08:00 ] ERR: (ThinkException) 非法操作Public
[ 2014-07-03T11:46:42+08:00 ] ERR: (ThinkException) 非法操作Public
[ 2014-07-03T11:46:42+08:00 ] ERR: (ThinkException) 非法操作Public
[ 2014-07-03T11:46:42+08:00 ] ERR: (ThinkException) 非法操作Public
[ 2014-07-03T11:46:42+08:00 ] ERR: (ThinkException) 非法操作Public
[ 2014-07-03T11:46:42+08:00 ] ERR: (ThinkException) 非法操作Public
[ 2014-07-03T11:46:42+08:00 ] ERR: (ThinkException) 非法操作Public
[ 2014-07-03T11:46:42+08:00 ] ERR: (ThinkException) 非法操作Public
[ 2014-07-03T11:46:43+08:00 ] ERR: (ThinkException) 无法加载模块..Public
[ 2014-07-03T11:46:43+08:00 ] ERR: (ThinkException) 无法加载模块..Public
[ 2014-07-03T11:46:43+08:00 ] ERR: (ThinkException) 非法操作Public
[ 2014-07-03T11:46:43+08:00 ] ERR: (ThinkException) 非法操作Public
[ 2014-07-03T11:46:43+08:00 ] ERR: (ThinkException) 非法操作Public
[ 2014-07-03T11:46:43+08:00 ] ERR: (ThinkException) 非法操作Public
[ 2014-07-03T11:46:43+08:00 ] ERR: (ThinkException) 非法操作Public
[ 2014-07-03T11:46:43+08:00 ] ERR: (ThinkException) 非法操作Public
[ 2014-07-03T11:46:43+08:00 ] ERR: (ThinkException) 非法操作Public
[ 2014-07-03T11:46:43+08:00 ] ERR: (ThinkException) 非法操作Public
[ 2014-07-03T11:46:43+08:00 ] ERR: (ThinkException) 非法操作Public
[ 2014-07-03T11:46:43+08:00 ] ERR: (ThinkException) 非法操作Public
[ 2014-07-03T11:46:43+08:00 ] ERR: (ThinkException) 非法操作Public
[ 2014-07-03T11:46:43+08:00 ] ERR: (ThinkException) 非法操作Public
[ 2014-07-03T11:46:43+08:00 ] ERR: (ThinkException) 非法操作Public
[ 2014-07-03T11:46:43+08:00 ] ERR: (ThinkException) 非法操作Public
[ 2014-07-03T11:46:43+08:00 ] ERR: (ThinkException) 非法操作Public
[ 2014-07-03T11:46:43+08:00 ] ERR: (ThinkException) 非法操作Public
[ 2014-07-03T11:46:43+08:00 ] ERR: (ThinkException) 非法操作Public
[ 2014-07-03T11:46:43+08:00 ] ERR: (ThinkException) 非法操作Public
[ 2014-07-03T11:46:43+08:00 ] ERR: (ThinkException) 非法操作Public
[ 2014-07-03T11:46:43+08:00 ] ERR: (ThinkException) 非法操作Public
[ 2014-07-03T11:46:43+08:00 ] ERR: (ThinkException) 非法操作Public
[ 2014-07-03T11:46:43+08:00 ] ERR: (ThinkException) 非法操作Public
[ 2014-07-03T11:46:43+08:00 ] ERR: (ThinkException) 非法操作Public
[ 2014-07-03T11:46:43+08:00 ] ERR: (ThinkException) 非法操作Public
[ 2014-07-03T11:46:43+08:00 ] ERR: (ThinkException) 非法操作Public
[ 2014-07-03T11:46:43+08:00 ] ERR: (ThinkException) 非法操作Public
[ 2014-07-03T11:46:43+08:00 ] ERR: (ThinkException) 非法操作Public
[ 2014-07-03T11:46:43+08:00 ] ERR: (ThinkException) 非法操作Public
[ 2014-07-03T11:46:47+08:00 ] ERR: (ThinkException) 非法操作Public
[ 2014-07-03T11:47:12+08:00 ] ERR: (ThinkException) 非法操作Public
[ 2014-07-03T11:47:12+08:00 ] ERR: (ThinkException) 非法操作Public
[ 2014-07-03T11:47:12+08:00 ] ERR: (ThinkException) 非法操作Public
[ 2014-07-03T11:47:12+08:00 ] ERR: (ThinkException) 非法操作Public
[ 2014-07-03T11:47:12+08:00 ] ERR: (ThinkException) 非法操作Public
[ 2014-07-03T11:47:12+08:00 ] ERR: (ThinkException) 非法操作Public
[ 2014-07-03T11:47:12+08:00 ] ERR: (ThinkException) 非法操作Public
[ 2014-07-03T11:47:12+08:00 ] ERR: (ThinkException) 非法操作Public
[ 2014-07-03T11:47:12+08:00 ] ERR: (ThinkException) 非法操作Public
[ 2014-07-03T11:47:12+08:00 ] ERR: (ThinkException) 非法操作Public
[ 2014-07-03T11:47:12+08:00 ] ERR: (ThinkException) 非法操作Public
[ 2014-07-03T11:47:12+08:00 ] ERR: (ThinkException) 非法操作Public
[ 2014-07-03T11:47:12+08:00 ] ERR: (ThinkException) 非法操作Public
[ 2014-07-03T11:47:12+08:00 ] ERR: (ThinkException) 非法操作Public
[ 2014-07-03T11:47:12+08:00 ] ERR: (ThinkException) 非法操作Public
[ 2014-07-03T11:47:12+08:00 ] ERR: (ThinkException) 非法操作Public
[ 2014-07-03T11:47:12+08:00 ] ERR: (ThinkException) 非法操作Public
[ 2014-07-03T11:47:12+08:00 ] ERR: (ThinkException) 非法操作Public
[ 2014-07-03T11:47:12+08:00 ] ERR: (ThinkException) 非法操作Public
[ 2014-07-03T11:47:12+08:00 ] ERR: (ThinkException) 非法操作Public
[ 2014-07-03T11:47:12+08:00 ] ERR: (ThinkException) 非法操作Public
[ 2014-07-03T11:47:12+08:00 ] ERR: (ThinkException) 非法操作Public
[ 2014-07-03T11:47:12+08:00 ] ERR: (ThinkException) 非法操作Public
[ 2014-07-03T11:47:12+08:00 ] ERR: (ThinkException) 非法操作Public
[ 2014-07-03T11:47:12+08:00 ] ERR: (ThinkException) 非法操作Public
[ 2014-07-03T11:50:12+08:00 ] ERR: (ThinkException) 非法操作Public
[ 2014-07-03T11:50:12+08:00 ] ERR: (ThinkException) 非法操作Public
[ 2014-07-03T11:50:12+08:00 ] ERR: (ThinkException) 非法操作Public
[ 2014-07-03T11:50:12+08:00 ] ERR: (ThinkException) 非法操作Public
[ 2014-07-03T11:50:12+08:00 ] ERR: (ThinkException) 非法操作Public
[ 2014-07-03T11:50:12+08:00 ] ERR: (ThinkException) 非法操作Public
[ 2014-07-03T11:50:12+08:00 ] ERR: (ThinkException) 非法操作Public
[ 2014-07-03T11:50:12+08:00 ] ERR: (ThinkException) 非法操作Public
[ 2014-07-03T11:50:12+08:00 ] ERR: (ThinkException) 非法操作Public
[ 2014-07-03T11:50:12+08:00 ] ERR: (ThinkException) 非法操作Public
[ 2014-07-03T11:50:12+08:00 ] ERR: (ThinkException) 非法操作Public
[ 2014-07-03T11:50:12+08:00 ] ERR: (ThinkException) 非法操作Public
[ 2014-07-03T11:50:12+08:00 ] ERR: (ThinkException) 非法操作Public
[ 2014-07-03T11:50:12+08:00 ] ERR: (ThinkException) 非法操作Public
[ 2014-07-03T11:50:12+08:00 ] ERR: (ThinkException) 非法操作Public
[ 2014-07-03T11:50:12+08:00 ] ERR: (ThinkException) 非法操作Public
[ 2014-07-03T11:50:12+08:00 ] ERR: (ThinkException) 非法操作Public
[ 2014-07-03T11:50:12+08:00 ] ERR: (ThinkException) 非法操作Public
[ 2014-07-03T11:50:12+08:00 ] ERR: (ThinkException) 非法操作Public
[ 2014-07-03T11:50:12+08:00 ] ERR: (ThinkException) 非法操作Public
[ 2014-07-03T11:50:12+08:00 ] ERR: (ThinkException) 非法操作Public
[ 2014-07-03T11:50:12+08:00 ] ERR: (ThinkException) 非法操作Public
[ 2014-07-03T11:50:12+08:00 ] ERR: (ThinkException) 非法操作Public
[ 2014-07-03T11:50:12+08:00 ] ERR: (ThinkException) 非法操作Public
[ 2014-07-03T11:50:12+08:00 ] ERR: (ThinkException) 非法操作Public
[ 2014-07-03T11:50:34+08:00 ] ERR: (ThinkException) 非法操作Public
[ 2014-07-03T11:50:34+08:00 ] ERR: (ThinkException) 非法操作Public
[ 2014-07-03T11:50:34+08:00 ] ERR: (ThinkException) 非法操作Public
[ 2014-07-03T11:50:34+08:00 ] ERR: (ThinkException) 非法操作Public
[ 2014-07-03T11:50:34+08:00 ] ERR: (ThinkException) 非法操作Public
[ 2014-07-03T11:50:34+08:00 ] ERR: (ThinkException) 非法操作Public
[ 2014-07-03T11:50:34+08:00 ] ERR: (ThinkException) 非法操作Public
[ 2014-07-03T11:50:34+08:00 ] ERR: (ThinkException) 非法操作Public
[ 2014-07-03T11:50:34+08:00 ] ERR: (ThinkException) 非法操作Public
[ 2014-07-03T11:50:34+08:00 ] ERR: (ThinkException) 非法操作Public
[ 2014-07-03T11:50:34+08:00 ] ERR: (ThinkException) 非法操作Public
[ 2014-07-03T11:50:34+08:00 ] ERR: (ThinkException) 非法操作Public
[ 2014-07-03T11:50:34+08:00 ] ERR: (ThinkException) 非法操作Public
[ 2014-07-03T11:50:34+08:00 ] ERR: (ThinkException) 非法操作Public
[ 2014-07-03T11:50:34+08:00 ] ERR: (ThinkException) 非法操作Public
[ 2014-07-03T11:50:34+08:00 ] ERR: (ThinkException) 非法操作Public
[ 2014-07-03T11:50:34+08:00 ] ERR: (ThinkException) 非法操作Public
[ 2014-07-03T11:50:34+08:00 ] ERR: (ThinkException) 非法操作Public
[ 2014-07-03T11:50:34+08:00 ] ERR: (ThinkException) 非法操作Public
[ 2014-07-03T11:50:34+08:00 ] ERR: (ThinkException) 非法操作Public
[ 2014-07-03T11:50:34+08:00 ] ERR: (ThinkException) 非法操作Public
[ 2014-07-03T11:50:34+08:00 ] ERR: (ThinkException) 非法操作Public
[ 2014-07-03T11:50:34+08:00 ] ERR: (ThinkException) 非法操作Public
[ 2014-07-03T11:50:34+08:00 ] ERR: (ThinkException) 非法操作Public
[ 2014-07-03T11:50:34+08:00 ] ERR: (ThinkException) 非法操作Public
[ 2014-07-03T11:50:59+08:00 ] ERR: (ThinkException) 非法操作Public
[ 2014-07-03T11:50:59+08:00 ] ERR: (ThinkException) 非法操作Public
[ 2014-07-03T11:50:59+08:00 ] ERR: (ThinkException) 非法操作Public
[ 2014-07-03T11:50:59+08:00 ] ERR: (ThinkException) 非法操作Public
[ 2014-07-03T11:50:59+08:00 ] ERR: (ThinkException) 非法操作Public
[ 2014-07-03T11:50:59+08:00 ] ERR: (ThinkException) 非法操作Public
[ 2014-07-03T11:50:59+08:00 ] ERR: (ThinkException) 非法操作Public
[ 2014-07-03T11:50:59+08:00 ] ERR: (ThinkException) 非法操作Public
[ 2014-07-03T11:50:59+08:00 ] ERR: (ThinkException) 非法操作Public
[ 2014-07-03T11:50:59+08:00 ] ERR: (ThinkException) 非法操作Public
[ 2014-07-03T11:50:59+08:00 ] ERR: (ThinkException) 非法操作Public
[ 2014-07-03T11:50:59+08:00 ] ERR: (ThinkException) 非法操作Public
[ 2014-07-03T11:50:59+08:00 ] ERR: (ThinkException) 非法操作Public
[ 2014-07-03T11:50:59+08:00 ] ERR: (ThinkException) 非法操作Public
[ 2014-07-03T11:50:59+08:00 ] ERR: (ThinkException) 非法操作Public
[ 2014-07-03T11:50:59+08:00 ] ERR: (ThinkException) 非法操作Public
[ 2014-07-03T11:50:59+08:00 ] ERR: (ThinkException) 非法操作Public
[ 2014-07-03T11:50:59+08:00 ] ERR: (ThinkException) 非法操作Public
[ 2014-07-03T11:50:59+08:00 ] ERR: (ThinkException) 非法操作Public
[ 2014-07-03T11:50:59+08:00 ] ERR: (ThinkException) 非法操作Public
[ 2014-07-03T11:50:59+08:00 ] ERR: (ThinkException) 非法操作Public
[ 2014-07-03T11:50:59+08:00 ] ERR: (ThinkException) 非法操作Public
[ 2014-07-03T11:50:59+08:00 ] ERR: (ThinkException) 非法操作Public
[ 2014-07-03T11:50:59+08:00 ] ERR: (ThinkException) 非法操作Public
[ 2014-07-03T11:50:59+08:00 ] ERR: (ThinkException) 非法操作Public
[ 2014-07-03T11:51:00+08:00 ] ERR: (ThinkException) 非法操作Public
[ 2014-07-03T11:51:00+08:00 ] ERR: (ThinkException) 非法操作Public
[ 2014-07-03T11:51:00+08:00 ] ERR: (ThinkException) 非法操作Public
[ 2014-07-03T11:51:00+08:00 ] ERR: (ThinkException) 非法操作Public
[ 2014-07-03T11:51:00+08:00 ] ERR: (ThinkException) 非法操作Public
[ 2014-07-03T11:51:00+08:00 ] ERR: (ThinkException) 非法操作Public
[ 2014-07-03T11:51:00+08:00 ] ERR: (ThinkException) 非法操作Public
[ 2014-07-03T11:51:00+08:00 ] ERR: (ThinkException) 非法操作Public
[ 2014-07-03T11:51:00+08:00 ] ERR: (ThinkException) 非法操作Public
[ 2014-07-03T11:51:00+08:00 ] ERR: (ThinkException) 非法操作Public
[ 2014-07-03T11:51:00+08:00 ] ERR: (ThinkException) 非法操作Public
[ 2014-07-03T11:51:00+08:00 ] ERR: (ThinkException) 非法操作Public
[ 2014-07-03T11:51:00+08:00 ] ERR: (ThinkException) 非法操作Public
[ 2014-07-03T11:51:00+08:00 ] ERR: (ThinkException) 非法操作Public
[ 2014-07-03T11:51:00+08:00 ] ERR: (ThinkException) 非法操作Public
[ 2014-07-03T11:51:00+08:00 ] ERR: (ThinkException) 非法操作Public
[ 2014-07-03T11:51:00+08:00 ] ERR: (ThinkException) 非法操作Public
[ 2014-07-03T11:51:00+08:00 ] ERR: (ThinkException) 非法操作Public
[ 2014-07-03T11:51:00+08:00 ] ERR: (ThinkException) 非法操作Public
[ 2014-07-03T11:51:00+08:00 ] ERR: (ThinkException) 非法操作Public
[ 2014-07-03T11:51:00+08:00 ] ERR: (ThinkException) 非法操作Public
[ 2014-07-03T11:51:00+08:00 ] ERR: (ThinkException) 非法操作Public
[ 2014-07-03T11:51:00+08:00 ] ERR: (ThinkException) 非法操作Public
[ 2014-07-03T11:51:00+08:00 ] ERR: (ThinkException) 非法操作Public
[ 2014-07-03T11:51:00+08:00 ] ERR: (ThinkException) 非法操作Public
[ 2014-07-03T11:54:29+08:00 ] ERR: (ThinkException) 非法操作Public
[ 2014-07-03T11:54:29+08:00 ] ERR: (ThinkException) 非法操作Public
[ 2014-07-03T11:54:29+08:00 ] ERR: (ThinkException) 非法操作Public
[ 2014-07-03T11:54:29+08:00 ] ERR: (ThinkException) 非法操作Public
[ 2014-07-03T11:54:29+08:00 ] ERR: (ThinkException) 非法操作Public
[ 2014-07-03T11:54:29+08:00 ] ERR: (ThinkException) 非法操作Public
[ 2014-07-03T11:54:29+08:00 ] ERR: (ThinkException) 非法操作Public
[ 2014-07-03T11:54:29+08:00 ] ERR: (ThinkException) 非法操作Public
[ 2014-07-03T11:54:29+08:00 ] ERR: (ThinkException) 非法操作Public
[ 2014-07-03T11:54:29+08:00 ] ERR: (ThinkException) 非法操作Public
[ 2014-07-03T11:54:29+08:00 ] ERR: (ThinkException) 非法操作Public
[ 2014-07-03T11:54:29+08:00 ] ERR: (ThinkException) 非法操作Public
[ 2014-07-03T11:54:29+08:00 ] ERR: (ThinkException) 非法操作Public
[ 2014-07-03T11:54:29+08:00 ] ERR: (ThinkException) 非法操作Public
[ 2014-07-03T11:54:29+08:00 ] ERR: (ThinkException) 非法操作Public
[ 2014-07-03T11:54:29+08:00 ] ERR: (ThinkException) 非法操作Public
[ 2014-07-03T11:54:29+08:00 ] ERR: (ThinkException) 非法操作Public
[ 2014-07-03T11:54:29+08:00 ] ERR: (ThinkException) 非法操作Public
[ 2014-07-03T11:54:29+08:00 ] ERR: (ThinkException) 非法操作Public
[ 2014-07-03T11:54:29+08:00 ] ERR: (ThinkException) 非法操作Public
[ 2014-07-03T11:54:29+08:00 ] ERR: (ThinkException) 非法操作Public
[ 2014-07-03T11:54:29+08:00 ] ERR: (ThinkException) 非法操作Public
[ 2014-07-03T11:54:29+08:00 ] ERR: (ThinkException) 非法操作Public
[ 2014-07-03T11:54:29+08:00 ] ERR: (ThinkException) 非法操作Public
[ 2014-07-03T11:54:29+08:00 ] ERR: (ThinkException) 非法操作Public
[ 2014-07-03T11:54:39+08:00 ] ERR: (ThinkException) 非法操作Public
[ 2014-07-03T11:54:39+08:00 ] ERR: (ThinkException) 非法操作Public
[ 2014-07-03T11:54:39+08:00 ] ERR: (ThinkException) 非法操作Public
[ 2014-07-03T11:54:39+08:00 ] ERR: (ThinkException) 非法操作Public
[ 2014-07-03T11:54:52+08:00 ] ERR: (ThinkException) 非法操作Public
[ 2014-07-03T11:54:52+08:00 ] ERR: (ThinkException) 非法操作Public
[ 2014-07-03T11:54:52+08:00 ] ERR: (ThinkException) 非法操作Public
[ 2014-07-03T11:54:52+08:00 ] ERR: (ThinkException) 非法操作Public
[ 2014-07-03T11:54:52+08:00 ] ERR: (ThinkException) 非法操作Public
[ 2014-07-03T11:54:52+08:00 ] ERR: (ThinkException) 非法操作Public
[ 2014-07-03T11:54:52+08:00 ] ERR: (ThinkException) 非法操作Public
[ 2014-07-03T11:54:52+08:00 ] ERR: (ThinkException) 非法操作Public
[ 2014-07-03T11:54:52+08:00 ] ERR: (ThinkException) 非法操作Public
[ 2014-07-03T11:54:52+08:00 ] ERR: (ThinkException) 非法操作Public
[ 2014-07-03T11:54:52+08:00 ] ERR: (ThinkException) 非法操作Public
[ 2014-07-03T11:54:52+08:00 ] ERR: (ThinkException) 非法操作Public
[ 2014-07-03T11:54:52+08:00 ] ERR: (ThinkException) 非法操作Public
[ 2014-07-03T11:54:52+08:00 ] ERR: (ThinkException) 非法操作Public
[ 2014-07-03T11:54:52+08:00 ] ERR: (ThinkException) 非法操作Public
[ 2014-07-03T11:54:52+08:00 ] ERR: (ThinkException) 非法操作Public
[ 2014-07-03T11:54:52+08:00 ] ERR: (ThinkException) 非法操作Public
[ 2014-07-03T11:54:52+08:00 ] ERR: (ThinkException) 非法操作Public
[ 2014-07-03T11:54:52+08:00 ] ERR: (ThinkException) 非法操作Public
[ 2014-07-03T11:54:52+08:00 ] ERR: (ThinkException) 非法操作Public
[ 2014-07-03T11:54:52+08:00 ] ERR: (ThinkException) 非法操作Public
[ 2014-07-03T11:54:52+08:00 ] ERR: (ThinkException) 非法操作Public
[ 2014-07-03T11:54:52+08:00 ] ERR: (ThinkException) 非法操作Public
[ 2014-07-03T11:54:52+08:00 ] ERR: (ThinkException) 非法操作Public
[ 2014-07-03T11:54:52+08:00 ] ERR: (ThinkException) 非法操作Public
[ 2014-07-03T11:55:04+08:00 ] ERR: (ThinkException) 非法操作Public
[ 2014-07-03T11:55:04+08:00 ] ERR: (ThinkException) 非法操作Public
[ 2014-07-03T11:55:04+08:00 ] ERR: (ThinkException) 非法操作Public
[ 2014-07-03T11:55:04+08:00 ] ERR: (ThinkException) 非法操作Public
[ 2014-07-03T11:57:36+08:00 ] ERR: (ThinkException) 非法操作Public
[ 2014-07-03T11:57:36+08:00 ] ERR: (ThinkException) 非法操作Public
[ 2014-07-03T11:57:36+08:00 ] ERR: (ThinkException) 非法操作Public
[ 2014-07-03T11:57:36+08:00 ] ERR: (ThinkException) 非法操作Public
[ 2014-07-03T11:57:36+08:00 ] ERR: (ThinkException) 非法操作Public
[ 2014-07-03T11:57:36+08:00 ] ERR: (ThinkException) 非法操作Public
[ 2014-07-03T11:57:36+08:00 ] ERR: (ThinkException) 非法操作Public
[ 2014-07-03T11:57:36+08:00 ] ERR: (ThinkException) 非法操作Public
[ 2014-07-03T11:57:36+08:00 ] ERR: (ThinkException) 非法操作Public
[ 2014-07-03T11:57:36+08:00 ] ERR: (ThinkException) 非法操作Public
[ 2014-07-03T11:57:36+08:00 ] ERR: (ThinkException) 非法操作Public
[ 2014-07-03T11:57:36+08:00 ] ERR: (ThinkException) 非法操作Public
[ 2014-07-03T11:57:36+08:00 ] ERR: (ThinkException) 非法操作Public
[ 2014-07-03T11:57:36+08:00 ] ERR: (ThinkException) 非法操作Public
[ 2014-07-03T11:57:36+08:00 ] ERR: (ThinkException) 非法操作Public
[ 2014-07-03T11:57:36+08:00 ] ERR: (ThinkException) 非法操作Public
[ 2014-07-03T11:57:36+08:00 ] ERR: (ThinkException) 非法操作Public
[ 2014-07-03T11:57:36+08:00 ] ERR: (ThinkException) 非法操作Public
[ 2014-07-03T11:57:36+08:00 ] ERR: (ThinkException) 非法操作Public
[ 2014-07-03T11:57:36+08:00 ] ERR: (ThinkException) 非法操作Public
[ 2014-07-03T11:57:36+08:00 ] ERR: (ThinkException) 非法操作Public
[ 2014-07-03T11:57:36+08:00 ] ERR: (ThinkException) 非法操作Public
[ 2014-07-03T11:57:36+08:00 ] ERR: (ThinkException) 非法操作Public
[ 2014-07-03T11:57:36+08:00 ] ERR: (ThinkException) 非法操作Public
[ 2014-07-03T11:57:36+08:00 ] ERR: (ThinkException) 非法操作Public
[ 2014-07-03T11:58:19+08:00 ] ERR: (ThinkException) 非法操作Public
[ 2014-07-03T11:58:19+08:00 ] ERR: (ThinkException) 非法操作Public
[ 2014-07-03T11:58:19+08:00 ] ERR: (ThinkException) 非法操作Public
[ 2014-07-03T11:58:19+08:00 ] ERR: (ThinkException) 非法操作Public
[ 2014-07-03T11:58:19+08:00 ] ERR: (ThinkException) 非法操作Public
[ 2014-07-03T11:58:19+08:00 ] ERR: (ThinkException) 非法操作Public
[ 2014-07-03T11:58:19+08:00 ] ERR: (ThinkException) 非法操作Public
[ 2014-07-03T11:58:19+08:00 ] ERR: (ThinkException) 非法操作Public
[ 2014-07-03T11:58:19+08:00 ] ERR: (ThinkException) 非法操作Public
[ 2014-07-03T11:58:19+08:00 ] ERR: (ThinkException) 非法操作Public
[ 2014-07-03T11:58:19+08:00 ] ERR: (ThinkException) 非法操作Public
[ 2014-07-03T11:58:19+08:00 ] ERR: (ThinkException) 非法操作Public
[ 2014-07-03T11:58:19+08:00 ] ERR: (ThinkException) 非法操作Public
[ 2014-07-03T11:58:19+08:00 ] ERR: (ThinkException) 非法操作Public
[ 2014-07-03T11:58:19+08:00 ] ERR: (ThinkException) 非法操作Public
[ 2014-07-03T11:58:19+08:00 ] ERR: (ThinkException) 非法操作Public
[ 2014-07-03T11:58:19+08:00 ] ERR: (ThinkException) 非法操作Public
[ 2014-07-03T11:58:19+08:00 ] ERR: (ThinkException) 非法操作Public
[ 2014-07-03T11:58:19+08:00 ] ERR: (ThinkException) 非法操作Public
[ 2014-07-03T11:58:19+08:00 ] ERR: (ThinkException) 非法操作Public
[ 2014-07-03T11:58:19+08:00 ] ERR: (ThinkException) 非法操作Public
[ 2014-07-03T11:58:19+08:00 ] ERR: (ThinkException) 非法操作Public
[ 2014-07-03T11:58:19+08:00 ] ERR: (ThinkException) 非法操作Public
[ 2014-07-03T11:58:19+08:00 ] ERR: (ThinkException) 非法操作Public
[ 2014-07-03T11:58:19+08:00 ] ERR: (ThinkException) 非法操作Public
[ 2014-07-03T13:36:31+08:00 ] ERR: (ThinkException) 非法操作fanhui
[ 2014-07-03T13:36:42+08:00 ] ERR: (ThinkException) 非法操作Public
[ 2014-07-03T13:36:42+08:00 ] ERR: (ThinkException) 非法操作Public
[ 2014-07-03T13:36:42+08:00 ] ERR: (ThinkException) 非法操作Public
[ 2014-07-03T13:36:42+08:00 ] ERR: (ThinkException) 非法操作Public
[ 2014-07-03T13:36:42+08:00 ] ERR: (ThinkException) 非法操作Public
[ 2014-07-03T13:36:42+08:00 ] ERR: (ThinkException) 非法操作Public
[ 2014-07-03T13:36:42+08:00 ] ERR: (ThinkException) 非法操作Public
[ 2014-07-03T13:36:42+08:00 ] ERR: (ThinkException) 非法操作Public
[ 2014-07-03T13:36:42+08:00 ] ERR: (ThinkException) 非法操作Public
[ 2014-07-03T13:36:42+08:00 ] ERR: (ThinkException) 非法操作Public
[ 2014-07-03T13:36:42+08:00 ] ERR: (ThinkException) 非法操作Public
[ 2014-07-03T13:36:42+08:00 ] ERR: (ThinkException) 非法操作Public
[ 2014-07-03T13:36:42+08:00 ] ERR: (ThinkException) 非法操作Public
[ 2014-07-03T13:36:42+08:00 ] ERR: (ThinkException) 非法操作Public
[ 2014-07-03T13:36:43+08:00 ] ERR: (ThinkException) 非法操作Public
[ 2014-07-03T13:36:43+08:00 ] ERR: (ThinkException) 非法操作Public
[ 2014-07-03T13:36:43+08:00 ] ERR: (ThinkException) 非法操作Public
[ 2014-07-03T13:36:43+08:00 ] ERR: (ThinkException) 非法操作Public
[ 2014-07-03T13:36:43+08:00 ] ERR: (ThinkException) 非法操作Public
[ 2014-07-03T13:36:43+08:00 ] ERR: (ThinkException) 非法操作Public
[ 2014-07-03T13:36:43+08:00 ] ERR: (ThinkException) 非法操作Public
[ 2014-07-03T13:36:43+08:00 ] ERR: (ThinkException) 非法操作Public
[ 2014-07-03T13:36:43+08:00 ] ERR: (ThinkException) 非法操作Public
[ 2014-07-03T13:36:43+08:00 ] ERR: (ThinkException) 非法操作Public
[ 2014-07-03T13:36:43+08:00 ] ERR: (ThinkException) 非法操作Public
[ 2014-07-03T13:36:43+08:00 ] ERR: (ThinkException) 非法操作Public
[ 2014-07-03T13:36:43+08:00 ] ERR: (ThinkException) 非法操作Public
[ 2014-07-03T13:36:43+08:00 ] ERR: (ThinkException) 非法操作Public
[ 2014-07-03T13:36:43+08:00 ] ERR: (ThinkException) 非法操作Public
[ 2014-07-03T13:36:43+08:00 ] ERR: (ThinkException) 非法操作Public
[ 2014-07-03T13:36:43+08:00 ] ERR: (ThinkException) 非法操作Public
[ 2014-07-03T13:36:43+08:00 ] ERR: (ThinkException) 非法操作Public
[ 2014-07-03T13:36:43+08:00 ] ERR: (ThinkException) 非法操作Public
[ 2014-07-03T13:36:43+08:00 ] ERR: (ThinkException) 非法操作Public
[ 2014-07-03T13:36:43+08:00 ] ERR: (ThinkException) 非法操作Public
[ 2014-07-03T13:36:43+08:00 ] ERR: (ThinkException) 非法操作Public
[ 2014-07-03T13:36:43+08:00 ] ERR: (ThinkException) 非法操作Public
[ 2014-07-03T13:36:43+08:00 ] ERR: (ThinkException) 非法操作Public
[ 2014-07-03T13:36:43+08:00 ] ERR: (ThinkException) 非法操作Public
[ 2014-07-03T13:36:43+08:00 ] ERR: (ThinkException) 非法操作Public
[ 2014-07-03T13:38:22+08:00 ] ERR: (ThinkException) 非法操作Public
[ 2014-07-03T13:38:22+08:00 ] ERR: (ThinkException) 非法操作Public
[ 2014-07-03T13:38:22+08:00 ] ERR: (ThinkException) 非法操作Public
[ 2014-07-03T13:38:22+08:00 ] ERR: (ThinkException) 非法操作Public
[ 2014-07-03T13:38:22+08:00 ] ERR: (ThinkException) 非法操作Public
[ 2014-07-03T13:38:22+08:00 ] ERR: (ThinkException) 非法操作Public
[ 2014-07-03T13:38:22+08:00 ] ERR: (ThinkException) 非法操作Public
[ 2014-07-03T13:38:22+08:00 ] ERR: (ThinkException) 非法操作Public
[ 2014-07-03T13:38:22+08:00 ] ERR: (ThinkException) 非法操作Public
[ 2014-07-03T13:38:22+08:00 ] ERR: (ThinkException) 非法操作Public
[ 2014-07-03T13:38:22+08:00 ] ERR: (ThinkException) 非法操作Public
[ 2014-07-03T13:38:22+08:00 ] ERR: (ThinkException) 非法操作Public
[ 2014-07-03T13:38:22+08:00 ] ERR: (ThinkException) 非法操作Public
[ 2014-07-03T13:38:22+08:00 ] ERR: (ThinkException) 非法操作Public
[ 2014-07-03T13:38:22+08:00 ] ERR: (ThinkException) 非法操作Public
[ 2014-07-03T13:38:22+08:00 ] ERR: (ThinkException) 非法操作Public
[ 2014-07-03T13:38:22+08:00 ] ERR: (ThinkException) 非法操作Public
[ 2014-07-03T13:38:22+08:00 ] ERR: (ThinkException) 非法操作Public
[ 2014-07-03T13:38:22+08:00 ] ERR: (ThinkException) 非法操作Public
[ 2014-07-03T13:38:22+08:00 ] ERR: (ThinkException) 非法操作Public
[ 2014-07-03T13:38:22+08:00 ] ERR: (ThinkException) 非法操作Public
[ 2014-07-03T13:38:22+08:00 ] ERR: (ThinkException) 非法操作Public
[ 2014-07-03T13:38:22+08:00 ] ERR: (ThinkException) 非法操作Public
[ 2014-07-03T13:38:22+08:00 ] ERR: (ThinkException) 非法操作Public
[ 2014-07-03T13:38:22+08:00 ] ERR: (ThinkException) 非法操作Public
[ 2014-07-03T13:38:22+08:00 ] ERR: (ThinkException) 非法操作Public
[ 2014-07-03T13:38:22+08:00 ] ERR: (ThinkException) 非法操作Public
[ 2014-07-03T13:39:07+08:00 ] ERR: (ThinkException) 非法操作Public
[ 2014-07-03T13:39:07+08:00 ] ERR: (ThinkException) 非法操作Public
[ 2014-07-03T13:39:07+08:00 ] ERR: (ThinkException) 非法操作Public
[ 2014-07-03T13:39:07+08:00 ] ERR: (ThinkException) 非法操作Public
[ 2014-07-03T13:39:07+08:00 ] ERR: (ThinkException) 非法操作Public
[ 2014-07-03T13:39:07+08:00 ] ERR: (ThinkException) 非法操作Public
[ 2014-07-03T13:39:07+08:00 ] ERR: (ThinkException) 非法操作Public
[ 2014-07-03T13:39:07+08:00 ] ERR: (ThinkException) 非法操作Public
[ 2014-07-03T13:39:07+08:00 ] ERR: (ThinkException) 非法操作Public
[ 2014-07-03T13:39:07+08:00 ] ERR: (ThinkException) 非法操作Public
[ 2014-07-03T13:39:07+08:00 ] ERR: (ThinkException) 非法操作Public
[ 2014-07-03T13:39:07+08:00 ] ERR: (ThinkException) 非法操作Public
[ 2014-07-03T13:39:07+08:00 ] ERR: (ThinkException) 非法操作Public
[ 2014-07-03T13:39:07+08:00 ] ERR: (ThinkException) 非法操作Public
[ 2014-07-03T13:39:07+08:00 ] ERR: (ThinkException) 非法操作Public
[ 2014-07-03T13:39:07+08:00 ] ERR: (ThinkException) 非法操作Public
[ 2014-07-03T13:39:07+08:00 ] ERR: (ThinkException) 非法操作Public
[ 2014-07-03T13:39:07+08:00 ] ERR: (ThinkException) 非法操作Public
[ 2014-07-03T13:39:07+08:00 ] ERR: (ThinkException) 非法操作Public
[ 2014-07-03T13:39:07+08:00 ] ERR: (ThinkException) 非法操作Public
[ 2014-07-03T13:39:07+08:00 ] ERR: (ThinkException) 非法操作Public
[ 2014-07-03T13:39:07+08:00 ] ERR: (ThinkException) 非法操作Public
[ 2014-07-03T13:39:07+08:00 ] ERR: (ThinkException) 非法操作Public
[ 2014-07-03T13:39:07+08:00 ] ERR: (ThinkException) 非法操作Public
[ 2014-07-03T13:39:07+08:00 ] ERR: (ThinkException) 非法操作Public
[ 2014-07-03T13:39:11+08:00 ] ERR: (ThinkException) 非法操作Public
[ 2014-07-03T13:39:11+08:00 ] ERR: (ThinkException) 非法操作Public
[ 2014-07-03T13:39:11+08:00 ] ERR: (ThinkException) 非法操作Public
[ 2014-07-03T13:39:11+08:00 ] ERR: (ThinkException) 非法操作Public
[ 2014-07-03T13:39:11+08:00 ] ERR: (ThinkException) 非法操作Public
[ 2014-07-03T13:39:11+08:00 ] ERR: (ThinkException) 非法操作Public
[ 2014-07-03T13:39:11+08:00 ] ERR: (ThinkException) 非法操作Public
[ 2014-07-03T13:39:11+08:00 ] ERR: (ThinkException) 非法操作Public
[ 2014-07-03T13:39:11+08:00 ] ERR: (ThinkException) 非法操作Public
[ 2014-07-03T13:39:11+08:00 ] ERR: (ThinkException) 非法操作Public
[ 2014-07-03T13:39:11+08:00 ] ERR: (ThinkException) 非法操作Public
[ 2014-07-03T13:39:11+08:00 ] ERR: (ThinkException) 非法操作Public
[ 2014-07-03T13:39:11+08:00 ] ERR: (ThinkException) 非法操作Public
[ 2014-07-03T13:39:11+08:00 ] ERR: (ThinkException) 非法操作Public
[ 2014-07-03T13:39:11+08:00 ] ERR: (ThinkException) 非法操作Public
[ 2014-07-03T13:39:11+08:00 ] ERR: (ThinkException) 非法操作Public
[ 2014-07-03T13:39:11+08:00 ] ERR: (ThinkException) 非法操作Public
[ 2014-07-03T13:39:11+08:00 ] ERR: (ThinkException) 非法操作Public
[ 2014-07-03T13:39:11+08:00 ] ERR: (ThinkException) 非法操作Public
[ 2014-07-03T13:39:11+08:00 ] ERR: (ThinkException) 非法操作Public
[ 2014-07-03T13:39:11+08:00 ] ERR: (ThinkException) 非法操作Public
[ 2014-07-03T13:39:11+08:00 ] ERR: (ThinkException) 非法操作Public
[ 2014-07-03T13:39:11+08:00 ] ERR: (ThinkException) 非法操作Public
[ 2014-07-03T13:39:11+08:00 ] ERR: (ThinkException) 非法操作Public
[ 2014-07-03T13:39:11+08:00 ] ERR: (ThinkException) 非法操作Public
[ 2014-07-03T13:39:39+08:00 ] ERR: (ThinkException) 非法操作Public
[ 2014-07-03T13:39:39+08:00 ] ERR: (ThinkException) 非法操作Public
[ 2014-07-03T13:39:39+08:00 ] ERR: (ThinkException) 非法操作Public
[ 2014-07-03T13:39:39+08:00 ] ERR: (ThinkException) 非法操作Public
[ 2014-07-03T13:39:39+08:00 ] ERR: (ThinkException) 非法操作Public
[ 2014-07-03T13:39:39+08:00 ] ERR: (ThinkException) 非法操作Public
[ 2014-07-03T13:39:39+08:00 ] ERR: (ThinkException) 非法操作Public
[ 2014-07-03T13:39:39+08:00 ] ERR: (ThinkException) 非法操作Public
[ 2014-07-03T13:39:39+08:00 ] ERR: (ThinkException) 非法操作Public
[ 2014-07-03T13:39:39+08:00 ] ERR: (ThinkException) 非法操作Public
[ 2014-07-03T13:39:39+08:00 ] ERR: (ThinkException) 非法操作Public
[ 2014-07-03T13:39:39+08:00 ] ERR: (ThinkException) 非法操作Public
[ 2014-07-03T13:39:39+08:00 ] ERR: (ThinkException) 非法操作Public
[ 2014-07-03T13:39:39+08:00 ] ERR: (ThinkException) 非法操作Public
[ 2014-07-03T13:39:39+08:00 ] ERR: (ThinkException) 非法操作Public
[ 2014-07-03T13:39:39+08:00 ] ERR: (ThinkException) 非法操作Public
[ 2014-07-03T13:39:39+08:00 ] ERR: (ThinkException) 非法操作Public
[ 2014-07-03T13:39:39+08:00 ] ERR: (ThinkException) 非法操作Public
[ 2014-07-03T13:39:39+08:00 ] ERR: (ThinkException) 非法操作Public
[ 2014-07-03T13:39:39+08:00 ] ERR: (ThinkException) 非法操作Public
[ 2014-07-03T13:39:39+08:00 ] ERR: (ThinkException) 非法操作Public
[ 2014-07-03T13:39:39+08:00 ] ERR: (ThinkException) 非法操作Public
[ 2014-07-03T13:39:39+08:00 ] ERR: (ThinkException) 非法操作Public
[ 2014-07-03T13:39:39+08:00 ] ERR: (ThinkException) 非法操作Public
[ 2014-07-03T13:39:39+08:00 ] ERR: (ThinkException) 非法操作Public
[ 2014-07-03T13:41:27+08:00 ] ERR: (ThinkException) 非法操作Public
[ 2014-07-03T13:41:27+08:00 ] ERR: (ThinkException) 非法操作Public
[ 2014-07-03T13:41:27+08:00 ] ERR: (ThinkException) 非法操作Public
[ 2014-07-03T13:41:27+08:00 ] ERR: (ThinkException) 非法操作Public
[ 2014-07-03T13:41:27+08:00 ] ERR: (ThinkException) 非法操作Public
[ 2014-07-03T13:41:27+08:00 ] ERR: (ThinkException) 非法操作Public
[ 2014-07-03T13:41:27+08:00 ] ERR: (ThinkException) 非法操作Public
[ 2014-07-03T13:41:27+08:00 ] ERR: (ThinkException) 非法操作Public
[ 2014-07-03T13:41:27+08:00 ] ERR: (ThinkException) 非法操作Public
[ 2014-07-03T13:41:27+08:00 ] ERR: (ThinkException) 非法操作Public
[ 2014-07-03T13:41:27+08:00 ] ERR: (ThinkException) 非法操作Public
[ 2014-07-03T13:41:27+08:00 ] ERR: (ThinkException) 非法操作Public
[ 2014-07-03T13:41:27+08:00 ] ERR: (ThinkException) 非法操作Public
[ 2014-07-03T13:41:27+08:00 ] ERR: (ThinkException) 非法操作Public
[ 2014-07-03T13:41:27+08:00 ] ERR: (ThinkException) 非法操作Public
[ 2014-07-03T13:41:27+08:00 ] ERR: (ThinkException) 非法操作Public
[ 2014-07-03T13:41:27+08:00 ] ERR: (ThinkException) 非法操作Public
[ 2014-07-03T13:41:27+08:00 ] ERR: (ThinkException) 非法操作Public
[ 2014-07-03T13:41:27+08:00 ] ERR: (ThinkException) 非法操作Public
[ 2014-07-03T13:41:27+08:00 ] ERR: (ThinkException) 非法操作Public
[ 2014-07-03T13:41:27+08:00 ] ERR: (ThinkException) 非法操作Public
[ 2014-07-03T13:41:27+08:00 ] ERR: (ThinkException) 非法操作Public
[ 2014-07-03T13:41:27+08:00 ] ERR: (ThinkException) 非法操作Public
[ 2014-07-03T13:41:27+08:00 ] ERR: (ThinkException) 非法操作Public
[ 2014-07-03T13:41:27+08:00 ] ERR: (ThinkException) 非法操作Public
[ 2014-07-03T13:42:32+08:00 ] ERR: (ThinkException) 非法操作Public
[ 2014-07-03T13:42:32+08:00 ] ERR: (ThinkException) 非法操作Public
[ 2014-07-03T13:42:32+08:00 ] ERR: (ThinkException) 非法操作Public
[ 2014-07-03T13:42:32+08:00 ] ERR: (ThinkException) 非法操作Public
[ 2014-07-03T13:42:32+08:00 ] ERR: (ThinkException) 非法操作Public
[ 2014-07-03T13:42:32+08:00 ] ERR: (ThinkException) 非法操作Public
[ 2014-07-03T13:42:32+08:00 ] ERR: (ThinkException) 非法操作Public
[ 2014-07-03T13:42:32+08:00 ] ERR: (ThinkException) 非法操作Public
[ 2014-07-03T13:42:32+08:00 ] ERR: (ThinkException) 非法操作Public
[ 2014-07-03T13:42:32+08:00 ] ERR: (ThinkException) 非法操作Public
[ 2014-07-03T13:42:32+08:00 ] ERR: (ThinkException) 非法操作Public
[ 2014-07-03T13:42:32+08:00 ] ERR: (ThinkException) 非法操作Public
[ 2014-07-03T13:42:32+08:00 ] ERR: (ThinkException) 非法操作Public
[ 2014-07-03T13:42:32+08:00 ] ERR: (ThinkException) 非法操作Public
[ 2014-07-03T13:42:32+08:00 ] ERR: (ThinkException) 非法操作Public
[ 2014-07-03T13:42:32+08:00 ] ERR: (ThinkException) 非法操作Public
[ 2014-07-03T13:42:32+08:00 ] ERR: (ThinkException) 非法操作Public
[ 2014-07-03T13:42:32+08:00 ] ERR: (ThinkException) 非法操作Public
[ 2014-07-03T13:42:32+08:00 ] ERR: (ThinkException) 非法操作Public
[ 2014-07-03T13:42:32+08:00 ] ERR: (ThinkException) 非法操作Public
[ 2014-07-03T13:42:32+08:00 ] ERR: (ThinkException) 非法操作Public
[ 2014-07-03T13:42:32+08:00 ] ERR: (ThinkException) 非法操作Public
[ 2014-07-03T13:42:32+08:00 ] ERR: (ThinkException) 非法操作Public
[ 2014-07-03T13:42:32+08:00 ] ERR: (ThinkException) 非法操作Public
[ 2014-07-03T13:42:32+08:00 ] ERR: (ThinkException) 非法操作Public
[ 2014-07-03T13:42:32+08:00 ] ERR: (ThinkException) 非法操作Public
[ 2014-07-03T13:42:37+08:00 ] ERR: (ThinkException) 非法操作Public
[ 2014-07-03T13:42:37+08:00 ] ERR: (ThinkException) 非法操作Public
[ 2014-07-03T13:42:37+08:00 ] ERR: (ThinkException) 非法操作Public
[ 2014-07-03T13:42:37+08:00 ] ERR: (ThinkException) 非法操作Public
[ 2014-07-03T13:42:37+08:00 ] ERR: (ThinkException) 非法操作Public
[ 2014-07-03T13:42:37+08:00 ] ERR: (ThinkException) 非法操作Public
[ 2014-07-03T13:42:37+08:00 ] ERR: (ThinkException) 非法操作Public
[ 2014-07-03T13:42:37+08:00 ] ERR: (ThinkException) 非法操作Public
[ 2014-07-03T13:42:37+08:00 ] ERR: (ThinkException) 非法操作Public
[ 2014-07-03T13:42:37+08:00 ] ERR: (ThinkException) 非法操作Public
[ 2014-07-03T13:42:37+08:00 ] ERR: (ThinkException) 非法操作Public
[ 2014-07-03T13:42:37+08:00 ] ERR: (ThinkException) 非法操作Public
[ 2014-07-03T13:42:37+08:00 ] ERR: (ThinkException) 非法操作Public
[ 2014-07-03T13:42:37+08:00 ] ERR: (ThinkException) 非法操作Public
[ 2014-07-03T13:42:37+08:00 ] ERR: (ThinkException) 非法操作Public
[ 2014-07-03T13:42:37+08:00 ] ERR: (ThinkException) 非法操作Public
[ 2014-07-03T13:42:37+08:00 ] ERR: (ThinkException) 非法操作Public
[ 2014-07-03T13:42:37+08:00 ] ERR: (ThinkException) 非法操作Public
[ 2014-07-03T13:42:37+08:00 ] ERR: (ThinkException) 非法操作Public
[ 2014-07-03T13:42:37+08:00 ] ERR: (ThinkException) 非法操作Public
[ 2014-07-03T13:42:37+08:00 ] ERR: (ThinkException) 非法操作Public
[ 2014-07-03T13:42:37+08:00 ] ERR: (ThinkException) 非法操作Public
[ 2014-07-03T13:42:37+08:00 ] ERR: (ThinkException) 非法操作Public
[ 2014-07-03T13:42:38+08:00 ] ERR: (ThinkException) 非法操作Public
[ 2014-07-03T13:42:38+08:00 ] ERR: (ThinkException) 非法操作Public
[ 2014-07-03T13:42:38+08:00 ] ERR: (ThinkException) 非法操作Public
[ 2014-07-03T13:42:38+08:00 ] ERR: (ThinkException) 非法操作Public
[ 2014-07-03T13:42:38+08:00 ] ERR: (ThinkException) 非法操作Public
[ 2014-07-03T13:42:38+08:00 ] ERR: (ThinkException) 非法操作Public
[ 2014-07-03T13:42:38+08:00 ] ERR: (ThinkException) 非法操作Public
[ 2014-07-03T13:42:38+08:00 ] ERR: (ThinkException) 非法操作Public
[ 2014-07-03T13:42:38+08:00 ] ERR: (ThinkException) 非法操作Public
[ 2014-07-03T13:42:38+08:00 ] ERR: (ThinkException) 非法操作Public
[ 2014-07-03T13:42:38+08:00 ] ERR: (ThinkException) 非法操作Public
[ 2014-07-03T13:42:38+08:00 ] ERR: (ThinkException) 非法操作Public
[ 2014-07-03T13:42:38+08:00 ] ERR: (ThinkException) 非法操作Public
[ 2014-07-03T13:42:38+08:00 ] ERR: (ThinkException) 非法操作Public
[ 2014-07-03T13:42:38+08:00 ] ERR: (ThinkException) 非法操作Public
[ 2014-07-03T13:42:38+08:00 ] ERR: (ThinkException) 非法操作Public
[ 2014-07-03T13:42:38+08:00 ] ERR: (ThinkException) 非法操作Public
[ 2014-07-03T13:42:38+08:00 ] ERR: (ThinkException) 非法操作Public
[ 2014-07-03T13:42:38+08:00 ] ERR: (ThinkException) 非法操作Public
[ 2014-07-03T13:42:38+08:00 ] ERR: (ThinkException) 非法操作Public
[ 2014-07-03T13:42:38+08:00 ] ERR: (ThinkException) 非法操作Public
[ 2014-07-03T13:42:38+08:00 ] ERR: (ThinkException) 非法操作Public
[ 2014-07-03T13:42:38+08:00 ] ERR: (ThinkException) 非法操作Public
[ 2014-07-03T13:42:38+08:00 ] ERR: (ThinkException) 非法操作Public
[ 2014-07-03T13:42:38+08:00 ] ERR: (ThinkException) 非法操作Public
[ 2014-07-03T13:42:38+08:00 ] ERR: (ThinkException) 非法操作Public
[ 2014-07-03T13:42:38+08:00 ] ERR: (ThinkException) 非法操作Public
[ 2014-07-03T13:43:26+08:00 ] ERR: (ThinkException) 非法操作Public
[ 2014-07-03T13:43:26+08:00 ] ERR: (ThinkException) 非法操作Public
[ 2014-07-03T13:43:26+08:00 ] ERR: (ThinkException) 非法操作Public
[ 2014-07-03T13:43:26+08:00 ] ERR: (ThinkException) 非法操作Public
[ 2014-07-03T13:43:26+08:00 ] ERR: (ThinkException) 非法操作Public
[ 2014-07-03T13:43:26+08:00 ] ERR: (ThinkException) 非法操作Public
[ 2014-07-03T13:43:26+08:00 ] ERR: (ThinkException) 非法操作Public
[ 2014-07-03T13:43:26+08:00 ] ERR: (ThinkException) 非法操作Public
[ 2014-07-03T13:43:26+08:00 ] ERR: (ThinkException) 非法操作Public
[ 2014-07-03T13:43:26+08:00 ] ERR: (ThinkException) 非法操作Public
[ 2014-07-03T13:43:26+08:00 ] ERR: (ThinkException) 非法操作Public
[ 2014-07-03T13:43:26+08:00 ] ERR: (ThinkException) 非法操作Public
[ 2014-07-03T13:43:26+08:00 ] ERR: (ThinkException) 非法操作Public
[ 2014-07-03T13:43:26+08:00 ] ERR: (ThinkException) 非法操作Public
[ 2014-07-03T13:43:26+08:00 ] ERR: (ThinkException) 非法操作Public
[ 2014-07-03T13:43:26+08:00 ] ERR: (ThinkException) 非法操作Public
[ 2014-07-03T13:43:26+08:00 ] ERR: (ThinkException) 非法操作Public
[ 2014-07-03T13:43:26+08:00 ] ERR: (ThinkException) 非法操作Public
[ 2014-07-03T13:43:26+08:00 ] ERR: (ThinkException) 非法操作Public
[ 2014-07-03T13:43:26+08:00 ] ERR: (ThinkException) 非法操作Public
[ 2014-07-03T13:43:26+08:00 ] ERR: (ThinkException) 非法操作Public
[ 2014-07-03T13:43:26+08:00 ] ERR: (ThinkException) 非法操作Public
[ 2014-07-03T13:43:26+08:00 ] ERR: (ThinkException) 非法操作Public
[ 2014-07-03T13:43:26+08:00 ] ERR: (ThinkException) 非法操作Public
[ 2014-07-03T13:43:26+08:00 ] ERR: (ThinkException) 非法操作Public
[ 2014-07-03T13:44:15+08:00 ] ERR: (ThinkException) 非法操作Public
[ 2014-07-03T13:44:15+08:00 ] ERR: (ThinkException) 非法操作Public
[ 2014-07-03T13:44:15+08:00 ] ERR: (ThinkException) 非法操作Public
[ 2014-07-03T13:44:15+08:00 ] ERR: (ThinkException) 非法操作Public
[ 2014-07-03T13:44:15+08:00 ] ERR: (ThinkException) 非法操作Public
[ 2014-07-03T13:44:15+08:00 ] ERR: (ThinkException) 非法操作Public
[ 2014-07-03T13:44:15+08:00 ] ERR: (ThinkException) 非法操作Public
[ 2014-07-03T13:44:15+08:00 ] ERR: (ThinkException) 非法操作Public
[ 2014-07-03T13:44:15+08:00 ] ERR: (ThinkException) 非法操作Public
[ 2014-07-03T13:44:15+08:00 ] ERR: (ThinkException) 非法操作Public
[ 2014-07-03T13:44:15+08:00 ] ERR: (ThinkException) 非法操作Public
[ 2014-07-03T13:44:15+08:00 ] ERR: (ThinkException) 非法操作Public
[ 2014-07-03T13:44:15+08:00 ] ERR: (ThinkException) 非法操作Public
[ 2014-07-03T13:44:15+08:00 ] ERR: (ThinkException) 非法操作Public
[ 2014-07-03T13:44:15+08:00 ] ERR: (ThinkException) 非法操作Public
[ 2014-07-03T13:44:15+08:00 ] ERR: (ThinkException) 非法操作Public
[ 2014-07-03T13:44:15+08:00 ] ERR: (ThinkException) 非法操作Public
[ 2014-07-03T13:44:15+08:00 ] ERR: (ThinkException) 非法操作Public
[ 2014-07-03T13:44:15+08:00 ] ERR: (ThinkException) 非法操作Public
[ 2014-07-03T13:44:15+08:00 ] ERR: (ThinkException) 非法操作Public
[ 2014-07-03T13:44:15+08:00 ] ERR: (ThinkException) 非法操作Public
[ 2014-07-03T13:44:15+08:00 ] ERR: (ThinkException) 非法操作Public
[ 2014-07-03T13:44:15+08:00 ] ERR: (ThinkException) 非法操作Public
[ 2014-07-03T13:44:15+08:00 ] ERR: (ThinkException) 非法操作Public
[ 2014-07-03T13:44:15+08:00 ] ERR: (ThinkException) 非法操作Public
[ 2014-07-03T13:45:22+08:00 ] ERR: (ThinkException) 非法操作Public
[ 2014-07-03T13:45:22+08:00 ] ERR: (ThinkException) 非法操作Public
[ 2014-07-03T13:45:22+08:00 ] ERR: (ThinkException) 非法操作Public
[ 2014-07-03T13:45:22+08:00 ] ERR: (ThinkException) 非法操作Public
[ 2014-07-03T13:45:22+08:00 ] ERR: (ThinkException) 非法操作Public
[ 2014-07-03T13:45:22+08:00 ] ERR: (ThinkException) 非法操作Public
[ 2014-07-03T13:45:22+08:00 ] ERR: (ThinkException) 非法操作Public
[ 2014-07-03T13:45:22+08:00 ] ERR: (ThinkException) 非法操作Public
[ 2014-07-03T13:45:22+08:00 ] ERR: (ThinkException) 非法操作Public
[ 2014-07-03T13:45:22+08:00 ] ERR: (ThinkException) 非法操作Public
[ 2014-07-03T13:45:22+08:00 ] ERR: (ThinkException) 非法操作Public
[ 2014-07-03T13:45:22+08:00 ] ERR: (ThinkException) 非法操作Public
[ 2014-07-03T13:45:22+08:00 ] ERR: (ThinkException) 非法操作Public
[ 2014-07-03T13:45:22+08:00 ] ERR: (ThinkException) 非法操作Public
[ 2014-07-03T13:45:22+08:00 ] ERR: (ThinkException) 非法操作Public
[ 2014-07-03T13:45:22+08:00 ] ERR: (ThinkException) 非法操作Public
[ 2014-07-03T13:45:22+08:00 ] ERR: (ThinkException) 非法操作Public
[ 2014-07-03T13:45:22+08:00 ] ERR: (ThinkException) 非法操作Public
[ 2014-07-03T13:45:22+08:00 ] ERR: (ThinkException) 非法操作Public
[ 2014-07-03T13:45:22+08:00 ] ERR: (ThinkException) 非法操作Public
[ 2014-07-03T13:45:22+08:00 ] ERR: (ThinkException) 非法操作Public
[ 2014-07-03T13:45:22+08:00 ] ERR: (ThinkException) 非法操作Public
[ 2014-07-03T13:45:22+08:00 ] ERR: (ThinkException) 非法操作Public
[ 2014-07-03T13:45:22+08:00 ] ERR: (ThinkException) 非法操作Public
[ 2014-07-03T13:45:22+08:00 ] ERR: (ThinkException) 非法操作Public
[ 2014-07-03T13:53:54+08:00 ] ERR: (ThinkException) 非法操作Public
[ 2014-07-03T13:53:54+08:00 ] ERR: (ThinkException) 非法操作Public
[ 2014-07-03T13:53:54+08:00 ] ERR: (ThinkException) 非法操作Public
[ 2014-07-03T13:53:54+08:00 ] ERR: (ThinkException) 非法操作Public
[ 2014-07-03T13:53:54+08:00 ] ERR: (ThinkException) 非法操作Public
[ 2014-07-03T13:53:54+08:00 ] ERR: (ThinkException) 非法操作Public
[ 2014-07-03T13:53:54+08:00 ] ERR: (ThinkException) 非法操作Public
[ 2014-07-03T13:53:54+08:00 ] ERR: (ThinkException) 非法操作Public
[ 2014-07-03T13:53:54+08:00 ] ERR: (ThinkException) 非法操作Public
[ 2014-07-03T13:53:54+08:00 ] ERR: (ThinkException) 非法操作Public
[ 2014-07-03T13:53:54+08:00 ] ERR: (ThinkException) 非法操作Public
[ 2014-07-03T13:53:54+08:00 ] ERR: (ThinkException) 非法操作Public
[ 2014-07-03T13:53:54+08:00 ] ERR: (ThinkException) 非法操作Public
[ 2014-07-03T13:53:54+08:00 ] ERR: (ThinkException) 非法操作Public
[ 2014-07-03T13:53:54+08:00 ] ERR: (ThinkException) 非法操作Public
[ 2014-07-03T13:53:54+08:00 ] ERR: (ThinkException) 非法操作Public
[ 2014-07-03T13:53:54+08:00 ] ERR: (ThinkException) 非法操作Public
[ 2014-07-03T13:53:54+08:00 ] ERR: (ThinkException) 非法操作Public
[ 2014-07-03T13:53:54+08:00 ] ERR: (ThinkException) 非法操作Public
[ 2014-07-03T13:53:54+08:00 ] ERR: (ThinkException) 非法操作Public
[ 2014-07-03T13:53:54+08:00 ] ERR: (ThinkException) 非法操作Public
[ 2014-07-03T13:53:54+08:00 ] ERR: (ThinkException) 非法操作Public
[ 2014-07-03T13:53:54+08:00 ] ERR: (ThinkException) 非法操作Public
[ 2014-07-03T13:53:54+08:00 ] ERR: (ThinkException) 非法操作Public
[ 2014-07-03T13:53:54+08:00 ] ERR: (ThinkException) 非法操作Public
[ 2014-07-03T13:54:53+08:00 ] ERR: (ThinkException) 非法操作Public
[ 2014-07-03T13:54:53+08:00 ] ERR: (ThinkException) 非法操作Public
[ 2014-07-03T13:54:53+08:00 ] ERR: (ThinkException) 非法操作Public
[ 2014-07-03T13:54:53+08:00 ] ERR: (ThinkException) 非法操作Public
[ 2014-07-03T13:54:53+08:00 ] ERR: (ThinkException) 非法操作Public
[ 2014-07-03T13:54:53+08:00 ] ERR: (ThinkException) 非法操作Public
[ 2014-07-03T13:54:53+08:00 ] ERR: (ThinkException) 非法操作Public
[ 2014-07-03T13:54:53+08:00 ] ERR: (ThinkException) 非法操作Public
[ 2014-07-03T13:54:53+08:00 ] ERR: (ThinkException) 非法操作Public
[ 2014-07-03T13:54:53+08:00 ] ERR: (ThinkException) 非法操作Public
[ 2014-07-03T13:54:53+08:00 ] ERR: (ThinkException) 非法操作Public
[ 2014-07-03T13:54:53+08:00 ] ERR: (ThinkException) 非法操作Public
[ 2014-07-03T13:54:53+08:00 ] ERR: (ThinkException) 非法操作Public
[ 2014-07-03T13:54:53+08:00 ] ERR: (ThinkException) 非法操作Public
[ 2014-07-03T13:54:53+08:00 ] ERR: (ThinkException) 非法操作Public
[ 2014-07-03T13:54:53+08:00 ] ERR: (ThinkException) 非法操作Public
[ 2014-07-03T13:54:53+08:00 ] ERR: (ThinkException) 非法操作Public
[ 2014-07-03T13:54:53+08:00 ] ERR: (ThinkException) 非法操作Public
[ 2014-07-03T13:54:53+08:00 ] ERR: (ThinkException) 非法操作Public
[ 2014-07-03T13:54:53+08:00 ] ERR: (ThinkException) 非法操作Public
[ 2014-07-03T13:54:53+08:00 ] ERR: (ThinkException) 非法操作Public
[ 2014-07-03T13:54:53+08:00 ] ERR: (ThinkException) 非法操作Public
[ 2014-07-03T13:54:53+08:00 ] ERR: (ThinkException) 非法操作Public
[ 2014-07-03T13:54:53+08:00 ] ERR: (ThinkException) 非法操作Public
[ 2014-07-03T13:54:53+08:00 ] ERR: (ThinkException) 非法操作Public
[ 2014-07-03T13:55:38+08:00 ] ERR: (ThinkException) 非法操作Public
[ 2014-07-03T13:55:38+08:00 ] ERR: (ThinkException) 非法操作Public
[ 2014-07-03T13:55:38+08:00 ] ERR: (ThinkException) 非法操作Public
[ 2014-07-03T13:55:38+08:00 ] ERR: (ThinkException) 非法操作Public
[ 2014-07-03T13:55:38+08:00 ] ERR: (ThinkException) 非法操作Public
[ 2014-07-03T13:55:38+08:00 ] ERR: (ThinkException) 非法操作Public
[ 2014-07-03T13:55:38+08:00 ] ERR: (ThinkException) 非法操作Public
[ 2014-07-03T13:55:38+08:00 ] ERR: (ThinkException) 非法操作Public
[ 2014-07-03T13:55:38+08:00 ] ERR: (ThinkException) 非法操作Public
[ 2014-07-03T13:55:38+08:00 ] ERR: (ThinkException) 非法操作Public
[ 2014-07-03T13:55:38+08:00 ] ERR: (ThinkException) 非法操作Public
[ 2014-07-03T13:55:38+08:00 ] ERR: (ThinkException) 非法操作Public
[ 2014-07-03T13:55:38+08:00 ] ERR: (ThinkException) 非法操作Public
[ 2014-07-03T13:55:38+08:00 ] ERR: (ThinkException) 非法操作Public
[ 2014-07-03T13:55:38+08:00 ] ERR: (ThinkException) 非法操作Public
[ 2014-07-03T13:55:38+08:00 ] ERR: (ThinkException) 非法操作Public
[ 2014-07-03T13:55:38+08:00 ] ERR: (ThinkException) 非法操作Public
[ 2014-07-03T13:55:38+08:00 ] ERR: (ThinkException) 非法操作Public
[ 2014-07-03T13:55:38+08:00 ] ERR: (ThinkException) 非法操作Public
[ 2014-07-03T13:55:38+08:00 ] ERR: (ThinkException) 非法操作Public
[ 2014-07-03T13:55:38+08:00 ] ERR: (ThinkException) 非法操作Public
[ 2014-07-03T13:55:38+08:00 ] ERR: (ThinkException) 非法操作Public
[ 2014-07-03T13:55:38+08:00 ] ERR: (ThinkException) 非法操作Public
[ 2014-07-03T13:55:38+08:00 ] ERR: (ThinkException) 非法操作Public
[ 2014-07-03T13:55:38+08:00 ] ERR: (ThinkException) 非法操作Public
[ 2014-07-03T13:59:23+08:00 ] ERR: (ThinkException) 非法操作Public
[ 2014-07-03T13:59:23+08:00 ] ERR: (ThinkException) 非法操作Public
[ 2014-07-03T13:59:23+08:00 ] ERR: (ThinkException) 非法操作Public
[ 2014-07-03T13:59:23+08:00 ] ERR: (ThinkException) 非法操作Public
[ 2014-07-03T13:59:23+08:00 ] ERR: (ThinkException) 非法操作Public
[ 2014-07-03T13:59:23+08:00 ] ERR: (ThinkException) 非法操作Public
[ 2014-07-03T13:59:24+08:00 ] ERR: (ThinkException) 非法操作Public
[ 2014-07-03T13:59:24+08:00 ] ERR: (ThinkException) 非法操作Public
[ 2014-07-03T13:59:24+08:00 ] ERR: (ThinkException) 非法操作Public
[ 2014-07-03T13:59:24+08:00 ] ERR: (ThinkException) 非法操作Public
[ 2014-07-03T13:59:24+08:00 ] ERR: (ThinkException) 非法操作Public
[ 2014-07-03T13:59:24+08:00 ] ERR: (ThinkException) 非法操作Public
[ 2014-07-03T13:59:24+08:00 ] ERR: (ThinkException) 非法操作Public
[ 2014-07-03T13:59:24+08:00 ] ERR: (ThinkException) 非法操作Public
[ 2014-07-03T13:59:24+08:00 ] ERR: (ThinkException) 非法操作Public
[ 2014-07-03T13:59:24+08:00 ] ERR: (ThinkException) 非法操作Public
[ 2014-07-03T13:59:24+08:00 ] ERR: (ThinkException) 非法操作Public
[ 2014-07-03T13:59:24+08:00 ] ERR: (ThinkException) 非法操作Public
[ 2014-07-03T13:59:24+08:00 ] ERR: (ThinkException) 非法操作Public
[ 2014-07-03T13:59:24+08:00 ] ERR: (ThinkException) 非法操作Public
[ 2014-07-03T13:59:24+08:00 ] ERR: (ThinkException) 非法操作Public
[ 2014-07-03T13:59:24+08:00 ] ERR: (ThinkException) 非法操作Public
[ 2014-07-03T13:59:24+08:00 ] ERR: (ThinkException) 非法操作Public
[ 2014-07-03T13:59:24+08:00 ] ERR: (ThinkException) 非法操作Public
[ 2014-07-03T13:59:24+08:00 ] ERR: (ThinkException) 非法操作Public
[ 2014-07-03T14:34:18+08:00 ] ERR: (ThinkException) 非法操作Public
[ 2014-07-03T14:34:19+08:00 ] ERR: (ThinkException) 非法操作Public
[ 2014-07-03T14:34:19+08:00 ] ERR: (ThinkException) 非法操作Public
[ 2014-07-03T14:34:19+08:00 ] ERR: (ThinkException) 非法操作Public
[ 2014-07-03T14:34:19+08:00 ] ERR: (ThinkException) 非法操作Public
[ 2014-07-03T14:34:19+08:00 ] ERR: (ThinkException) 非法操作Public
[ 2014-07-03T14:34:19+08:00 ] ERR: (ThinkException) 非法操作Public
[ 2014-07-03T14:34:19+08:00 ] ERR: (ThinkException) 非法操作Public
[ 2014-07-03T14:34:19+08:00 ] ERR: (ThinkException) 非法操作Public
[ 2014-07-03T14:34:19+08:00 ] ERR: (ThinkException) 非法操作Public
[ 2014-07-03T14:34:19+08:00 ] ERR: (ThinkException) 非法操作Public
[ 2014-07-03T14:34:19+08:00 ] ERR: (ThinkException) 非法操作Public
[ 2014-07-03T14:34:19+08:00 ] ERR: (ThinkException) 非法操作Public
[ 2014-07-03T14:34:19+08:00 ] ERR: (ThinkException) 非法操作Public
[ 2014-07-03T14:34:19+08:00 ] ERR: (ThinkException) 非法操作Public
[ 2014-07-03T14:34:19+08:00 ] ERR: (ThinkException) 非法操作Public
[ 2014-07-03T14:34:19+08:00 ] ERR: (ThinkException) 非法操作Public
[ 2014-07-03T14:34:19+08:00 ] ERR: (ThinkException) 非法操作Public
[ 2014-07-03T14:34:19+08:00 ] ERR: (ThinkException) 非法操作Public
[ 2014-07-03T14:34:19+08:00 ] ERR: (ThinkException) 非法操作Public
[ 2014-07-03T14:34:19+08:00 ] ERR: (ThinkException) 非法操作Public
[ 2014-07-03T14:34:19+08:00 ] ERR: (ThinkException) 非法操作Public
[ 2014-07-03T14:34:19+08:00 ] ERR: (ThinkException) 非法操作Public
[ 2014-07-03T14:34:19+08:00 ] ERR: (ThinkException) 非法操作Public
[ 2014-07-03T14:34:19+08:00 ] ERR: (ThinkException) 非法操作Public
[ 2014-07-03T14:34:25+08:00 ] ERR: (ThinkException) 非法操作Public
[ 2014-07-03T14:34:25+08:00 ] ERR: (ThinkException) 非法操作Public
[ 2014-07-03T14:34:25+08:00 ] ERR: (ThinkException) 非法操作Public
[ 2014-07-03T14:34:25+08:00 ] ERR: (ThinkException) 非法操作Public
[ 2014-07-03T14:34:25+08:00 ] ERR: (ThinkException) 非法操作Public
[ 2014-07-03T14:34:25+08:00 ] ERR: (ThinkException) 非法操作Public
[ 2014-07-03T14:34:25+08:00 ] ERR: (ThinkException) 非法操作Public
[ 2014-07-03T14:34:25+08:00 ] ERR: (ThinkException) 非法操作Public
[ 2014-07-03T14:34:25+08:00 ] ERR: (ThinkException) 非法操作Public
[ 2014-07-03T14:34:25+08:00 ] ERR: (ThinkException) 非法操作Public
[ 2014-07-03T14:34:25+08:00 ] ERR: (ThinkException) 非法操作Public
[ 2014-07-03T14:34:25+08:00 ] ERR: (ThinkException) 非法操作Public
[ 2014-07-03T14:34:25+08:00 ] ERR: (ThinkException) 非法操作Public
[ 2014-07-03T14:34:25+08:00 ] ERR: (ThinkException) 非法操作Public
[ 2014-07-03T14:34:25+08:00 ] ERR: (ThinkException) 非法操作Public
[ 2014-07-03T14:34:25+08:00 ] ERR: (ThinkException) 非法操作Public
[ 2014-07-03T14:34:25+08:00 ] ERR: (ThinkException) 非法操作Public
[ 2014-07-03T14:34:25+08:00 ] ERR: (ThinkException) 非法操作Public
[ 2014-07-03T14:34:25+08:00 ] ERR: (ThinkException) 非法操作Public
[ 2014-07-03T14:34:25+08:00 ] ERR: (ThinkException) 非法操作Public
[ 2014-07-03T14:34:25+08:00 ] ERR: (ThinkException) 非法操作Public
[ 2014-07-03T14:34:25+08:00 ] ERR: (ThinkException) 非法操作Public
[ 2014-07-03T14:34:25+08:00 ] ERR: (ThinkException) 非法操作Public
[ 2014-07-03T14:34:25+08:00 ] ERR: (ThinkException) 非法操作Public
[ 2014-07-03T14:34:25+08:00 ] ERR: (ThinkException) 非法操作Public
[ 2014-07-03T16:11:07+08:00 ] ERR: (ThinkException) 非法操作fanhui
[ 2014-07-03T16:27:35+08:00 ] ERR: (ThinkException) 非法操作Public
[ 2014-07-03T16:27:36+08:00 ] ERR: (ThinkException) 非法操作Public
[ 2014-07-03T16:27:36+08:00 ] ERR: (ThinkException) 非法操作Public
[ 2014-07-03T16:27:36+08:00 ] ERR: (ThinkException) 非法操作Public
[ 2014-07-03T16:27:36+08:00 ] ERR: (ThinkException) 非法操作Public
[ 2014-07-03T16:27:36+08:00 ] ERR: (ThinkException) 非法操作Public
[ 2014-07-03T16:27:36+08:00 ] ERR: (ThinkException) 非法操作Public
[ 2014-07-03T16:27:36+08:00 ] ERR: (ThinkException) 非法操作Public
[ 2014-07-03T16:27:36+08:00 ] ERR: (ThinkException) 非法操作Public
[ 2014-07-03T16:27:36+08:00 ] ERR: (ThinkException) 非法操作Public
[ 2014-07-03T16:27:36+08:00 ] ERR: (ThinkException) 非法操作Public
[ 2014-07-03T16:27:36+08:00 ] ERR: (ThinkException) 非法操作Public
[ 2014-07-03T16:27:36+08:00 ] ERR: (ThinkException) 非法操作Public
[ 2014-07-03T16:27:36+08:00 ] ERR: (ThinkException) 非法操作Public
[ 2014-07-03T16:27:36+08:00 ] ERR: (ThinkException) 非法操作Public
[ 2014-07-03T16:27:36+08:00 ] ERR: (ThinkException) 非法操作Public
[ 2014-07-03T16:27:36+08:00 ] ERR: (ThinkException) 非法操作Public
[ 2014-07-03T16:27:36+08:00 ] ERR: (ThinkException) 非法操作Public
[ 2014-07-03T16:27:36+08:00 ] ERR: (ThinkException) 非法操作Public
[ 2014-07-03T16:27:36+08:00 ] ERR: (ThinkException) 非法操作Public
[ 2014-07-03T16:27:36+08:00 ] ERR: (ThinkException) 非法操作Public
[ 2014-07-03T16:27:36+08:00 ] ERR: (ThinkException) 非法操作Public
[ 2014-07-03T16:27:36+08:00 ] ERR: (ThinkException) 非法操作Public
[ 2014-07-03T16:27:36+08:00 ] ERR: (ThinkException) 非法操作Public
[ 2014-07-03T16:27:36+08:00 ] ERR: (ThinkException) 非法操作Public
[ 2014-07-03T16:27:47+08:00 ] ERR: (ThinkException) 非法操作Public
[ 2014-07-03T16:27:47+08:00 ] ERR: (ThinkException) 非法操作Public
[ 2014-07-03T16:27:47+08:00 ] ERR: (ThinkException) 非法操作Public
[ 2014-07-03T16:27:47+08:00 ] ERR: (ThinkException) 非法操作Public
[ 2014-07-03T16:27:47+08:00 ] ERR: (ThinkException) 非法操作Public
[ 2014-07-03T16:27:47+08:00 ] ERR: (ThinkException) 非法操作Public
[ 2014-07-03T16:27:47+08:00 ] ERR: (ThinkException) 非法操作Public
[ 2014-07-03T16:27:47+08:00 ] ERR: (ThinkException) 非法操作Public
[ 2014-07-03T16:27:47+08:00 ] ERR: (ThinkException) 非法操作Public
[ 2014-07-03T16:27:47+08:00 ] ERR: (ThinkException) 非法操作Public
[ 2014-07-03T16:27:47+08:00 ] ERR: (ThinkException) 非法操作Public
[ 2014-07-03T16:27:47+08:00 ] ERR: (ThinkException) 非法操作Public
[ 2014-07-03T16:27:47+08:00 ] ERR: (ThinkException) 非法操作Public
[ 2014-07-03T16:27:47+08:00 ] ERR: (ThinkException) 非法操作Public
[ 2014-07-03T16:27:47+08:00 ] ERR: (ThinkException) 非法操作Public
[ 2014-07-03T16:27:47+08:00 ] ERR: (ThinkException) 非法操作Public
[ 2014-07-03T16:27:47+08:00 ] ERR: (ThinkException) 非法操作Public
[ 2014-07-03T16:27:47+08:00 ] ERR: (ThinkException) 非法操作Public
[ 2014-07-03T16:27:47+08:00 ] ERR: (ThinkException) 非法操作Public
[ 2014-07-03T16:27:47+08:00 ] ERR: (ThinkException) 非法操作Public
[ 2014-07-03T16:27:47+08:00 ] ERR: (ThinkException) 非法操作Public
[ 2014-07-03T16:27:47+08:00 ] ERR: (ThinkException) 非法操作Public
[ 2014-07-03T16:27:47+08:00 ] ERR: (ThinkException) 非法操作Public
[ 2014-07-03T16:27:47+08:00 ] ERR: (ThinkException) 非法操作Public
[ 2014-07-03T16:27:47+08:00 ] ERR: (ThinkException) 非法操作Public
[ 2014-07-03T16:27:47+08:00 ] ERR: (ThinkException) 非法操作Public
[ 2014-07-03T16:27:47+08:00 ] ERR: (ThinkException) 非法操作Public
[ 2014-07-03T16:27:47+08:00 ] ERR: (ThinkException) 非法操作Public
[ 2014-07-03T16:27:47+08:00 ] ERR: (ThinkException) 非法操作Public
[ 2014-07-03T16:27:53+08:00 ] ERR: (ThinkException) 非法操作Public
[ 2014-07-03T16:27:53+08:00 ] ERR: (ThinkException) 非法操作Public
[ 2014-07-03T16:27:53+08:00 ] ERR: (ThinkException) 非法操作Public
[ 2014-07-03T16:27:53+08:00 ] ERR: (ThinkException) 非法操作Public
[ 2014-07-03T16:28:01+08:00 ] ERR: (ThinkException) 非法操作Public
[ 2014-07-03T16:28:01+08:00 ] ERR: (ThinkException) 非法操作Public
[ 2014-07-03T16:28:01+08:00 ] ERR: (ThinkException) 非法操作Public
[ 2014-07-03T16:28:01+08:00 ] ERR: (ThinkException) 非法操作Public
[ 2014-07-03T16:28:01+08:00 ] ERR: (ThinkException) 非法操作Public
[ 2014-07-03T16:28:01+08:00 ] ERR: (ThinkException) 非法操作Public
[ 2014-07-03T16:28:01+08:00 ] ERR: (ThinkException) 非法操作Public
[ 2014-07-03T16:28:01+08:00 ] ERR: (ThinkException) 非法操作Public
[ 2014-07-03T16:28:01+08:00 ] ERR: (ThinkException) 非法操作Public
[ 2014-07-03T16:28:01+08:00 ] ERR: (ThinkException) 非法操作Public
[ 2014-07-03T16:28:01+08:00 ] ERR: (ThinkException) 非法操作Public
[ 2014-07-03T16:28:01+08:00 ] ERR: (ThinkException) 非法操作Public
[ 2014-07-03T16:28:01+08:00 ] ERR: (ThinkException) 非法操作Public
[ 2014-07-03T16:28:01+08:00 ] ERR: (ThinkException) 非法操作Public
[ 2014-07-03T16:28:01+08:00 ] ERR: (ThinkException) 非法操作Public
[ 2014-07-03T16:28:01+08:00 ] ERR: (ThinkException) 非法操作Public
[ 2014-07-03T16:28:01+08:00 ] ERR: (ThinkException) 非法操作Public
[ 2014-07-03T16:28:01+08:00 ] ERR: (ThinkException) 非法操作Public
[ 2014-07-03T16:28:01+08:00 ] ERR: (ThinkException) 非法操作Public
[ 2014-07-03T16:28:01+08:00 ] ERR: (ThinkException) 非法操作Public
[ 2014-07-03T16:28:01+08:00 ] ERR: (ThinkException) 非法操作Public
[ 2014-07-03T16:28:01+08:00 ] ERR: (ThinkException) 非法操作Public
[ 2014-07-03T16:28:01+08:00 ] ERR: (ThinkException) 非法操作Public
[ 2014-07-03T16:28:01+08:00 ] ERR: (ThinkException) 非法操作Public
[ 2014-07-03T16:28:01+08:00 ] ERR: (ThinkException) 非法操作Public
[ 2014-07-03T16:28:02+08:00 ] ERR: (ThinkException) 非法操作Public
[ 2014-07-03T16:28:02+08:00 ] ERR: (ThinkException) 非法操作Public
[ 2014-07-03T16:28:02+08:00 ] ERR: (ThinkException) 非法操作Public
[ 2014-07-03T16:28:02+08:00 ] ERR: (ThinkException) 非法操作Public
