[ 2014-07-08T09:05:49+08:00 ] ERR: (ThinkException) 无法加载模块Public
[ 2014-07-08T10:28:16+08:00 ] ERR: (ThinkException) 无法加载模块Public
[ 2014-07-08T10:39:16+08:00 ] ERR: (ThinkException) 无法加载模块Public
[ 2014-07-08T10:39:16+08:00 ] ERR: (ThinkException) 无法加载模块Public
[ 2014-07-08T10:49:08+08:00 ] ERR: (ThinkException) 无法加载模块Public
[ 2014-07-08T10:49:45+08:00 ] ERR: (ThinkException) 无法加载模块Public
[ 2014-07-08T10:49:45+08:00 ] ERR: (ThinkException) 无法加载模块Public
[ 2014-07-08T10:49:46+08:00 ] ERR: (ThinkException) 无法加载模块Public
[ 2014-07-08T10:50:33+08:00 ] ERR: (ThinkException) 无法加载模块Public
[ 2014-07-08T10:50:33+08:00 ] ERR: (ThinkException) 无法加载模块Public
[ 2014-07-08T10:50:33+08:00 ] ERR: (ThinkException) 无法加载模块Public
[ 2014-07-08T10:51:07+08:00 ] ERR: (ThinkException) 无法加载模块Public
[ 2014-07-08T10:51:07+08:00 ] ERR: (ThinkException) 无法加载模块Public
[ 2014-07-08T10:51:07+08:00 ] ERR: (ThinkException) 无法加载模块Public
[ 2014-07-08T10:51:16+08:00 ] ERR: (ThinkException) 无法加载模块Public
[ 2014-07-08T10:51:16+08:00 ] ERR: (ThinkException) 无法加载模块Public
[ 2014-07-08T10:51:16+08:00 ] ERR: (ThinkException) 无法加载模块Public
[ 2014-07-08T10:51:19+08:00 ] ERR: (ThinkException) 无法加载模块Public
[ 2014-07-08T10:51:19+08:00 ] ERR: (ThinkException) 无法加载模块Public
[ 2014-07-08T10:51:19+08:00 ] ERR: (ThinkException) 无法加载模块Public
[ 2014-07-08T10:52:18+08:00 ] ERR: (ThinkException) 无法加载模块Public
[ 2014-07-08T10:52:18+08:00 ] ERR: (ThinkException) 无法加载模块Public
[ 2014-07-08T10:53:31+08:00 ] ERR: (ThinkException) 无法加载模块Public
[ 2014-07-08T10:53:31+08:00 ] ERR: (ThinkException) 无法加载模块Public
[ 2014-07-08T10:53:58+08:00 ] ERR: (ThinkException) 无法加载模块Public
[ 2014-07-08T10:53:58+08:00 ] ERR: (ThinkException) 无法加载模块Public
[ 2014-07-08T10:54:08+08:00 ] ERR: (ThinkException) 无法加载模块Public
[ 2014-07-08T10:54:08+08:00 ] ERR: (ThinkException) 无法加载模块Public
[ 2014-07-08T10:54:08+08:00 ] ERR: (ThinkException) 无法加载模块Public
[ 2014-07-08T10:54:47+08:00 ] ERR: (ThinkException) 无法加载模块Public
[ 2014-07-08T10:54:47+08:00 ] ERR: (ThinkException) 无法加载模块Public
[ 2014-07-08T10:54:48+08:00 ] ERR: (ThinkException) 无法加载模块Public
[ 2014-07-08T10:55:00+08:00 ] ERR: (ThinkException) 无法加载模块Public
[ 2014-07-08T10:56:06+08:00 ] ERR: (ThinkException) 无法加载模块Public
[ 2014-07-08T10:56:06+08:00 ] ERR: (ThinkException) 无法加载模块Public
[ 2014-07-08T10:56:06+08:00 ] ERR: (ThinkException) 无法加载模块Public
[ 2014-07-08T10:56:42+08:00 ] ERR: (ThinkException) 非法操作Public
[ 2014-07-08T10:56:42+08:00 ] ERR: (ThinkException) 非法操作Public
[ 2014-07-08T10:56:42+08:00 ] ERR: (ThinkException) 非法操作Public
[ 2014-07-08T10:56:43+08:00 ] ERR: (ThinkException) 非法操作Public
[ 2014-07-08T10:56:43+08:00 ] ERR: (ThinkException) 非法操作Public
[ 2014-07-08T10:56:43+08:00 ] ERR: (ThinkException) 非法操作Public
[ 2014-07-08T10:56:43+08:00 ] ERR: (ThinkException) 非法操作Public
[ 2014-07-08T10:56:43+08:00 ] ERR: (ThinkException) 非法操作Public
[ 2014-07-08T10:56:43+08:00 ] ERR: (ThinkException) 非法操作Public
[ 2014-07-08T10:57:38+08:00 ] ERR: (ThinkException) 非法操作Public
[ 2014-07-08T10:57:38+08:00 ] ERR: (ThinkException) 非法操作Public
[ 2014-07-08T10:57:38+08:00 ] ERR: (ThinkException) 非法操作Public
[ 2014-07-08T10:57:39+08:00 ] ERR: (ThinkException) 非法操作Public
[ 2014-07-08T10:57:39+08:00 ] ERR: (ThinkException) 非法操作Public
[ 2014-07-08T10:57:39+08:00 ] ERR: (ThinkException) 非法操作Public
[ 2014-07-08T10:58:43+08:00 ] ERR: (ThinkException) 非法操作Public
[ 2014-07-08T10:58:43+08:00 ] ERR: (ThinkException) 非法操作Public
[ 2014-07-08T10:58:43+08:00 ] ERR: (ThinkException) 非法操作Public
[ 2014-07-08T10:58:44+08:00 ] ERR: (ThinkException) 非法操作Public
[ 2014-07-08T10:58:44+08:00 ] ERR: (ThinkException) 非法操作Public
[ 2014-07-08T10:58:44+08:00 ] ERR: (ThinkException) 非法操作Public
[ 2014-07-08T10:58:46+08:00 ] ERR: (ThinkException) 无法加载模块Public
[ 2014-07-08T10:58:59+08:00 ] ERR: (ThinkException) 非法操作Public
[ 2014-07-08T10:58:59+08:00 ] ERR: (ThinkException) 非法操作Public
[ 2014-07-08T10:58:59+08:00 ] ERR: (ThinkException) 非法操作Public
[ 2014-07-08T10:58:59+08:00 ] ERR: (ThinkException) 非法操作Public
[ 2014-07-08T10:58:59+08:00 ] ERR: (ThinkException) 非法操作Public
[ 2014-07-08T10:58:59+08:00 ] ERR: (ThinkException) 无法加载模块Public
[ 2014-07-08T10:58:59+08:00 ] ERR: (ThinkException) 非法操作Public
[ 2014-07-08T10:58:59+08:00 ] ERR: (ThinkException) 非法操作Public
[ 2014-07-08T10:59:02+08:00 ] ERR: (ThinkException) 非法操作Public
[ 2014-07-08T10:59:02+08:00 ] ERR: (ThinkException) 非法操作Public
[ 2014-07-08T10:59:02+08:00 ] ERR: (ThinkException) 非法操作Public
[ 2014-07-08T10:59:02+08:00 ] ERR: (ThinkException) 非法操作Public
[ 2014-07-08T10:59:02+08:00 ] ERR: (ThinkException) 非法操作Public
[ 2014-07-08T10:59:02+08:00 ] ERR: (ThinkException) 非法操作Public
[ 2014-07-08T10:59:02+08:00 ] ERR: (ThinkException) 无法加载模块Public
[ 2014-07-08T10:59:02+08:00 ] ERR: (ThinkException) 非法操作Public
[ 2014-07-08T10:59:02+08:00 ] ERR: (ThinkException) 非法操作Public
[ 2014-07-08T10:59:02+08:00 ] ERR: (ThinkException) 非法操作Public
[ 2014-07-08T10:59:02+08:00 ] ERR: (ThinkException) 无法加载模块Public
[ 2014-07-08T10:59:03+08:00 ] ERR: (ThinkException) 非法操作Public
[ 2014-07-08T10:59:03+08:00 ] ERR: (ThinkException) 非法操作Public
[ 2014-07-08T10:59:03+08:00 ] ERR: (ThinkException) 非法操作Public
[ 2014-07-08T10:59:03+08:00 ] ERR: (ThinkException) 无法加载模块Public
[ 2014-07-08T10:59:03+08:00 ] ERR: (ThinkException) 非法操作Public
[ 2014-07-08T10:59:03+08:00 ] ERR: (ThinkException) 非法操作Public
[ 2014-07-08T10:59:03+08:00 ] ERR: (ThinkException) 非法操作Public
[ 2014-07-08T10:59:03+08:00 ] ERR: (ThinkException) 无法加载模块Public
[ 2014-07-08T10:59:03+08:00 ] ERR: (ThinkException) 非法操作Public
[ 2014-07-08T10:59:03+08:00 ] ERR: (ThinkException) 非法操作Public
[ 2014-07-08T10:59:03+08:00 ] ERR: (ThinkException) 非法操作Public
[ 2014-07-08T10:59:03+08:00 ] ERR: (ThinkException) 无法加载模块Public
[ 2014-07-08T10:59:03+08:00 ] ERR: (ThinkException) 非法操作Public
[ 2014-07-08T10:59:03+08:00 ] ERR: (ThinkException) 非法操作Public
[ 2014-07-08T10:59:03+08:00 ] ERR: (ThinkException) 非法操作Public
[ 2014-07-08T10:59:03+08:00 ] ERR: (ThinkException) 无法加载模块Public
[ 2014-07-08T10:59:03+08:00 ] ERR: (ThinkException) 非法操作Public
[ 2014-07-08T10:59:03+08:00 ] ERR: (ThinkException) 非法操作Public
[ 2014-07-08T10:59:03+08:00 ] ERR: (ThinkException) 非法操作Public
[ 2014-07-08T10:59:03+08:00 ] ERR: (ThinkException) 无法加载模块Public
[ 2014-07-08T10:59:03+08:00 ] ERR: (ThinkException) 非法操作Public
[ 2014-07-08T10:59:03+08:00 ] ERR: (ThinkException) 非法操作Public
[ 2014-07-08T10:59:03+08:00 ] ERR: (ThinkException) 非法操作Public
[ 2014-07-08T10:59:03+08:00 ] ERR: (ThinkException) 无法加载模块Public
[ 2014-07-08T10:59:05+08:00 ] ERR: (ThinkException) 非法操作Public
[ 2014-07-08T10:59:05+08:00 ] ERR: (ThinkException) 非法操作Public
[ 2014-07-08T10:59:05+08:00 ] ERR: (ThinkException) 非法操作Public
[ 2014-07-08T10:59:05+08:00 ] ERR: (ThinkException) 非法操作Public
[ 2014-07-08T10:59:05+08:00 ] ERR: (ThinkException) 无法加载模块Public
[ 2014-07-08T10:59:05+08:00 ] ERR: (ThinkException) 非法操作Public
[ 2014-07-08T11:00:04+08:00 ] ERR: (ThinkException) 非法操作Public
[ 2014-07-08T11:00:04+08:00 ] ERR: (ThinkException) 非法操作Public
[ 2014-07-08T11:00:04+08:00 ] ERR: (ThinkException) 非法操作Public
[ 2014-07-08T11:00:04+08:00 ] ERR: (ThinkException) 无法加载模块Public
[ 2014-07-08T11:00:05+08:00 ] ERR: (ThinkException) 非法操作Public
[ 2014-07-08T11:00:05+08:00 ] ERR: (ThinkException) 非法操作Public
[ 2014-07-08T11:00:05+08:00 ] ERR: (ThinkException) 非法操作Public
[ 2014-07-08T11:00:05+08:00 ] ERR: (ThinkException) 无法加载模块Public
[ 2014-07-08T11:00:06+08:00 ] ERR: (ThinkException) 非法操作Public
[ 2014-07-08T11:00:06+08:00 ] ERR: (ThinkException) 非法操作Public
[ 2014-07-08T11:00:06+08:00 ] ERR: (ThinkException) 非法操作Public
[ 2014-07-08T11:00:06+08:00 ] ERR: (ThinkException) 非法操作Public
[ 2014-07-08T11:00:06+08:00 ] ERR: (ThinkException) 无法加载模块Public
[ 2014-07-08T11:00:06+08:00 ] ERR: (ThinkException) 非法操作Public
[ 2014-07-08T11:00:12+08:00 ] ERR: (ThinkException) 非法操作Public
[ 2014-07-08T11:00:12+08:00 ] ERR: (ThinkException) 非法操作Public
[ 2014-07-08T11:00:12+08:00 ] ERR: (ThinkException) 非法操作Public
[ 2014-07-08T11:00:12+08:00 ] ERR: (ThinkException) 无法加载模块Public
[ 2014-07-08T11:00:17+08:00 ] ERR: (ThinkException) 非法操作Public
[ 2014-07-08T11:00:17+08:00 ] ERR: (ThinkException) 非法操作Public
[ 2014-07-08T11:00:17+08:00 ] ERR: (ThinkException) 非法操作Public
[ 2014-07-08T11:00:29+08:00 ] ERR: (ThinkException) 非法操作Public
[ 2014-07-08T11:00:37+08:00 ] ERR: (ThinkException) 无法加载模块Public
[ 2014-07-08T11:01:41+08:00 ] ERR: (ThinkException) 非法操作Public
[ 2014-07-08T11:01:41+08:00 ] ERR: (ThinkException) 非法操作Public
[ 2014-07-08T11:01:41+08:00 ] ERR: (ThinkException) 非法操作Public
[ 2014-07-08T11:01:41+08:00 ] ERR: (ThinkException) 非法操作Public
[ 2014-07-08T11:01:41+08:00 ] ERR: (ThinkException) 无法加载模块Public
[ 2014-07-08T11:01:41+08:00 ] ERR: (ThinkException) 非法操作Public
[ 2014-07-08T11:03:06+08:00 ] ERR: (ThinkException) 非法操作Public
[ 2014-07-08T11:03:06+08:00 ] ERR: (ThinkException) 非法操作Public
[ 2014-07-08T11:03:06+08:00 ] ERR: (ThinkException) 非法操作Public
[ 2014-07-08T11:03:06+08:00 ] ERR: (ThinkException) 无法加载模块Public
[ 2014-07-08T11:03:12+08:00 ] ERR: (ThinkException) 非法操作__Public__
[ 2014-07-08T11:03:12+08:00 ] ERR: (ThinkException) 非法操作__Public__
[ 2014-07-08T11:03:12+08:00 ] ERR: (ThinkException) 无法加载模块Public
[ 2014-07-08T11:03:12+08:00 ] ERR: (ThinkException) 非法操作__Public__
[ 2014-07-08T11:03:18+08:00 ] ERR: (ThinkException) 无法加载模块Public
[ 2014-07-08T11:03:18+08:00 ] ERR: (ThinkException) 无法加载模块Public
[ 2014-07-08T11:03:19+08:00 ] ERR: (ThinkException) 无法加载模块Public
[ 2014-07-08T11:03:19+08:00 ] ERR: (ThinkException) 无法加载模块Public
[ 2014-07-08T11:03:23+08:00 ] ERR: (ThinkException) 非法操作__Public__
[ 2014-07-08T11:03:23+08:00 ] ERR: (ThinkException) 非法操作__Public__
[ 2014-07-08T11:03:23+08:00 ] ERR: (ThinkException) 非法操作__Public__
[ 2014-07-08T11:03:23+08:00 ] ERR: (ThinkException) 无法加载模块Public
[ 2014-07-08T11:03:32+08:00 ] ERR: (ThinkException) 非法操作__Public__
[ 2014-07-08T11:03:54+08:00 ] ERR: (ThinkException) 非法操作__Public__
[ 2014-07-08T11:03:56+08:00 ] ERR: (ThinkException) 非法操作__Public__
[ 2014-07-08T11:03:56+08:00 ] ERR: (ThinkException) 非法操作__Public__
[ 2014-07-08T11:03:56+08:00 ] ERR: (ThinkException) 非法操作__Public__
[ 2014-07-08T11:03:56+08:00 ] ERR: (ThinkException) 无法加载模块Public
[ 2014-07-08T11:03:57+08:00 ] ERR: (ThinkException) 非法操作__Public__
[ 2014-07-08T11:03:57+08:00 ] ERR: (ThinkException) 非法操作__Public__
[ 2014-07-08T11:03:57+08:00 ] ERR: (ThinkException) 非法操作__Public__
[ 2014-07-08T11:03:57+08:00 ] ERR: (ThinkException) 无法加载模块Public
[ 2014-07-08T11:03:57+08:00 ] ERR: (ThinkException) 非法操作__Public__
[ 2014-07-08T11:03:57+08:00 ] ERR: (ThinkException) 非法操作__Public__
[ 2014-07-08T11:03:57+08:00 ] ERR: (ThinkException) 非法操作__Public__
[ 2014-07-08T11:03:57+08:00 ] ERR: (ThinkException) 无法加载模块Public
[ 2014-07-08T11:04:08+08:00 ] ERR: (ThinkException) 非法操作__Public__
[ 2014-07-08T11:04:08+08:00 ] ERR: (ThinkException) 非法操作__Public__
[ 2014-07-08T11:04:09+08:00 ] ERR: (ThinkException) 非法操作__Public__
[ 2014-07-08T11:04:09+08:00 ] ERR: (ThinkException) 非法操作__Public__
[ 2014-07-08T11:04:09+08:00 ] ERR: (ThinkException) 非法操作__Public__
[ 2014-07-08T11:04:09+08:00 ] ERR: (ThinkException) 非法操作__Public__
[ 2014-07-08T11:04:09+08:00 ] ERR: (ThinkException) 无法加载模块Public
[ 2014-07-08T11:04:09+08:00 ] ERR: (ThinkException) 非法操作__Public__
[ 2014-07-08T11:04:09+08:00 ] ERR: (ThinkException) 非法操作__Public__
[ 2014-07-08T11:04:09+08:00 ] ERR: (ThinkException) 非法操作__Public__
[ 2014-07-08T11:04:13+08:00 ] ERR: (ThinkException) 非法操作__Public__
[ 2014-07-08T11:04:13+08:00 ] ERR: (ThinkException) 非法操作__Public__
[ 2014-07-08T11:04:13+08:00 ] ERR: (ThinkException) 非法操作__Public__
[ 2014-07-08T11:04:13+08:00 ] ERR: (ThinkException) 无法加载模块Public
[ 2014-07-08T11:04:51+08:00 ] ERR: (ThinkException) 非法操作__Public__
[ 2014-07-08T11:04:51+08:00 ] ERR: (ThinkException) 非法操作__Public__
[ 2014-07-08T11:04:51+08:00 ] ERR: (ThinkException) 非法操作__Public__
[ 2014-07-08T11:04:51+08:00 ] ERR: (ThinkException) 无法加载模块Public
[ 2014-07-08T11:04:51+08:00 ] ERR: (ThinkException) 非法操作__Public__
[ 2014-07-08T11:04:51+08:00 ] ERR: (ThinkException) 非法操作__Public__
[ 2014-07-08T11:04:51+08:00 ] ERR: (ThinkException) 非法操作__Public__
[ 2014-07-08T11:04:51+08:00 ] ERR: (ThinkException) 无法加载模块Public
[ 2014-07-08T11:07:19+08:00 ] ERR: (ThinkException) 非法操作__Public__
[ 2014-07-08T11:07:19+08:00 ] ERR: (ThinkException) 非法操作__Public__
[ 2014-07-08T11:07:19+08:00 ] ERR: (ThinkException) 非法操作__Public__
[ 2014-07-08T11:07:19+08:00 ] ERR: (ThinkException) 无法加载模块Public
[ 2014-07-08T11:07:47+08:00 ] ERR: (ThinkException) 非法操作__Public__
[ 2014-07-08T11:07:47+08:00 ] ERR: (ThinkException) 非法操作__Public__
[ 2014-07-08T11:07:47+08:00 ] ERR: (ThinkException) 非法操作__Public__
[ 2014-07-08T11:07:47+08:00 ] ERR: (ThinkException) 无法加载模块Public
[ 2014-07-08T11:07:48+08:00 ] ERR: (ThinkException) 非法操作Public
[ 2014-07-08T11:07:48+08:00 ] ERR: (ThinkException) 非法操作Public
[ 2014-07-08T11:07:48+08:00 ] ERR: (ThinkException) 非法操作Public
[ 2014-07-08T11:07:48+08:00 ] ERR: (ThinkException) 无法加载模块Public
[ 2014-07-08T11:07:49+08:00 ] ERR: (ThinkException) 非法操作Public
[ 2014-07-08T11:07:49+08:00 ] ERR: (ThinkException) 非法操作Public
[ 2014-07-08T11:07:49+08:00 ] ERR: (ThinkException) 非法操作Public
[ 2014-07-08T11:07:49+08:00 ] ERR: (ThinkException) 无法加载模块Public
[ 2014-07-08T11:07:49+08:00 ] ERR: (ThinkException) 非法操作Public
[ 2014-07-08T11:07:49+08:00 ] ERR: (ThinkException) 非法操作Public
[ 2014-07-08T11:07:49+08:00 ] ERR: (ThinkException) 非法操作Public
[ 2014-07-08T11:07:49+08:00 ] ERR: (ThinkException) 无法加载模块Public
[ 2014-07-08T11:07:50+08:00 ] ERR: (ThinkException) 非法操作Public
[ 2014-07-08T11:07:50+08:00 ] ERR: (ThinkException) 非法操作Public
[ 2014-07-08T11:07:50+08:00 ] ERR: (ThinkException) 非法操作Public
[ 2014-07-08T11:07:50+08:00 ] ERR: (ThinkException) 无法加载模块Public
[ 2014-07-08T11:07:50+08:00 ] ERR: (ThinkException) 非法操作Public
[ 2014-07-08T11:07:50+08:00 ] ERR: (ThinkException) 非法操作Public
[ 2014-07-08T11:07:50+08:00 ] ERR: (ThinkException) 非法操作Public
[ 2014-07-08T11:07:50+08:00 ] ERR: (ThinkException) 无法加载模块Public
[ 2014-07-08T11:07:50+08:00 ] ERR: (ThinkException) 非法操作Public
[ 2014-07-08T11:07:50+08:00 ] ERR: (ThinkException) 非法操作Public
[ 2014-07-08T11:07:50+08:00 ] ERR: (ThinkException) 非法操作Public
[ 2014-07-08T11:07:50+08:00 ] ERR: (ThinkException) 无法加载模块Public
[ 2014-07-08T11:08:11+08:00 ] ERR: (ThinkException) 非法操作Public
[ 2014-07-08T11:08:11+08:00 ] ERR: (ThinkException) 非法操作Public
[ 2014-07-08T11:08:11+08:00 ] ERR: (ThinkException) 非法操作Public
[ 2014-07-08T11:08:11+08:00 ] ERR: (ThinkException) 无法加载模块Public
[ 2014-07-08T11:08:11+08:00 ] ERR: (ThinkException) 非法操作Public
[ 2014-07-08T11:08:11+08:00 ] ERR: (ThinkException) 非法操作Public
[ 2014-07-08T11:08:11+08:00 ] ERR: (ThinkException) 非法操作Public
[ 2014-07-08T11:08:11+08:00 ] ERR: (ThinkException) 非法操作Public
[ 2014-07-08T11:08:12+08:00 ] ERR: (ThinkException) 无法加载模块Public
[ 2014-07-08T11:08:12+08:00 ] ERR: (ThinkException) 非法操作Public
[ 2014-07-08T11:08:13+08:00 ] ERR: (ThinkException) 非法操作Public
[ 2014-07-08T11:08:13+08:00 ] ERR: (ThinkException) 非法操作Public
[ 2014-07-08T11:08:13+08:00 ] ERR: (ThinkException) 非法操作Public
[ 2014-07-08T11:08:13+08:00 ] ERR: (ThinkException) 非法操作Public
[ 2014-07-08T11:08:13+08:00 ] ERR: (ThinkException) 非法操作Public
[ 2014-07-08T11:08:13+08:00 ] ERR: (ThinkException) 无法加载模块Public
[ 2014-07-08T11:08:13+08:00 ] ERR: (ThinkException) 非法操作Public
[ 2014-07-08T11:08:13+08:00 ] ERR: (ThinkException) 非法操作Public
[ 2014-07-08T11:08:13+08:00 ] ERR: (ThinkException) 非法操作Public
[ 2014-07-08T11:08:13+08:00 ] ERR: (ThinkException) 非法操作Public
[ 2014-07-08T11:08:13+08:00 ] ERR: (ThinkException) 非法操作Public
[ 2014-07-08T11:08:13+08:00 ] ERR: (ThinkException) 无法加载模块Public
[ 2014-07-08T11:08:14+08:00 ] ERR: (ThinkException) 非法操作Public
[ 2014-07-08T11:08:14+08:00 ] ERR: (ThinkException) 非法操作Public
[ 2014-07-08T11:08:14+08:00 ] ERR: (ThinkException) 非法操作Public
[ 2014-07-08T11:08:14+08:00 ] ERR: (ThinkException) 无法加载模块Public
[ 2014-07-08T11:08:14+08:00 ] ERR: (ThinkException) 非法操作Public
[ 2014-07-08T11:08:14+08:00 ] ERR: (ThinkException) 非法操作Public
[ 2014-07-08T11:08:14+08:00 ] ERR: (ThinkException) 非法操作Public
[ 2014-07-08T11:08:14+08:00 ] ERR: (ThinkException) 无法加载模块Public
[ 2014-07-08T11:08:19+08:00 ] ERR: (ThinkException) 非法操作Public
[ 2014-07-08T11:08:25+08:00 ] ERR: (ThinkException) 无法加载模块Public
[ 2014-07-08T11:09:12+08:00 ] ERR: (ThinkException) 无法加载模块Public
[ 2014-07-08T11:09:13+08:00 ] ERR: (ThinkException) 无法加载模块Public
[ 2014-07-08T11:09:21+08:00 ] ERR: (ThinkException) 非法操作__Public__
[ 2014-07-08T11:09:21+08:00 ] ERR: (ThinkException) 非法操作__Public__
[ 2014-07-08T11:09:21+08:00 ] ERR: (ThinkException) 非法操作__Public__
[ 2014-07-08T11:09:21+08:00 ] ERR: (ThinkException) 非法操作__Public__
[ 2014-07-08T11:09:21+08:00 ] ERR: (ThinkException) 非法操作__Public__
[ 2014-07-08T11:10:37+08:00 ] ERR: (ThinkException) 非法操作__Public__
[ 2014-07-08T11:10:37+08:00 ] ERR: (ThinkException) 非法操作__Public__
[ 2014-07-08T11:10:37+08:00 ] ERR: (ThinkException) 非法操作__Public__
[ 2014-07-08T11:10:37+08:00 ] ERR: (ThinkException) 非法操作__Public__
[ 2014-07-08T11:10:37+08:00 ] ERR: (ThinkException) 非法操作__Public__
[ 2014-07-08T11:10:37+08:00 ] ERR: (ThinkException) 非法操作__Public__
[ 2014-07-08T11:10:37+08:00 ] ERR: (ThinkException) 非法操作__Public__
[ 2014-07-08T11:10:37+08:00 ] ERR: (ThinkException) 非法操作__Public__
[ 2014-07-08T11:10:37+08:00 ] ERR: (ThinkException) 非法操作__Public__
[ 2014-07-08T11:10:42+08:00 ] ERR: (ThinkException) 非法操作__Public__
[ 2014-07-08T11:10:42+08:00 ] ERR: (ThinkException) 非法操作__Public__
[ 2014-07-08T11:10:42+08:00 ] ERR: (ThinkException) 非法操作__Public__
[ 2014-07-08T11:10:42+08:00 ] ERR: (ThinkException) 非法操作__Public__
[ 2014-07-08T11:10:42+08:00 ] ERR: (ThinkException) 非法操作__Public__
[ 2014-07-08T11:10:42+08:00 ] ERR: (ThinkException) 非法操作__Public__
[ 2014-07-08T11:10:52+08:00 ] ERR: (ThinkException) 无法加载模块Public
[ 2014-07-08T11:10:53+08:00 ] ERR: (ThinkException) 无法加载模块Public
[ 2014-07-08T11:10:56+08:00 ] ERR: (ThinkException) 无法加载模块Public
[ 2014-07-08T11:10:56+08:00 ] ERR: (ThinkException) 无法加载模块Public
[ 2014-07-08T11:11:39+08:00 ] ERR: (ThinkException) 无法加载模块Public
[ 2014-07-08T11:11:39+08:00 ] ERR: (ThinkException) 无法加载模块Public
[ 2014-07-08T11:11:39+08:00 ] ERR: (ThinkException) 无法加载模块Public
[ 2014-07-08T11:11:39+08:00 ] ERR: (ThinkException) 无法加载模块Public
[ 2014-07-08T11:11:55+08:00 ] ERR: (ThinkException) 无法加载模块Public
[ 2014-07-08T11:11:55+08:00 ] ERR: (ThinkException) 无法加载模块Public
[ 2014-07-08T11:11:55+08:00 ] ERR: (ThinkException) 无法加载模块Public
[ 2014-07-08T11:11:55+08:00 ] ERR: (ThinkException) 无法加载模块Public
[ 2014-07-08T11:11:57+08:00 ] ERR: (ThinkException) 非法操作Public
[ 2014-07-08T11:11:57+08:00 ] ERR: (ThinkException) 非法操作Public
[ 2014-07-08T11:11:57+08:00 ] ERR: (ThinkException) 非法操作Public
[ 2014-07-08T11:11:57+08:00 ] ERR: (ThinkException) 无法加载模块Public
[ 2014-07-08T11:14:07+08:00 ] ERR: (ThinkException) 非法操作__Public__
[ 2014-07-08T11:14:07+08:00 ] ERR: (ThinkException) 非法操作__Public__
[ 2014-07-08T11:14:07+08:00 ] ERR: (ThinkException) 非法操作__Public__
[ 2014-07-08T11:14:08+08:00 ] ERR: (ThinkException) 非法操作__Public__
[ 2014-07-08T11:14:08+08:00 ] ERR: (ThinkException) 非法操作__Public__
[ 2014-07-08T11:14:08+08:00 ] ERR: (ThinkException) 非法操作__Public__
[ 2014-07-08T11:14:08+08:00 ] ERR: (ThinkException) 非法操作__Public__
[ 2014-07-08T11:14:08+08:00 ] ERR: (ThinkException) 非法操作__Public__
[ 2014-07-08T11:14:08+08:00 ] ERR: (ThinkException) 非法操作__Public__
[ 2014-07-08T11:14:08+08:00 ] ERR: (ThinkException) 非法操作__Public__
[ 2014-07-08T11:14:08+08:00 ] ERR: (ThinkException) 非法操作__Public__
[ 2014-07-08T11:14:08+08:00 ] ERR: (ThinkException) 非法操作__Public__
[ 2014-07-08T11:14:09+08:00 ] ERR: (ThinkException) 无法加载模块Public
[ 2014-07-08T11:14:09+08:00 ] ERR: (ThinkException) 无法加载模块Public
[ 2014-07-08T11:14:10+08:00 ] ERR: (ThinkException) 无法加载模块Public
[ 2014-07-08T11:14:10+08:00 ] ERR: (ThinkException) 无法加载模块Public
[ 2014-07-08T11:14:10+08:00 ] ERR: (ThinkException) 无法加载模块Public
[ 2014-07-08T11:14:10+08:00 ] ERR: (ThinkException) 无法加载模块Public
[ 2014-07-08T11:14:10+08:00 ] ERR: (ThinkException) 无法加载模块Public
[ 2014-07-08T11:14:10+08:00 ] ERR: (ThinkException) 无法加载模块Public
[ 2014-07-08T11:14:16+08:00 ] ERR: (ThinkException) 非法操作Public
[ 2014-07-08T11:14:16+08:00 ] ERR: (ThinkException) 非法操作Public
[ 2014-07-08T11:14:16+08:00 ] ERR: (ThinkException) 非法操作Public
[ 2014-07-08T11:15:41+08:00 ] ERR: (ThinkException) 非法操作Public
[ 2014-07-08T11:15:41+08:00 ] ERR: (ThinkException) 非法操作Public
[ 2014-07-08T11:15:41+08:00 ] ERR: (ThinkException) 非法操作Public
[ 2014-07-08T11:15:46+08:00 ] ERR: (ThinkException) 无法加载模块Public
[ 2014-07-08T11:15:46+08:00 ] ERR: (ThinkException) 无法加载模块Public
[ 2014-07-08T11:15:47+08:00 ] ERR: (ThinkException) 无法加载模块Public
[ 2014-07-08T11:15:47+08:00 ] ERR: (ThinkException) 无法加载模块Public
[ 2014-07-08T11:15:49+08:00 ] ERR: (ThinkException) 无法加载模块Public
[ 2014-07-08T11:15:50+08:00 ] ERR: (ThinkException) 无法加载模块Public
[ 2014-07-08T11:15:51+08:00 ] ERR: (ThinkException) 无法加载模块Public
[ 2014-07-08T11:15:51+08:00 ] ERR: (ThinkException) 无法加载模块Public
[ 2014-07-08T11:16:06+08:00 ] ERR: (ThinkException) 非法操作Public
[ 2014-07-08T11:16:06+08:00 ] ERR: (ThinkException) 非法操作Public
[ 2014-07-08T11:16:06+08:00 ] ERR: (ThinkException) 非法操作Public
[ 2014-07-08T11:16:11+08:00 ] ERR: (ThinkException) 非法操作Public
[ 2014-07-08T11:16:11+08:00 ] ERR: (ThinkException) 非法操作Public
[ 2014-07-08T11:16:11+08:00 ] ERR: (ThinkException) 非法操作Public
[ 2014-07-08T11:17:01+08:00 ] ERR: (ThinkException) 非法操作Public
[ 2014-07-08T11:17:01+08:00 ] ERR: (ThinkException) 非法操作Public
[ 2014-07-08T11:17:01+08:00 ] ERR: (ThinkException) 非法操作Public
[ 2014-07-08T11:17:02+08:00 ] ERR: (ThinkException) 非法操作Public
[ 2014-07-08T11:17:02+08:00 ] ERR: (ThinkException) 非法操作Public
[ 2014-07-08T11:17:02+08:00 ] ERR: (ThinkException) 非法操作Public
[ 2014-07-08T11:17:02+08:00 ] ERR: (ThinkException) 非法操作Public
[ 2014-07-08T11:17:02+08:00 ] ERR: (ThinkException) 非法操作Public
[ 2014-07-08T11:17:02+08:00 ] ERR: (ThinkException) 非法操作Public
[ 2014-07-08T11:17:02+08:00 ] ERR: (ThinkException) 非法操作Public
[ 2014-07-08T11:17:02+08:00 ] ERR: (ThinkException) 非法操作Public
[ 2014-07-08T11:17:02+08:00 ] ERR: (ThinkException) 非法操作Public
[ 2014-07-08T11:17:03+08:00 ] ERR: (ThinkException) 非法操作Public
[ 2014-07-08T11:17:03+08:00 ] ERR: (ThinkException) 非法操作Public
[ 2014-07-08T11:17:03+08:00 ] ERR: (ThinkException) 非法操作Public
[ 2014-07-08T11:17:03+08:00 ] ERR: (ThinkException) 非法操作Public
[ 2014-07-08T11:17:03+08:00 ] ERR: (ThinkException) 非法操作Public
[ 2014-07-08T11:17:03+08:00 ] ERR: (ThinkException) 非法操作Public
[ 2014-07-08T11:17:09+08:00 ] ERR: (ThinkException) 非法操作Public
[ 2014-07-08T11:17:17+08:00 ] ERR: (ThinkException) 非法操作Public
[ 2014-07-08T11:17:17+08:00 ] ERR: (ThinkException) 非法操作Public
[ 2014-07-08T11:17:17+08:00 ] ERR: (ThinkException) 非法操作Public
[ 2014-07-08T11:17:18+08:00 ] ERR: (ThinkException) 非法操作Public
[ 2014-07-08T11:17:18+08:00 ] ERR: (ThinkException) 非法操作Public
[ 2014-07-08T11:17:18+08:00 ] ERR: (ThinkException) 非法操作Public
[ 2014-07-08T11:17:20+08:00 ] ERR: (ThinkException) 非法操作Public
[ 2014-07-08T11:17:20+08:00 ] ERR: (ThinkException) 非法操作Public
[ 2014-07-08T11:17:20+08:00 ] ERR: (ThinkException) 非法操作Public
[ 2014-07-08T11:17:20+08:00 ] ERR: (ThinkException) 非法操作Public
[ 2014-07-08T11:17:20+08:00 ] ERR: (ThinkException) 非法操作Public
[ 2014-07-08T11:17:20+08:00 ] ERR: (ThinkException) 非法操作Public
[ 2014-07-08T11:17:20+08:00 ] ERR: (ThinkException) 非法操作Public
[ 2014-07-08T11:17:34+08:00 ] ERR: (ThinkException) 非法操作Public
[ 2014-07-08T11:17:34+08:00 ] ERR: (ThinkException) 非法操作Public
[ 2014-07-08T11:17:34+08:00 ] ERR: (ThinkException) 非法操作Public
[ 2014-07-08T11:17:46+08:00 ] ERR: (ThinkException) 非法操作Public
[ 2014-07-08T11:17:46+08:00 ] ERR: (ThinkException) 非法操作Public
[ 2014-07-08T11:17:46+08:00 ] ERR: (ThinkException) 非法操作Public
[ 2014-07-08T11:17:48+08:00 ] ERR: (ThinkException) 无法加载模块Public
[ 2014-07-08T11:17:48+08:00 ] ERR: (ThinkException) 无法加载模块Public
[ 2014-07-08T11:17:48+08:00 ] ERR: (ThinkException) 无法加载模块Public
[ 2014-07-08T11:17:49+08:00 ] ERR: (ThinkException) 无法加载模块Public
[ 2014-07-08T11:17:49+08:00 ] ERR: (ThinkException) 无法加载模块Public
[ 2014-07-08T11:17:49+08:00 ] ERR: (ThinkException) 无法加载模块Public
[ 2014-07-08T11:17:52+08:00 ] ERR: (ThinkException) 无法加载模块Public
[ 2014-07-08T11:17:52+08:00 ] ERR: (ThinkException) 无法加载模块Public
[ 2014-07-08T11:18:11+08:00 ] ERR: (ThinkException) 无法加载模块Public
[ 2014-07-08T11:18:11+08:00 ] ERR: (ThinkException) 无法加载模块Public
[ 2014-07-08T11:18:11+08:00 ] ERR: (ThinkException) 无法加载模块Public
[ 2014-07-08T11:18:11+08:00 ] ERR: (ThinkException) 无法加载模块Public
[ 2014-07-08T11:18:58+08:00 ] ERR: (ThinkException) 无法加载模块Public
[ 2014-07-08T11:18:59+08:00 ] ERR: (ThinkException) 无法加载模块Public
[ 2014-07-08T11:19:54+08:00 ] ERR: (ThinkException) 非法操作Public
[ 2014-07-08T11:19:54+08:00 ] ERR: (ThinkException) 非法操作Public
[ 2014-07-08T11:19:54+08:00 ] ERR: (ThinkException) 非法操作Public
[ 2014-07-08T11:19:54+08:00 ] ERR: (ThinkException) 非法操作Public
[ 2014-07-08T11:19:54+08:00 ] ERR: (ThinkException) 非法操作Public
[ 2014-07-08T11:19:54+08:00 ] ERR: (ThinkException) 非法操作Public
[ 2014-07-08T11:19:59+08:00 ] ERR: (ThinkException) 无法加载模块Public
[ 2014-07-08T11:19:59+08:00 ] ERR: (ThinkException) 无法加载模块Public
[ 2014-07-08T11:20:05+08:00 ] ERR: (ThinkException) 无法加载模块Public
[ 2014-07-08T11:20:05+08:00 ] ERR: (ThinkException) 无法加载模块Public
[ 2014-07-08T11:20:05+08:00 ] ERR: (ThinkException) 无法加载模块Public
[ 2014-07-08T11:20:22+08:00 ] ERR: (ThinkException) 非法操作Public
[ 2014-07-08T11:20:22+08:00 ] ERR: (ThinkException) 非法操作Public
[ 2014-07-08T11:20:22+08:00 ] ERR: (ThinkException) 非法操作Public
[ 2014-07-08T11:21:04+08:00 ] ERR: (ThinkException) 非法操作Public
[ 2014-07-08T11:21:04+08:00 ] ERR: (ThinkException) 非法操作Public
[ 2014-07-08T11:21:04+08:00 ] ERR: (ThinkException) 非法操作Public
[ 2014-07-08T11:21:04+08:00 ] ERR: (ThinkException) 无法加载模块Public
[ 2014-07-08T11:21:05+08:00 ] ERR: (ThinkException) 非法操作__Public__
[ 2014-07-08T11:21:05+08:00 ] ERR: (ThinkException) 非法操作__Public__
[ 2014-07-08T11:21:05+08:00 ] ERR: (ThinkException) 非法操作__Public__
[ 2014-07-08T11:21:05+08:00 ] ERR: (ThinkException) 无法加载模块Public
[ 2014-07-08T11:21:06+08:00 ] ERR: (ThinkException) 无法加载模块Public
[ 2014-07-08T11:21:07+08:00 ] ERR: (ThinkException) 无法加载模块Public
[ 2014-07-08T11:21:07+08:00 ] ERR: (ThinkException) 无法加载模块Public
[ 2014-07-08T11:21:14+08:00 ] ERR: (ThinkException) 无法加载模块Public
[ 2014-07-08T11:21:19+08:00 ] ERR: (ThinkException) 非法操作Public
[ 2014-07-08T11:21:19+08:00 ] ERR: (ThinkException) 非法操作Public
[ 2014-07-08T11:21:19+08:00 ] ERR: (ThinkException) 非法操作Public
[ 2014-07-08T11:21:19+08:00 ] ERR: (ThinkException) 无法加载模块Public
[ 2014-07-08T11:21:23+08:00 ] ERR: (ThinkException) 无法加载模块Public
[ 2014-07-08T11:21:24+08:00 ] ERR: (ThinkException) 无法加载模块Public
[ 2014-07-08T11:21:24+08:00 ] ERR: (ThinkException) 无法加载模块Public
[ 2014-07-08T11:21:25+08:00 ] ERR: (ThinkException) 无法加载模块Public
[ 2014-07-08T11:21:26+08:00 ] ERR: (ThinkException) 非法操作Public
[ 2014-07-08T11:21:26+08:00 ] ERR: (ThinkException) 非法操作Public
[ 2014-07-08T11:21:26+08:00 ] ERR: (ThinkException) 无法加载模块Public
[ 2014-07-08T11:21:26+08:00 ] ERR: (ThinkException) 非法操作Public
[ 2014-07-08T11:21:55+08:00 ] ERR: (ThinkException) 非法操作Public
[ 2014-07-08T11:21:55+08:00 ] ERR: (ThinkException) 非法操作Public
[ 2014-07-08T11:21:55+08:00 ] ERR: (ThinkException) 非法操作Public
[ 2014-07-08T11:21:55+08:00 ] ERR: (ThinkException) 无法加载模块Public
[ 2014-07-08T11:21:56+08:00 ] ERR: (ThinkException) 非法操作Public
[ 2014-07-08T11:21:56+08:00 ] ERR: (ThinkException) 非法操作Public
[ 2014-07-08T11:21:56+08:00 ] ERR: (ThinkException) 非法操作Public
[ 2014-07-08T11:21:56+08:00 ] ERR: (ThinkException) 无法加载模块Public
[ 2014-07-08T11:22:03+08:00 ] ERR: (ThinkException) 非法操作Public
[ 2014-07-08T11:22:03+08:00 ] ERR: (ThinkException) 非法操作Public
[ 2014-07-08T11:22:03+08:00 ] ERR: (ThinkException) 非法操作Public
[ 2014-07-08T11:22:03+08:00 ] ERR: (ThinkException) 无法加载模块Public
[ 2014-07-08T11:22:05+08:00 ] ERR: (ThinkException) 非法操作Public
[ 2014-07-08T11:22:05+08:00 ] ERR: (ThinkException) 非法操作Public
[ 2014-07-08T11:22:05+08:00 ] ERR: (ThinkException) 非法操作Public
[ 2014-07-08T11:22:05+08:00 ] ERR: (ThinkException) 无法加载模块Public
[ 2014-07-08T11:22:49+08:00 ] ERR: (ThinkException) 非法操作Public
[ 2014-07-08T11:22:49+08:00 ] ERR: (ThinkException) 非法操作Public
[ 2014-07-08T11:22:49+08:00 ] ERR: (ThinkException) 非法操作Public
[ 2014-07-08T11:22:49+08:00 ] ERR: (ThinkException) 无法加载模块Public
[ 2014-07-08T11:22:50+08:00 ] ERR: (ThinkException) 非法操作Public
[ 2014-07-08T11:22:50+08:00 ] ERR: (ThinkException) 非法操作Public
[ 2014-07-08T11:22:50+08:00 ] ERR: (ThinkException) 非法操作Public
[ 2014-07-08T11:22:50+08:00 ] ERR: (ThinkException) 无法加载模块Public
[ 2014-07-08T11:23:11+08:00 ] ERR: (ThinkException) 非法操作Public
[ 2014-07-08T11:23:11+08:00 ] ERR: (ThinkException) 非法操作Public
[ 2014-07-08T11:23:11+08:00 ] ERR: (ThinkException) 非法操作Public
[ 2014-07-08T11:23:19+08:00 ] ERR: (ThinkException) 无法加载模块videodemo
[ 2014-07-08T11:23:38+08:00 ] ERR: (ThinkException) 非法操作Public
[ 2014-07-08T11:23:38+08:00 ] ERR: (ThinkException) 非法操作Public
[ 2014-07-08T11:23:38+08:00 ] ERR: (ThinkException) 非法操作Public
[ 2014-07-08T11:23:38+08:00 ] ERR: (ThinkException) 无法加载模块Public
[ 2014-07-08T11:23:42+08:00 ] ERR: (ThinkException) 无法加载模块videodemo
[ 2014-07-08T11:23:46+08:00 ] ERR: (ThinkException) 无法加载模块videodemo
[ 2014-07-08T11:24:12+08:00 ] ERR: (ThinkException) 无法加载模块videodemo
[ 2014-07-08T11:24:15+08:00 ] ERR: (ThinkException) 无法加载模块videodemo
[ 2014-07-08T11:24:15+08:00 ] ERR: (ThinkException) 无法加载模块videodemo
[ 2014-07-08T11:24:16+08:00 ] ERR: (ThinkException) 无法加载模块videodemo
[ 2014-07-08T11:24:18+08:00 ] ERR: (ThinkException) 无法加载模块videodemo
[ 2014-07-08T11:24:18+08:00 ] ERR: (ThinkException) 无法加载模块videodemo
[ 2014-07-08T11:24:18+08:00 ] ERR: (ThinkException) 无法加载模块videodemo
[ 2014-07-08T11:24:41+08:00 ] ERR: (ThinkException) 非法操作Public
[ 2014-07-08T11:24:41+08:00 ] ERR: (ThinkException) 非法操作Public
[ 2014-07-08T11:24:41+08:00 ] ERR: (ThinkException) 非法操作Public
[ 2014-07-08T11:24:51+08:00 ] ERR: (ThinkException) 非法操作Public
[ 2014-07-08T11:25:11+08:00 ] ERR: (ThinkException) 无法加载模块videodemo
[ 2014-07-08T11:25:12+08:00 ] ERR: (ThinkException) 无法加载模块videodemo
[ 2014-07-08T11:25:12+08:00 ] ERR: (ThinkException) 无法加载模块videodemo
[ 2014-07-08T11:25:13+08:00 ] ERR: (ThinkException) 无法加载模块videodemo
[ 2014-07-08T11:25:13+08:00 ] ERR: (ThinkException) 无法加载模块videodemo
[ 2014-07-08T11:26:27+08:00 ] ERR: (ThinkException) 无法加载模块videodemo
[ 2014-07-08T11:26:38+08:00 ] ERR: (ThinkException) 非法操作Public
[ 2014-07-08T11:26:38+08:00 ] ERR: (ThinkException) 非法操作Public
[ 2014-07-08T11:26:38+08:00 ] ERR: (ThinkException) 非法操作Public
[ 2014-07-08T11:26:40+08:00 ] ERR: (ThinkException) 非法操作Public
[ 2014-07-08T11:26:40+08:00 ] ERR: (ThinkException) 非法操作Public
[ 2014-07-08T11:26:40+08:00 ] ERR: (ThinkException) 非法操作Public
[ 2014-07-08T11:27:16+08:00 ] ERR: (ThinkException) 非法操作Public
[ 2014-07-08T11:27:16+08:00 ] ERR: (ThinkException) 非法操作Public
[ 2014-07-08T11:27:16+08:00 ] ERR: (ThinkException) 非法操作Public
[ 2014-07-08T11:27:27+08:00 ] ERR: (ThinkException) 非法操作__Public__
[ 2014-07-08T11:27:28+08:00 ] ERR: (ThinkException) 非法操作__Public__
[ 2014-07-08T11:27:28+08:00 ] ERR: (ThinkException) 非法操作__Public__
[ 2014-07-08T11:27:37+08:00 ] ERR: (ThinkException) 非法操作__Public__
[ 2014-07-08T11:27:37+08:00 ] ERR: (ThinkException) 非法操作__Public__
[ 2014-07-08T11:27:37+08:00 ] ERR: (ThinkException) 非法操作__Public__
[ 2014-07-08T11:27:39+08:00 ] ERR: (ThinkException) 非法操作__Public__
[ 2014-07-08T11:27:39+08:00 ] ERR: (ThinkException) 非法操作__Public__
[ 2014-07-08T11:27:39+08:00 ] ERR: (ThinkException) 非法操作__Public__
[ 2014-07-08T11:27:39+08:00 ] ERR: (ThinkException) 非法操作__Public__
[ 2014-07-08T11:27:39+08:00 ] ERR: (ThinkException) 非法操作__Public__
[ 2014-07-08T11:27:39+08:00 ] ERR: (ThinkException) 非法操作__Public__
[ 2014-07-08T11:27:39+08:00 ] ERR: (ThinkException) 非法操作__Public__
[ 2014-07-08T11:27:39+08:00 ] ERR: (ThinkException) 非法操作__Public__
[ 2014-07-08T11:27:39+08:00 ] ERR: (ThinkException) 非法操作__Public__
[ 2014-07-08T11:27:45+08:00 ] ERR: (ThinkException) 非法操作__Public__
[ 2014-07-08T11:28:19+08:00 ] ERR: (ThinkException) 非法操作Public
[ 2014-07-08T11:28:19+08:00 ] ERR: (ThinkException) 非法操作Public
[ 2014-07-08T11:28:19+08:00 ] ERR: (ThinkException) 非法操作Public
[ 2014-07-08T11:28:24+08:00 ] ERR: (ThinkException) 非法操作Public
[ 2014-07-08T11:28:24+08:00 ] ERR: (ThinkException) 非法操作Public
[ 2014-07-08T11:28:24+08:00 ] ERR: (ThinkException) 非法操作Public
[ 2014-07-08T11:28:24+08:00 ] ERR: (ThinkException) 非法操作Public
[ 2014-07-08T11:28:24+08:00 ] ERR: (ThinkException) 非法操作Public
[ 2014-07-08T11:28:24+08:00 ] ERR: (ThinkException) 非法操作Public
[ 2014-07-08T11:28:24+08:00 ] ERR: (ThinkException) 非法操作Public
[ 2014-07-08T11:28:24+08:00 ] ERR: (ThinkException) 非法操作Public
[ 2014-07-08T11:28:24+08:00 ] ERR: (ThinkException) 非法操作Public
[ 2014-07-08T12:22:22+08:00 ] ERR: (ThinkException) 无法加载模块Public
[ 2014-07-08T12:22:28+08:00 ] ERR: (ThinkException) 无法加载模块Public
[ 2014-07-08T12:22:36+08:00 ] ERR: (ThinkException) 非法操作__Public__
[ 2014-07-08T12:22:36+08:00 ] ERR: (ThinkException) 非法操作__Public__
[ 2014-07-08T12:22:36+08:00 ] ERR: (ThinkException) 非法操作__Public__
[ 2014-07-08T12:22:36+08:00 ] ERR: (ThinkException) 非法操作__Public__
[ 2014-07-08T12:22:36+08:00 ] ERR: (ThinkException) 非法操作__Public__
[ 2014-07-08T12:22:47+08:00 ] ERR: (ThinkException) 非法操作Public
[ 2014-07-08T12:22:47+08:00 ] ERR: (ThinkException) 非法操作Public
[ 2014-07-08T12:22:47+08:00 ] ERR: (ThinkException) 非法操作Public
[ 2014-07-08T12:22:50+08:00 ] ERR: (ThinkException) 非法操作__Public__
[ 2014-07-08T12:22:50+08:00 ] ERR: (ThinkException) 非法操作__Public__
[ 2014-07-08T12:22:50+08:00 ] ERR: (ThinkException) 非法操作__Public__
[ 2014-07-08T12:22:52+08:00 ] ERR: (ThinkException) 无法加载模块Public
[ 2014-07-08T12:22:53+08:00 ] ERR: (ThinkException) 非法操作Public
[ 2014-07-08T12:22:53+08:00 ] ERR: (ThinkException) 非法操作Public
[ 2014-07-08T12:22:53+08:00 ] ERR: (ThinkException) 非法操作Public
[ 2014-07-08T12:22:53+08:00 ] ERR: (ThinkException) 非法操作Public
[ 2014-07-08T12:22:53+08:00 ] ERR: (ThinkException) 非法操作Public
[ 2014-07-08T12:22:53+08:00 ] ERR: (ThinkException) 非法操作Public
[ 2014-07-08T12:23:04+08:00 ] ERR: (ThinkException) 无法加载模块videodemo
[ 2014-07-08T12:26:40+08:00 ] ERR: (ThinkException) 非法操作Public
[ 2014-07-08T12:26:40+08:00 ] ERR: (ThinkException) 非法操作Public
[ 2014-07-08T12:26:40+08:00 ] ERR: (ThinkException) 非法操作Public
[ 2014-07-08T12:27:15+08:00 ] ERR: (ThinkException) 非法操作Public
[ 2014-07-08T12:27:15+08:00 ] ERR: (ThinkException) 非法操作Public
[ 2014-07-08T12:27:15+08:00 ] ERR: (ThinkException) 非法操作Public
[ 2014-07-08T12:27:34+08:00 ] ERR: (ThinkException) 非法操作Public
[ 2014-07-08T12:27:34+08:00 ] ERR: (ThinkException) 非法操作Public
[ 2014-07-08T12:27:34+08:00 ] ERR: (ThinkException) 非法操作Public
[ 2014-07-08T12:27:55+08:00 ] ERR: (ThinkException) 无法加载模块home
[ 2014-07-08T12:28:57+08:00 ] ERR: (ThinkException) 无法加载模块home
[ 2014-07-08T12:29:01+08:00 ] ERR: (ThinkException) 无法加载模块Tpl
[ 2014-07-08T12:29:04+08:00 ] ERR: (ThinkException) 非法操作Public
[ 2014-07-08T12:29:04+08:00 ] ERR: (ThinkException) 非法操作Public
[ 2014-07-08T12:29:04+08:00 ] ERR: (ThinkException) 非法操作Public
[ 2014-07-08T12:29:04+08:00 ] ERR: (ThinkException) 非法操作Public
[ 2014-07-08T12:29:04+08:00 ] ERR: (ThinkException) 非法操作Public
[ 2014-07-08T12:29:04+08:00 ] ERR: (ThinkException) 非法操作Public
[ 2014-07-08T12:29:05+08:00 ] ERR: (ThinkException) 非法操作Public
[ 2014-07-08T12:29:05+08:00 ] ERR: (ThinkException) 非法操作Public
[ 2014-07-08T12:29:05+08:00 ] ERR: (ThinkException) 非法操作Public
[ 2014-07-08T12:29:05+08:00 ] ERR: (ThinkException) 非法操作Public
[ 2014-07-08T12:29:05+08:00 ] ERR: (ThinkException) 非法操作Public
[ 2014-07-08T12:29:05+08:00 ] ERR: (ThinkException) 非法操作Public
[ 2014-07-08T12:29:05+08:00 ] ERR: (ThinkException) 非法操作Public
[ 2014-07-08T12:29:05+08:00 ] ERR: (ThinkException) 非法操作Public
[ 2014-07-08T12:29:05+08:00 ] ERR: (ThinkException) 非法操作Public
[ 2014-07-08T12:29:05+08:00 ] ERR: (ThinkException) 非法操作Public
[ 2014-07-08T12:29:05+08:00 ] ERR: (ThinkException) 非法操作Public
[ 2014-07-08T12:29:05+08:00 ] ERR: (ThinkException) 非法操作Public
[ 2014-07-08T12:29:14+08:00 ] ERR: (ThinkException) 非法操作Public
[ 2014-07-08T12:29:14+08:00 ] ERR: (ThinkException) 非法操作Public
[ 2014-07-08T12:29:14+08:00 ] ERR: (ThinkException) 非法操作Public
[ 2014-07-08T12:29:18+08:00 ] ERR: (ThinkException) 非法操作Public
[ 2014-07-08T12:29:48+08:00 ] ERR: (ThinkException) 非法操作Public
[ 2014-07-08T12:29:48+08:00 ] ERR: (ThinkException) 非法操作Public
[ 2014-07-08T12:29:48+08:00 ] ERR: (ThinkException) 非法操作Public
[ 2014-07-08T12:29:49+08:00 ] ERR: (ThinkException) 非法操作Public
[ 2014-07-08T12:29:49+08:00 ] ERR: (ThinkException) 非法操作Public
[ 2014-07-08T12:29:49+08:00 ] ERR: (ThinkException) 非法操作Public
[ 2014-07-08T12:29:54+08:00 ] ERR: (ThinkException) 非法操作Public
[ 2014-07-08T12:30:07+08:00 ] ERR: (ThinkException) 非法操作Public
[ 2014-07-08T12:30:35+08:00 ] ERR: (ThinkException) 无法加载模块Public
[ 2014-07-08T12:30:35+08:00 ] ERR: (ThinkException) 无法加载模块Public
[ 2014-07-08T12:30:35+08:00 ] ERR: (ThinkException) 无法加载模块Public
[ 2014-07-08T12:30:37+08:00 ] ERR: (ThinkException) 无法加载模块Public
[ 2014-07-08T12:30:37+08:00 ] ERR: (ThinkException) 无法加载模块Public
[ 2014-07-08T12:30:37+08:00 ] ERR: (ThinkException) 无法加载模块Public
[ 2014-07-08T12:30:37+08:00 ] ERR: (ThinkException) 无法加载模块Public
[ 2014-07-08T12:30:37+08:00 ] ERR: (ThinkException) 无法加载模块Public
[ 2014-07-08T12:30:38+08:00 ] ERR: (ThinkException) 无法加载模块Public
[ 2014-07-08T12:31:48+08:00 ] ERR: (ThinkException) 无法加载模块home
[ 2014-07-08T12:31:48+08:00 ] ERR: (ThinkException) 无法加载模块home
[ 2014-07-08T12:31:48+08:00 ] ERR: (ThinkException) 无法加载模块home
[ 2014-07-08T12:31:49+08:00 ] ERR: (ThinkException) 非法操作Public
[ 2014-07-08T12:31:49+08:00 ] ERR: (ThinkException) 非法操作Public
[ 2014-07-08T12:31:49+08:00 ] ERR: (ThinkException) 非法操作Public
[ 2014-07-08T12:31:50+08:00 ] ERR: (ThinkException) 无法加载模块Public
[ 2014-07-08T12:31:50+08:00 ] ERR: (ThinkException) 无法加载模块Public
[ 2014-07-08T12:31:56+08:00 ] ERR: (ThinkException) 非法操作Public
[ 2014-07-08T12:31:56+08:00 ] ERR: (ThinkException) 非法操作Public
[ 2014-07-08T12:31:56+08:00 ] ERR: (ThinkException) 非法操作Public
[ 2014-07-08T12:31:56+08:00 ] ERR: (ThinkException) 非法操作Public
[ 2014-07-08T12:31:56+08:00 ] ERR: (ThinkException) 非法操作Public
[ 2014-07-08T12:31:59+08:00 ] ERR: (ThinkException) 无法加载模块Public
[ 2014-07-08T12:31:59+08:00 ] ERR: (ThinkException) 无法加载模块Public
[ 2014-07-08T12:32:02+08:00 ] ERR: (ThinkException) 非法操作Public
[ 2014-07-08T12:32:02+08:00 ] ERR: (ThinkException) 非法操作Public
[ 2014-07-08T12:32:02+08:00 ] ERR: (ThinkException) 非法操作Public
[ 2014-07-08T12:32:57+08:00 ] ERR: (ThinkException) 非法操作Public
[ 2014-07-08T12:32:57+08:00 ] ERR: (ThinkException) 非法操作Public
[ 2014-07-08T12:32:57+08:00 ] ERR: (ThinkException) 非法操作Public
[ 2014-07-08T12:34:29+08:00 ] ERR: (ThinkException) 无法加载模块Public
[ 2014-07-08T12:34:29+08:00 ] ERR: (ThinkException) 无法加载模块Public
[ 2014-07-08T12:34:29+08:00 ] ERR: (ThinkException) 无法加载模块Public
[ 2014-07-08T12:34:30+08:00 ] ERR: (ThinkException) 无法加载模块Public
[ 2014-07-08T12:34:30+08:00 ] ERR: (ThinkException) 无法加载模块Public
[ 2014-07-08T12:34:30+08:00 ] ERR: (ThinkException) 无法加载模块Public
[ 2014-07-08T12:34:52+08:00 ] ERR: (ThinkException) 无法加载模块Public
[ 2014-07-08T12:34:52+08:00 ] ERR: (ThinkException) 无法加载模块Public
[ 2014-07-08T12:34:53+08:00 ] ERR: (ThinkException) 非法操作__Public__
[ 2014-07-08T12:34:53+08:00 ] ERR: (ThinkException) 非法操作__Public__
[ 2014-07-08T12:34:53+08:00 ] ERR: (ThinkException) 非法操作__Public__
[ 2014-07-08T12:34:56+08:00 ] ERR: (ThinkException) 无法加载模块Public
[ 2014-07-08T12:34:56+08:00 ] ERR: (ThinkException) 无法加载模块Public
[ 2014-07-08T12:34:57+08:00 ] ERR: (ThinkException) 非法操作Public
[ 2014-07-08T12:34:57+08:00 ] ERR: (ThinkException) 非法操作Public
[ 2014-07-08T12:34:57+08:00 ] ERR: (ThinkException) 非法操作Public
[ 2014-07-08T12:35:01+08:00 ] ERR: (ThinkException) 无法加载模块Public
[ 2014-07-08T12:35:01+08:00 ] ERR: (ThinkException) 无法加载模块Public
[ 2014-07-08T12:35:18+08:00 ] ERR: (ThinkException) 无法加载模块Public
[ 2014-07-08T12:35:19+08:00 ] ERR: (ThinkException) 无法加载模块Public
[ 2014-07-08T12:35:28+08:00 ] ERR: (ThinkException) 无法加载模块Public
[ 2014-07-08T12:35:28+08:00 ] ERR: (ThinkException) 无法加载模块Public
[ 2014-07-08T12:35:31+08:00 ] ERR: (ThinkException) 非法操作Public
[ 2014-07-08T12:35:31+08:00 ] ERR: (ThinkException) 非法操作Public
[ 2014-07-08T12:35:31+08:00 ] ERR: (ThinkException) 非法操作Public
[ 2014-07-08T12:36:22+08:00 ] ERR: (ThinkException) 非法操作Public
[ 2014-07-08T12:36:22+08:00 ] ERR: (ThinkException) 非法操作Public
[ 2014-07-08T12:36:22+08:00 ] ERR: (ThinkException) 非法操作Public
[ 2014-07-08T12:36:22+08:00 ] ERR: (ThinkException) 非法操作Public
[ 2014-07-08T12:36:35+08:00 ] ERR: (ThinkException) 非法操作Public
[ 2014-07-08T12:36:40+08:00 ] ERR: (ThinkException) 无法加载模块Public
[ 2014-07-08T12:37:52+08:00 ] ERR: (ThinkException) 无法加载模块videodemo
[ 2014-07-08T12:37:52+08:00 ] ERR: (ThinkException) 无法加载模块videodemo
[ 2014-07-08T12:37:53+08:00 ] ERR: (ThinkException) 无法加载模块videodemo
[ 2014-07-08T12:37:53+08:00 ] ERR: (ThinkException) 无法加载模块videodemo
[ 2014-07-08T12:37:53+08:00 ] ERR: (ThinkException) 无法加载模块videodemo
[ 2014-07-08T12:37:53+08:00 ] ERR: (ThinkException) 无法加载模块videodemo
[ 2014-07-08T12:38:04+08:00 ] ERR: (ThinkException) 无法加载模块videodemo
[ 2014-07-08T12:38:04+08:00 ] ERR: (ThinkException) 无法加载模块videodemo
[ 2014-07-08T12:38:04+08:00 ] ERR: (ThinkException) 无法加载模块videodemo
[ 2014-07-08T12:38:16+08:00 ] ERR: (ThinkException) 无法加载模块videodemo
[ 2014-07-08T12:39:12+08:00 ] ERR: (ThinkException) 无法加载模块videodemo
[ 2014-07-08T12:39:12+08:00 ] ERR: (ThinkException) 无法加载模块videodemo
[ 2014-07-08T12:39:12+08:00 ] ERR: (ThinkException) 无法加载模块videodemo
[ 2014-07-08T12:39:18+08:00 ] ERR: (ThinkException) 无法加载模块videodemo
[ 2014-07-08T12:39:42+08:00 ] ERR: (ThinkException) 无法加载模块videodemo
[ 2014-07-08T12:39:42+08:00 ] ERR: (ThinkException) 无法加载模块videodemo
[ 2014-07-08T12:39:42+08:00 ] ERR: (ThinkException) 无法加载模块videodemo
[ 2014-07-08T12:39:58+08:00 ] ERR: (ThinkException) 非法操作Public
[ 2014-07-08T12:39:58+08:00 ] ERR: (ThinkException) 非法操作Public
[ 2014-07-08T12:39:58+08:00 ] ERR: (ThinkException) 非法操作Public
[ 2014-07-08T12:40:03+08:00 ] ERR: (ThinkException) 非法操作Public
[ 2014-07-08T12:40:37+08:00 ] ERR: (ThinkException) 无法加载模块home
[ 2014-07-08T12:40:37+08:00 ] ERR: (ThinkException) 无法加载模块home
[ 2014-07-08T12:40:37+08:00 ] ERR: (ThinkException) 无法加载模块home
[ 2014-07-08T12:40:41+08:00 ] ERR: (ThinkException) 无法加载模块home
[ 2014-07-08T12:41:50+08:00 ] ERR: (ThinkException) 无法加载模块home
[ 2014-07-08T12:41:58+08:00 ] ERR: (ThinkException) 无法加载模块Public
[ 2014-07-08T12:41:58+08:00 ] ERR: (ThinkException) 无法加载模块Public
[ 2014-07-08T12:41:58+08:00 ] ERR: (ThinkException) 无法加载模块Public
[ 2014-07-08T12:42:03+08:00 ] ERR: (ThinkException) 无法加载模块home
[ 2014-07-08T12:42:03+08:00 ] ERR: (ThinkException) 无法加载模块home
[ 2014-07-08T12:42:03+08:00 ] ERR: (ThinkException) 无法加载模块home
[ 2014-07-08T12:42:38+08:00 ] ERR: (ThinkException) 无法加载模块Public
[ 2014-07-08T12:42:39+08:00 ] ERR: (ThinkException) 无法加载模块home
[ 2014-07-08T12:42:39+08:00 ] ERR: (ThinkException) 无法加载模块home
[ 2014-07-08T12:42:39+08:00 ] ERR: (ThinkException) 无法加载模块home
[ 2014-07-08T12:43:36+08:00 ] ERR: (ThinkException) 非法操作Public
[ 2014-07-08T12:43:36+08:00 ] ERR: (ThinkException) 非法操作Public
[ 2014-07-08T12:43:36+08:00 ] ERR: (ThinkException) 非法操作Public
[ 2014-07-08T12:43:41+08:00 ] ERR: (ThinkException) 非法操作Public
[ 2014-07-08T12:43:41+08:00 ] ERR: (ThinkException) 非法操作Public
[ 2014-07-08T12:43:41+08:00 ] ERR: (ThinkException) 非法操作Public
[ 2014-07-08T12:44:50+08:00 ] ERR: (ThinkException) 无法加载模块home
[ 2014-07-08T12:44:50+08:00 ] ERR: (ThinkException) 无法加载模块home
[ 2014-07-08T12:44:50+08:00 ] ERR: (ThinkException) 无法加载模块home
[ 2014-07-08T12:46:19+08:00 ] ERR: (ThinkException) 无法加载模块home
[ 2014-07-08T12:46:19+08:00 ] ERR: (ThinkException) 无法加载模块home
[ 2014-07-08T12:46:19+08:00 ] ERR: (ThinkException) 无法加载模块home
[ 2014-07-08T12:46:20+08:00 ] ERR: (ThinkException) 无法加载模块home
[ 2014-07-08T12:46:20+08:00 ] ERR: (ThinkException) 无法加载模块home
[ 2014-07-08T12:46:20+08:00 ] ERR: (ThinkException) 无法加载模块home
[ 2014-07-08T12:46:23+08:00 ] ERR: (ThinkException) 无法加载模块home
[ 2014-07-08T12:46:23+08:00 ] ERR: (ThinkException) 无法加载模块home
[ 2014-07-08T12:46:23+08:00 ] ERR: (ThinkException) 无法加载模块home
[ 2014-07-08T12:46:34+08:00 ] ERR: (ThinkException) 无法加载模块Public
[ 2014-07-08T12:46:34+08:00 ] ERR: (ThinkException) 无法加载模块Public
[ 2014-07-08T12:46:34+08:00 ] ERR: (ThinkException) 无法加载模块Public
[ 2014-07-08T12:46:37+08:00 ] ERR: (ThinkException) 无法加载模块home
[ 2014-07-08T12:46:37+08:00 ] ERR: (ThinkException) 无法加载模块home
[ 2014-07-08T12:46:37+08:00 ] ERR: (ThinkException) 无法加载模块home
[ 2014-07-08T12:46:38+08:00 ] ERR: (ThinkException) 无法加载模块Public
[ 2014-07-08T12:46:38+08:00 ] ERR: (ThinkException) 无法加载模块Public
[ 2014-07-08T12:46:39+08:00 ] ERR: (ThinkException) 非法操作Public
[ 2014-07-08T12:46:39+08:00 ] ERR: (ThinkException) 非法操作Public
[ 2014-07-08T12:46:39+08:00 ] ERR: (ThinkException) 非法操作Public
[ 2014-07-08T12:46:44+08:00 ] ERR: (ThinkException) 无法加载模块Public
[ 2014-07-08T12:46:44+08:00 ] ERR: (ThinkException) 无法加载模块Public
[ 2014-07-08T12:46:45+08:00 ] ERR: (ThinkException) 无法加载模块home
[ 2014-07-08T12:46:45+08:00 ] ERR: (ThinkException) 无法加载模块home
[ 2014-07-08T12:46:45+08:00 ] ERR: (ThinkException) 无法加载模块home
[ 2014-07-08T12:46:47+08:00 ] ERR: (ThinkException) 无法加载模块Public
[ 2014-07-08T12:46:49+08:00 ] ERR: (ThinkException) 非法操作Public
[ 2014-07-08T12:46:49+08:00 ] ERR: (ThinkException) 非法操作Public
[ 2014-07-08T12:46:49+08:00 ] ERR: (ThinkException) 非法操作Public
[ 2014-07-08T12:46:53+08:00 ] ERR: (ThinkException) 无法加载模块Public
[ 2014-07-08T12:46:53+08:00 ] ERR: (ThinkException) 无法加载模块Public
[ 2014-07-08T12:47:17+08:00 ] ERR: (ThinkException) 无法加载模块Public
[ 2014-07-08T12:47:17+08:00 ] ERR: (ThinkException) 无法加载模块Public
[ 2014-07-08T12:47:18+08:00 ] ERR: (ThinkException) 无法加载模块home
[ 2014-07-08T12:47:18+08:00 ] ERR: (ThinkException) 无法加载模块home
[ 2014-07-08T12:47:18+08:00 ] ERR: (ThinkException) 无法加载模块home
[ 2014-07-08T12:47:20+08:00 ] ERR: (ThinkException) 无法加载模块Public
[ 2014-07-08T12:47:31+08:00 ] ERR: (ThinkException) 无法加载模块Public
[ 2014-07-08T12:47:31+08:00 ] ERR: (ThinkException) 无法加载模块Public
[ 2014-07-08T12:47:35+08:00 ] ERR: (ThinkException) 无法加载模块Public
[ 2014-07-08T12:47:35+08:00 ] ERR: (ThinkException) 无法加载模块Public
[ 2014-07-08T12:47:37+08:00 ] ERR: (ThinkException) 无法加载模块home
[ 2014-07-08T12:47:37+08:00 ] ERR: (ThinkException) 无法加载模块home
[ 2014-07-08T12:47:37+08:00 ] ERR: (ThinkException) 无法加载模块home
[ 2014-07-08T12:47:38+08:00 ] ERR: (ThinkException) 无法加载模块Public
[ 2014-07-08T12:47:38+08:00 ] ERR: (ThinkException) 无法加载模块Public
[ 2014-07-08T12:47:44+08:00 ] ERR: (ThinkException) 无法加载模块Public
[ 2014-07-08T12:47:45+08:00 ] ERR: (ThinkException) 无法加载模块home
[ 2014-07-08T12:47:45+08:00 ] ERR: (ThinkException) 无法加载模块home
[ 2014-07-08T12:47:45+08:00 ] ERR: (ThinkException) 无法加载模块home
[ 2014-07-08T12:48:19+08:00 ] ERR: (ThinkException) 无法加载模块home
[ 2014-07-08T12:48:19+08:00 ] ERR: (ThinkException) 无法加载模块home
[ 2014-07-08T12:48:19+08:00 ] ERR: (ThinkException) 无法加载模块home
[ 2014-07-08T12:48:20+08:00 ] ERR: (ThinkException) 无法加载模块home
[ 2014-07-08T12:48:20+08:00 ] ERR: (ThinkException) 无法加载模块home
[ 2014-07-08T12:48:20+08:00 ] ERR: (ThinkException) 无法加载模块home
[ 2014-07-08T12:48:21+08:00 ] ERR: (ThinkException) 无法加载模块home
[ 2014-07-08T12:48:21+08:00 ] ERR: (ThinkException) 无法加载模块home
[ 2014-07-08T12:48:21+08:00 ] ERR: (ThinkException) 无法加载模块home
[ 2014-07-08T12:48:21+08:00 ] ERR: (ThinkException) 无法加载模块Public
[ 2014-07-08T12:48:21+08:00 ] ERR: (ThinkException) 无法加载模块Public
[ 2014-07-08T12:48:23+08:00 ] ERR: (ThinkException) 无法加载模块Public
[ 2014-07-08T12:48:23+08:00 ] ERR: (ThinkException) 无法加载模块Public
[ 2014-07-08T12:48:25+08:00 ] ERR: (ThinkException) 无法加载模块Public
[ 2014-07-08T12:48:26+08:00 ] ERR: (ThinkException) 无法加载模块home
[ 2014-07-08T12:48:26+08:00 ] ERR: (ThinkException) 无法加载模块home
[ 2014-07-08T12:48:26+08:00 ] ERR: (ThinkException) 无法加载模块home
[ 2014-07-08T12:48:48+08:00 ] ERR: (ThinkException) 无法加载模块home
[ 2014-07-08T12:48:48+08:00 ] ERR: (ThinkException) 无法加载模块home
[ 2014-07-08T12:48:48+08:00 ] ERR: (ThinkException) 无法加载模块home
[ 2014-07-08T12:48:48+08:00 ] ERR: (ThinkException) 无法加载模块home
[ 2014-07-08T12:48:48+08:00 ] ERR: (ThinkException) 无法加载模块home
[ 2014-07-08T12:48:48+08:00 ] ERR: (ThinkException) 无法加载模块home
[ 2014-07-08T12:48:49+08:00 ] ERR: (ThinkException) 无法加载模块home
[ 2014-07-08T12:48:49+08:00 ] ERR: (ThinkException) 无法加载模块home
[ 2014-07-08T12:48:49+08:00 ] ERR: (ThinkException) 无法加载模块home
[ 2014-07-08T12:48:49+08:00 ] ERR: (ThinkException) 无法加载模块home
[ 2014-07-08T12:48:49+08:00 ] ERR: (ThinkException) 无法加载模块home
[ 2014-07-08T12:48:49+08:00 ] ERR: (ThinkException) 无法加载模块home
[ 2014-07-08T12:48:56+08:00 ] ERR: (ThinkException) 无法加载模块home
[ 2014-07-08T12:48:56+08:00 ] ERR: (ThinkException) 无法加载模块home
[ 2014-07-08T12:48:56+08:00 ] ERR: (ThinkException) 无法加载模块home
[ 2014-07-08T12:48:56+08:00 ] ERR: (ThinkException) 无法加载模块home
[ 2014-07-08T12:48:56+08:00 ] ERR: (ThinkException) 无法加载模块home
[ 2014-07-08T12:48:56+08:00 ] ERR: (ThinkException) 无法加载模块home
[ 2014-07-08T12:48:56+08:00 ] ERR: (ThinkException) 无法加载模块home
[ 2014-07-08T12:48:56+08:00 ] ERR: (ThinkException) 无法加载模块home
[ 2014-07-08T12:48:56+08:00 ] ERR: (ThinkException) 无法加载模块home
[ 2014-07-08T12:48:56+08:00 ] ERR: (ThinkException) 无法加载模块home
[ 2014-07-08T12:48:56+08:00 ] ERR: (ThinkException) 无法加载模块home
[ 2014-07-08T12:48:56+08:00 ] ERR: (ThinkException) 无法加载模块home
[ 2014-07-08T12:48:57+08:00 ] ERR: (ThinkException) 无法加载模块home
[ 2014-07-08T12:48:57+08:00 ] ERR: (ThinkException) 无法加载模块home
[ 2014-07-08T12:48:57+08:00 ] ERR: (ThinkException) 无法加载模块home
[ 2014-07-08T12:48:57+08:00 ] ERR: (ThinkException) 无法加载模块home
[ 2014-07-08T12:48:57+08:00 ] ERR: (ThinkException) 无法加载模块home
[ 2014-07-08T12:48:57+08:00 ] ERR: (ThinkException) 无法加载模块home
[ 2014-07-08T12:49:32+08:00 ] ERR: (ThinkException) 非法操作Public
[ 2014-07-08T12:49:32+08:00 ] ERR: (ThinkException) 非法操作Public
[ 2014-07-08T12:49:32+08:00 ] ERR: (ThinkException) 非法操作Public
[ 2014-07-08T12:49:38+08:00 ] ERR: (ThinkException) 非法操作Public
[ 2014-07-08T12:49:45+08:00 ] ERR: (ThinkException) 非法操作Public
[ 2014-07-08T12:49:45+08:00 ] ERR: (ThinkException) 非法操作Public
[ 2014-07-08T12:49:45+08:00 ] ERR: (ThinkException) 非法操作Public
[ 2014-07-08T12:49:45+08:00 ] ERR: (ThinkException) 非法操作Public
[ 2014-07-08T12:49:46+08:00 ] ERR: (ThinkException) 非法操作Public
[ 2014-07-08T12:49:46+08:00 ] ERR: (ThinkException) 非法操作Public
[ 2014-07-08T12:52:47+08:00 ] ERR: (ThinkException) 非法操作js
[ 2014-07-08T12:52:47+08:00 ] ERR: (ThinkException) 非法操作js
[ 2014-07-08T12:52:47+08:00 ] ERR: (ThinkException) 非法操作Public
[ 2014-07-08T12:52:47+08:00 ] ERR: (ThinkException) 非法操作Public
[ 2014-07-08T12:52:47+08:00 ] ERR: (ThinkException) 非法操作Public
[ 2014-07-08T12:53:15+08:00 ] ERR: (ThinkException) 非法操作js
[ 2014-07-08T12:53:15+08:00 ] ERR: (ThinkException) 非法操作js
[ 2014-07-08T12:53:31+08:00 ] ERR: (ThinkException) 无法加载模块js
[ 2014-07-08T12:53:31+08:00 ] ERR: (ThinkException) 无法加载模块js
[ 2014-07-08T12:53:32+08:00 ] ERR: (ThinkException) 无法加载模块Public
[ 2014-07-08T12:53:32+08:00 ] ERR: (ThinkException) 无法加载模块Public
[ 2014-07-08T12:53:33+08:00 ] ERR: (ThinkException) 非法操作js
[ 2014-07-08T12:53:33+08:00 ] ERR: (ThinkException) 非法操作Public
[ 2014-07-08T12:53:33+08:00 ] ERR: (ThinkException) 非法操作js
[ 2014-07-08T12:53:33+08:00 ] ERR: (ThinkException) 非法操作Public
[ 2014-07-08T12:53:34+08:00 ] ERR: (ThinkException) 非法操作Public
[ 2014-07-08T12:53:42+08:00 ] ERR: (ThinkException) 无法加载模块js
[ 2014-07-08T12:53:42+08:00 ] ERR: (ThinkException) 无法加载模块js
[ 2014-07-08T12:53:42+08:00 ] ERR: (ThinkException) 无法加载模块Public
[ 2014-07-08T12:53:42+08:00 ] ERR: (ThinkException) 无法加载模块Public
[ 2014-07-08T12:53:43+08:00 ] ERR: (ThinkException) 非法操作js
[ 2014-07-08T12:53:43+08:00 ] ERR: (ThinkException) 非法操作js
[ 2014-07-08T12:53:51+08:00 ] ERR: (ThinkException) 无法加载模块js
[ 2014-07-08T12:53:51+08:00 ] ERR: (ThinkException) 无法加载模块js
[ 2014-07-08T12:53:51+08:00 ] ERR: (ThinkException) 无法加载模块Public
[ 2014-07-08T12:53:51+08:00 ] ERR: (ThinkException) 无法加载模块Public
[ 2014-07-08T12:53:52+08:00 ] ERR: (ThinkException) 非法操作js
[ 2014-07-08T12:53:52+08:00 ] ERR: (ThinkException) 非法操作js
[ 2014-07-08T12:53:52+08:00 ] ERR: (ThinkException) 非法操作Public
[ 2014-07-08T12:53:52+08:00 ] ERR: (ThinkException) 非法操作Public
[ 2014-07-08T12:53:52+08:00 ] ERR: (ThinkException) 非法操作Public
[ 2014-07-08T12:53:56+08:00 ] ERR: (ThinkException) 非法操作Public
[ 2014-07-08T12:54:05+08:00 ] ERR: (ThinkException) 非法操作js
[ 2014-07-08T12:54:05+08:00 ] ERR: (ThinkException) 非法操作js
[ 2014-07-08T12:54:08+08:00 ] ERR: (ThinkException) 非法操作js
[ 2014-07-08T12:54:08+08:00 ] ERR: (ThinkException) 非法操作js
[ 2014-07-08T12:54:08+08:00 ] ERR: (ThinkException) 非法操作Public
[ 2014-07-08T12:54:08+08:00 ] ERR: (ThinkException) 非法操作Public
[ 2014-07-08T12:54:08+08:00 ] ERR: (ThinkException) 非法操作Public
[ 2014-07-08T12:54:10+08:00 ] ERR: (ThinkException) 无法加载模块js
[ 2014-07-08T12:54:10+08:00 ] ERR: (ThinkException) 无法加载模块js
[ 2014-07-08T12:54:10+08:00 ] ERR: (ThinkException) 无法加载模块Public
[ 2014-07-08T12:54:10+08:00 ] ERR: (ThinkException) 无法加载模块Public
[ 2014-07-08T12:54:12+08:00 ] ERR: (ThinkException) 非法操作js
[ 2014-07-08T12:54:12+08:00 ] ERR: (ThinkException) 非法操作js
[ 2014-07-08T12:54:23+08:00 ] ERR: (ThinkException) 非法操作js
[ 2014-07-08T12:54:23+08:00 ] ERR: (ThinkException) 非法操作Public
[ 2014-07-08T12:54:23+08:00 ] ERR: (ThinkException) 非法操作js
[ 2014-07-08T12:54:23+08:00 ] ERR: (ThinkException) 非法操作Public
[ 2014-07-08T12:54:23+08:00 ] ERR: (ThinkException) 非法操作Public
[ 2014-07-08T12:54:31+08:00 ] ERR: (ThinkException) 非法操作Public
[ 2014-07-08T12:54:31+08:00 ] ERR: (ThinkException) 非法操作Public
[ 2014-07-08T12:54:31+08:00 ] ERR: (ThinkException) 非法操作Public
[ 2014-07-08T12:54:36+08:00 ] ERR: (ThinkException) 无法加载模块Public
[ 2014-07-08T12:55:36+08:00 ] ERR: (ThinkException) 无法加载模块Public
[ 2014-07-08T12:55:36+08:00 ] ERR: (ThinkException) 无法加载模块Public
[ 2014-07-08T12:55:37+08:00 ] ERR: (ThinkException) 无法加载模块Public
[ 2014-07-08T12:55:37+08:00 ] ERR: (ThinkException) 无法加载模块Public
[ 2014-07-08T13:24:08+08:00 ] ERR: (ThinkException) 无法加载模块Public
[ 2014-07-08T13:24:08+08:00 ] ERR: (ThinkException) 无法加载模块Public
[ 2014-07-08T13:24:08+08:00 ] ERR: (ThinkException) 无法加载模块Public
[ 2014-07-08T13:24:12+08:00 ] ERR: (ThinkException) 无法加载模块Public
[ 2014-07-08T13:24:28+08:00 ] ERR: (ThinkException) 无法加载模块Public
[ 2014-07-08T13:24:28+08:00 ] ERR: (ThinkException) 无法加载模块Public
[ 2014-07-08T13:28:10+08:00 ] ERR: (ThinkException) 无法加载模块Public
[ 2014-07-08T13:28:10+08:00 ] ERR: (ThinkException) 无法加载模块Public
[ 2014-07-08T13:33:21+08:00 ] ERR: (ThinkException) 无法加载模块Public
[ 2014-07-08T13:33:22+08:00 ] ERR: (ThinkException) 无法加载模块Public
[ 2014-07-08T13:33:22+08:00 ] ERR: (ThinkException) 无法加载模块Public
[ 2014-07-08T13:33:30+08:00 ] ERR: (ThinkException) 无法加载模块Public
[ 2014-07-08T13:33:30+08:00 ] ERR: (ThinkException) 无法加载模块Public
[ 2014-07-08T13:33:30+08:00 ] ERR: (ThinkException) 无法加载模块Public
[ 2014-07-08T13:33:30+08:00 ] ERR: (ThinkException) 无法加载模块Public
[ 2014-07-08T13:33:30+08:00 ] ERR: (ThinkException) 无法加载模块Public
[ 2014-07-08T13:33:30+08:00 ] ERR: (ThinkException) 无法加载模块Public
[ 2014-07-08T13:33:44+08:00 ] ERR: (ThinkException) 无法加载模块Public
[ 2014-07-08T13:33:44+08:00 ] ERR: (ThinkException) 无法加载模块Public
[ 2014-07-08T13:33:44+08:00 ] ERR: (ThinkException) 无法加载模块Public
[ 2014-07-08T13:33:44+08:00 ] ERR: (ThinkException) 无法加载模块Public
[ 2014-07-08T13:33:44+08:00 ] ERR: (ThinkException) 无法加载模块Public
[ 2014-07-08T13:33:44+08:00 ] ERR: (ThinkException) 无法加载模块Public
[ 2014-07-08T13:33:44+08:00 ] ERR: (ThinkException) 无法加载模块Public
[ 2014-07-08T13:34:28+08:00 ] ERR: (ThinkException) 无法加载模块Public
[ 2014-07-08T13:36:59+08:00 ] ERR: (ThinkException) 无法加载模块Public
[ 2014-07-08T13:36:59+08:00 ] ERR: (ThinkException) 无法加载模块Public
[ 2014-07-08T13:36:59+08:00 ] ERR: (ThinkException) 无法加载模块Public
[ 2014-07-08T13:36:59+08:00 ] ERR: (ThinkException) 无法加载模块Public
[ 2014-07-08T13:36:59+08:00 ] ERR: (ThinkException) 无法加载模块Public
[ 2014-07-08T13:36:59+08:00 ] ERR: (ThinkException) 无法加载模块Public
[ 2014-07-08T13:37:36+08:00 ] ERR: (ThinkException) 无法加载模块Public
[ 2014-07-08T13:38:29+08:00 ] ERR: (ThinkException) 无法加载模块Public
[ 2014-07-08T13:38:29+08:00 ] ERR: (ThinkException) 无法加载模块Public
[ 2014-07-08T13:38:29+08:00 ] ERR: (ThinkException) 无法加载模块Public
[ 2014-07-08T13:38:31+08:00 ] ERR: (ThinkException) 无法加载模块Public
[ 2014-07-08T13:38:52+08:00 ] ERR: (ThinkException) 无法加载模块Public
[ 2014-07-08T13:38:52+08:00 ] ERR: (ThinkException) 无法加载模块Public
[ 2014-07-08T13:38:52+08:00 ] ERR: (ThinkException) 无法加载模块Public
[ 2014-07-08T13:38:54+08:00 ] ERR: (ThinkException) 无法加载模块Public
[ 2014-07-08T13:40:26+08:00 ] ERR: (ThinkException) 无法加载模块Public
[ 2014-07-08T13:40:26+08:00 ] ERR: (ThinkException) 无法加载模块Public
[ 2014-07-08T13:40:26+08:00 ] ERR: (ThinkException) 无法加载模块Public
[ 2014-07-08T13:40:27+08:00 ] ERR: (ThinkException) 无法加载模块Public
[ 2014-07-08T13:40:27+08:00 ] ERR: (ThinkException) 无法加载模块Public
[ 2014-07-08T13:40:27+08:00 ] ERR: (ThinkException) 无法加载模块Public
[ 2014-07-08T13:40:30+08:00 ] ERR: (ThinkException) 无法加载模块Public
[ 2014-07-08T13:40:54+08:00 ] ERR: (ThinkException) 无法加载模块Public
[ 2014-07-08T13:40:54+08:00 ] ERR: (ThinkException) 无法加载模块Public
[ 2014-07-08T13:40:54+08:00 ] ERR: (ThinkException) 无法加载模块Public
[ 2014-07-08T13:40:56+08:00 ] ERR: (ThinkException) 无法加载模块Public
[ 2014-07-08T13:41:04+08:00 ] ERR: (ThinkException) 无法加载模块Public
[ 2014-07-08T13:41:04+08:00 ] ERR: (ThinkException) 无法加载模块Public
[ 2014-07-08T13:41:04+08:00 ] ERR: (ThinkException) 无法加载模块Public
[ 2014-07-08T13:41:13+08:00 ] ERR: (ThinkException) 无法加载模块Public
[ 2014-07-08T13:41:13+08:00 ] ERR: (ThinkException) 无法加载模块Public
[ 2014-07-08T13:41:13+08:00 ] ERR: (ThinkException) 无法加载模块Public
[ 2014-07-08T13:41:15+08:00 ] ERR: (ThinkException) 无法加载模块Public
[ 2014-07-08T13:41:15+08:00 ] ERR: (ThinkException) 无法加载模块Public
[ 2014-07-08T13:41:15+08:00 ] ERR: (ThinkException) 无法加载模块Public
[ 2014-07-08T13:41:15+08:00 ] ERR: (ThinkException) 无法加载模块Public
[ 2014-07-08T13:42:16+08:00 ] ERR: (ThinkException) 无法加载模块Public
[ 2014-07-08T13:42:16+08:00 ] ERR: (ThinkException) 无法加载模块Public
[ 2014-07-08T13:42:16+08:00 ] ERR: (ThinkException) 无法加载模块Public
[ 2014-07-08T13:42:20+08:00 ] ERR: (ThinkException) 无法加载模块Public
[ 2014-07-08T13:43:05+08:00 ] ERR: (ThinkException) 无法加载模块Public
[ 2014-07-08T13:43:05+08:00 ] ERR: (ThinkException) 无法加载模块Public
[ 2014-07-08T13:43:05+08:00 ] ERR: (ThinkException) 无法加载模块Public
[ 2014-07-08T13:43:06+08:00 ] ERR: (ThinkException) 无法加载模块Public
[ 2014-07-08T13:45:15+08:00 ] ERR: (ThinkException) 无法加载模块Public
[ 2014-07-08T13:45:15+08:00 ] ERR: (ThinkException) 无法加载模块Public
[ 2014-07-08T13:45:15+08:00 ] ERR: (ThinkException) 无法加载模块Public
[ 2014-07-08T13:45:17+08:00 ] ERR: (ThinkException) 无法加载模块Public
[ 2014-07-08T13:45:59+08:00 ] ERR: (ThinkException) 无法加载模块Public
[ 2014-07-08T13:45:59+08:00 ] ERR: (ThinkException) 无法加载模块Public
[ 2014-07-08T13:45:59+08:00 ] ERR: (ThinkException) 无法加载模块Public
[ 2014-07-08T13:46:01+08:00 ] ERR: (ThinkException) 无法加载模块Public
[ 2014-07-08T13:50:44+08:00 ] ERR: (ThinkException) 无法加载模块Public
[ 2014-07-08T13:50:44+08:00 ] ERR: (ThinkException) 无法加载模块Public
[ 2014-07-08T13:50:44+08:00 ] ERR: (ThinkException) 无法加载模块Public
[ 2014-07-08T13:50:45+08:00 ] ERR: (ThinkException) 无法加载模块Public
[ 2014-07-08T13:50:55+08:00 ] ERR: (ThinkException) 无法加载模块Public
[ 2014-07-08T13:50:55+08:00 ] ERR: (ThinkException) 无法加载模块Public
[ 2014-07-08T13:50:55+08:00 ] ERR: (ThinkException) 无法加载模块Public
[ 2014-07-08T13:50:57+08:00 ] ERR: (ThinkException) 无法加载模块Public
[ 2014-07-08T13:52:39+08:00 ] ERR: (ThinkException) 无法加载模块Public
[ 2014-07-08T13:52:39+08:00 ] ERR: (ThinkException) 无法加载模块Public
[ 2014-07-08T13:52:39+08:00 ] ERR: (ThinkException) 无法加载模块Public
[ 2014-07-08T13:52:39+08:00 ] ERR: (ThinkException) 无法加载模块Public
[ 2014-07-08T13:53:17+08:00 ] ERR: (ThinkException) 无法加载模块Public
[ 2014-07-08T13:53:17+08:00 ] ERR: (ThinkException) 无法加载模块Public
[ 2014-07-08T13:53:17+08:00 ] ERR: (ThinkException) 无法加载模块Public
[ 2014-07-08T13:53:19+08:00 ] ERR: (ThinkException) 无法加载模块Public
[ 2014-07-08T13:53:19+08:00 ] ERR: (ThinkException) 无法加载模块Public
[ 2014-07-08T13:53:19+08:00 ] ERR: (ThinkException) 无法加载模块Public
[ 2014-07-08T13:53:19+08:00 ] ERR: (ThinkException) 无法加载模块Public
[ 2014-07-08T13:53:21+08:00 ] ERR: (ThinkException) 无法加载模块Public
[ 2014-07-08T13:53:38+08:00 ] ERR: (ThinkException) 无法加载模块Public
[ 2014-07-08T13:53:38+08:00 ] ERR: (ThinkException) 无法加载模块Public
[ 2014-07-08T13:53:38+08:00 ] ERR: (ThinkException) 无法加载模块Public
[ 2014-07-08T13:53:40+08:00 ] ERR: (ThinkException) 无法加载模块Public
[ 2014-07-08T13:55:26+08:00 ] ERR: (ThinkException) 无法加载模块Public
[ 2014-07-08T13:55:26+08:00 ] ERR: (ThinkException) 无法加载模块Public
[ 2014-07-08T13:55:26+08:00 ] ERR: (ThinkException) 无法加载模块Public
[ 2014-07-08T13:55:26+08:00 ] ERR: (ThinkException) 无法加载模块Public
[ 2014-07-08T13:55:26+08:00 ] ERR: (ThinkException) 无法加载模块Public
[ 2014-07-08T13:55:26+08:00 ] ERR: (ThinkException) 无法加载模块Public
[ 2014-07-08T13:55:38+08:00 ] ERR: (ThinkException) 无法加载模块Public
[ 2014-07-08T13:55:38+08:00 ] ERR: (ThinkException) 无法加载模块Public
[ 2014-07-08T13:55:38+08:00 ] ERR: (ThinkException) 无法加载模块Public
[ 2014-07-08T13:55:44+08:00 ] ERR: (ThinkException) 无法加载模块Public
[ 2014-07-08T13:56:38+08:00 ] ERR: (ThinkException) 无法加载模块Public
[ 2014-07-08T13:56:38+08:00 ] ERR: (ThinkException) 无法加载模块Public
[ 2014-07-08T13:56:38+08:00 ] ERR: (ThinkException) 无法加载模块Public
[ 2014-07-08T13:57:38+08:00 ] ERR: (ThinkException) 无法加载模块Public
[ 2014-07-08T13:57:38+08:00 ] ERR: (ThinkException) 无法加载模块Public
[ 2014-07-08T13:57:38+08:00 ] ERR: (ThinkException) 无法加载模块Public
[ 2014-07-08T13:58:30+08:00 ] ERR: (ThinkException) 无法加载模块Public
[ 2014-07-08T13:58:30+08:00 ] ERR: (ThinkException) 无法加载模块Public
[ 2014-07-08T13:58:30+08:00 ] ERR: (ThinkException) 无法加载模块Public
[ 2014-07-08T13:58:31+08:00 ] ERR: (ThinkException) 无法加载模块Public
[ 2014-07-08T13:58:31+08:00 ] ERR: (ThinkException) 无法加载模块Public
[ 2014-07-08T13:59:31+08:00 ] ERR: (ThinkException) 无法加载模块Public
[ 2014-07-08T13:59:31+08:00 ] ERR: (ThinkException) 无法加载模块Public
[ 2014-07-08T14:00:07+08:00 ] ERR: (ThinkException) 无法加载模块Public
[ 2014-07-08T14:00:07+08:00 ] ERR: (ThinkException) 无法加载模块Public
[ 2014-07-08T14:00:07+08:00 ] ERR: (ThinkException) 无法加载模块Public
[ 2014-07-08T14:00:53+08:00 ] ERR: (ThinkException) 无法加载模块Public
[ 2014-07-08T14:00:53+08:00 ] ERR: (ThinkException) 无法加载模块Public
[ 2014-07-08T14:00:53+08:00 ] ERR: (ThinkException) 无法加载模块Public
[ 2014-07-08T14:00:53+08:00 ] ERR: (ThinkException) 无法加载模块Public
[ 2014-07-08T14:02:24+08:00 ] ERR: (ThinkException) 无法加载模块Public
[ 2014-07-08T14:03:37+08:00 ] ERR: (ThinkException) 无法加载模块Public
[ 2014-07-08T14:04:06+08:00 ] ERR: (ThinkException) 无法加载模块Public
[ 2014-07-08T14:04:06+08:00 ] ERR: (ThinkException) 无法加载模块Public
[ 2014-07-08T14:04:06+08:00 ] ERR: (ThinkException) 无法加载模块Public
[ 2014-07-08T14:05:27+08:00 ] ERR: (ThinkException) 无法加载模块Public
[ 2014-07-08T14:05:27+08:00 ] ERR: (ThinkException) 无法加载模块Public
[ 2014-07-08T14:05:27+08:00 ] ERR: (ThinkException) 无法加载模块Public
[ 2014-07-08T14:09:22+08:00 ] ERR: (ThinkException) 无法加载模块Public
[ 2014-07-08T14:09:22+08:00 ] ERR: (ThinkException) 无法加载模块Public
[ 2014-07-08T14:09:22+08:00 ] ERR: (ThinkException) 无法加载模块Public
[ 2014-07-08T14:09:47+08:00 ] ERR: (ThinkException) 无法加载模块Public
[ 2014-07-08T14:09:47+08:00 ] ERR: (ThinkException) 无法加载模块Public
[ 2014-07-08T14:09:47+08:00 ] ERR: (ThinkException) 无法加载模块Public
[ 2014-07-08T14:09:47+08:00 ] ERR: (ThinkException) 无法加载模块Public
[ 2014-07-08T14:09:48+08:00 ] ERR: (ThinkException) 无法加载模块Public
[ 2014-07-08T14:09:48+08:00 ] ERR: (ThinkException) 无法加载模块Public
[ 2014-07-08T14:09:48+08:00 ] ERR: (ThinkException) 无法加载模块Public
[ 2014-07-08T14:09:48+08:00 ] ERR: (ThinkException) 无法加载模块Public
[ 2014-07-08T14:09:53+08:00 ] ERR: (ThinkException) 无法加载模块Public
[ 2014-07-08T14:09:54+08:00 ] ERR: (ThinkException) 无法加载模块Public
[ 2014-07-08T14:09:54+08:00 ] ERR: (ThinkException) 无法加载模块Public
[ 2014-07-08T14:09:57+08:00 ] ERR: (ThinkException) 无法加载模块Public
[ 2014-07-08T14:09:57+08:00 ] ERR: (ThinkException) 无法加载模块Public
[ 2014-07-08T14:09:57+08:00 ] ERR: (ThinkException) 无法加载模块Public
[ 2014-07-08T14:09:57+08:00 ] ERR: (ThinkException) 无法加载模块Public
[ 2014-07-08T14:10:10+08:00 ] ERR: (ThinkException) 无法加载模块Public
[ 2014-07-08T14:10:10+08:00 ] ERR: (ThinkException) 无法加载模块Public
[ 2014-07-08T14:10:10+08:00 ] ERR: (ThinkException) 无法加载模块Public
[ 2014-07-08T14:10:10+08:00 ] ERR: (ThinkException) 无法加载模块Public
[ 2014-07-08T14:10:12+08:00 ] ERR: (ThinkException) 无法加载模块Public
[ 2014-07-08T14:11:02+08:00 ] ERR: (ThinkException) 无法加载模块Public
[ 2014-07-08T14:11:02+08:00 ] ERR: (ThinkException) 无法加载模块Public
[ 2014-07-08T14:11:02+08:00 ] ERR: (ThinkException) 无法加载模块Public
[ 2014-07-08T14:11:02+08:00 ] ERR: (ThinkException) 无法加载模块Public
[ 2014-07-08T14:11:11+08:00 ] ERR: (ThinkException) 无法加载模块Public
[ 2014-07-08T14:12:02+08:00 ] ERR: (ThinkException) 无法加载模块Public
[ 2014-07-08T14:12:29+08:00 ] ERR: (ThinkException) 无法加载模块Public
[ 2014-07-08T14:12:29+08:00 ] ERR: (ThinkException) 无法加载模块Public
[ 2014-07-08T14:12:29+08:00 ] ERR: (ThinkException) 无法加载模块Public
[ 2014-07-08T14:12:29+08:00 ] ERR: (ThinkException) 无法加载模块Public
[ 2014-07-08T14:12:30+08:00 ] ERR: (ThinkException) 无法加载模块Public
[ 2014-07-08T14:12:53+08:00 ] ERR: (ThinkException) 无法加载模块Public
[ 2014-07-08T14:12:53+08:00 ] ERR: (ThinkException) 无法加载模块Public
[ 2014-07-08T14:12:53+08:00 ] ERR: (ThinkException) 无法加载模块Public
[ 2014-07-08T14:12:53+08:00 ] ERR: (ThinkException) 无法加载模块Public
[ 2014-07-08T14:12:55+08:00 ] ERR: (ThinkException) 无法加载模块Public
[ 2014-07-08T14:13:08+08:00 ] ERR: (ThinkException) 无法加载模块Public
[ 2014-07-08T14:13:08+08:00 ] ERR: (ThinkException) 无法加载模块Public
[ 2014-07-08T14:13:08+08:00 ] ERR: (ThinkException) 无法加载模块Public
[ 2014-07-08T14:13:10+08:00 ] ERR: (ThinkException) 无法加载模块Public
[ 2014-07-08T14:13:39+08:00 ] ERR: (ThinkException) 无法加载模块Public
[ 2014-07-08T14:13:39+08:00 ] ERR: (ThinkException) 无法加载模块Public
[ 2014-07-08T14:13:39+08:00 ] ERR: (ThinkException) 无法加载模块Public
[ 2014-07-08T14:13:39+08:00 ] ERR: (ThinkException) 无法加载模块Public
[ 2014-07-08T14:14:28+08:00 ] ERR: (ThinkException) 无法加载模块Public
[ 2014-07-08T14:14:28+08:00 ] ERR: (ThinkException) 无法加载模块Public
[ 2014-07-08T14:14:38+08:00 ] ERR: (ThinkException) 无法加载模块Login
[ 2014-07-08T14:14:53+08:00 ] ERR: (ThinkException) 无法加载模块Public
[ 2014-07-08T14:14:53+08:00 ] ERR: (ThinkException) 无法加载模块Public
[ 2014-07-08T14:14:53+08:00 ] ERR: (ThinkException) 无法加载模块Public
[ 2014-07-08T14:14:53+08:00 ] ERR: (ThinkException) 无法加载模块Public
[ 2014-07-08T14:14:57+08:00 ] ERR: (ThinkException) 无法加载模块Public
[ 2014-07-08T14:16:36+08:00 ] ERR: (ThinkException) 无法加载模块Public
[ 2014-07-08T14:16:36+08:00 ] ERR: (ThinkException) 无法加载模块Public
[ 2014-07-08T14:16:36+08:00 ] ERR: (ThinkException) 无法加载模块Public
[ 2014-07-08T14:16:43+08:00 ] ERR: (ThinkException) 无法加载模块Public
[ 2014-07-08T14:16:43+08:00 ] ERR: (ThinkException) 无法加载模块Public
[ 2014-07-08T14:16:43+08:00 ] ERR: (ThinkException) 无法加载模块Public
[ 2014-07-08T14:16:43+08:00 ] ERR: (ThinkException) 无法加载模块Public
[ 2014-07-08T14:17:01+08:00 ] ERR: (ThinkException) 无法加载模块Login
[ 2014-07-08T14:17:02+08:00 ] ERR: (ThinkException) 无法加载模块Public
[ 2014-07-08T14:17:02+08:00 ] ERR: (ThinkException) 无法加载模块Public
[ 2014-07-08T14:18:01+08:00 ] ERR: (ThinkException) 无法加载模块Public
[ 2014-07-08T14:18:31+08:00 ] ERR: (ThinkException) 无法加载模块Public
[ 2014-07-08T14:18:31+08:00 ] ERR: (ThinkException) 无法加载模块Public
[ 2014-07-08T14:18:31+08:00 ] ERR: (ThinkException) 无法加载模块Public
[ 2014-07-08T14:18:33+08:00 ] ERR: (ThinkException) 无法加载模块Public
[ 2014-07-08T14:18:33+08:00 ] ERR: (ThinkException) 无法加载模块Public
[ 2014-07-08T14:18:33+08:00 ] ERR: (ThinkException) 无法加载模块Public
[ 2014-07-08T14:19:17+08:00 ] ERR: (ThinkException) 无法加载模块Public
[ 2014-07-08T14:19:17+08:00 ] ERR: (ThinkException) 无法加载模块Public
[ 2014-07-08T14:19:17+08:00 ] ERR: (ThinkException) 无法加载模块Public
[ 2014-07-08T14:19:36+08:00 ] ERR: (ThinkException) 无法加载模块Public
[ 2014-07-08T14:19:36+08:00 ] ERR: (ThinkException) 无法加载模块Public
[ 2014-07-08T14:19:36+08:00 ] ERR: (ThinkException) 无法加载模块Public
[ 2014-07-08T14:19:43+08:00 ] ERR: (ThinkException) 无法加载模块Public
[ 2014-07-08T14:19:49+08:00 ] ERR: (ThinkException) 无法加载模块Public
[ 2014-07-08T14:19:49+08:00 ] ERR: (ThinkException) 无法加载模块Public
[ 2014-07-08T14:19:49+08:00 ] ERR: (ThinkException) 无法加载模块Public
[ 2014-07-08T14:19:49+08:00 ] ERR: (ThinkException) 无法加载模块Public
[ 2014-07-08T14:20:35+08:00 ] ERR: (ThinkException) 无法加载模块Public
[ 2014-07-08T14:21:11+08:00 ] ERR: (ThinkException) 无法加载模块Public
[ 2014-07-08T14:21:11+08:00 ] ERR: (ThinkException) 无法加载模块Public
[ 2014-07-08T14:21:11+08:00 ] ERR: (ThinkException) 无法加载模块Public
[ 2014-07-08T14:22:16+08:00 ] ERR: (ThinkException) 无法加载模块Public
[ 2014-07-08T14:36:32+08:00 ] ERR: (ThinkException) 无法加载模块Public
[ 2014-07-08T14:37:40+08:00 ] ERR: (ThinkException) 无法加载模块Public
[ 2014-07-08T14:38:43+08:00 ] ERR: (ThinkException) 无法加载模块Public
[ 2014-07-08T14:38:43+08:00 ] ERR: (ThinkException) 无法加载模块Public
[ 2014-07-08T15:18:23+08:00 ] ERR: (ThinkException) 无法加载模块Public
[ 2014-07-08T15:18:23+08:00 ] ERR: (ThinkException) 无法加载模块Public
[ 2014-07-08T15:18:51+08:00 ] ERR: (ThinkException) 无法加载模块Public
[ 2014-07-08T15:18:59+08:00 ] ERR: (ThinkException) 无法加载模块Public
[ 2014-07-08T15:19:02+08:00 ] ERR: (ThinkException) 无法加载模块Public
[ 2014-07-08T15:19:03+08:00 ] ERR: (ThinkException) 无法加载模块Public
[ 2014-07-08T15:19:11+08:00 ] ERR: (ThinkException) 无法加载模块Public
[ 2014-07-08T15:19:16+08:00 ] ERR: (ThinkException) 无法加载模块Public
[ 2014-07-08T15:19:52+08:00 ] ERR: (ThinkException) 无法加载模块Public
[ 2014-07-08T15:19:52+08:00 ] ERR: (ThinkException) 无法加载模块Public
[ 2014-07-08T15:25:44+08:00 ] ERR: (ThinkException) 无法加载模块Public
[ 2014-07-08T15:25:44+08:00 ] ERR: (ThinkException) 无法加载模块Public
[ 2014-07-08T15:26:07+08:00 ] ERR: (ThinkException) 无法加载模块Public
[ 2014-07-08T15:26:07+08:00 ] ERR: (ThinkException) 无法加载模块Public
[ 2014-07-08T15:29:37+08:00 ] ERR: (ThinkException) 无法加载模块Public
[ 2014-07-08T15:29:37+08:00 ] ERR: (ThinkException) 无法加载模块Public
[ 2014-07-08T15:31:15+08:00 ] ERR: (ThinkException) 无法加载模块Public
[ 2014-07-08T15:31:16+08:00 ] ERR: (ThinkException) 无法加载模块Public
[ 2014-07-08T15:31:16+08:00 ] ERR: (ThinkException) 无法加载模块Public
[ 2014-07-08T15:31:33+08:00 ] ERR: (ThinkException) 无法加载模块Public
[ 2014-07-08T15:31:33+08:00 ] ERR: (ThinkException) 无法加载模块Public
[ 2014-07-08T15:31:33+08:00 ] ERR: (ThinkException) 无法加载模块Public
[ 2014-07-08T15:33:20+08:00 ] ERR: (ThinkException) 无法加载模块Public
[ 2014-07-08T15:33:20+08:00 ] ERR: (ThinkException) 无法加载模块Public
[ 2014-07-08T15:40:29+08:00 ] ERR: (ThinkException) 无法加载模块Public
[ 2014-07-08T15:40:29+08:00 ] ERR: (ThinkException) 无法加载模块Public
[ 2014-07-08T15:50:01+08:00 ] ERR: (ThinkException) 无法加载模块Public
[ 2014-07-08T15:50:01+08:00 ] ERR: (ThinkException) 无法加载模块Public
[ 2014-07-08T15:50:39+08:00 ] ERR: (ThinkException) 无法加载模块Public
[ 2014-07-08T15:50:39+08:00 ] ERR: (ThinkException) 无法加载模块Public
[ 2014-07-08T15:50:48+08:00 ] ERR: (ThinkException) 无法加载模块Public
[ 2014-07-08T15:51:12+08:00 ] ERR: (ThinkException) 无法加载模块Public
[ 2014-07-08T15:51:17+08:00 ] ERR: (ThinkException) 无法加载模块Public
[ 2014-07-08T15:51:18+08:00 ] ERR: (ThinkException) 无法加载模块Public
[ 2014-07-08T15:52:30+08:00 ] ERR: (ThinkException) 无法加载模块Public
[ 2014-07-08T15:52:30+08:00 ] ERR: (ThinkException) 无法加载模块Public
[ 2014-07-08T15:52:51+08:00 ] ERR: (ThinkException) 无法加载模块Public
[ 2014-07-08T15:53:03+08:00 ] ERR: (ThinkException) 无法加载模块Public
[ 2014-07-08T15:55:17+08:00 ] ERR: (ThinkException) 无法加载模块Login
[ 2014-07-08T15:55:19+08:00 ] ERR: (ThinkException) 无法加载模块Public
[ 2014-07-08T15:55:19+08:00 ] ERR: (ThinkException) 无法加载模块Public
[ 2014-07-08T15:55:19+08:00 ] ERR: (ThinkException) 无法加载模块Public
[ 2014-07-08T16:00:04+08:00 ] ERR: (ThinkException) 无法加载模块Public
[ 2014-07-08T16:00:05+08:00 ] ERR: (ThinkException) 无法加载模块Public
[ 2014-07-08T16:00:05+08:00 ] ERR: (ThinkException) 无法加载模块Public
[ 2014-07-08T16:00:17+08:00 ] ERR: (ThinkException) 无法加载模块Public
[ 2014-07-08T16:00:17+08:00 ] ERR: (ThinkException) 无法加载模块Public
[ 2014-07-08T16:01:34+08:00 ] ERR: (ThinkException) 无法加载模块Public
[ 2014-07-08T16:02:44+08:00 ] ERR: (ThinkException) 无法加载模块Public
[ 2014-07-08T16:02:51+08:00 ] ERR: (ThinkException) 无法加载模块Public
[ 2014-07-08T16:03:06+08:00 ] ERR: (ThinkException) 无法加载模块Public
[ 2014-07-08T16:03:45+08:00 ] ERR: (ThinkException) 无法加载模块Public
[ 2014-07-08T16:03:46+08:00 ] ERR: (ThinkException) 无法加载模块Public
[ 2014-07-08T16:04:02+08:00 ] ERR: (ThinkException) 无法加载模块Public
[ 2014-07-08T16:04:02+08:00 ] ERR: (ThinkException) 无法加载模块Public
[ 2014-07-08T16:04:02+08:00 ] ERR: (ThinkException) 无法加载模块Public
[ 2014-07-08T16:04:02+08:00 ] ERR: (ThinkException) 无法加载模块Public
[ 2014-07-08T16:07:58+08:00 ] ERR: (ThinkException) 无法加载模块Public
[ 2014-07-08T16:10:42+08:00 ] ERR: (ThinkException) 无法加载模块Public
[ 2014-07-08T16:11:37+08:00 ] ERR: (ThinkException) 无法加载模块Public
[ 2014-07-08T16:11:37+08:00 ] ERR: (ThinkException) 无法加载模块Public
[ 2014-07-08T16:13:08+08:00 ] ERR: (ThinkException) 无法加载模块Public
[ 2014-07-08T16:15:41+08:00 ] ERR: (ThinkException) 无法加载模块Public
[ 2014-07-08T16:17:48+08:00 ] ERR: (ThinkException) 无法加载模块Public
[ 2014-07-08T16:18:18+08:00 ] ERR: (ThinkException) 无法加载模块Public
[ 2014-07-08T16:19:01+08:00 ] ERR: (ThinkException) 无法加载模块Public
[ 2014-07-08T16:19:01+08:00 ] ERR: (ThinkException) 无法加载模块Public
[ 2014-07-08T16:19:32+08:00 ] ERR: (ThinkException) 无法加载模块Public
[ 2014-07-08T16:19:33+08:00 ] ERR: (ThinkException) 无法加载模块Public
[ 2014-07-08T16:20:14+08:00 ] ERR: (ThinkException) 无法加载模块Public
[ 2014-07-08T16:25:01+08:00 ] ERR: (ThinkException) 无法加载模块Public
[ 2014-07-08T16:25:01+08:00 ] ERR: (ThinkException) 无法加载模块Public
[ 2014-07-08T16:25:06+08:00 ] ERR: (ThinkException) 无法加载模块Public
[ 2014-07-08T16:32:38+08:00 ] ERR: (ThinkException) 无法加载模块Public
[ 2014-07-08T16:33:05+08:00 ] ERR: (ThinkException) 无法加载模块Public
[ 2014-07-08T16:33:05+08:00 ] ERR: (ThinkException) 无法加载模块Public
[ 2014-07-08T16:33:08+08:00 ] ERR: (ThinkException) 无法加载模块Public
[ 2014-07-08T16:33:12+08:00 ] ERR: (ThinkException) 无法加载模块Public
[ 2014-07-08T16:33:12+08:00 ] ERR: (ThinkException) 无法加载模块Public
[ 2014-07-08T16:33:15+08:00 ] ERR: (ThinkException) 无法加载模块Public
[ 2014-07-08T16:33:31+08:00 ] ERR: (ThinkException) 无法加载模块Public
[ 2014-07-08T16:33:52+08:00 ] ERR: (ThinkException) 无法加载模块Public
[ 2014-07-08T16:34:52+08:00 ] ERR: (ThinkException) 无法加载模块Public
