[ 2015-05-28T11:29:40+08:00 ] 127.0.0.1 /excel_export/
INFO: [ app_init ] --START--
INFO: Run Behavior\BuildLiteBehavior [ RunTime:0.000000s ]
INFO: [ app_init ] --END-- [ RunTime:0.001000s ]
INFO: [ app_begin ] --START--
INFO: Run Behavior\ReadHtmlCacheBehavior [ RunTime:0.000000s ]
INFO: [ app_begin ] --END-- [ RunTime:0.001000s ]
INFO: [ view_parse ] --START--
INFO: [ template_filter ] --START--
INFO: Run Behavior\ContentReplaceBehavior [ RunTime:0.000000s ]
INFO: [ template_filter ] --END-- [ RunTime:0.000000s ]
INFO: Run Behavior\ParseTemplateBehavior [ RunTime:0.005000s ]
INFO: [ view_parse ] --END-- [ RunTime:0.005000s ]
INFO: [ view_filter ] --START--
INFO: Run Behavior\WriteHtmlCacheBehavior [ RunTime:0.001000s ]
INFO: [ view_filter ] --END-- [ RunTime:0.001000s ]
INFO: [ app_end ] --START--
INFO: Run Behavior\ShowPageTraceBehavior [ RunTime:0.001000s ]
INFO: [ app_end ] --END-- [ RunTime:0.001000s ]

[ 2015-05-28T11:29:40+08:00 ] 127.0.0.1 /excel_export/
INFO: [ app_init ] --START--
INFO: Run Behavior\BuildLiteBehavior [ RunTime:0.000000s ]
INFO: [ app_init ] --END-- [ RunTime:0.001000s ]
INFO: [ app_begin ] --START--
INFO: Run Behavior\ReadHtmlCacheBehavior [ RunTime:0.000000s ]
INFO: [ app_begin ] --END-- [ RunTime:0.001000s ]
INFO: [ view_parse ] --START--
INFO: Run Behavior\ParseTemplateBehavior [ RunTime:0.001000s ]
INFO: [ view_parse ] --END-- [ RunTime:0.001000s ]
INFO: [ view_filter ] --START--
INFO: Run Behavior\WriteHtmlCacheBehavior [ RunTime:0.000000s ]
INFO: [ view_filter ] --END-- [ RunTime:0.000000s ]
INFO: [ app_end ] --START--
INFO: Run Behavior\ShowPageTraceBehavior [ RunTime:0.000000s ]
INFO: [ app_end ] --END-- [ RunTime:0.000000s ]

[ 2015-05-28T11:29:54+08:00 ] 127.0.0.1 /excel_export/
INFO: [ app_init ] --START--
INFO: Run Behavior\BuildLiteBehavior [ RunTime:0.000000s ]
INFO: [ app_init ] --END-- [ RunTime:0.000000s ]
INFO: [ app_begin ] --START--
INFO: Run Behavior\ReadHtmlCacheBehavior [ RunTime:0.000000s ]
INFO: [ app_begin ] --END-- [ RunTime:0.000000s ]
ERR: 非法操作:index

[ 2015-05-28T11:30:14+08:00 ] 127.0.0.1 /excel_export/
INFO: [ app_init ] --START--
INFO: Run Behavior\BuildLiteBehavior [ RunTime:0.000000s ]
INFO: [ app_init ] --END-- [ RunTime:0.000000s ]
INFO: [ app_begin ] --START--
INFO: Run Behavior\ReadHtmlCacheBehavior [ RunTime:0.000000s ]
INFO: [ app_begin ] --END-- [ RunTime:0.000000s ]
ERR: 模板不存在:./Application/Home/View/Index/index.html

[ 2015-05-28T11:30:54+08:00 ] 127.0.0.1 /excel_export/
INFO: [ app_init ] --START--
INFO: Run Behavior\BuildLiteBehavior [ RunTime:0.000000s ]
INFO: [ app_init ] --END-- [ RunTime:0.000000s ]
INFO: [ app_begin ] --START--
INFO: Run Behavior\ReadHtmlCacheBehavior [ RunTime:0.001000s ]
INFO: [ app_begin ] --END-- [ RunTime:0.001000s ]
INFO: [ view_parse ] --START--
INFO: [ template_filter ] --START--
INFO: Run Behavior\ContentReplaceBehavior [ RunTime:0.000000s ]
INFO: [ template_filter ] --END-- [ RunTime:0.000000s ]
INFO: Run Behavior\ParseTemplateBehavior [ RunTime:0.004001s ]
INFO: [ view_parse ] --END-- [ RunTime:0.004001s ]
INFO: [ view_filter ] --START--
INFO: Run Behavior\WriteHtmlCacheBehavior [ RunTime:0.000000s ]
INFO: [ view_filter ] --END-- [ RunTime:0.000000s ]
INFO: [ app_end ] --START--
INFO: Run Behavior\ShowPageTraceBehavior [ RunTime:0.001000s ]
INFO: [ app_end ] --END-- [ RunTime:0.001000s ]

[ 2015-05-28T11:39:03+08:00 ] 127.0.0.1 /excel/
INFO: [ app_init ] --START--
INFO: Run Behavior\BuildLiteBehavior [ RunTime:0.000000s ]
INFO: [ app_init ] --END-- [ RunTime:0.000000s ]
INFO: [ app_begin ] --START--
INFO: Run Behavior\ReadHtmlCacheBehavior [ RunTime:0.000000s ]
INFO: [ app_begin ] --END-- [ RunTime:0.000000s ]
INFO: [ view_parse ] --START--
INFO: [ template_filter ] --START--
INFO: Run Behavior\ContentReplaceBehavior [ RunTime:0.000000s ]
INFO: [ template_filter ] --END-- [ RunTime:0.000000s ]
INFO: Run Behavior\ParseTemplateBehavior [ RunTime:0.010000s ]
INFO: [ view_parse ] --END-- [ RunTime:0.010000s ]
INFO: [ view_filter ] --START--
INFO: Run Behavior\WriteHtmlCacheBehavior [ RunTime:0.000000s ]
INFO: [ view_filter ] --END-- [ RunTime:0.000000s ]
INFO: [ app_end ] --START--
INFO: Run Behavior\ShowPageTraceBehavior [ RunTime:0.000000s ]
INFO: [ app_end ] --END-- [ RunTime:0.000000s ]

[ 2015-05-28T11:39:05+08:00 ] 127.0.0.1 /excel/index.php/Home/Index/excelExport.html
INFO: [ app_init ] --START--
INFO: Run Behavior\BuildLiteBehavior [ RunTime:0.000000s ]
INFO: [ app_init ] --END-- [ RunTime:0.000000s ]
INFO: [ app_begin ] --START--
INFO: Run Behavior\ReadHtmlCacheBehavior [ RunTime:0.000000s ]
INFO: [ app_begin ] --END-- [ RunTime:0.000000s ]
INFO: [ app_end ] --START--
INFO: Run Behavior\ShowPageTraceBehavior [ RunTime:0.000000s ]
INFO: [ app_end ] --END-- [ RunTime:0.000000s ]

[ 2015-05-28T11:39:07+08:00 ] 127.0.0.1 /excel/index.php/Home/Index/excelExport.html
INFO: [ app_init ] --START--
INFO: Run Behavior\BuildLiteBehavior [ RunTime:0.000000s ]
INFO: [ app_init ] --END-- [ RunTime:0.000000s ]
INFO: [ app_begin ] --START--
INFO: Run Behavior\ReadHtmlCacheBehavior [ RunTime:0.000000s ]
INFO: [ app_begin ] --END-- [ RunTime:0.000000s ]
INFO: [ app_end ] --START--
INFO: Run Behavior\ShowPageTraceBehavior [ RunTime:0.000000s ]
INFO: [ app_end ] --END-- [ RunTime:0.000000s ]

[ 2015-05-28T11:39:12+08:00 ] 127.0.0.1 /excel/index.php/Home/Index/excelExport.html
INFO: [ app_init ] --START--
INFO: Run Behavior\BuildLiteBehavior [ RunTime:0.000000s ]
INFO: [ app_init ] --END-- [ RunTime:0.000000s ]
INFO: [ app_begin ] --START--
INFO: Run Behavior\ReadHtmlCacheBehavior [ RunTime:0.000000s ]
INFO: [ app_begin ] --END-- [ RunTime:0.000000s ]
INFO: [ app_end ] --START--
INFO: Run Behavior\ShowPageTraceBehavior [ RunTime:0.000000s ]
INFO: [ app_end ] --END-- [ RunTime:0.000000s ]

[ 2015-05-28T11:39:22+08:00 ] 127.0.0.1 /excel/index.php/Home/Index/excelExport.html
INFO: [ app_init ] --START--
INFO: Run Behavior\BuildLiteBehavior [ RunTime:0.000000s ]
INFO: [ app_init ] --END-- [ RunTime:0.000000s ]
INFO: [ app_begin ] --START--
INFO: Run Behavior\ReadHtmlCacheBehavior [ RunTime:0.000000s ]
INFO: [ app_begin ] --END-- [ RunTime:0.000000s ]
NOTIC: [2] The use statement with non-compound name 'PHPExcel' has no effect D:\wamp\www\test\excel\ThinkPHP\Library\Vendor\PHPExcel.class.php 第 2 行.
INFO: [ app_end ] --START--
INFO: Run Behavior\ShowPageTraceBehavior [ RunTime:0.000000s ]
INFO: [ app_end ] --END-- [ RunTime:0.000000s ]

[ 2015-05-28T11:39:27+08:00 ] 127.0.0.1 /excel/index.php/Home/Index/excelExport.html
INFO: [ app_init ] --START--
INFO: Run Behavior\BuildLiteBehavior [ RunTime:0.000000s ]
INFO: [ app_init ] --END-- [ RunTime:0.000000s ]
INFO: [ app_begin ] --START--
INFO: Run Behavior\ReadHtmlCacheBehavior [ RunTime:0.000000s ]
INFO: [ app_begin ] --END-- [ RunTime:0.000000s ]
NOTIC: [2] The use statement with non-compound name 'PHPExcel' has no effect D:\wamp\www\test\excel\ThinkPHP\Library\Vendor\PHPExcel.class.php 第 2 行.
INFO: [ app_end ] --START--
INFO: Run Behavior\ShowPageTraceBehavior [ RunTime:0.000000s ]
INFO: [ app_end ] --END-- [ RunTime:0.000000s ]

[ 2015-05-28T11:39:43+08:00 ] 127.0.0.1 /excel/
INFO: [ app_init ] --START--
INFO: Run Behavior\BuildLiteBehavior [ RunTime:0.000000s ]
INFO: [ app_init ] --END-- [ RunTime:0.000000s ]
INFO: [ app_begin ] --START--
INFO: Run Behavior\ReadHtmlCacheBehavior [ RunTime:0.000000s ]
INFO: [ app_begin ] --END-- [ RunTime:0.000000s ]
INFO: [ view_parse ] --START--
INFO: [ template_filter ] --START--
INFO: Run Behavior\ContentReplaceBehavior [ RunTime:0.000000s ]
INFO: [ template_filter ] --END-- [ RunTime:0.000000s ]
INFO: Run Behavior\ParseTemplateBehavior [ RunTime:0.010000s ]
INFO: [ view_parse ] --END-- [ RunTime:0.010000s ]
INFO: [ view_filter ] --START--
INFO: Run Behavior\WriteHtmlCacheBehavior [ RunTime:0.000000s ]
INFO: [ view_filter ] --END-- [ RunTime:0.000000s ]
INFO: [ app_end ] --START--
INFO: Run Behavior\ShowPageTraceBehavior [ RunTime:0.000000s ]
INFO: [ app_end ] --END-- [ RunTime:0.000000s ]

[ 2015-05-28T11:39:44+08:00 ] 127.0.0.1 /excel/index.php/Home/Index/excelExport.html
INFO: [ app_init ] --START--
INFO: Run Behavior\BuildLiteBehavior [ RunTime:0.000000s ]
INFO: [ app_init ] --END-- [ RunTime:0.000000s ]
INFO: [ app_begin ] --START--
INFO: Run Behavior\ReadHtmlCacheBehavior [ RunTime:0.010000s ]
INFO: [ app_begin ] --END-- [ RunTime:0.010000s ]
NOTIC: [2] The use statement with non-compound name 'PHPExcel' has no effect D:\wamp\www\test\excel\ThinkPHP\Library\Vendor\PHPExcel.class.php 第 2 行.
INFO: [ app_end ] --START--
INFO: Run Behavior\ShowPageTraceBehavior [ RunTime:0.000000s ]
INFO: [ app_end ] --END-- [ RunTime:0.000000s ]

[ 2015-05-28T11:42:16+08:00 ] 127.0.0.1 /excel/
INFO: [ app_init ] --START--
INFO: Run Behavior\BuildLiteBehavior [ RunTime:0.000000s ]
INFO: [ app_init ] --END-- [ RunTime:0.001000s ]
INFO: [ app_begin ] --START--
INFO: Run Behavior\ReadHtmlCacheBehavior [ RunTime:0.001000s ]
INFO: [ app_begin ] --END-- [ RunTime:0.001000s ]
INFO: [ view_parse ] --START--
INFO: [ template_filter ] --START--
INFO: Run Behavior\ContentReplaceBehavior [ RunTime:0.000000s ]
INFO: [ template_filter ] --END-- [ RunTime:0.000000s ]
INFO: Run Behavior\ParseTemplateBehavior [ RunTime:0.004000s ]
INFO: [ view_parse ] --END-- [ RunTime:0.004000s ]
INFO: [ view_filter ] --START--
INFO: Run Behavior\WriteHtmlCacheBehavior [ RunTime:0.000000s ]
INFO: [ view_filter ] --END-- [ RunTime:0.000000s ]
INFO: [ app_end ] --START--
INFO: Run Behavior\ShowPageTraceBehavior [ RunTime:0.001000s ]
INFO: [ app_end ] --END-- [ RunTime:0.001000s ]

[ 2015-05-28T11:42:17+08:00 ] 127.0.0.1 /excel/index.php/Home/Index/excelExport.html
INFO: [ app_init ] --START--
INFO: Run Behavior\BuildLiteBehavior [ RunTime:0.000000s ]
INFO: [ app_init ] --END-- [ RunTime:0.000000s ]
INFO: [ app_begin ] --START--
INFO: Run Behavior\ReadHtmlCacheBehavior [ RunTime:0.001000s ]
INFO: [ app_begin ] --END-- [ RunTime:0.001000s ]
NOTIC: [2] The use statement with non-compound name 'PHPExcel' has no effect D:\wamp\www\test\excel\ThinkPHP\Library\Vendor\PHPExcel.class.php 第 2 行.
INFO: [ app_end ] --START--
INFO: Run Behavior\ShowPageTraceBehavior [ RunTime:0.001000s ]
INFO: [ app_end ] --END-- [ RunTime:0.001000s ]

[ 2015-05-28T11:55:58+08:00 ] 127.0.0.1 /excel/
INFO: [ app_init ] --START--
INFO: Run Behavior\BuildLiteBehavior [ RunTime:0.000000s ]
INFO: [ app_init ] --END-- [ RunTime:0.001000s ]
INFO: [ app_begin ] --START--
INFO: Run Behavior\ReadHtmlCacheBehavior [ RunTime:0.000000s ]
INFO: [ app_begin ] --END-- [ RunTime:0.000000s ]
INFO: [ view_parse ] --START--
INFO: [ template_filter ] --START--
INFO: Run Behavior\ContentReplaceBehavior [ RunTime:0.000000s ]
INFO: [ template_filter ] --END-- [ RunTime:0.000000s ]
INFO: Run Behavior\ParseTemplateBehavior [ RunTime:0.011001s ]
INFO: [ view_parse ] --END-- [ RunTime:0.011001s ]
INFO: [ view_filter ] --START--
INFO: Run Behavior\WriteHtmlCacheBehavior [ RunTime:0.001000s ]
INFO: [ view_filter ] --END-- [ RunTime:0.001000s ]
INFO: [ app_end ] --START--
INFO: Run Behavior\ShowPageTraceBehavior [ RunTime:0.000000s ]
INFO: [ app_end ] --END-- [ RunTime:0.000000s ]

[ 2015-05-28T11:59:29+08:00 ] 127.0.0.1 /excel/
INFO: [ app_init ] --START--
INFO: Run Behavior\BuildLiteBehavior [ RunTime:0.000000s ]
INFO: [ app_init ] --END-- [ RunTime:0.001000s ]
INFO: [ app_begin ] --START--
INFO: Run Behavior\ReadHtmlCacheBehavior [ RunTime:0.001000s ]
INFO: [ app_begin ] --END-- [ RunTime:0.001000s ]
INFO: [ view_parse ] --START--
INFO: [ template_filter ] --START--
INFO: Run Behavior\ContentReplaceBehavior [ RunTime:0.000000s ]
INFO: [ template_filter ] --END-- [ RunTime:0.000000s ]
INFO: Run Behavior\ParseTemplateBehavior [ RunTime:0.004000s ]
INFO: [ view_parse ] --END-- [ RunTime:0.004000s ]
INFO: [ view_filter ] --START--
INFO: Run Behavior\WriteHtmlCacheBehavior [ RunTime:0.001000s ]
INFO: [ view_filter ] --END-- [ RunTime:0.001000s ]
INFO: [ app_end ] --START--
INFO: Run Behavior\ShowPageTraceBehavior [ RunTime:0.001000s ]
INFO: [ app_end ] --END-- [ RunTime:0.001000s ]

[ 2015-05-28T11:59:32+08:00 ] 127.0.0.1 /excel/index.php/Home/Index/upload.html
INFO: [ app_init ] --START--
INFO: Run Behavior\BuildLiteBehavior [ RunTime:0.000000s ]
INFO: [ app_init ] --END-- [ RunTime:0.000000s ]
INFO: [ app_begin ] --START--
INFO: Run Behavior\ReadHtmlCacheBehavior [ RunTime:0.000000s ]
INFO: [ app_begin ] --END-- [ RunTime:0.000000s ]

[ 2015-05-28T11:59:34+08:00 ] 127.0.0.1 /excel/
INFO: [ app_init ] --START--
INFO: Run Behavior\BuildLiteBehavior [ RunTime:0.000000s ]
INFO: [ app_init ] --END-- [ RunTime:0.000000s ]
INFO: [ app_begin ] --START--
INFO: Run Behavior\ReadHtmlCacheBehavior [ RunTime:0.000000s ]
INFO: [ app_begin ] --END-- [ RunTime:0.000000s ]
INFO: [ view_parse ] --START--
INFO: [ template_filter ] --START--
INFO: Run Behavior\ContentReplaceBehavior [ RunTime:0.000000s ]
INFO: [ template_filter ] --END-- [ RunTime:0.000000s ]
INFO: Run Behavior\ParseTemplateBehavior [ RunTime:0.000000s ]
INFO: [ view_parse ] --END-- [ RunTime:0.000000s ]
INFO: [ view_filter ] --START--
INFO: Run Behavior\WriteHtmlCacheBehavior [ RunTime:0.000000s ]
INFO: [ view_filter ] --END-- [ RunTime:0.000000s ]
INFO: [ app_end ] --START--
INFO: Run Behavior\ShowPageTraceBehavior [ RunTime:0.000000s ]
INFO: [ app_end ] --END-- [ RunTime:0.000000s ]

[ 2015-05-28T12:01:07+08:00 ] 127.0.0.1 /excel/
INFO: [ app_init ] --START--
INFO: Run Behavior\BuildLiteBehavior [ RunTime:0.000000s ]
INFO: [ app_init ] --END-- [ RunTime:0.000000s ]
INFO: [ app_begin ] --START--
INFO: Run Behavior\ReadHtmlCacheBehavior [ RunTime:0.000000s ]
INFO: [ app_begin ] --END-- [ RunTime:0.000000s ]
INFO: [ view_parse ] --START--
INFO: [ template_filter ] --START--
INFO: Run Behavior\ContentReplaceBehavior [ RunTime:0.000000s ]
INFO: [ template_filter ] --END-- [ RunTime:0.000000s ]
INFO: Run Behavior\ParseTemplateBehavior [ RunTime:0.015600s ]
INFO: [ view_parse ] --END-- [ RunTime:0.015600s ]
INFO: [ view_filter ] --START--
INFO: Run Behavior\WriteHtmlCacheBehavior [ RunTime:0.000000s ]
INFO: [ view_filter ] --END-- [ RunTime:0.000000s ]
INFO: [ app_end ] --START--
INFO: Run Behavior\ShowPageTraceBehavior [ RunTime:0.000000s ]
INFO: [ app_end ] --END-- [ RunTime:0.000000s ]

[ 2015-05-28T12:01:43+08:00 ] 127.0.0.1 /excel/index.php/Home/Index/upload.html
INFO: [ app_init ] --START--
INFO: Run Behavior\BuildLiteBehavior [ RunTime:0.000000s ]
INFO: [ app_init ] --END-- [ RunTime:0.000000s ]
INFO: [ app_begin ] --START--
INFO: Run Behavior\ReadHtmlCacheBehavior [ RunTime:0.000000s ]
INFO: [ app_begin ] --END-- [ RunTime:0.000000s ]

[ 2015-05-28T12:03:45+08:00 ] 127.0.0.1 /excel/index.php/Home/Index/upload.html
INFO: [ app_init ] --START--
INFO: Run Behavior\BuildLiteBehavior [ RunTime:0.000000s ]
INFO: [ app_init ] --END-- [ RunTime:0.000000s ]
INFO: [ app_begin ] --START--
INFO: Run Behavior\ReadHtmlCacheBehavior [ RunTime:0.000000s ]
INFO: [ app_begin ] --END-- [ RunTime:0.000000s ]

[ 2015-05-28T12:06:27+08:00 ] 127.0.0.1 /excel/
INFO: [ app_init ] --START--
INFO: Run Behavior\BuildLiteBehavior [ RunTime:0.000000s ]
INFO: [ app_init ] --END-- [ RunTime:0.000000s ]
INFO: [ app_begin ] --START--
INFO: Run Behavior\ReadHtmlCacheBehavior [ RunTime:0.000000s ]
INFO: [ app_begin ] --END-- [ RunTime:0.000000s ]
INFO: [ view_parse ] --START--
INFO: [ template_filter ] --START--
INFO: Run Behavior\ContentReplaceBehavior [ RunTime:0.000000s ]
INFO: [ template_filter ] --END-- [ RunTime:0.000000s ]
INFO: Run Behavior\ParseTemplateBehavior [ RunTime:0.015600s ]
INFO: [ view_parse ] --END-- [ RunTime:0.015600s ]
INFO: [ view_filter ] --START--
INFO: Run Behavior\WriteHtmlCacheBehavior [ RunTime:0.000000s ]
INFO: [ view_filter ] --END-- [ RunTime:0.000000s ]
INFO: [ app_end ] --START--
INFO: Run Behavior\ShowPageTraceBehavior [ RunTime:0.000000s ]
INFO: [ app_end ] --END-- [ RunTime:0.000000s ]

[ 2015-05-28T12:06:31+08:00 ] 127.0.0.1 /excel/index.php/Home/Index/upload.html
INFO: [ app_init ] --START--
INFO: Run Behavior\BuildLiteBehavior [ RunTime:0.000000s ]
INFO: [ app_init ] --END-- [ RunTime:0.000000s ]
INFO: [ app_begin ] --START--
INFO: Run Behavior\ReadHtmlCacheBehavior [ RunTime:0.000000s ]
INFO: [ app_begin ] --END-- [ RunTime:0.000000s ]
NOTIC: [8] Undefined variable: exts D:\wamp\www\test\excel\Application\Home\Controller\IndexController.class.php 第 36 行.
NOTIC: [2] The use statement with non-compound name 'PHPExcel' has no effect D:\wamp\www\test\excel\ThinkPHP\Library\Vendor\PHPExcel.class.php 第 2 行.
NOTIC: [8] Undefined variable: PHPReader D:\wamp\www\test\excel\Application\Home\Controller\IndexController.class.php 第 56 行.

[ 2015-05-28T12:08:41+08:00 ] 127.0.0.1 /excel/index.php/Home/Index/upload.html
INFO: [ app_init ] --START--
INFO: Run Behavior\BuildLiteBehavior [ RunTime:0.000000s ]
INFO: [ app_init ] --END-- [ RunTime:0.000000s ]
INFO: [ app_begin ] --START--
INFO: Run Behavior\ReadHtmlCacheBehavior [ RunTime:0.000000s ]
INFO: [ app_begin ] --END-- [ RunTime:0.000000s ]
NOTIC: [8] Undefined variable: exts D:\wamp\www\test\excel\Application\Home\Controller\IndexController.class.php 第 36 行.
NOTIC: [8] Undefined variable: PHPReader D:\wamp\www\test\excel\Application\Home\Controller\IndexController.class.php 第 57 行.

[ 2015-05-28T12:09:17+08:00 ] 127.0.0.1 /excel/index.php/Home/Index/upload.html
INFO: [ app_init ] --START--
INFO: Run Behavior\BuildLiteBehavior [ RunTime:0.000000s ]
INFO: [ app_init ] --END-- [ RunTime:0.000000s ]
INFO: [ app_begin ] --START--
INFO: Run Behavior\ReadHtmlCacheBehavior [ RunTime:0.000000s ]
INFO: [ app_begin ] --END-- [ RunTime:0.000000s ]
NOTIC: [8] Undefined variable: exts D:\wamp\www\test\excel\Application\Home\Controller\IndexController.class.php 第 36 行.
NOTIC: [8] Undefined variable: PHPReader D:\wamp\www\test\excel\Application\Home\Controller\IndexController.class.php 第 57 行.

[ 2015-05-28T12:09:55+08:00 ] 127.0.0.1 /excel/index.php/Home/Index/upload.html
INFO: [ app_init ] --START--
INFO: Run Behavior\BuildLiteBehavior [ RunTime:0.000000s ]
INFO: [ app_init ] --END-- [ RunTime:0.000000s ]
INFO: [ app_begin ] --START--
INFO: Run Behavior\ReadHtmlCacheBehavior [ RunTime:0.000000s ]
INFO: [ app_begin ] --END-- [ RunTime:0.000000s ]
NOTIC: [8] Undefined variable: exts D:\wamp\www\test\excel\Application\Home\Controller\IndexController.class.php 第 36 行.
NOTIC: [2] The use statement with non-compound name 'PHPExcel' has no effect D:\wamp\www\test\excel\ThinkPHP\Library\Vendor\PHPExcel.class.php 第 2 行.

[ 2015-05-28T13:41:26+08:00 ] 127.0.0.1 /excel/
INFO: [ app_init ] --START--
INFO: Run Behavior\BuildLiteBehavior [ RunTime:0.000000s ]
INFO: [ app_init ] --END-- [ RunTime:0.000000s ]
INFO: [ app_begin ] --START--
INFO: Run Behavior\ReadHtmlCacheBehavior [ RunTime:0.015600s ]
INFO: [ app_begin ] --END-- [ RunTime:0.015600s ]
INFO: [ view_parse ] --START--
INFO: [ template_filter ] --START--
INFO: Run Behavior\ContentReplaceBehavior [ RunTime:0.000000s ]
INFO: [ template_filter ] --END-- [ RunTime:0.000000s ]
INFO: Run Behavior\ParseTemplateBehavior [ RunTime:0.031200s ]
INFO: [ view_parse ] --END-- [ RunTime:0.031200s ]
INFO: [ view_filter ] --START--
INFO: Run Behavior\WriteHtmlCacheBehavior [ RunTime:0.000000s ]
INFO: [ view_filter ] --END-- [ RunTime:0.000000s ]
INFO: [ app_end ] --START--
INFO: Run Behavior\ShowPageTraceBehavior [ RunTime:0.015600s ]
INFO: [ app_end ] --END-- [ RunTime:0.015600s ]

[ 2015-05-28T13:41:32+08:00 ] 127.0.0.1 /excel/index.php/Home/Index/upload.html
INFO: [ app_init ] --START--
INFO: Run Behavior\BuildLiteBehavior [ RunTime:0.000000s ]
INFO: [ app_init ] --END-- [ RunTime:0.000000s ]
INFO: [ app_begin ] --START--
INFO: Run Behavior\ReadHtmlCacheBehavior [ RunTime:0.000000s ]
INFO: [ app_begin ] --END-- [ RunTime:0.000000s ]

[ 2015-05-28T13:42:35+08:00 ] 127.0.0.1 /excel/index.php/Home/Index/upload.html
INFO: [ app_init ] --START--
INFO: Run Behavior\BuildLiteBehavior [ RunTime:0.000000s ]
INFO: [ app_init ] --END-- [ RunTime:0.000000s ]
INFO: [ app_begin ] --START--
INFO: Run Behavior\ReadHtmlCacheBehavior [ RunTime:0.000000s ]
INFO: [ app_begin ] --END-- [ RunTime:0.000000s ]

[ 2015-05-28T13:43:26+08:00 ] 127.0.0.1 /excel/index.php/Home/Index/upload.html
INFO: [ app_init ] --START--
INFO: Run Behavior\BuildLiteBehavior [ RunTime:0.000000s ]
INFO: [ app_init ] --END-- [ RunTime:0.000000s ]
INFO: [ app_begin ] --START--
INFO: Run Behavior\ReadHtmlCacheBehavior [ RunTime:0.000000s ]
INFO: [ app_begin ] --END-- [ RunTime:0.000000s ]
NOTIC: [8] Undefined index: excelData D:\wamp\www\test\excel\Application\Home\Controller\IndexController.class.php 第 25 行.
INFO: [ view_parse ] --START--
INFO: [ template_filter ] --START--
INFO: Run Behavior\ContentReplaceBehavior [ RunTime:0.000000s ]
INFO: [ template_filter ] --END-- [ RunTime:0.000000s ]
INFO: Run Behavior\ParseTemplateBehavior [ RunTime:0.015600s ]
INFO: [ view_parse ] --END-- [ RunTime:0.015600s ]
INFO: [ view_filter ] --START--
INFO: Run Behavior\WriteHtmlCacheBehavior [ RunTime:0.000000s ]
INFO: [ view_filter ] --END-- [ RunTime:0.000000s ]

[ 2015-05-28T13:43:46+08:00 ] 127.0.0.1 /excel/
INFO: [ app_init ] --START--
INFO: Run Behavior\BuildLiteBehavior [ RunTime:0.000000s ]
INFO: [ app_init ] --END-- [ RunTime:0.000000s ]
INFO: [ app_begin ] --START--
INFO: Run Behavior\ReadHtmlCacheBehavior [ RunTime:0.000000s ]
INFO: [ app_begin ] --END-- [ RunTime:0.000000s ]
INFO: [ view_parse ] --START--
INFO: [ template_filter ] --START--
INFO: Run Behavior\ContentReplaceBehavior [ RunTime:0.000000s ]
INFO: [ template_filter ] --END-- [ RunTime:0.000000s ]
INFO: Run Behavior\ParseTemplateBehavior [ RunTime:0.015600s ]
INFO: [ view_parse ] --END-- [ RunTime:0.015600s ]
INFO: [ view_filter ] --START--
INFO: Run Behavior\WriteHtmlCacheBehavior [ RunTime:0.000000s ]
INFO: [ view_filter ] --END-- [ RunTime:0.000000s ]
INFO: [ app_end ] --START--
INFO: Run Behavior\ShowPageTraceBehavior [ RunTime:0.000000s ]
INFO: [ app_end ] --END-- [ RunTime:0.000000s ]

[ 2015-05-28T13:43:48+08:00 ] 127.0.0.1 /excel/index.php/Home/Index/upload.html
INFO: [ app_init ] --START--
INFO: Run Behavior\BuildLiteBehavior [ RunTime:0.000000s ]
INFO: [ app_init ] --END-- [ RunTime:0.000000s ]
INFO: [ app_begin ] --START--
INFO: Run Behavior\ReadHtmlCacheBehavior [ RunTime:0.000000s ]
INFO: [ app_begin ] --END-- [ RunTime:0.000000s ]
NOTIC: [8] Undefined index: excelData D:\wamp\www\test\excel\Application\Home\Controller\IndexController.class.php 第 25 行.
NOTIC: [8] Undefined index: name D:\wamp\www\test\excel\ThinkPHP\Library\Think\Upload.class.php 第 155 行.
NOTIC: [8] Undefined index: error D:\wamp\www\test\excel\ThinkPHP\Library\Think\Upload.class.php 第 268 行.
NOTIC: [8] Undefined index: tmp_name D:\wamp\www\test\excel\ThinkPHP\Library\Think\Upload.class.php 第 279 行.
INFO: [ view_parse ] --START--
INFO: [ template_filter ] --START--
INFO: Run Behavior\ContentReplaceBehavior [ RunTime:0.000000s ]
INFO: [ template_filter ] --END-- [ RunTime:0.000000s ]
INFO: Run Behavior\ParseTemplateBehavior [ RunTime:0.000000s ]
INFO: [ view_parse ] --END-- [ RunTime:0.000000s ]
INFO: [ view_filter ] --START--
INFO: Run Behavior\WriteHtmlCacheBehavior [ RunTime:0.000000s ]
INFO: [ view_filter ] --END-- [ RunTime:0.000000s ]

[ 2015-05-28T13:44:12+08:00 ] 127.0.0.1 /excel/index.php/Home/Index/upload.html
INFO: [ app_init ] --START--
INFO: Run Behavior\BuildLiteBehavior [ RunTime:0.000000s ]
INFO: [ app_init ] --END-- [ RunTime:0.000000s ]
INFO: [ app_begin ] --START--
INFO: Run Behavior\ReadHtmlCacheBehavior [ RunTime:0.000000s ]
INFO: [ app_begin ] --END-- [ RunTime:0.000000s ]
NOTIC: [8] Undefined index: excelData D:\wamp\www\test\excel\Application\Home\Controller\IndexController.class.php 第 25 行.
NOTIC: [8] Undefined index: name D:\wamp\www\test\excel\ThinkPHP\Library\Think\Upload.class.php 第 155 行.
NOTIC: [8] Undefined index: error D:\wamp\www\test\excel\ThinkPHP\Library\Think\Upload.class.php 第 268 行.
NOTIC: [8] Undefined index: tmp_name D:\wamp\www\test\excel\ThinkPHP\Library\Think\Upload.class.php 第 279 行.
INFO: [ view_parse ] --START--
INFO: [ template_filter ] --START--
INFO: Run Behavior\ContentReplaceBehavior [ RunTime:0.000000s ]
INFO: [ template_filter ] --END-- [ RunTime:0.000000s ]
INFO: Run Behavior\ParseTemplateBehavior [ RunTime:0.015600s ]
INFO: [ view_parse ] --END-- [ RunTime:0.015600s ]
INFO: [ view_filter ] --START--
INFO: Run Behavior\WriteHtmlCacheBehavior [ RunTime:0.000000s ]
INFO: [ view_filter ] --END-- [ RunTime:0.000000s ]

[ 2015-05-28T13:44:18+08:00 ] 127.0.0.1 /excel/index.php/Home/Index/upload.html
INFO: [ app_init ] --START--
INFO: Run Behavior\BuildLiteBehavior [ RunTime:0.000000s ]
INFO: [ app_init ] --END-- [ RunTime:0.000000s ]
INFO: [ app_begin ] --START--
INFO: Run Behavior\ReadHtmlCacheBehavior [ RunTime:0.000000s ]
INFO: [ app_begin ] --END-- [ RunTime:0.000000s ]
NOTIC: [8] Undefined index: excelData D:\wamp\www\test\excel\Application\Home\Controller\IndexController.class.php 第 25 行.
NOTIC: [8] Undefined index: name D:\wamp\www\test\excel\ThinkPHP\Library\Think\Upload.class.php 第 155 行.
NOTIC: [8] Undefined index: error D:\wamp\www\test\excel\ThinkPHP\Library\Think\Upload.class.php 第 268 行.
NOTIC: [8] Undefined index: tmp_name D:\wamp\www\test\excel\ThinkPHP\Library\Think\Upload.class.php 第 279 行.
INFO: [ view_parse ] --START--
INFO: [ template_filter ] --START--
INFO: Run Behavior\ContentReplaceBehavior [ RunTime:0.000000s ]
INFO: [ template_filter ] --END-- [ RunTime:0.000000s ]
INFO: Run Behavior\ParseTemplateBehavior [ RunTime:0.000000s ]
INFO: [ view_parse ] --END-- [ RunTime:0.000000s ]
INFO: [ view_filter ] --START--
INFO: Run Behavior\WriteHtmlCacheBehavior [ RunTime:0.015600s ]
INFO: [ view_filter ] --END-- [ RunTime:0.015600s ]

[ 2015-05-28T13:45:50+08:00 ] 127.0.0.1 /excel/
INFO: [ app_init ] --START--
INFO: Run Behavior\BuildLiteBehavior [ RunTime:0.000000s ]
INFO: [ app_init ] --END-- [ RunTime:0.000000s ]
INFO: [ app_begin ] --START--
INFO: Run Behavior\ReadHtmlCacheBehavior [ RunTime:0.000000s ]
INFO: [ app_begin ] --END-- [ RunTime:0.000000s ]
INFO: [ view_parse ] --START--
INFO: [ template_filter ] --START--
INFO: Run Behavior\ContentReplaceBehavior [ RunTime:0.000000s ]
INFO: [ template_filter ] --END-- [ RunTime:0.000000s ]
INFO: Run Behavior\ParseTemplateBehavior [ RunTime:0.015600s ]
INFO: [ view_parse ] --END-- [ RunTime:0.015600s ]
INFO: [ view_filter ] --START--
INFO: Run Behavior\WriteHtmlCacheBehavior [ RunTime:0.000000s ]
INFO: [ view_filter ] --END-- [ RunTime:0.000000s ]
INFO: [ app_end ] --START--
INFO: Run Behavior\ShowPageTraceBehavior [ RunTime:0.000000s ]
INFO: [ app_end ] --END-- [ RunTime:0.000000s ]

[ 2015-05-28T13:45:52+08:00 ] 127.0.0.1 /excel/index.php/Home/Index/upload.html
INFO: [ app_init ] --START--
INFO: Run Behavior\BuildLiteBehavior [ RunTime:0.000000s ]
INFO: [ app_init ] --END-- [ RunTime:0.000000s ]
INFO: [ app_begin ] --START--
INFO: Run Behavior\ReadHtmlCacheBehavior [ RunTime:0.000000s ]
INFO: [ app_begin ] --END-- [ RunTime:0.000000s ]
NOTIC: [8] Undefined index: excelData D:\wamp\www\test\excel\Application\Home\Controller\IndexController.class.php 第 26 行.
NOTIC: [8] Undefined index: name D:\wamp\www\test\excel\ThinkPHP\Library\Think\Upload.class.php 第 155 行.
NOTIC: [8] Undefined index: error D:\wamp\www\test\excel\ThinkPHP\Library\Think\Upload.class.php 第 268 行.
NOTIC: [8] Undefined index: tmp_name D:\wamp\www\test\excel\ThinkPHP\Library\Think\Upload.class.php 第 279 行.
INFO: [ view_parse ] --START--
INFO: [ template_filter ] --START--
INFO: Run Behavior\ContentReplaceBehavior [ RunTime:0.000000s ]
INFO: [ template_filter ] --END-- [ RunTime:0.000000s ]
INFO: Run Behavior\ParseTemplateBehavior [ RunTime:0.000000s ]
INFO: [ view_parse ] --END-- [ RunTime:0.000000s ]
INFO: [ view_filter ] --START--
INFO: Run Behavior\WriteHtmlCacheBehavior [ RunTime:0.000000s ]
INFO: [ view_filter ] --END-- [ RunTime:0.000000s ]

[ 2015-05-28T13:46:38+08:00 ] 127.0.0.1 /excel/index.php/Home/Index/upload.html
INFO: [ app_init ] --START--
INFO: Run Behavior\BuildLiteBehavior [ RunTime:0.000000s ]
INFO: [ app_init ] --END-- [ RunTime:0.000000s ]
INFO: [ app_begin ] --START--
INFO: Run Behavior\ReadHtmlCacheBehavior [ RunTime:0.000000s ]
INFO: [ app_begin ] --END-- [ RunTime:0.000000s ]
NOTIC: [2] call_user_func() expects parameter 1 to be a valid callback, no array or string given D:\wamp\www\test\excel\ThinkPHP\Library\Think\Upload.class.php 第 169 行.
SQL: SHOW COLUMNS FROM `wp_users2` [ RunTime:0.0000s ]
SQL: INSERT INTO `wp_users2` (`name`,`sex`) VALUES ('序号','姓名') [ RunTime:0.0312s ]
SQL: INSERT INTO `wp_users2` (`name`,`sex`) VALUES ('2','calvin') [ RunTime:0.0156s ]
SQL: INSERT INTO `wp_users2` (`name`,`sex`) VALUES ('3','jeffrey') [ RunTime:0.0312s ]
SQL: INSERT INTO `wp_users2` (`name`,`sex`) VALUES ('4','avina') [ RunTime:0.0156s ]
SQL: INSERT INTO `wp_users2` (`name`,`sex`) VALUES ('5','jeffreyjt@gmail.com') [ RunTime:0.0156s ]
SQL: INSERT INTO `wp_users2` (`name`,`sex`) VALUES ('7','VivianSu') [ RunTime:0.0156s ]
SQL: INSERT INTO `wp_users2` (`name`,`sex`) VALUES ('8','vivi') [ RunTime:0.0312s ]
SQL: INSERT INTO `wp_users2` (`name`,`sex`) VALUES ('9','NiuNiu') [ RunTime:0.0156s ]
SQL: INSERT INTO `wp_users2` (`name`,`sex`) VALUES ('10','xiaojun') [ RunTime:0.0312s ]
SQL: INSERT INTO `wp_users2` (`name`,`sex`) VALUES ('11','yoyo') [ RunTime:0.0156s ]
SQL: INSERT INTO `wp_users2` (`name`,`sex`) VALUES ('50','test') [ RunTime:0.0156s ]
SQL: INSERT INTO `wp_users2` (`name`,`sex`) VALUES ('51','yangliling') [ RunTime:0.0156s ]
SQL: INSERT INTO `wp_users2` (`name`,`sex`) VALUES ('1043','admin') [ RunTime:0.0468s ]
SQL: INSERT INTO `wp_users2` (`name`,`sex`) VALUES ('10758','22222222222去@qq.com') [ RunTime:0.0468s ]
SQL: INSERT INTO `wp_users2` (`name`,`sex`) VALUES ('10759','991999222rqq93@qq.com') [ RunTime:0.0156s ]
SQL: INSERT INTO `wp_users2` (`name`,`sex`) VALUES ('10760','111111@qq.com') [ RunTime:0.0156s ]
SQL: INSERT INTO `wp_users2` (`name`,`sex`) VALUES ('10761','78774444@qq.com') [ RunTime:0.0312s ]
SQL: INSERT INTO `wp_users2` (`name`,`sex`) VALUES ('10762','787744244@qq.com') [ RunTime:0.0156s ]
SQL: INSERT INTO `wp_users2` (`name`,`sex`) VALUES ('10763','416148489@qq.com') [ RunTime:0.0312s ]
SQL: INSERT INTO `wp_users2` (`name`,`sex`) VALUES ('10764','777884488@qq.com') [ RunTime:0.0156s ]
SQL: INSERT INTO `wp_users2` (`name`,`sex`) VALUES ('10765','xyq8361@126.com') [ RunTime:0.0156s ]
SQL: INSERT INTO `wp_users2` (`name`,`sex`) VALUES ('10766','77771413333333222222@qq.com') [ RunTime:0.0156s ]
SQL: INSERT INTO `wp_users2` (`name`,`sex`) VALUES ('10767','3213131@sina.com') [ RunTime:0.0312s ]
SQL: INSERT INTO `wp_users2` (`name`,`sex`) VALUES ('10769','test@qq.com') [ RunTime:0.0156s ]
SQL: INSERT INTO `wp_users2` (`name`,`sex`) VALUES ('10770','222222@qq.com') [ RunTime:0.0312s ]
SQL: INSERT INTO `wp_users2` (`name`,`sex`) VALUES ('10771','88833999@qq.com') [ RunTime:0.0156s ]
SQL: INSERT INTO `wp_users2` (`name`,`sex`) VALUES ('10772','77798998@qq.com') [ RunTime:0.0156s ]
SQL: INSERT INTO `wp_users2` (`name`,`sex`) VALUES ('10773','322323222@qq.com') [ RunTime:0.0156s ]
SQL: INSERT INTO `wp_users2` (`name`,`sex`) VALUES ('10774','7887q8887@qq.com') [ RunTime:0.0312s ]
SQL: INSERT INTO `wp_users2` (`name`,`sex`) VALUES ('10775','252525147@qq.com') [ RunTime:0.0312s ]
SQL: INSERT INTO `wp_users2` (`name`,`sex`) VALUES ('10776','3213w131231@qq.com') [ RunTime:0.1102s ]
SQL: INSERT INTO `wp_users2` (`name`,`sex`) VALUES ('10777','2e222222@qq.com') [ RunTime:0.0468s ]
SQL: INSERT INTO `wp_users2` (`name`,`sex`) VALUES ('10778','2e2222w22@qq.com') [ RunTime:0.0312s ]
SQL: INSERT INTO `wp_users2` (`name`,`sex`) VALUES ('10779','2e2222122@qq.com') [ RunTime:0.0312s ]
SQL: INSERT INTO `wp_users2` (`name`,`sex`) VALUES ('10780','jjjiijjjuuuujjhjhhjhjjh@sina.com') [ RunTime:0.1092s ]
SQL: INSERT INTO `wp_users2` (`name`,`sex`) VALUES ('10781','jjjiijjjuuuujjhjh2hjhjjh@sina.com') [ RunTime:0.0312s ]
SQL: INSERT INTO `wp_users2` (`name`,`sex`) VALUES ('10782','33333t22232@qq.com') [ RunTime:0.0312s ]
SQL: INSERT INTO `wp_users2` (`name`,`sex`) VALUES ('10783','31w2312312@qq.com') [ RunTime:0.0156s ]
SQL: INSERT INTO `wp_users2` (`name`,`sex`) VALUES ('10784','1111777@qq.com') [ RunTime:0.0156s ]
SQL: INSERT INTO `wp_users2` (`name`,`sex`) VALUES ('10785','11113777@qq.com') [ RunTime:0.0156s ]
SQL: INSERT INTO `wp_users2` (`name`,`sex`) VALUES ('10787','799625252@qq.com') [ RunTime:0.0312s ]
SQL: INSERT INTO `wp_users2` (`name`,`sex`) VALUES ('10788','9977777@qq.com') [ RunTime:0.0156s ]
SQL: INSERT INTO `wp_users2` (`name`,`sex`) VALUES ('10789','9999bb@sina.com') [ RunTime:0.0312s ]
SQL: INSERT INTO `wp_users2` (`name`,`sex`) VALUES ('10790','lamso@163.com') [ RunTime:0.0156s ]
SQL: INSERT INTO `wp_users2` (`name`,`sex`) VALUES ('12943','tulip_wnn#@qq.com') [ RunTime:0.0156s ]
INFO: [ view_parse ] --START--
INFO: [ template_filter ] --START--
INFO: Run Behavior\ContentReplaceBehavior [ RunTime:0.000000s ]
INFO: [ template_filter ] --END-- [ RunTime:0.000000s ]
INFO: Run Behavior\ParseTemplateBehavior [ RunTime:0.015600s ]
INFO: [ view_parse ] --END-- [ RunTime:0.015600s ]
INFO: [ view_filter ] --START--
INFO: Run Behavior\WriteHtmlCacheBehavior [ RunTime:0.000000s ]
INFO: [ view_filter ] --END-- [ RunTime:0.000000s ]
INFO: [ app_end ] --START--
INFO: Run Behavior\ShowPageTraceBehavior [ RunTime:0.000000s ]
INFO: [ app_end ] --END-- [ RunTime:0.000000s ]

[ 2015-05-28T13:46:39+08:00 ] 127.0.0.1 /excel/index.php/Home/Index/Index/index
INFO: [ app_init ] --START--
INFO: Run Behavior\BuildLiteBehavior [ RunTime:0.000000s ]
INFO: [ app_init ] --END-- [ RunTime:0.000000s ]
INFO: [ app_begin ] --START--
INFO: Run Behavior\ReadHtmlCacheBehavior [ RunTime:0.000000s ]
INFO: [ app_begin ] --END-- [ RunTime:0.000000s ]
ERR: 非法操作:Index

[ 2015-05-28T13:48:57+08:00 ] 127.0.0.1 /excel/index.php/Home/Index/Index/index
INFO: [ app_init ] --START--
INFO: Run Behavior\BuildLiteBehavior [ RunTime:0.000000s ]
INFO: [ app_init ] --END-- [ RunTime:0.015600s ]
INFO: [ app_begin ] --START--
INFO: Run Behavior\ReadHtmlCacheBehavior [ RunTime:0.000000s ]
INFO: [ app_begin ] --END-- [ RunTime:0.000000s ]
ERR: 非法操作:Index

[ 2015-05-28T16:14:48+08:00 ] 127.0.0.1 /excel/
INFO: [ app_init ] --START--
INFO: Run Behavior\BuildLiteBehavior [ RunTime:0.000000s ]
INFO: [ app_init ] --END-- [ RunTime:0.010000s ]
INFO: [ app_begin ] --START--
INFO: Run Behavior\ReadHtmlCacheBehavior [ RunTime:0.010000s ]
INFO: [ app_begin ] --END-- [ RunTime:0.010000s ]
INFO: [ view_parse ] --START--
INFO: [ template_filter ] --START--
INFO: Run Behavior\ContentReplaceBehavior [ RunTime:0.000000s ]
INFO: [ template_filter ] --END-- [ RunTime:0.000000s ]
INFO: Run Behavior\ParseTemplateBehavior [ RunTime:0.036002s ]
INFO: [ view_parse ] --END-- [ RunTime:0.036002s ]
INFO: [ view_filter ] --START--
INFO: Run Behavior\WriteHtmlCacheBehavior [ RunTime:0.006000s ]
INFO: [ view_filter ] --END-- [ RunTime:0.006000s ]
INFO: [ app_end ] --START--
INFO: Run Behavior\ShowPageTraceBehavior [ RunTime:0.005000s ]
INFO: [ app_end ] --END-- [ RunTime:0.005000s ]

[ 2015-05-28T16:14:56+08:00 ] 127.0.0.1 /excel/index.php/Home/Index/upload.html
INFO: [ app_init ] --START--
INFO: Run Behavior\BuildLiteBehavior [ RunTime:0.000000s ]
INFO: [ app_init ] --END-- [ RunTime:0.001000s ]
INFO: [ app_begin ] --START--
INFO: Run Behavior\ReadHtmlCacheBehavior [ RunTime:0.000000s ]
INFO: [ app_begin ] --END-- [ RunTime:0.000000s ]
INFO: [ view_parse ] --START--
INFO: [ template_filter ] --START--
INFO: Run Behavior\ContentReplaceBehavior [ RunTime:0.000000s ]
INFO: [ template_filter ] --END-- [ RunTime:0.000000s ]
INFO: Run Behavior\ParseTemplateBehavior [ RunTime:0.051003s ]
INFO: [ view_parse ] --END-- [ RunTime:0.051003s ]
INFO: [ view_filter ] --START--
INFO: Run Behavior\WriteHtmlCacheBehavior [ RunTime:0.001000s ]
INFO: [ view_filter ] --END-- [ RunTime:0.001000s ]

[ 2015-05-28T16:15:07+08:00 ] 127.0.0.1 /excel/index.php/Home/Index/upload.html
INFO: [ app_init ] --START--
INFO: Run Behavior\BuildLiteBehavior [ RunTime:0.000000s ]
INFO: [ app_init ] --END-- [ RunTime:0.000000s ]
INFO: [ app_begin ] --START--
INFO: Run Behavior\ReadHtmlCacheBehavior [ RunTime:0.001000s ]
INFO: [ app_begin ] --END-- [ RunTime:0.001000s ]
NOTIC: [2] call_user_func() expects parameter 1 to be a valid callback, no array or string given D:\wamp\www\test\excel\ThinkPHP\Library\Think\Upload.class.php 第 169 行.
SQL: SHOW COLUMNS FROM `wp_users2` [ RunTime:0.0080s ]
SQL: INSERT INTO `wp_users2` (`name`,`sex`) VALUES ('序号','姓名') [ RunTime:0.0390s ]
SQL: INSERT INTO `wp_users2` (`name`,`sex`) VALUES ('2','calvin') [ RunTime:0.0330s ]
SQL: INSERT INTO `wp_users2` (`name`,`sex`) VALUES ('3','jeffrey') [ RunTime:0.0160s ]
SQL: INSERT INTO `wp_users2` (`name`,`sex`) VALUES ('4','avina') [ RunTime:0.0230s ]
SQL: INSERT INTO `wp_users2` (`name`,`sex`) VALUES ('5','jeffreyjt@gmail.com') [ RunTime:0.0180s ]
SQL: INSERT INTO `wp_users2` (`name`,`sex`) VALUES ('7','VivianSu') [ RunTime:0.0230s ]
SQL: INSERT INTO `wp_users2` (`name`,`sex`) VALUES ('8','vivi') [ RunTime:0.0180s ]
SQL: INSERT INTO `wp_users2` (`name`,`sex`) VALUES ('9','NiuNiu') [ RunTime:0.0260s ]
SQL: INSERT INTO `wp_users2` (`name`,`sex`) VALUES ('10','xiaojun') [ RunTime:0.0160s ]
SQL: INSERT INTO `wp_users2` (`name`,`sex`) VALUES ('11','yoyo') [ RunTime:0.0230s ]
SQL: INSERT INTO `wp_users2` (`name`,`sex`) VALUES ('50','test') [ RunTime:0.0180s ]
SQL: INSERT INTO `wp_users2` (`name`,`sex`) VALUES ('51','yangliling') [ RunTime:0.0230s ]
SQL: INSERT INTO `wp_users2` (`name`,`sex`) VALUES ('1043','admin') [ RunTime:0.0350s ]
SQL: INSERT INTO `wp_users2` (`name`,`sex`) VALUES ('10758','22222222222去@qq.com') [ RunTime:0.0150s ]
SQL: INSERT INTO `wp_users2` (`name`,`sex`) VALUES ('10759','991999222rqq93@qq.com') [ RunTime:0.0230s ]
SQL: INSERT INTO `wp_users2` (`name`,`sex`) VALUES ('10760','111111@qq.com') [ RunTime:0.0180s ]
SQL: INSERT INTO `wp_users2` (`name`,`sex`) VALUES ('10761','78774444@qq.com') [ RunTime:0.0230s ]
SQL: INSERT INTO `wp_users2` (`name`,`sex`) VALUES ('10762','787744244@qq.com') [ RunTime:0.0260s ]
SQL: INSERT INTO `wp_users2` (`name`,`sex`) VALUES ('10763','416148489@qq.com') [ RunTime:0.0230s ]
SQL: INSERT INTO `wp_users2` (`name`,`sex`) VALUES ('10764','777884488@qq.com') [ RunTime:0.0410s ]
SQL: INSERT INTO `wp_users2` (`name`,`sex`) VALUES ('10765','xyq8361@126.com') [ RunTime:0.0180s ]
SQL: INSERT INTO `wp_users2` (`name`,`sex`) VALUES ('10766','77771413333333222222@qq.com') [ RunTime:0.0230s ]
SQL: INSERT INTO `wp_users2` (`name`,`sex`) VALUES ('10767','3213131@sina.com') [ RunTime:0.0360s ]
SQL: INSERT INTO `wp_users2` (`name`,`sex`) VALUES ('10769','test@qq.com') [ RunTime:0.0230s ]
SQL: INSERT INTO `wp_users2` (`name`,`sex`) VALUES ('10770','222222@qq.com') [ RunTime:0.0290s ]
SQL: INSERT INTO `wp_users2` (`name`,`sex`) VALUES ('10771','88833999@qq.com') [ RunTime:0.2120s ]
SQL: INSERT INTO `wp_users2` (`name`,`sex`) VALUES ('10772','77798998@qq.com') [ RunTime:0.0260s ]
SQL: INSERT INTO `wp_users2` (`name`,`sex`) VALUES ('10773','322323222@qq.com') [ RunTime:0.0480s ]
SQL: INSERT INTO `wp_users2` (`name`,`sex`) VALUES ('10774','7887q8887@qq.com') [ RunTime:0.0900s ]
SQL: INSERT INTO `wp_users2` (`name`,`sex`) VALUES ('10775','252525147@qq.com') [ RunTime:0.0960s ]
SQL: INSERT INTO `wp_users2` (`name`,`sex`) VALUES ('10776','3213w131231@qq.com') [ RunTime:0.0650s ]
SQL: INSERT INTO `wp_users2` (`name`,`sex`) VALUES ('10777','2e222222@qq.com') [ RunTime:0.0330s ]
SQL: INSERT INTO `wp_users2` (`name`,`sex`) VALUES ('10778','2e2222w22@qq.com') [ RunTime:0.0440s ]
SQL: INSERT INTO `wp_users2` (`name`,`sex`) VALUES ('10779','2e2222122@qq.com') [ RunTime:0.0220s ]
SQL: INSERT INTO `wp_users2` (`name`,`sex`) VALUES ('10780','jjjiijjjuuuujjhjhhjhjjh@sina.com') [ RunTime:0.0330s ]
SQL: INSERT INTO `wp_users2` (`name`,`sex`) VALUES ('10781','jjjiijjjuuuujjhjh2hjhjjh@sina.com') [ RunTime:0.0420s ]
SQL: INSERT INTO `wp_users2` (`name`,`sex`) VALUES ('10782','33333t22232@qq.com') [ RunTime:0.0330s ]
SQL: INSERT INTO `wp_users2` (`name`,`sex`) VALUES ('10783','31w2312312@qq.com') [ RunTime:0.0230s ]
SQL: INSERT INTO `wp_users2` (`name`,`sex`) VALUES ('10784','1111777@qq.com') [ RunTime:0.0350s ]
SQL: INSERT INTO `wp_users2` (`name`,`sex`) VALUES ('10785','11113777@qq.com') [ RunTime:0.0540s ]
SQL: INSERT INTO `wp_users2` (`name`,`sex`) VALUES ('10787','799625252@qq.com') [ RunTime:0.0290s ]
SQL: INSERT INTO `wp_users2` (`name`,`sex`) VALUES ('10788','9977777@qq.com') [ RunTime:0.0330s ]
SQL: INSERT INTO `wp_users2` (`name`,`sex`) VALUES ('10789','9999bb@sina.com') [ RunTime:0.0330s ]
SQL: INSERT INTO `wp_users2` (`name`,`sex`) VALUES ('10790','lamso@163.com') [ RunTime:0.0290s ]
SQL: INSERT INTO `wp_users2` (`name`,`sex`) VALUES ('12943','tulip_wnn#@qq.com') [ RunTime:0.0200s ]
INFO: [ view_parse ] --START--
INFO: [ template_filter ] --START--
INFO: Run Behavior\ContentReplaceBehavior [ RunTime:0.000000s ]
INFO: [ template_filter ] --END-- [ RunTime:0.000000s ]
INFO: Run Behavior\ParseTemplateBehavior [ RunTime:0.008001s ]
INFO: [ view_parse ] --END-- [ RunTime:0.008001s ]
INFO: [ view_filter ] --START--
INFO: Run Behavior\WriteHtmlCacheBehavior [ RunTime:0.001000s ]
INFO: [ view_filter ] --END-- [ RunTime:0.001000s ]
INFO: [ app_end ] --START--
INFO: Run Behavior\ShowPageTraceBehavior [ RunTime:0.001000s ]
INFO: [ app_end ] --END-- [ RunTime:0.001000s ]

[ 2015-05-28T16:15:09+08:00 ] 127.0.0.1 /excel/index.php/Home/Index/Index/index
INFO: [ app_init ] --START--
INFO: Run Behavior\BuildLiteBehavior [ RunTime:0.000000s ]
INFO: [ app_init ] --END-- [ RunTime:0.000000s ]
INFO: [ app_begin ] --START--
INFO: Run Behavior\ReadHtmlCacheBehavior [ RunTime:0.000000s ]
INFO: [ app_begin ] --END-- [ RunTime:0.000000s ]
ERR: 非法操作:Index

[ 2015-05-28T16:15:46+08:00 ] 127.0.0.1 /excel/
INFO: [ app_init ] --START--
INFO: Run Behavior\BuildLiteBehavior [ RunTime:0.000000s ]
INFO: [ app_init ] --END-- [ RunTime:0.000000s ]
INFO: [ app_begin ] --START--
INFO: Run Behavior\ReadHtmlCacheBehavior [ RunTime:0.001000s ]
INFO: [ app_begin ] --END-- [ RunTime:0.001000s ]
INFO: [ view_parse ] --START--
INFO: [ template_filter ] --START--
INFO: Run Behavior\ContentReplaceBehavior [ RunTime:0.000000s ]
INFO: [ template_filter ] --END-- [ RunTime:0.000000s ]
INFO: Run Behavior\ParseTemplateBehavior [ RunTime:0.004001s ]
INFO: [ view_parse ] --END-- [ RunTime:0.005001s ]
INFO: [ view_filter ] --START--
INFO: Run Behavior\WriteHtmlCacheBehavior [ RunTime:0.000000s ]
INFO: [ view_filter ] --END-- [ RunTime:0.000000s ]
INFO: [ app_end ] --START--
INFO: Run Behavior\ShowPageTraceBehavior [ RunTime:0.001000s ]
INFO: [ app_end ] --END-- [ RunTime:0.001000s ]

[ 2015-05-28T16:15:47+08:00 ] 127.0.0.1 /excel/index.php/Home/Index/excelExport.html
INFO: [ app_init ] --START--
INFO: Run Behavior\BuildLiteBehavior [ RunTime:0.000000s ]
INFO: [ app_init ] --END-- [ RunTime:0.000000s ]
INFO: [ app_begin ] --START--
INFO: Run Behavior\ReadHtmlCacheBehavior [ RunTime:0.001000s ]
INFO: [ app_begin ] --END-- [ RunTime:0.001000s ]

[ 2015-05-28T16:16:27+08:00 ] 127.0.0.1 /excel/index.php/Home/Index/excelExport.html
INFO: [ app_init ] --START--
INFO: Run Behavior\BuildLiteBehavior [ RunTime:0.000000s ]
INFO: [ app_init ] --END-- [ RunTime:0.000000s ]
INFO: [ app_begin ] --START--
INFO: Run Behavior\ReadHtmlCacheBehavior [ RunTime:0.001000s ]
INFO: [ app_begin ] --END-- [ RunTime:0.001000s ]
INFO: [ app_end ] --START--
INFO: Run Behavior\ShowPageTraceBehavior [ RunTime:0.002000s ]
INFO: [ app_end ] --END-- [ RunTime:0.002000s ]

[ 2015-05-28T16:16:57+08:00 ] 127.0.0.1 /excel/
INFO: [ app_init ] --START--
INFO: Run Behavior\BuildLiteBehavior [ RunTime:0.000000s ]
INFO: [ app_init ] --END-- [ RunTime:0.001000s ]
INFO: [ app_begin ] --START--
INFO: Run Behavior\ReadHtmlCacheBehavior [ RunTime:0.000000s ]
INFO: [ app_begin ] --END-- [ RunTime:0.000000s ]
INFO: [ view_parse ] --START--
INFO: [ template_filter ] --START--
INFO: Run Behavior\ContentReplaceBehavior [ RunTime:0.000000s ]
INFO: [ template_filter ] --END-- [ RunTime:0.000000s ]
INFO: Run Behavior\ParseTemplateBehavior [ RunTime:0.004000s ]
INFO: [ view_parse ] --END-- [ RunTime:0.005000s ]
INFO: [ view_filter ] --START--
INFO: Run Behavior\WriteHtmlCacheBehavior [ RunTime:0.000000s ]
INFO: [ view_filter ] --END-- [ RunTime:0.000000s ]
INFO: [ app_end ] --START--
INFO: Run Behavior\ShowPageTraceBehavior [ RunTime:0.000000s ]
INFO: [ app_end ] --END-- [ RunTime:0.000000s ]

[ 2015-05-28T16:16:59+08:00 ] 127.0.0.1 /excel/index.php/Home/Index/excelExport.html
INFO: [ app_init ] --START--
INFO: Run Behavior\BuildLiteBehavior [ RunTime:0.000000s ]
INFO: [ app_init ] --END-- [ RunTime:0.000000s ]
INFO: [ app_begin ] --START--
INFO: Run Behavior\ReadHtmlCacheBehavior [ RunTime:0.000000s ]
INFO: [ app_begin ] --END-- [ RunTime:0.000000s ]
INFO: [ app_end ] --START--
INFO: Run Behavior\ShowPageTraceBehavior [ RunTime:0.002000s ]
INFO: [ app_end ] --END-- [ RunTime:0.002000s ]

