[ 2014-07-08T13:38:31+08:00 ] ERR: (ThinkException) 无法加载模块Config
[ 2014-07-08T13:38:57+08:00 ] ERR: (ThinkException) 无法加载模块RBAC
[ 2014-07-08T13:42:21+08:00 ] ERR: (ThinkException) 无法加载模块RBAC
[ 2014-07-08T13:43:13+08:00 ] ERR: (ThinkException) 非法操作js
[ 2014-07-08T13:43:13+08:00 ] ERR: (ThinkException) 非法操作js
[ 2014-07-08T13:45:20+08:00 ] ERR: (ThinkException) 无法加载模块Classify
[ 2014-07-08T13:52:47+08:00 ] ERR: (ThinkException) 无法加载模块Comment
[ 2014-07-08T13:53:41+08:00 ] ERR: (ThinkException) 无法加载模块Config
[ 2014-07-08T13:53:49+08:00 ] ERR: (ThinkException) 非法操作js
[ 2014-07-08T13:53:49+08:00 ] ERR: (ThinkException) 非法操作js
[ 2014-07-08T14:00:49+08:00 ] ERR: (ThinkException) 非法操作logout
[ 2014-07-08T14:10:00+08:00 ] ERR: (ThinkException) 非法操作logout
[ 2014-07-08T14:10:12+08:00 ] ERR: (ThinkException) 无法加载模块Config
[ 2014-07-08T14:10:19+08:00 ] ERR: (ThinkException) 非法操作js
[ 2014-07-08T14:10:19+08:00 ] ERR: (ThinkException) 非法操作js
[ 2014-07-08T14:11:11+08:00 ] ERR: (ThinkException) 无法加载模块Config
[ 2014-07-08T14:17:52+08:00 ] ERR: (ThinkException) 非法操作right
[ 2014-07-08T14:18:30+08:00 ] ERR: (ThinkException) 非法操作right
[ 2014-07-08T14:31:13+08:00 ] ERR: (ThinkException) 非法操作js
[ 2014-07-08T14:31:13+08:00 ] ERR: (ThinkException) 非法操作js
[ 2014-07-08T15:04:00+08:00 ] ERR: (ThinkException) 非法操作js
[ 2014-07-08T15:04:00+08:00 ] ERR: (ThinkException) 非法操作js
[ 2014-07-08T15:25:50+08:00 ] ERR: (ThinkException) 非法操作js
[ 2014-07-08T15:25:50+08:00 ] ERR: (ThinkException) 非法操作js
[ 2014-07-08T15:26:08+08:00 ] ERR: (ThinkException) 非法操作js
[ 2014-07-08T15:26:08+08:00 ] ERR: (ThinkException) 非法操作js
[ 2014-07-08T15:26:44+08:00 ] ERR: (ThinkException) 非法操作js
[ 2014-07-08T15:26:44+08:00 ] ERR: (ThinkException) 非法操作js
[ 2014-07-08T15:27:23+08:00 ] ERR: (ThinkException) 非法操作js
[ 2014-07-08T15:27:23+08:00 ] ERR: (ThinkException) 非法操作js
[ 2014-07-08T15:29:45+08:00 ] ERR: (ThinkException) 非法操作js
[ 2014-07-08T15:29:45+08:00 ] ERR: (ThinkException) 非法操作js
[ 2014-07-08T15:30:09+08:00 ] ERR: (ThinkException) 非法操作js
[ 2014-07-08T15:30:09+08:00 ] ERR: (ThinkException) 非法操作js
[ 2014-07-08T15:47:56+08:00 ] ERR: (ThinkException) 非法操作Public
[ 2014-07-08T15:47:56+08:00 ] ERR: (ThinkException) 非法操作Public
[ 2014-07-08T15:47:56+08:00 ] ERR: (ThinkException) 非法操作Public
[ 2014-07-08T15:47:56+08:00 ] ERR: (ThinkException) 非法操作Public
[ 2014-07-08T15:51:12+08:00 ] ERR: (ThinkException) 非法操作css
[ 2014-07-08T15:51:12+08:00 ] ERR: (ThinkException) 非法操作css
[ 2014-07-08T15:51:12+08:00 ] ERR: (ThinkException) 非法操作css
[ 2014-07-08T15:51:12+08:00 ] ERR: (ThinkException) 非法操作js
[ 2014-07-08T15:51:12+08:00 ] ERR: (ThinkException) 非法操作js
[ 2014-07-08T15:51:12+08:00 ] ERR: (ThinkException) 非法操作img
[ 2014-07-08T15:51:12+08:00 ] ERR: (ThinkException) 非法操作img
[ 2014-07-08T15:51:12+08:00 ] ERR: (ThinkException) 非法操作img
[ 2014-07-08T15:51:24+08:00 ] ERR: (ThinkException) 非法操作css
[ 2014-07-08T15:51:24+08:00 ] ERR: (ThinkException) 非法操作css
[ 2014-07-08T15:51:24+08:00 ] ERR: (ThinkException) 非法操作js
[ 2014-07-08T15:51:24+08:00 ] ERR: (ThinkException) 非法操作js
[ 2014-07-08T15:51:24+08:00 ] ERR: (ThinkException) 非法操作css
[ 2014-07-08T15:51:24+08:00 ] ERR: (ThinkException) 非法操作img
[ 2014-07-08T15:51:24+08:00 ] ERR: (ThinkException) 非法操作img
[ 2014-07-08T15:51:24+08:00 ] ERR: (ThinkException) 非法操作img
[ 2014-07-08T16:00:30+08:00 ] ERR: (ThinkException) 非法操作js
[ 2014-07-08T16:00:30+08:00 ] ERR: (ThinkException) 非法操作js
[ 2014-07-08T16:02:49+08:00 ] ERR: (ThinkException) 非法操作js
[ 2014-07-08T16:02:49+08:00 ] ERR: (ThinkException) 非法操作js
[ 2014-07-08T16:03:12+08:00 ] ERR: (ThinkException) 非法操作js
[ 2014-07-08T16:03:12+08:00 ] ERR: (ThinkException) 非法操作js
[ 2014-07-08T16:07:58+08:00 ] ERR: (ThinkException) 非法操作css
[ 2014-07-08T16:07:58+08:00 ] ERR: (ThinkException) 非法操作css
[ 2014-07-08T16:07:58+08:00 ] ERR: (ThinkException) 非法操作css
[ 2014-07-08T16:07:58+08:00 ] ERR: (ThinkException) 非法操作js
[ 2014-07-08T16:07:58+08:00 ] ERR: (ThinkException) 非法操作js
[ 2014-07-08T16:07:58+08:00 ] ERR: (ThinkException) 非法操作img
[ 2014-07-08T16:07:58+08:00 ] ERR: (ThinkException) 非法操作img
[ 2014-07-08T16:07:58+08:00 ] ERR: (ThinkException) 非法操作img
[ 2014-07-08T16:08:32+08:00 ] ERR: (ThinkException) 非法操作css
[ 2014-07-08T16:08:32+08:00 ] ERR: (ThinkException) 非法操作css
[ 2014-07-08T16:08:32+08:00 ] ERR: (ThinkException) 非法操作css
[ 2014-07-08T16:08:32+08:00 ] ERR: (ThinkException) 非法操作js
[ 2014-07-08T16:08:32+08:00 ] ERR: (ThinkException) 非法操作js
[ 2014-07-08T16:08:48+08:00 ] ERR: (ThinkException) 非法操作css
[ 2014-07-08T16:08:48+08:00 ] ERR: (ThinkException) 非法操作css
[ 2014-07-08T16:08:48+08:00 ] ERR: (ThinkException) 非法操作css
[ 2014-07-08T16:08:48+08:00 ] ERR: (ThinkException) 非法操作js
[ 2014-07-08T16:08:48+08:00 ] ERR: (ThinkException) 非法操作js
[ 2014-07-08T16:09:03+08:00 ] ERR: (ThinkException) 非法操作css
[ 2014-07-08T16:09:03+08:00 ] ERR: (ThinkException) 非法操作css
[ 2014-07-08T16:09:03+08:00 ] ERR: (ThinkException) 非法操作css
[ 2014-07-08T16:09:03+08:00 ] ERR: (ThinkException) 非法操作js
[ 2014-07-08T16:09:03+08:00 ] ERR: (ThinkException) 非法操作js
[ 2014-07-08T16:09:11+08:00 ] ERR: (ThinkException) 非法操作css
[ 2014-07-08T16:09:11+08:00 ] ERR: (ThinkException) 非法操作css
[ 2014-07-08T16:09:11+08:00 ] ERR: (ThinkException) 非法操作css
[ 2014-07-08T16:09:11+08:00 ] ERR: (ThinkException) 非法操作js
[ 2014-07-08T16:09:11+08:00 ] ERR: (ThinkException) 非法操作js
[ 2014-07-08T16:09:31+08:00 ] ERR: (ThinkException) 非法操作css
[ 2014-07-08T16:09:31+08:00 ] ERR: (ThinkException) 非法操作css
[ 2014-07-08T16:09:31+08:00 ] ERR: (ThinkException) 非法操作css
[ 2014-07-08T16:09:31+08:00 ] ERR: (ThinkException) 非法操作js
[ 2014-07-08T16:09:31+08:00 ] ERR: (ThinkException) 非法操作js
[ 2014-07-08T16:10:05+08:00 ] ERR: (ThinkException) 非法操作css
[ 2014-07-08T16:10:05+08:00 ] ERR: (ThinkException) 非法操作css
[ 2014-07-08T16:10:05+08:00 ] ERR: (ThinkException) 非法操作css
[ 2014-07-08T16:10:05+08:00 ] ERR: (ThinkException) 非法操作js
[ 2014-07-08T16:10:05+08:00 ] ERR: (ThinkException) 非法操作js
[ 2014-07-08T16:10:42+08:00 ] ERR: (ThinkException) 非法操作css
[ 2014-07-08T16:10:42+08:00 ] ERR: (ThinkException) 非法操作css
[ 2014-07-08T16:10:42+08:00 ] ERR: (ThinkException) 非法操作css
[ 2014-07-08T16:10:42+08:00 ] ERR: (ThinkException) 非法操作js
[ 2014-07-08T16:10:42+08:00 ] ERR: (ThinkException) 非法操作js
[ 2014-07-08T16:11:36+08:00 ] ERR: (ThinkException) 非法操作css
[ 2014-07-08T16:11:36+08:00 ] ERR: (ThinkException) 非法操作css
[ 2014-07-08T16:11:36+08:00 ] ERR: (ThinkException) 非法操作css
[ 2014-07-08T16:11:36+08:00 ] ERR: (ThinkException) 非法操作js
[ 2014-07-08T16:11:36+08:00 ] ERR: (ThinkException) 非法操作js
[ 2014-07-08T16:11:36+08:00 ] ERR: (ThinkException) 非法操作img
[ 2014-07-08T16:11:37+08:00 ] ERR: (ThinkException) 非法操作img
[ 2014-07-08T16:11:37+08:00 ] ERR: (ThinkException) 非法操作img
[ 2014-07-08T16:12:07+08:00 ] ERR: (ThinkException) 非法操作css
[ 2014-07-08T16:12:07+08:00 ] ERR: (ThinkException) 非法操作css
[ 2014-07-08T16:12:07+08:00 ] ERR: (ThinkException) 非法操作css
[ 2014-07-08T16:12:07+08:00 ] ERR: (ThinkException) 非法操作js
[ 2014-07-08T16:12:07+08:00 ] ERR: (ThinkException) 非法操作js
[ 2014-07-08T16:12:18+08:00 ] ERR: (ThinkException) 非法操作css
[ 2014-07-08T16:12:18+08:00 ] ERR: (ThinkException) 非法操作css
[ 2014-07-08T16:12:18+08:00 ] ERR: (ThinkException) 非法操作css
[ 2014-07-08T16:12:18+08:00 ] ERR: (ThinkException) 非法操作js
[ 2014-07-08T16:12:18+08:00 ] ERR: (ThinkException) 非法操作js
[ 2014-07-08T16:12:32+08:00 ] ERR: (ThinkException) 非法操作css
[ 2014-07-08T16:12:32+08:00 ] ERR: (ThinkException) 非法操作css
[ 2014-07-08T16:12:32+08:00 ] ERR: (ThinkException) 非法操作css
[ 2014-07-08T16:12:32+08:00 ] ERR: (ThinkException) 非法操作js
[ 2014-07-08T16:12:32+08:00 ] ERR: (ThinkException) 非法操作js
[ 2014-07-08T16:12:42+08:00 ] ERR: (ThinkException) 非法操作css
[ 2014-07-08T16:12:42+08:00 ] ERR: (ThinkException) 非法操作css
[ 2014-07-08T16:12:42+08:00 ] ERR: (ThinkException) 非法操作js
[ 2014-07-08T16:12:42+08:00 ] ERR: (ThinkException) 非法操作js
[ 2014-07-08T16:12:42+08:00 ] ERR: (ThinkException) 非法操作css
[ 2014-07-08T16:12:50+08:00 ] ERR: (ThinkException) 非法操作css
[ 2014-07-08T16:12:50+08:00 ] ERR: (ThinkException) 非法操作css
[ 2014-07-08T16:12:50+08:00 ] ERR: (ThinkException) 非法操作css
[ 2014-07-08T16:12:50+08:00 ] ERR: (ThinkException) 非法操作js
[ 2014-07-08T16:12:50+08:00 ] ERR: (ThinkException) 非法操作js
[ 2014-07-08T16:13:08+08:00 ] ERR: (ThinkException) 非法操作css
[ 2014-07-08T16:13:08+08:00 ] ERR: (ThinkException) 非法操作js
[ 2014-07-08T16:13:08+08:00 ] ERR: (ThinkException) 非法操作css
[ 2014-07-08T16:13:08+08:00 ] ERR: (ThinkException) 非法操作js
[ 2014-07-08T16:13:08+08:00 ] ERR: (ThinkException) 非法操作css
[ 2014-07-08T16:14:01+08:00 ] ERR: (ThinkException) 非法操作css
[ 2014-07-08T16:14:01+08:00 ] ERR: (ThinkException) 非法操作css
[ 2014-07-08T16:14:01+08:00 ] ERR: (ThinkException) 非法操作css
[ 2014-07-08T16:14:01+08:00 ] ERR: (ThinkException) 非法操作js
[ 2014-07-08T16:14:01+08:00 ] ERR: (ThinkException) 非法操作js
[ 2014-07-08T16:14:44+08:00 ] ERR: (ThinkException) 非法操作css
[ 2014-07-08T16:14:44+08:00 ] ERR: (ThinkException) 非法操作css
[ 2014-07-08T16:14:44+08:00 ] ERR: (ThinkException) 非法操作css
[ 2014-07-08T16:14:44+08:00 ] ERR: (ThinkException) 非法操作js
[ 2014-07-08T16:14:44+08:00 ] ERR: (ThinkException) 非法操作js
[ 2014-07-08T16:14:58+08:00 ] ERR: (ThinkException) 非法操作css
[ 2014-07-08T16:14:58+08:00 ] ERR: (ThinkException) 非法操作css
[ 2014-07-08T16:14:58+08:00 ] ERR: (ThinkException) 非法操作css
[ 2014-07-08T16:14:58+08:00 ] ERR: (ThinkException) 非法操作js
[ 2014-07-08T16:14:58+08:00 ] ERR: (ThinkException) 非法操作js
[ 2014-07-08T16:15:41+08:00 ] ERR: (ThinkException) 非法操作css
[ 2014-07-08T16:15:41+08:00 ] ERR: (ThinkException) 非法操作js
[ 2014-07-08T16:15:41+08:00 ] ERR: (ThinkException) 非法操作css
[ 2014-07-08T16:15:41+08:00 ] ERR: (ThinkException) 非法操作css
[ 2014-07-08T16:15:41+08:00 ] ERR: (ThinkException) 非法操作js
[ 2014-07-08T16:16:22+08:00 ] ERR: (ThinkException) 非法操作css
[ 2014-07-08T16:16:22+08:00 ] ERR: (ThinkException) 非法操作css
[ 2014-07-08T16:16:22+08:00 ] ERR: (ThinkException) 非法操作css
[ 2014-07-08T16:16:22+08:00 ] ERR: (ThinkException) 非法操作js
[ 2014-07-08T16:16:22+08:00 ] ERR: (ThinkException) 非法操作js
[ 2014-07-08T16:16:24+08:00 ] ERR: (ThinkException) 非法操作css
[ 2014-07-08T16:16:24+08:00 ] ERR: (ThinkException) 非法操作css
[ 2014-07-08T16:16:24+08:00 ] ERR: (ThinkException) 非法操作css
[ 2014-07-08T16:16:24+08:00 ] ERR: (ThinkException) 非法操作js
[ 2014-07-08T16:16:24+08:00 ] ERR: (ThinkException) 非法操作js
[ 2014-07-08T16:17:28+08:00 ] ERR: (ThinkException) 非法操作css
[ 2014-07-08T16:17:28+08:00 ] ERR: (ThinkException) 非法操作css
[ 2014-07-08T16:17:28+08:00 ] ERR: (ThinkException) 非法操作css
[ 2014-07-08T16:17:28+08:00 ] ERR: (ThinkException) 非法操作js
[ 2014-07-08T16:17:29+08:00 ] ERR: (ThinkException) 非法操作js
[ 2014-07-08T16:17:39+08:00 ] ERR: (ThinkException) 非法操作js
[ 2014-07-08T16:17:39+08:00 ] ERR: (ThinkException) 非法操作css
[ 2014-07-08T16:17:39+08:00 ] ERR: (ThinkException) 非法操作js
[ 2014-07-08T16:17:39+08:00 ] ERR: (ThinkException) 非法操作css
[ 2014-07-08T16:17:39+08:00 ] ERR: (ThinkException) 非法操作css
[ 2014-07-08T16:17:40+08:00 ] ERR: (ThinkException) 非法操作css
[ 2014-07-08T16:17:40+08:00 ] ERR: (ThinkException) 非法操作js
[ 2014-07-08T16:17:40+08:00 ] ERR: (ThinkException) 非法操作css
[ 2014-07-08T16:17:40+08:00 ] ERR: (ThinkException) 非法操作js
[ 2014-07-08T16:17:40+08:00 ] ERR: (ThinkException) 非法操作css
[ 2014-07-08T16:17:44+08:00 ] ERR: (ThinkException) 非法操作js
[ 2014-07-08T16:17:44+08:00 ] ERR: (ThinkException) 非法操作js
[ 2014-07-08T16:17:48+08:00 ] ERR: (ThinkException) 非法操作css
[ 2014-07-08T16:17:48+08:00 ] ERR: (ThinkException) 非法操作css
[ 2014-07-08T16:17:48+08:00 ] ERR: (ThinkException) 非法操作css
[ 2014-07-08T16:17:48+08:00 ] ERR: (ThinkException) 非法操作js
[ 2014-07-08T16:17:48+08:00 ] ERR: (ThinkException) 非法操作js
[ 2014-07-08T16:18:04+08:00 ] ERR: (ThinkException) 非法操作css
[ 2014-07-08T16:18:04+08:00 ] ERR: (ThinkException) 非法操作css
[ 2014-07-08T16:18:04+08:00 ] ERR: (ThinkException) 非法操作css
[ 2014-07-08T16:18:04+08:00 ] ERR: (ThinkException) 非法操作js
[ 2014-07-08T16:18:04+08:00 ] ERR: (ThinkException) 非法操作js
[ 2014-07-08T16:18:18+08:00 ] ERR: (ThinkException) 非法操作css
[ 2014-07-08T16:18:18+08:00 ] ERR: (ThinkException) 非法操作css
[ 2014-07-08T16:18:18+08:00 ] ERR: (ThinkException) 非法操作css
[ 2014-07-08T16:18:18+08:00 ] ERR: (ThinkException) 非法操作js
[ 2014-07-08T16:18:18+08:00 ] ERR: (ThinkException) 非法操作js
[ 2014-07-08T16:18:24+08:00 ] ERR: (ThinkException) 非法操作css
[ 2014-07-08T16:18:24+08:00 ] ERR: (ThinkException) 非法操作css
[ 2014-07-08T16:18:24+08:00 ] ERR: (ThinkException) 非法操作css
[ 2014-07-08T16:18:24+08:00 ] ERR: (ThinkException) 非法操作js
[ 2014-07-08T16:18:24+08:00 ] ERR: (ThinkException) 非法操作js
[ 2014-07-08T16:18:27+08:00 ] ERR: (ThinkException) 非法操作css
[ 2014-07-08T16:18:27+08:00 ] ERR: (ThinkException) 非法操作css
[ 2014-07-08T16:18:27+08:00 ] ERR: (ThinkException) 非法操作css
[ 2014-07-08T16:18:27+08:00 ] ERR: (ThinkException) 非法操作js
[ 2014-07-08T16:18:27+08:00 ] ERR: (ThinkException) 非法操作js
[ 2014-07-08T16:18:37+08:00 ] ERR: (ThinkException) 非法操作css
[ 2014-07-08T16:18:37+08:00 ] ERR: (ThinkException) 非法操作css
[ 2014-07-08T16:18:37+08:00 ] ERR: (ThinkException) 非法操作css
[ 2014-07-08T16:18:37+08:00 ] ERR: (ThinkException) 非法操作js
[ 2014-07-08T16:18:37+08:00 ] ERR: (ThinkException) 非法操作js
[ 2014-07-08T16:19:04+08:00 ] ERR: (ThinkException) 非法操作css
[ 2014-07-08T16:19:04+08:00 ] ERR: (ThinkException) 非法操作css
[ 2014-07-08T16:19:04+08:00 ] ERR: (ThinkException) 非法操作css
[ 2014-07-08T16:19:04+08:00 ] ERR: (ThinkException) 非法操作js
[ 2014-07-08T16:19:04+08:00 ] ERR: (ThinkException) 非法操作js
[ 2014-07-08T16:19:05+08:00 ] ERR: (ThinkException) 非法操作css
[ 2014-07-08T16:19:05+08:00 ] ERR: (ThinkException) 非法操作css
[ 2014-07-08T16:19:05+08:00 ] ERR: (ThinkException) 非法操作css
[ 2014-07-08T16:19:05+08:00 ] ERR: (ThinkException) 非法操作js
[ 2014-07-08T16:19:05+08:00 ] ERR: (ThinkException) 非法操作js
[ 2014-07-08T16:19:32+08:00 ] ERR: (ThinkException) 非法操作css
[ 2014-07-08T16:19:32+08:00 ] ERR: (ThinkException) 非法操作css
[ 2014-07-08T16:19:32+08:00 ] ERR: (ThinkException) 非法操作css
[ 2014-07-08T16:19:32+08:00 ] ERR: (ThinkException) 非法操作js
[ 2014-07-08T16:19:32+08:00 ] ERR: (ThinkException) 非法操作js
[ 2014-07-08T16:19:33+08:00 ] ERR: (ThinkException) 非法操作css
[ 2014-07-08T16:19:33+08:00 ] ERR: (ThinkException) 非法操作css
[ 2014-07-08T16:19:33+08:00 ] ERR: (ThinkException) 非法操作css
[ 2014-07-08T16:19:33+08:00 ] ERR: (ThinkException) 非法操作js
[ 2014-07-08T16:19:33+08:00 ] ERR: (ThinkException) 非法操作js
[ 2014-07-08T16:25:04+08:00 ] ERR: (ThinkException) 非法操作js
[ 2014-07-08T16:25:04+08:00 ] ERR: (ThinkException) 非法操作js
[ 2014-07-08T16:25:06+08:00 ] ERR: (ThinkException) 非法操作css
[ 2014-07-08T16:25:06+08:00 ] ERR: (ThinkException) 非法操作css
[ 2014-07-08T16:25:06+08:00 ] ERR: (ThinkException) 非法操作js
[ 2014-07-08T16:25:06+08:00 ] ERR: (ThinkException) 非法操作css
[ 2014-07-08T16:25:06+08:00 ] ERR: (ThinkException) 非法操作js
[ 2014-07-08T16:25:07+08:00 ] ERR: (ThinkException) 非法操作css
[ 2014-07-08T16:25:07+08:00 ] ERR: (ThinkException) 非法操作css
[ 2014-07-08T16:25:07+08:00 ] ERR: (ThinkException) 非法操作css
[ 2014-07-08T16:25:07+08:00 ] ERR: (ThinkException) 非法操作js
[ 2014-07-08T16:25:07+08:00 ] ERR: (ThinkException) 非法操作js
[ 2014-07-08T16:36:19+08:00 ] ERR: (ThinkException) 非法操作js
[ 2014-07-08T16:36:19+08:00 ] ERR: (ThinkException) 非法操作js
