[ 2014-06-27T08:47:20+08:00 ] ERR: (ThinkException) 非法操作css
[ 2014-06-27T08:47:20+08:00 ] ERR: (ThinkException) 非法操作css
[ 2014-06-27T08:47:20+08:00 ] ERR: (ThinkException) 非法操作js
[ 2014-06-27T08:47:20+08:00 ] ERR: (ThinkException) 非法操作css
[ 2014-06-27T08:47:20+08:00 ] ERR: (ThinkException) 非法操作js
[ 2014-06-27T08:47:20+08:00 ] ERR: (ThinkException) 非法操作img
[ 2014-06-27T08:47:20+08:00 ] ERR: (ThinkException) 非法操作img
[ 2014-06-27T08:47:20+08:00 ] ERR: (ThinkException) 非法操作img
[ 2014-06-27T09:12:43+08:00 ] ERR: (ThinkException) 非法操作css
[ 2014-06-27T09:12:43+08:00 ] ERR: (ThinkException) 非法操作css
[ 2014-06-27T09:12:43+08:00 ] ERR: (ThinkException) 非法操作css
[ 2014-06-27T09:12:43+08:00 ] ERR: (ThinkException) 非法操作js
[ 2014-06-27T09:12:43+08:00 ] ERR: (ThinkException) 非法操作js
[ 2014-06-27T09:12:43+08:00 ] ERR: (ThinkException) 非法操作img
[ 2014-06-27T09:12:43+08:00 ] ERR: (ThinkException) 非法操作img
[ 2014-06-27T09:12:43+08:00 ] ERR: (ThinkException) 非法操作img
[ 2014-06-27T09:13:03+08:00 ] ERR: (ThinkException) 非法操作css
[ 2014-06-27T09:13:03+08:00 ] ERR: (ThinkException) 非法操作js
[ 2014-06-27T09:13:03+08:00 ] ERR: (ThinkException) 非法操作css
[ 2014-06-27T09:13:03+08:00 ] ERR: (ThinkException) 非法操作css
[ 2014-06-27T09:13:03+08:00 ] ERR: (ThinkException) 非法操作js
[ 2014-06-27T09:13:03+08:00 ] ERR: (ThinkException) 非法操作img
[ 2014-06-27T09:13:03+08:00 ] ERR: (ThinkException) 非法操作img
[ 2014-06-27T09:13:03+08:00 ] ERR: (ThinkException) 非法操作img
[ 2014-06-27T09:14:26+08:00 ] ERR: (ThinkException) 非法操作css
[ 2014-06-27T09:14:26+08:00 ] ERR: (ThinkException) 非法操作css
[ 2014-06-27T09:14:26+08:00 ] ERR: (ThinkException) 非法操作css
[ 2014-06-27T09:14:26+08:00 ] ERR: (ThinkException) 非法操作js
[ 2014-06-27T09:14:26+08:00 ] ERR: (ThinkException) 非法操作js
[ 2014-06-27T09:14:26+08:00 ] ERR: (ThinkException) 非法操作img
[ 2014-06-27T09:14:26+08:00 ] ERR: (ThinkException) 非法操作img
[ 2014-06-27T09:14:26+08:00 ] ERR: (ThinkException) 非法操作img
[ 2014-06-27T09:14:52+08:00 ] ERR: (ThinkException) 非法操作css
[ 2014-06-27T09:14:52+08:00 ] ERR: (ThinkException) 非法操作css
[ 2014-06-27T09:14:52+08:00 ] ERR: (ThinkException) 非法操作js
[ 2014-06-27T09:14:52+08:00 ] ERR: (ThinkException) 非法操作css
[ 2014-06-27T09:14:52+08:00 ] ERR: (ThinkException) 非法操作js
[ 2014-06-27T09:14:52+08:00 ] ERR: (ThinkException) 非法操作img
[ 2014-06-27T09:14:52+08:00 ] ERR: (ThinkException) 非法操作img
[ 2014-06-27T09:14:52+08:00 ] ERR: (ThinkException) 非法操作img
[ 2014-06-27T09:15:23+08:00 ] ERR: (ThinkException) 非法操作css
[ 2014-06-27T09:15:23+08:00 ] ERR: (ThinkException) 非法操作css
[ 2014-06-27T09:15:23+08:00 ] ERR: (ThinkException) 非法操作css
[ 2014-06-27T09:15:23+08:00 ] ERR: (ThinkException) 非法操作js
[ 2014-06-27T09:15:23+08:00 ] ERR: (ThinkException) 非法操作js
[ 2014-06-27T09:15:23+08:00 ] ERR: (ThinkException) 非法操作ueditor
[ 2014-06-27T09:15:23+08:00 ] ERR: (ThinkException) 非法操作ueditor
[ 2014-06-27T09:15:23+08:00 ] ERR: (ThinkException) 非法操作img
[ 2014-06-27T09:15:23+08:00 ] ERR: (ThinkException) 非法操作img
[ 2014-06-27T09:15:23+08:00 ] ERR: (ThinkException) 非法操作img
[ 2014-06-27T09:15:29+08:00 ] ERR: (ThinkException) 非法操作ueditor
[ 2014-06-27T09:15:45+08:00 ] ERR: (ThinkException) 无法加载模块ueditor
[ 2014-06-27T09:16:25+08:00 ] ERR: (ThinkException) 非法操作css
[ 2014-06-27T09:16:25+08:00 ] ERR: (ThinkException) 非法操作css
[ 2014-06-27T09:16:25+08:00 ] ERR: (ThinkException) 非法操作css
[ 2014-06-27T09:16:25+08:00 ] ERR: (ThinkException) 非法操作js
[ 2014-06-27T09:16:25+08:00 ] ERR: (ThinkException) 非法操作js
[ 2014-06-27T09:16:26+08:00 ] ERR: (ThinkException) 非法操作img
[ 2014-06-27T09:16:26+08:00 ] ERR: (ThinkException) 非法操作img
[ 2014-06-27T09:16:26+08:00 ] ERR: (ThinkException) 非法操作img
[ 2014-06-27T09:16:26+08:00 ] ERR: (ThinkException) 非法操作img
[ 2014-06-27T09:16:26+08:00 ] ERR: (ThinkException) 非法操作img
[ 2014-06-27T09:16:26+08:00 ] ERR: (ThinkException) 非法操作img
[ 2014-06-27T09:16:40+08:00 ] ERR: (ThinkException) 非法操作img
[ 2014-06-27T09:16:40+08:00 ] ERR: (ThinkException) 非法操作img
[ 2014-06-27T09:16:40+08:00 ] ERR: (ThinkException) 非法操作img
[ 2014-06-27T09:17:56+08:00 ] ERR: (ThinkException) 非法操作css
[ 2014-06-27T09:17:56+08:00 ] ERR: (ThinkException) 非法操作css
[ 2014-06-27T09:17:56+08:00 ] ERR: (ThinkException) 非法操作css
[ 2014-06-27T09:17:56+08:00 ] ERR: (ThinkException) 非法操作js
[ 2014-06-27T09:17:56+08:00 ] ERR: (ThinkException) 非法操作js
[ 2014-06-27T09:18:20+08:00 ] ERR: (ThinkException) 非法操作js
[ 2014-06-27T09:18:20+08:00 ] ERR: (ThinkException) 非法操作js
[ 2014-06-27T09:18:37+08:00 ] ERR: (ThinkException) 非法操作js
[ 2014-06-27T09:18:37+08:00 ] ERR: (ThinkException) 非法操作js
[ 2014-06-27T09:19:29+08:00 ] ERR: (ThinkException) 非法操作js
[ 2014-06-27T09:19:29+08:00 ] ERR: (ThinkException) 非法操作js
[ 2014-06-27T09:19:45+08:00 ] ERR: (ThinkException) 非法操作js
[ 2014-06-27T09:19:45+08:00 ] ERR: (ThinkException) 非法操作js
[ 2014-06-27T09:20:04+08:00 ] ERR: (ThinkException) 非法操作js
[ 2014-06-27T09:20:04+08:00 ] ERR: (ThinkException) 非法操作js
[ 2014-06-27T09:20:17+08:00 ] ERR: (ThinkException) 非法操作js
[ 2014-06-27T09:20:17+08:00 ] ERR: (ThinkException) 非法操作js
[ 2014-06-27T09:20:28+08:00 ] ERR: (ThinkException) 非法操作js
[ 2014-06-27T09:20:28+08:00 ] ERR: (ThinkException) 非法操作js
[ 2014-06-27T09:20:43+08:00 ] ERR: (ThinkException) 非法操作js
[ 2014-06-27T09:20:43+08:00 ] ERR: (ThinkException) 非法操作js
[ 2014-06-27T09:24:26+08:00 ] ERR: (ThinkException) 非法操作js
[ 2014-06-27T09:24:26+08:00 ] ERR: (ThinkException) 非法操作js
[ 2014-06-27T09:25:57+08:00 ] ERR: (ThinkException) 非法操作admin.php
[ 2014-06-27T09:26:08+08:00 ] ERR: (ThinkException) 非法操作admin.php
[ 2014-06-27T09:26:21+08:00 ] ERR: (ThinkException) 无法加载模块admin.php
[ 2014-06-27T09:26:25+08:00 ] ERR: (ThinkException) 无法加载模块admin.php
[ 2014-06-27T09:28:34+08:00 ] ERR: (ThinkException) 非法操作css
[ 2014-06-27T09:28:34+08:00 ] ERR: (ThinkException) 非法操作css
[ 2014-06-27T09:28:34+08:00 ] ERR: (ThinkException) 非法操作css
[ 2014-06-27T09:28:34+08:00 ] ERR: (ThinkException) 非法操作js
[ 2014-06-27T09:28:34+08:00 ] ERR: (ThinkException) 非法操作js
[ 2014-06-27T09:28:34+08:00 ] ERR: (ThinkException) 非法操作img
[ 2014-06-27T09:28:34+08:00 ] ERR: (ThinkException) 非法操作img
[ 2014-06-27T09:28:34+08:00 ] ERR: (ThinkException) 非法操作img
[ 2014-06-27T09:28:37+08:00 ] ERR: (ThinkException) 非法操作js
[ 2014-06-27T09:28:37+08:00 ] ERR: (ThinkException) 非法操作js
[ 2014-06-27T09:29:15+08:00 ] ERR: (ThinkException) 非法操作js
[ 2014-06-27T09:29:15+08:00 ] ERR: (ThinkException) 非法操作js
[ 2014-06-27T09:30:14+08:00 ] ERR: (ThinkException) 非法操作js
[ 2014-06-27T09:30:14+08:00 ] ERR: (ThinkException) 非法操作js
[ 2014-06-27T09:46:08+08:00 ] ERR: (ThinkException) 非法操作js
[ 2014-06-27T09:46:08+08:00 ] ERR: (ThinkException) 非法操作js
[ 2014-06-27T09:48:41+08:00 ] ERR: (ThinkException) 非法操作js
[ 2014-06-27T09:48:41+08:00 ] ERR: (ThinkException) 非法操作js
[ 2014-06-27T09:49:25+08:00 ] ERR: (ThinkException) 非法操作js
[ 2014-06-27T09:52:22+08:00 ] ERR: (ThinkException) 非法操作js
[ 2014-06-27T09:52:22+08:00 ] ERR: (ThinkException) 非法操作js
[ 2014-06-27T09:54:24+08:00 ] ERR: (ThinkException) 非法操作css
[ 2014-06-27T09:54:24+08:00 ] ERR: (ThinkException) 非法操作css
[ 2014-06-27T09:54:24+08:00 ] ERR: (ThinkException) 非法操作css
[ 2014-06-27T09:54:24+08:00 ] ERR: (ThinkException) 非法操作js
[ 2014-06-27T09:54:24+08:00 ] ERR: (ThinkException) 非法操作js
[ 2014-06-27T09:54:24+08:00 ] ERR: (ThinkException) 非法操作img
[ 2014-06-27T09:54:24+08:00 ] ERR: (ThinkException) 非法操作img
[ 2014-06-27T09:54:24+08:00 ] ERR: (ThinkException) 非法操作img
[ 2014-06-27T09:56:38+08:00 ] ERR: (ThinkException) 非法操作js
[ 2014-06-27T09:56:38+08:00 ] ERR: (ThinkException) 非法操作js
[ 2014-06-27T09:57:24+08:00 ] ERR: (ThinkException) 非法操作css
[ 2014-06-27T09:57:24+08:00 ] ERR: (ThinkException) 非法操作css
[ 2014-06-27T09:57:24+08:00 ] ERR: (ThinkException) 非法操作css
[ 2014-06-27T09:57:24+08:00 ] ERR: (ThinkException) 非法操作js
[ 2014-06-27T09:57:24+08:00 ] ERR: (ThinkException) 非法操作js
[ 2014-06-27T09:57:24+08:00 ] ERR: (ThinkException) 非法操作img
[ 2014-06-27T09:57:24+08:00 ] ERR: (ThinkException) 非法操作img
[ 2014-06-27T09:57:24+08:00 ] ERR: (ThinkException) 非法操作img
[ 2014-06-27T09:57:29+08:00 ] ERR: (ThinkException) 非法操作css
[ 2014-06-27T09:57:29+08:00 ] ERR: (ThinkException) 非法操作css
[ 2014-06-27T09:57:29+08:00 ] ERR: (ThinkException) 非法操作css
[ 2014-06-27T09:57:29+08:00 ] ERR: (ThinkException) 非法操作js
[ 2014-06-27T09:57:29+08:00 ] ERR: (ThinkException) 非法操作img
[ 2014-06-27T09:57:29+08:00 ] ERR: (ThinkException) 非法操作js
[ 2014-06-27T09:57:29+08:00 ] ERR: (ThinkException) 非法操作img
[ 2014-06-27T09:57:29+08:00 ] ERR: (ThinkException) 非法操作img
[ 2014-06-27T09:57:29+08:00 ] ERR: (ThinkException) 非法操作img
[ 2014-06-27T09:57:31+08:00 ] ERR: (ThinkException) 非法操作js
[ 2014-06-27T09:57:31+08:00 ] ERR: (ThinkException) 非法操作js
[ 2014-06-27T09:57:57+08:00 ] ERR: (ThinkException) 非法操作css
[ 2014-06-27T09:57:57+08:00 ] ERR: (ThinkException) 非法操作css
[ 2014-06-27T09:57:57+08:00 ] ERR: (ThinkException) 非法操作js
[ 2014-06-27T09:57:57+08:00 ] ERR: (ThinkException) 非法操作img
[ 2014-06-27T09:57:57+08:00 ] ERR: (ThinkException) 非法操作css
[ 2014-06-27T09:57:57+08:00 ] ERR: (ThinkException) 非法操作js
[ 2014-06-27T09:57:57+08:00 ] ERR: (ThinkException) 非法操作img
[ 2014-06-27T09:57:57+08:00 ] ERR: (ThinkException) 非法操作img
[ 2014-06-27T09:57:57+08:00 ] ERR: (ThinkException) 非法操作img
[ 2014-06-27T09:58:04+08:00 ] ERR: (ThinkException) 非法操作js
[ 2014-06-27T09:58:04+08:00 ] ERR: (ThinkException) 非法操作js
[ 2014-06-27T09:58:43+08:00 ] ERR: (ThinkException) 非法操作js
[ 2014-06-27T09:58:43+08:00 ] ERR: (ThinkException) 非法操作js
[ 2014-06-27T09:58:50+08:00 ] ERR: (ThinkException) 非法操作css
[ 2014-06-27T09:58:50+08:00 ] ERR: (ThinkException) 非法操作css
[ 2014-06-27T09:58:50+08:00 ] ERR: (ThinkException) 非法操作css
[ 2014-06-27T09:58:50+08:00 ] ERR: (ThinkException) 非法操作js
[ 2014-06-27T09:58:50+08:00 ] ERR: (ThinkException) 非法操作js
[ 2014-06-27T09:58:50+08:00 ] ERR: (ThinkException) 非法操作img
[ 2014-06-27T09:58:50+08:00 ] ERR: (ThinkException) 非法操作img
[ 2014-06-27T09:58:50+08:00 ] ERR: (ThinkException) 非法操作img
[ 2014-06-27T13:02:25+08:00 ] ERR: (ThinkException) 非法操作css
[ 2014-06-27T13:02:25+08:00 ] ERR: (ThinkException) 非法操作js
[ 2014-06-27T13:02:25+08:00 ] ERR: (ThinkException) 非法操作css
[ 2014-06-27T13:02:25+08:00 ] ERR: (ThinkException) 非法操作css
[ 2014-06-27T13:02:25+08:00 ] ERR: (ThinkException) 非法操作js
[ 2014-06-27T13:02:25+08:00 ] ERR: (ThinkException) 非法操作img
[ 2014-06-27T13:02:25+08:00 ] ERR: (ThinkException) 非法操作img
[ 2014-06-27T13:02:25+08:00 ] ERR: (ThinkException) 非法操作img
[ 2014-06-27T13:03:30+08:00 ] ERR: (ThinkException) 非法操作css
[ 2014-06-27T13:03:30+08:00 ] ERR: (ThinkException) 非法操作css
[ 2014-06-27T13:03:30+08:00 ] ERR: (ThinkException) 非法操作css
[ 2014-06-27T13:03:30+08:00 ] ERR: (ThinkException) 非法操作js
[ 2014-06-27T13:03:31+08:00 ] ERR: (ThinkException) 非法操作js
[ 2014-06-27T13:03:31+08:00 ] ERR: (ThinkException) 非法操作img
[ 2014-06-27T13:03:31+08:00 ] ERR: (ThinkException) 非法操作img
[ 2014-06-27T13:03:31+08:00 ] ERR: (ThinkException) 非法操作img
[ 2014-06-27T13:07:21+08:00 ] ERR: (ThinkException) 非法操作css
[ 2014-06-27T13:07:21+08:00 ] ERR: (ThinkException) 非法操作css
[ 2014-06-27T13:07:21+08:00 ] ERR: (ThinkException) 非法操作css
[ 2014-06-27T13:07:21+08:00 ] ERR: (ThinkException) 非法操作js
[ 2014-06-27T13:07:21+08:00 ] ERR: (ThinkException) 非法操作js
[ 2014-06-27T13:07:21+08:00 ] ERR: (ThinkException) 非法操作img
[ 2014-06-27T13:07:21+08:00 ] ERR: (ThinkException) 非法操作img
[ 2014-06-27T13:07:21+08:00 ] ERR: (ThinkException) 非法操作img
[ 2014-06-27T13:07:37+08:00 ] ERR: (ThinkException) 非法操作css
[ 2014-06-27T13:07:37+08:00 ] ERR: (ThinkException) 非法操作css
[ 2014-06-27T13:07:37+08:00 ] ERR: (ThinkException) 非法操作css
[ 2014-06-27T13:07:37+08:00 ] ERR: (ThinkException) 非法操作js
[ 2014-06-27T13:07:37+08:00 ] ERR: (ThinkException) 非法操作js
[ 2014-06-27T13:07:37+08:00 ] ERR: (ThinkException) 非法操作img
[ 2014-06-27T13:07:37+08:00 ] ERR: (ThinkException) 非法操作img
[ 2014-06-27T13:07:37+08:00 ] ERR: (ThinkException) 非法操作img
[ 2014-06-27T13:08:24+08:00 ] ERR: (ThinkException) 非法操作css
[ 2014-06-27T13:08:24+08:00 ] ERR: (ThinkException) 非法操作css
[ 2014-06-27T13:08:24+08:00 ] ERR: (ThinkException) 非法操作css
[ 2014-06-27T13:08:24+08:00 ] ERR: (ThinkException) 非法操作js
[ 2014-06-27T13:08:24+08:00 ] ERR: (ThinkException) 非法操作js
[ 2014-06-27T13:08:24+08:00 ] ERR: (ThinkException) 非法操作img
[ 2014-06-27T13:08:24+08:00 ] ERR: (ThinkException) 非法操作img
[ 2014-06-27T13:08:24+08:00 ] ERR: (ThinkException) 非法操作img
[ 2014-06-27T13:09:11+08:00 ] ERR: (ThinkException) 非法操作css
[ 2014-06-27T13:09:11+08:00 ] ERR: (ThinkException) 非法操作css
[ 2014-06-27T13:09:11+08:00 ] ERR: (ThinkException) 非法操作css
[ 2014-06-27T13:09:11+08:00 ] ERR: (ThinkException) 非法操作js
[ 2014-06-27T13:09:11+08:00 ] ERR: (ThinkException) 非法操作js
[ 2014-06-27T13:09:11+08:00 ] ERR: (ThinkException) 非法操作img
[ 2014-06-27T13:09:11+08:00 ] ERR: (ThinkException) 非法操作img
[ 2014-06-27T13:09:11+08:00 ] ERR: (ThinkException) 非法操作img
[ 2014-06-27T13:10:11+08:00 ] ERR: (ThinkException) 非法操作css
[ 2014-06-27T13:10:11+08:00 ] ERR: (ThinkException) 非法操作css
[ 2014-06-27T13:10:11+08:00 ] ERR: (ThinkException) 非法操作css
[ 2014-06-27T13:10:11+08:00 ] ERR: (ThinkException) 非法操作js
[ 2014-06-27T13:10:11+08:00 ] ERR: (ThinkException) 非法操作js
[ 2014-06-27T13:10:11+08:00 ] ERR: (ThinkException) 非法操作img
[ 2014-06-27T13:10:11+08:00 ] ERR: (ThinkException) 非法操作img
[ 2014-06-27T13:10:11+08:00 ] ERR: (ThinkException) 非法操作img
[ 2014-06-27T13:10:24+08:00 ] ERR: (ThinkException) 非法操作css
[ 2014-06-27T13:10:24+08:00 ] ERR: (ThinkException) 非法操作css
[ 2014-06-27T13:10:24+08:00 ] ERR: (ThinkException) 非法操作css
[ 2014-06-27T13:10:24+08:00 ] ERR: (ThinkException) 非法操作js
[ 2014-06-27T13:10:24+08:00 ] ERR: (ThinkException) 非法操作js
[ 2014-06-27T13:10:24+08:00 ] ERR: (ThinkException) 非法操作img
[ 2014-06-27T13:10:24+08:00 ] ERR: (ThinkException) 非法操作img
[ 2014-06-27T13:10:24+08:00 ] ERR: (ThinkException) 非法操作img
[ 2014-06-27T13:13:58+08:00 ] ERR: (ThinkException) 无法加载模块js
[ 2014-06-27T13:13:58+08:00 ] ERR: (ThinkException) 无法加载模块js
[ 2014-06-27T13:14:25+08:00 ] ERR: (ThinkException) 无法加载模块js
[ 2014-06-27T13:14:25+08:00 ] ERR: (ThinkException) 无法加载模块js
[ 2014-06-27T13:14:34+08:00 ] ERR: (ThinkException) 无法加载模块js
[ 2014-06-27T13:14:34+08:00 ] ERR: (ThinkException) 无法加载模块js
[ 2014-06-27T13:15:06+08:00 ] ERR: (ThinkException) 无法加载模块js
[ 2014-06-27T13:15:06+08:00 ] ERR: (ThinkException) 无法加载模块js
[ 2014-06-27T13:15:23+08:00 ] ERR: (ThinkException) 无法加载模块js
[ 2014-06-27T13:15:23+08:00 ] ERR: (ThinkException) 无法加载模块js
[ 2014-06-27T13:15:26+08:00 ] ERR: (ThinkException) 无法加载模块js
[ 2014-06-27T13:15:26+08:00 ] ERR: (ThinkException) 无法加载模块js
[ 2014-06-27T13:15:26+08:00 ] ERR: (ThinkException) 无法加载模块js
[ 2014-06-27T13:15:26+08:00 ] ERR: (ThinkException) 无法加载模块js
[ 2014-06-27T13:15:27+08:00 ] ERR: (ThinkException) 无法加载模块js
[ 2014-06-27T13:15:27+08:00 ] ERR: (ThinkException) 无法加载模块js
[ 2014-06-27T13:15:28+08:00 ] ERR: (ThinkException) 无法加载模块js
[ 2014-06-27T13:15:28+08:00 ] ERR: (ThinkException) 无法加载模块js
[ 2014-06-27T13:16:05+08:00 ] ERR: (ThinkException) 无法加载模块js
[ 2014-06-27T13:16:05+08:00 ] ERR: (ThinkException) 无法加载模块js
[ 2014-06-27T13:16:31+08:00 ] ERR: (ThinkException) 无法加载模块js
[ 2014-06-27T13:16:31+08:00 ] ERR: (ThinkException) 无法加载模块js
[ 2014-06-27T13:17:24+08:00 ] ERR: (ThinkException) 非法操作css
[ 2014-06-27T13:17:24+08:00 ] ERR: (ThinkException) 非法操作js
[ 2014-06-27T13:17:24+08:00 ] ERR: (ThinkException) 非法操作css
[ 2014-06-27T13:17:24+08:00 ] ERR: (ThinkException) 非法操作js
[ 2014-06-27T13:17:24+08:00 ] ERR: (ThinkException) 非法操作img
[ 2014-06-27T13:17:24+08:00 ] ERR: (ThinkException) 非法操作css
[ 2014-06-27T13:17:24+08:00 ] ERR: (ThinkException) 非法操作img
[ 2014-06-27T13:17:24+08:00 ] ERR: (ThinkException) 非法操作img
[ 2014-06-27T13:17:24+08:00 ] ERR: (ThinkException) 非法操作img
[ 2014-06-27T13:29:15+08:00 ] ERR: (ThinkException) 非法操作img
[ 2014-06-27T13:29:15+08:00 ] ERR: (ThinkException) 非法操作img
[ 2014-06-27T13:29:15+08:00 ] ERR: (ThinkException) 非法操作img
[ 2014-06-27T13:38:17+08:00 ] ERR: (ThinkException) 非法操作fanhui
[ 2014-06-27T13:38:18+08:00 ] ERR: (ThinkException) 非法操作fanhui
[ 2014-06-27T13:38:19+08:00 ] ERR: (ThinkException) 非法操作fanhui
[ 2014-06-27T13:38:20+08:00 ] ERR: (ThinkException) 非法操作fanhui
[ 2014-06-27T13:38:20+08:00 ] ERR: (ThinkException) 非法操作fanhui
[ 2014-06-27T13:38:20+08:00 ] ERR: (ThinkException) 非法操作fanhui
[ 2014-06-27T13:38:20+08:00 ] ERR: (ThinkException) 非法操作fanhui
[ 2014-06-27T13:38:20+08:00 ] ERR: (ThinkException) 非法操作fanhui
[ 2014-06-27T13:38:20+08:00 ] ERR: (ThinkException) 非法操作fanhui
[ 2014-06-27T13:38:21+08:00 ] ERR: (ThinkException) 非法操作fanhui
[ 2014-06-27T13:40:53+08:00 ] ERR: (ThinkException) 非法操作css
[ 2014-06-27T13:40:53+08:00 ] ERR: (ThinkException) 非法操作css
[ 2014-06-27T13:40:53+08:00 ] ERR: (ThinkException) 非法操作css
[ 2014-06-27T13:40:53+08:00 ] ERR: (ThinkException) 非法操作js
[ 2014-06-27T13:40:53+08:00 ] ERR: (ThinkException) 非法操作js
[ 2014-06-27T13:40:53+08:00 ] ERR: (ThinkException) 非法操作img
[ 2014-06-27T13:40:53+08:00 ] ERR: (ThinkException) 非法操作img
[ 2014-06-27T13:40:53+08:00 ] ERR: (ThinkException) 非法操作img
[ 2014-06-27T13:41:39+08:00 ] ERR: (ThinkException) 非法操作css
[ 2014-06-27T13:41:39+08:00 ] ERR: (ThinkException) 非法操作js
[ 2014-06-27T13:41:39+08:00 ] ERR: (ThinkException) 非法操作img
[ 2014-06-27T13:41:39+08:00 ] ERR: (ThinkException) 非法操作css
[ 2014-06-27T13:41:39+08:00 ] ERR: (ThinkException) 非法操作css
[ 2014-06-27T13:41:39+08:00 ] ERR: (ThinkException) 非法操作js
[ 2014-06-27T13:41:39+08:00 ] ERR: (ThinkException) 非法操作img
[ 2014-06-27T13:41:39+08:00 ] ERR: (ThinkException) 非法操作img
[ 2014-06-27T13:41:39+08:00 ] ERR: (ThinkException) 非法操作img
[ 2014-06-27T13:42:59+08:00 ] ERR: (ThinkException) 非法操作css
[ 2014-06-27T13:42:59+08:00 ] ERR: (ThinkException) 非法操作css
[ 2014-06-27T13:42:59+08:00 ] ERR: (ThinkException) 非法操作css
[ 2014-06-27T13:42:59+08:00 ] ERR: (ThinkException) 非法操作img
[ 2014-06-27T13:42:59+08:00 ] ERR: (ThinkException) 非法操作js
[ 2014-06-27T13:42:59+08:00 ] ERR: (ThinkException) 非法操作js
[ 2014-06-27T13:42:59+08:00 ] ERR: (ThinkException) 非法操作img
[ 2014-06-27T13:42:59+08:00 ] ERR: (ThinkException) 非法操作img
[ 2014-06-27T13:42:59+08:00 ] ERR: (ThinkException) 非法操作img
[ 2014-06-27T13:44:09+08:00 ] ERR: (ThinkException) 非法操作css
[ 2014-06-27T13:44:09+08:00 ] ERR: (ThinkException) 非法操作css
[ 2014-06-27T13:44:09+08:00 ] ERR: (ThinkException) 非法操作css
[ 2014-06-27T13:44:09+08:00 ] ERR: (ThinkException) 非法操作js
[ 2014-06-27T13:44:09+08:00 ] ERR: (ThinkException) 非法操作js
[ 2014-06-27T13:44:09+08:00 ] ERR: (ThinkException) 非法操作img
[ 2014-06-27T13:44:09+08:00 ] ERR: (ThinkException) 非法操作img
[ 2014-06-27T13:44:09+08:00 ] ERR: (ThinkException) 非法操作img
[ 2014-06-27T13:44:16+08:00 ] ERR: (ThinkException) 非法操作css
[ 2014-06-27T13:44:16+08:00 ] ERR: (ThinkException) 非法操作css
[ 2014-06-27T13:44:16+08:00 ] ERR: (ThinkException) 非法操作css
[ 2014-06-27T13:44:16+08:00 ] ERR: (ThinkException) 非法操作js
[ 2014-06-27T13:44:16+08:00 ] ERR: (ThinkException) 非法操作js
[ 2014-06-27T13:44:16+08:00 ] ERR: (ThinkException) 非法操作img
[ 2014-06-27T13:44:16+08:00 ] ERR: (ThinkException) 非法操作img
[ 2014-06-27T13:44:16+08:00 ] ERR: (ThinkException) 非法操作img
[ 2014-06-27T13:55:54+08:00 ] ERR: (ThinkException) 非法操作css
[ 2014-06-27T13:55:54+08:00 ] ERR: (ThinkException) 非法操作css
[ 2014-06-27T13:55:54+08:00 ] ERR: (ThinkException) 非法操作css
[ 2014-06-27T13:55:54+08:00 ] ERR: (ThinkException) 非法操作js
[ 2014-06-27T13:55:54+08:00 ] ERR: (ThinkException) 非法操作js
[ 2014-06-27T13:55:54+08:00 ] ERR: (ThinkException) 非法操作img
[ 2014-06-27T13:55:54+08:00 ] ERR: (ThinkException) 非法操作img
[ 2014-06-27T13:55:54+08:00 ] ERR: (ThinkException) 非法操作img
[ 2014-06-27T13:57:25+08:00 ] ERR: (ThinkException) 非法操作css
[ 2014-06-27T13:57:25+08:00 ] ERR: (ThinkException) 非法操作css
[ 2014-06-27T13:57:25+08:00 ] ERR: (ThinkException) 非法操作css
[ 2014-06-27T13:57:25+08:00 ] ERR: (ThinkException) 非法操作js
[ 2014-06-27T13:57:25+08:00 ] ERR: (ThinkException) 非法操作js
[ 2014-06-27T13:57:26+08:00 ] ERR: (ThinkException) 非法操作img
[ 2014-06-27T13:57:26+08:00 ] ERR: (ThinkException) 非法操作img
[ 2014-06-27T13:57:26+08:00 ] ERR: (ThinkException) 非法操作img
[ 2014-06-27T13:57:58+08:00 ] ERR: (ThinkException) 非法操作css
[ 2014-06-27T13:57:58+08:00 ] ERR: (ThinkException) 非法操作css
[ 2014-06-27T13:57:58+08:00 ] ERR: (ThinkException) 非法操作css
[ 2014-06-27T13:57:58+08:00 ] ERR: (ThinkException) 非法操作js
[ 2014-06-27T13:57:58+08:00 ] ERR: (ThinkException) 非法操作js
[ 2014-06-27T13:57:58+08:00 ] ERR: (ThinkException) 非法操作img
[ 2014-06-27T13:57:58+08:00 ] ERR: (ThinkException) 非法操作img
[ 2014-06-27T13:57:58+08:00 ] ERR: (ThinkException) 非法操作img
[ 2014-06-27T13:58:19+08:00 ] ERR: (ThinkException) 非法操作css
[ 2014-06-27T13:58:19+08:00 ] ERR: (ThinkException) 非法操作css
[ 2014-06-27T13:58:19+08:00 ] ERR: (ThinkException) 非法操作css
[ 2014-06-27T13:58:19+08:00 ] ERR: (ThinkException) 非法操作js
[ 2014-06-27T13:58:19+08:00 ] ERR: (ThinkException) 非法操作js
[ 2014-06-27T13:58:19+08:00 ] ERR: (ThinkException) 非法操作img
[ 2014-06-27T13:58:19+08:00 ] ERR: (ThinkException) 非法操作img
[ 2014-06-27T13:58:19+08:00 ] ERR: (ThinkException) 非法操作img
[ 2014-06-27T13:58:25+08:00 ] ERR: (ThinkException) 非法操作css
[ 2014-06-27T13:58:25+08:00 ] ERR: (ThinkException) 非法操作css
[ 2014-06-27T13:58:25+08:00 ] ERR: (ThinkException) 非法操作css
[ 2014-06-27T13:58:25+08:00 ] ERR: (ThinkException) 非法操作js
[ 2014-06-27T13:58:26+08:00 ] ERR: (ThinkException) 非法操作js
[ 2014-06-27T13:58:26+08:00 ] ERR: (ThinkException) 非法操作img
[ 2014-06-27T13:58:26+08:00 ] ERR: (ThinkException) 非法操作img
[ 2014-06-27T13:58:26+08:00 ] ERR: (ThinkException) 非法操作img
[ 2014-06-27T13:58:33+08:00 ] ERR: (ThinkException) 非法操作css
[ 2014-06-27T13:58:33+08:00 ] ERR: (ThinkException) 非法操作css
[ 2014-06-27T13:58:33+08:00 ] ERR: (ThinkException) 非法操作css
[ 2014-06-27T13:58:33+08:00 ] ERR: (ThinkException) 非法操作js
[ 2014-06-27T13:58:33+08:00 ] ERR: (ThinkException) 非法操作js
[ 2014-06-27T13:58:33+08:00 ] ERR: (ThinkException) 非法操作img
[ 2014-06-27T13:58:33+08:00 ] ERR: (ThinkException) 非法操作img
[ 2014-06-27T13:58:33+08:00 ] ERR: (ThinkException) 非法操作img
[ 2014-06-27T14:00:43+08:00 ] ERR: (ThinkException) 非法操作css
[ 2014-06-27T14:00:43+08:00 ] ERR: (ThinkException) 非法操作css
[ 2014-06-27T14:00:43+08:00 ] ERR: (ThinkException) 非法操作css
[ 2014-06-27T14:00:43+08:00 ] ERR: (ThinkException) 非法操作js
[ 2014-06-27T14:00:44+08:00 ] ERR: (ThinkException) 非法操作js
[ 2014-06-27T14:00:44+08:00 ] ERR: (ThinkException) 非法操作img
[ 2014-06-27T14:00:44+08:00 ] ERR: (ThinkException) 非法操作img
[ 2014-06-27T14:00:44+08:00 ] ERR: (ThinkException) 非法操作img
[ 2014-06-27T14:00:48+08:00 ] ERR: (ThinkException) 非法操作css
[ 2014-06-27T14:00:48+08:00 ] ERR: (ThinkException) 非法操作css
[ 2014-06-27T14:00:48+08:00 ] ERR: (ThinkException) 非法操作css
[ 2014-06-27T14:00:48+08:00 ] ERR: (ThinkException) 非法操作img
[ 2014-06-27T14:00:48+08:00 ] ERR: (ThinkException) 非法操作js
[ 2014-06-27T14:00:48+08:00 ] ERR: (ThinkException) 非法操作js
[ 2014-06-27T14:00:48+08:00 ] ERR: (ThinkException) 非法操作img
[ 2014-06-27T14:00:48+08:00 ] ERR: (ThinkException) 非法操作img
[ 2014-06-27T14:00:48+08:00 ] ERR: (ThinkException) 非法操作img
[ 2014-06-27T14:01:34+08:00 ] ERR: (ThinkException) 非法操作css
[ 2014-06-27T14:01:34+08:00 ] ERR: (ThinkException) 非法操作css
[ 2014-06-27T14:01:34+08:00 ] ERR: (ThinkException) 非法操作css
[ 2014-06-27T14:01:34+08:00 ] ERR: (ThinkException) 非法操作img
[ 2014-06-27T14:01:34+08:00 ] ERR: (ThinkException) 非法操作js
[ 2014-06-27T14:01:34+08:00 ] ERR: (ThinkException) 非法操作js
[ 2014-06-27T14:01:34+08:00 ] ERR: (ThinkException) 非法操作img
[ 2014-06-27T14:01:34+08:00 ] ERR: (ThinkException) 非法操作img
[ 2014-06-27T14:01:34+08:00 ] ERR: (ThinkException) 非法操作img
[ 2014-06-27T14:03:19+08:00 ] ERR: (ThinkException) XML标签语法错误 : conditon eq 0
[ 2014-06-27T14:04:28+08:00 ] ERR: (ThinkException) 非法操作css
[ 2014-06-27T14:04:28+08:00 ] ERR: (ThinkException) 非法操作css
[ 2014-06-27T14:04:28+08:00 ] ERR: (ThinkException) 非法操作css
[ 2014-06-27T14:04:28+08:00 ] ERR: (ThinkException) 非法操作js
[ 2014-06-27T14:04:28+08:00 ] ERR: (ThinkException) 非法操作js
[ 2014-06-27T14:04:28+08:00 ] ERR: (ThinkException) 非法操作img
[ 2014-06-27T14:04:28+08:00 ] ERR: (ThinkException) 非法操作img
[ 2014-06-27T14:04:28+08:00 ] ERR: (ThinkException) 非法操作img
[ 2014-06-27T14:04:28+08:00 ] ERR: (ThinkException) 非法操作img
[ 2014-06-27T14:06:26+08:00 ] ERR: (ThinkException) 非法操作css
[ 2014-06-27T14:06:26+08:00 ] ERR: (ThinkException) 非法操作css
[ 2014-06-27T14:06:26+08:00 ] ERR: (ThinkException) 非法操作css
[ 2014-06-27T14:06:26+08:00 ] ERR: (ThinkException) 非法操作js
[ 2014-06-27T14:06:26+08:00 ] ERR: (ThinkException) 非法操作js
[ 2014-06-27T14:06:26+08:00 ] ERR: (ThinkException) 非法操作img
[ 2014-06-27T14:06:27+08:00 ] ERR: (ThinkException) 非法操作img
[ 2014-06-27T14:06:27+08:00 ] ERR: (ThinkException) 非法操作img
[ 2014-06-27T14:08:57+08:00 ] ERR: (ThinkException) 非法操作css
[ 2014-06-27T14:08:57+08:00 ] ERR: (ThinkException) 非法操作css
[ 2014-06-27T14:08:57+08:00 ] ERR: (ThinkException) 非法操作css
[ 2014-06-27T14:08:57+08:00 ] ERR: (ThinkException) 非法操作js
[ 2014-06-27T14:08:57+08:00 ] ERR: (ThinkException) 非法操作js
[ 2014-06-27T14:08:57+08:00 ] ERR: (ThinkException) 非法操作img
[ 2014-06-27T14:08:58+08:00 ] ERR: (ThinkException) 非法操作img
[ 2014-06-27T14:08:58+08:00 ] ERR: (ThinkException) 非法操作img
[ 2014-06-27T14:09:03+08:00 ] ERR: (ThinkException) 非法操作css
[ 2014-06-27T14:09:03+08:00 ] ERR: (ThinkException) 非法操作js
[ 2014-06-27T14:09:03+08:00 ] ERR: (ThinkException) 非法操作css
[ 2014-06-27T14:09:03+08:00 ] ERR: (ThinkException) 非法操作css
[ 2014-06-27T14:09:03+08:00 ] ERR: (ThinkException) 非法操作js
[ 2014-06-27T14:09:03+08:00 ] ERR: (ThinkException) 非法操作img
[ 2014-06-27T14:09:03+08:00 ] ERR: (ThinkException) 非法操作img
[ 2014-06-27T14:09:03+08:00 ] ERR: (ThinkException) 非法操作img
[ 2014-06-27T14:09:03+08:00 ] ERR: (ThinkException) 非法操作img
[ 2014-06-27T14:10:58+08:00 ] ERR: (ThinkException) 非法操作css
[ 2014-06-27T14:10:58+08:00 ] ERR: (ThinkException) 非法操作css
[ 2014-06-27T14:10:58+08:00 ] ERR: (ThinkException) 非法操作css
[ 2014-06-27T14:10:58+08:00 ] ERR: (ThinkException) 非法操作js
[ 2014-06-27T14:10:58+08:00 ] ERR: (ThinkException) 非法操作js
[ 2014-06-27T14:10:58+08:00 ] ERR: (ThinkException) 非法操作img
[ 2014-06-27T14:10:58+08:00 ] ERR: (ThinkException) 非法操作img
[ 2014-06-27T14:10:58+08:00 ] ERR: (ThinkException) 非法操作img
[ 2014-06-27T14:13:03+08:00 ] ERR: (ThinkException) 非法操作css
[ 2014-06-27T14:13:03+08:00 ] ERR: (ThinkException) 非法操作css
[ 2014-06-27T14:13:03+08:00 ] ERR: (ThinkException) 非法操作css
[ 2014-06-27T14:13:03+08:00 ] ERR: (ThinkException) 非法操作js
[ 2014-06-27T14:13:03+08:00 ] ERR: (ThinkException) 非法操作js
[ 2014-06-27T14:13:03+08:00 ] ERR: (ThinkException) 非法操作img
[ 2014-06-27T14:13:03+08:00 ] ERR: (ThinkException) 非法操作img
[ 2014-06-27T14:13:03+08:00 ] ERR: (ThinkException) 非法操作img
[ 2014-06-27T14:15:32+08:00 ] ERR: (ThinkException) 非法操作css
[ 2014-06-27T14:15:32+08:00 ] ERR: (ThinkException) 非法操作css
[ 2014-06-27T14:15:32+08:00 ] ERR: (ThinkException) 非法操作css
[ 2014-06-27T14:15:32+08:00 ] ERR: (ThinkException) 非法操作js
[ 2014-06-27T14:15:32+08:00 ] ERR: (ThinkException) 非法操作js
[ 2014-06-27T14:15:32+08:00 ] ERR: (ThinkException) 非法操作img
[ 2014-06-27T14:15:32+08:00 ] ERR: (ThinkException) 非法操作img
[ 2014-06-27T14:15:32+08:00 ] ERR: (ThinkException) 非法操作img
[ 2014-06-27T14:16:07+08:00 ] ERR: (ThinkException) 非法操作css
[ 2014-06-27T14:16:07+08:00 ] ERR: (ThinkException) 非法操作css
[ 2014-06-27T14:16:07+08:00 ] ERR: (ThinkException) 非法操作css
[ 2014-06-27T14:16:07+08:00 ] ERR: (ThinkException) 非法操作js
[ 2014-06-27T14:16:07+08:00 ] ERR: (ThinkException) 非法操作js
[ 2014-06-27T14:16:08+08:00 ] ERR: (ThinkException) 非法操作img
[ 2014-06-27T14:16:08+08:00 ] ERR: (ThinkException) 非法操作img
[ 2014-06-27T14:16:08+08:00 ] ERR: (ThinkException) 非法操作img
[ 2014-06-27T14:18:06+08:00 ] ERR: (ThinkException) 非法操作css
[ 2014-06-27T14:18:06+08:00 ] ERR: (ThinkException) 非法操作css
[ 2014-06-27T14:18:06+08:00 ] ERR: (ThinkException) 非法操作css
[ 2014-06-27T14:18:06+08:00 ] ERR: (ThinkException) 非法操作js
[ 2014-06-27T14:18:06+08:00 ] ERR: (ThinkException) 非法操作js
[ 2014-06-27T14:18:06+08:00 ] ERR: (ThinkException) 非法操作img
[ 2014-06-27T14:18:06+08:00 ] ERR: (ThinkException) 非法操作img
[ 2014-06-27T14:18:06+08:00 ] ERR: (ThinkException) 非法操作img
[ 2014-06-27T14:21:47+08:00 ] ERR: (ThinkException) 非法操作css
[ 2014-06-27T14:21:47+08:00 ] ERR: (ThinkException) 非法操作css
[ 2014-06-27T14:21:47+08:00 ] ERR: (ThinkException) 非法操作css
[ 2014-06-27T14:21:47+08:00 ] ERR: (ThinkException) 非法操作js
[ 2014-06-27T14:21:47+08:00 ] ERR: (ThinkException) 非法操作js
[ 2014-06-27T14:21:47+08:00 ] ERR: (ThinkException) 非法操作img
[ 2014-06-27T14:21:47+08:00 ] ERR: (ThinkException) 非法操作img
[ 2014-06-27T14:21:47+08:00 ] ERR: (ThinkException) 非法操作img
[ 2014-06-27T14:25:58+08:00 ] ERR: (ThinkException) 非法操作css
[ 2014-06-27T14:25:59+08:00 ] ERR: (ThinkException) 非法操作css
[ 2014-06-27T14:25:59+08:00 ] ERR: (ThinkException) 非法操作css
[ 2014-06-27T14:25:59+08:00 ] ERR: (ThinkException) 非法操作js
[ 2014-06-27T14:25:59+08:00 ] ERR: (ThinkException) 非法操作js
[ 2014-06-27T14:25:59+08:00 ] ERR: (ThinkException) 非法操作img
[ 2014-06-27T14:25:59+08:00 ] ERR: (ThinkException) 非法操作img
[ 2014-06-27T14:25:59+08:00 ] ERR: (ThinkException) 非法操作img
[ 2014-06-27T14:26:40+08:00 ] ERR: (ThinkException) 非法操作css
[ 2014-06-27T14:26:40+08:00 ] ERR: (ThinkException) 非法操作css
[ 2014-06-27T14:26:40+08:00 ] ERR: (ThinkException) 非法操作css
[ 2014-06-27T14:26:40+08:00 ] ERR: (ThinkException) 非法操作js
[ 2014-06-27T14:26:40+08:00 ] ERR: (ThinkException) 非法操作js
[ 2014-06-27T14:26:40+08:00 ] ERR: (ThinkException) 非法操作img
[ 2014-06-27T14:26:40+08:00 ] ERR: (ThinkException) 非法操作img
[ 2014-06-27T14:26:40+08:00 ] ERR: (ThinkException) 非法操作img
[ 2014-06-27T14:27:47+08:00 ] ERR: (ThinkException) 非法操作js
[ 2014-06-27T14:27:47+08:00 ] ERR: (ThinkException) 非法操作js
[ 2014-06-27T14:27:47+08:00 ] ERR: (ThinkException) 非法操作img
[ 2014-06-27T14:27:47+08:00 ] ERR: (ThinkException) 非法操作img
[ 2014-06-27T14:27:47+08:00 ] ERR: (ThinkException) 非法操作img
[ 2014-06-27T14:33:14+08:00 ] ERR: (ThinkException) 非法操作js
[ 2014-06-27T14:33:14+08:00 ] ERR: (ThinkException) 非法操作js
[ 2014-06-27T14:33:14+08:00 ] ERR: (ThinkException) 非法操作img
[ 2014-06-27T14:33:14+08:00 ] ERR: (ThinkException) 非法操作img
[ 2014-06-27T14:33:14+08:00 ] ERR: (ThinkException) 非法操作img
[ 2014-06-27T14:34:42+08:00 ] ERR: (ThinkException) 非法操作css
[ 2014-06-27T14:34:42+08:00 ] ERR: (ThinkException) 非法操作css
[ 2014-06-27T14:34:42+08:00 ] ERR: (ThinkException) 非法操作css
[ 2014-06-27T14:34:42+08:00 ] ERR: (ThinkException) 非法操作js
[ 2014-06-27T14:34:42+08:00 ] ERR: (ThinkException) 非法操作js
[ 2014-06-27T14:34:42+08:00 ] ERR: (ThinkException) 非法操作img
[ 2014-06-27T14:34:42+08:00 ] ERR: (ThinkException) 非法操作img
[ 2014-06-27T14:34:42+08:00 ] ERR: (ThinkException) 非法操作img
[ 2014-06-27T14:36:38+08:00 ] ERR: (ThinkException) 非法操作css
[ 2014-06-27T14:36:38+08:00 ] ERR: (ThinkException) 非法操作css
[ 2014-06-27T14:36:38+08:00 ] ERR: (ThinkException) 非法操作css
[ 2014-06-27T14:36:38+08:00 ] ERR: (ThinkException) 非法操作js
[ 2014-06-27T14:36:38+08:00 ] ERR: (ThinkException) 非法操作img
[ 2014-06-27T14:36:38+08:00 ] ERR: (ThinkException) 非法操作js
[ 2014-06-27T14:36:38+08:00 ] ERR: (ThinkException) 非法操作img
[ 2014-06-27T14:36:38+08:00 ] ERR: (ThinkException) 非法操作img
[ 2014-06-27T14:36:38+08:00 ] ERR: (ThinkException) 非法操作img
[ 2014-06-27T14:36:42+08:00 ] ERR: (ThinkException) 非法操作css
[ 2014-06-27T14:36:42+08:00 ] ERR: (ThinkException) 非法操作css
[ 2014-06-27T14:36:42+08:00 ] ERR: (ThinkException) 非法操作css
[ 2014-06-27T14:36:42+08:00 ] ERR: (ThinkException) 非法操作js
[ 2014-06-27T14:36:42+08:00 ] ERR: (ThinkException) 非法操作img
[ 2014-06-27T14:36:42+08:00 ] ERR: (ThinkException) 非法操作js
[ 2014-06-27T14:36:42+08:00 ] ERR: (ThinkException) 非法操作img
[ 2014-06-27T14:36:42+08:00 ] ERR: (ThinkException) 非法操作img
[ 2014-06-27T14:36:42+08:00 ] ERR: (ThinkException) 非法操作img
[ 2014-06-27T14:36:46+08:00 ] ERR: (ThinkException) 非法操作css
[ 2014-06-27T14:36:46+08:00 ] ERR: (ThinkException) 非法操作css
[ 2014-06-27T14:36:46+08:00 ] ERR: (ThinkException) 非法操作css
[ 2014-06-27T14:36:46+08:00 ] ERR: (ThinkException) 非法操作js
[ 2014-06-27T14:36:46+08:00 ] ERR: (ThinkException) 非法操作img
[ 2014-06-27T14:36:46+08:00 ] ERR: (ThinkException) 非法操作js
[ 2014-06-27T14:36:46+08:00 ] ERR: (ThinkException) 非法操作img
[ 2014-06-27T14:36:46+08:00 ] ERR: (ThinkException) 非法操作img
[ 2014-06-27T14:36:46+08:00 ] ERR: (ThinkException) 非法操作img
[ 2014-06-27T14:37:54+08:00 ] ERR: (ThinkException) 非法操作css
[ 2014-06-27T14:37:54+08:00 ] ERR: (ThinkException) 非法操作css
[ 2014-06-27T14:37:54+08:00 ] ERR: (ThinkException) 非法操作js
[ 2014-06-27T14:37:54+08:00 ] ERR: (ThinkException) 非法操作css
[ 2014-06-27T14:37:54+08:00 ] ERR: (ThinkException) 非法操作js
[ 2014-06-27T14:37:54+08:00 ] ERR: (ThinkException) 非法操作img
[ 2014-06-27T14:37:54+08:00 ] ERR: (ThinkException) 非法操作img
[ 2014-06-27T14:37:54+08:00 ] ERR: (ThinkException) 非法操作img
[ 2014-06-27T14:38:18+08:00 ] ERR: (ThinkException) 非法操作css
[ 2014-06-27T14:38:18+08:00 ] ERR: (ThinkException) 非法操作css
[ 2014-06-27T14:38:18+08:00 ] ERR: (ThinkException) 非法操作css
[ 2014-06-27T14:38:18+08:00 ] ERR: (ThinkException) 非法操作img
[ 2014-06-27T14:38:18+08:00 ] ERR: (ThinkException) 非法操作js
[ 2014-06-27T14:38:18+08:00 ] ERR: (ThinkException) 非法操作js
[ 2014-06-27T14:38:18+08:00 ] ERR: (ThinkException) 非法操作img
[ 2014-06-27T14:38:18+08:00 ] ERR: (ThinkException) 非法操作img
[ 2014-06-27T14:38:18+08:00 ] ERR: (ThinkException) 非法操作img
[ 2014-06-27T14:39:19+08:00 ] ERR: (ThinkException) 非法操作css
[ 2014-06-27T14:39:19+08:00 ] ERR: (ThinkException) 非法操作css
[ 2014-06-27T14:39:19+08:00 ] ERR: (ThinkException) 非法操作css
[ 2014-06-27T14:39:19+08:00 ] ERR: (ThinkException) 非法操作js
[ 2014-06-27T14:39:19+08:00 ] ERR: (ThinkException) 非法操作img
[ 2014-06-27T14:39:19+08:00 ] ERR: (ThinkException) 非法操作js
[ 2014-06-27T14:39:19+08:00 ] ERR: (ThinkException) 非法操作img
[ 2014-06-27T14:39:19+08:00 ] ERR: (ThinkException) 非法操作img
[ 2014-06-27T14:39:19+08:00 ] ERR: (ThinkException) 非法操作img
[ 2014-06-27T14:40:59+08:00 ] ERR: (ThinkException) 非法操作css
[ 2014-06-27T14:40:59+08:00 ] ERR: (ThinkException) 非法操作css
[ 2014-06-27T14:40:59+08:00 ] ERR: (ThinkException) 非法操作css
[ 2014-06-27T14:40:59+08:00 ] ERR: (ThinkException) 非法操作js
[ 2014-06-27T14:40:59+08:00 ] ERR: (ThinkException) 非法操作img
[ 2014-06-27T14:40:59+08:00 ] ERR: (ThinkException) 非法操作js
[ 2014-06-27T14:40:59+08:00 ] ERR: (ThinkException) 非法操作img
[ 2014-06-27T14:40:59+08:00 ] ERR: (ThinkException) 非法操作img
[ 2014-06-27T14:40:59+08:00 ] ERR: (ThinkException) 非法操作img
[ 2014-06-27T14:41:09+08:00 ] ERR: (ThinkException) 非法操作css
[ 2014-06-27T14:41:09+08:00 ] ERR: (ThinkException) 非法操作css
[ 2014-06-27T14:41:09+08:00 ] ERR: (ThinkException) 非法操作css
[ 2014-06-27T14:41:09+08:00 ] ERR: (ThinkException) 非法操作js
[ 2014-06-27T14:41:09+08:00 ] ERR: (ThinkException) 非法操作js
[ 2014-06-27T14:41:10+08:00 ] ERR: (ThinkException) 非法操作img
[ 2014-06-27T14:41:10+08:00 ] ERR: (ThinkException) 非法操作img
[ 2014-06-27T14:41:10+08:00 ] ERR: (ThinkException) 非法操作img
[ 2014-06-27T14:41:25+08:00 ] ERR: (ThinkException) 非法操作css
[ 2014-06-27T14:41:25+08:00 ] ERR: (ThinkException) 非法操作css
[ 2014-06-27T14:41:25+08:00 ] ERR: (ThinkException) 非法操作css
[ 2014-06-27T14:41:25+08:00 ] ERR: (ThinkException) 非法操作js
[ 2014-06-27T14:41:25+08:00 ] ERR: (ThinkException) 非法操作js
[ 2014-06-27T14:41:25+08:00 ] ERR: (ThinkException) 非法操作img
[ 2014-06-27T14:41:25+08:00 ] ERR: (ThinkException) 非法操作img
[ 2014-06-27T14:41:25+08:00 ] ERR: (ThinkException) 非法操作img
[ 2014-06-27T14:44:14+08:00 ] ERR: (ThinkException) 非法操作css
[ 2014-06-27T14:44:14+08:00 ] ERR: (ThinkException) 非法操作js
[ 2014-06-27T14:44:14+08:00 ] ERR: (ThinkException) 非法操作css
[ 2014-06-27T14:44:14+08:00 ] ERR: (ThinkException) 非法操作css
[ 2014-06-27T14:44:14+08:00 ] ERR: (ThinkException) 非法操作js
[ 2014-06-27T14:44:14+08:00 ] ERR: (ThinkException) 非法操作img
[ 2014-06-27T14:44:14+08:00 ] ERR: (ThinkException) 非法操作img
[ 2014-06-27T14:44:14+08:00 ] ERR: (ThinkException) 非法操作img
[ 2014-06-27T14:44:17+08:00 ] ERR: (ThinkException) 非法操作img
[ 2014-06-27T14:44:17+08:00 ] ERR: (ThinkException) 非法操作img
[ 2014-06-27T14:44:17+08:00 ] ERR: (ThinkException) 非法操作img
[ 2014-06-27T14:44:24+08:00 ] ERR: (ThinkException) 非法操作img
[ 2014-06-27T14:44:24+08:00 ] ERR: (ThinkException) 非法操作img
[ 2014-06-27T14:44:24+08:00 ] ERR: (ThinkException) 非法操作img
[ 2014-06-27T14:44:49+08:00 ] ERR: (ThinkException) 非法操作css
[ 2014-06-27T14:44:49+08:00 ] ERR: (ThinkException) 非法操作css
[ 2014-06-27T14:44:49+08:00 ] ERR: (ThinkException) 非法操作js
[ 2014-06-27T14:44:49+08:00 ] ERR: (ThinkException) 非法操作img
[ 2014-06-27T14:44:49+08:00 ] ERR: (ThinkException) 非法操作css
[ 2014-06-27T14:44:49+08:00 ] ERR: (ThinkException) 非法操作js
[ 2014-06-27T14:44:49+08:00 ] ERR: (ThinkException) 非法操作img
[ 2014-06-27T14:44:49+08:00 ] ERR: (ThinkException) 非法操作img
[ 2014-06-27T14:44:49+08:00 ] ERR: (ThinkException) 非法操作img
[ 2014-06-27T14:44:54+08:00 ] ERR: (ThinkException) 非法操作img
[ 2014-06-27T14:44:54+08:00 ] ERR: (ThinkException) 非法操作img
[ 2014-06-27T14:44:54+08:00 ] ERR: (ThinkException) 非法操作img
[ 2014-06-27T14:45:32+08:00 ] ERR: (ThinkException) 非法操作css
[ 2014-06-27T14:45:32+08:00 ] ERR: (ThinkException) 非法操作css
[ 2014-06-27T14:45:32+08:00 ] ERR: (ThinkException) 非法操作css
[ 2014-06-27T14:45:32+08:00 ] ERR: (ThinkException) 非法操作js
[ 2014-06-27T14:45:32+08:00 ] ERR: (ThinkException) 非法操作img
[ 2014-06-27T14:45:32+08:00 ] ERR: (ThinkException) 非法操作js
[ 2014-06-27T14:45:32+08:00 ] ERR: (ThinkException) 非法操作img
[ 2014-06-27T14:45:32+08:00 ] ERR: (ThinkException) 非法操作img
[ 2014-06-27T14:45:32+08:00 ] ERR: (ThinkException) 非法操作img
[ 2014-06-27T14:45:38+08:00 ] ERR: (ThinkException) 非法操作img
[ 2014-06-27T14:45:38+08:00 ] ERR: (ThinkException) 非法操作img
[ 2014-06-27T14:45:38+08:00 ] ERR: (ThinkException) 非法操作img
[ 2014-06-27T14:46:14+08:00 ] ERR: (ThinkException) 非法操作img
[ 2014-06-27T14:46:14+08:00 ] ERR: (ThinkException) 非法操作img
[ 2014-06-27T14:46:14+08:00 ] ERR: (ThinkException) 非法操作img
[ 2014-06-27T14:46:15+08:00 ] ERR: (ThinkException) 非法操作css
[ 2014-06-27T14:46:15+08:00 ] ERR: (ThinkException) 非法操作css
[ 2014-06-27T14:46:15+08:00 ] ERR: (ThinkException) 非法操作js
[ 2014-06-27T14:46:15+08:00 ] ERR: (ThinkException) 非法操作img
[ 2014-06-27T14:46:15+08:00 ] ERR: (ThinkException) 非法操作css
[ 2014-06-27T14:46:15+08:00 ] ERR: (ThinkException) 非法操作js
[ 2014-06-27T14:46:15+08:00 ] ERR: (ThinkException) 非法操作img
[ 2014-06-27T14:46:15+08:00 ] ERR: (ThinkException) 非法操作img
[ 2014-06-27T14:46:15+08:00 ] ERR: (ThinkException) 非法操作img
[ 2014-06-27T14:50:54+08:00 ] ERR: (ThinkException) 非法操作img
[ 2014-06-27T14:50:54+08:00 ] ERR: (ThinkException) 非法操作img
[ 2014-06-27T14:50:54+08:00 ] ERR: (ThinkException) 非法操作img
[ 2014-06-27T14:50:55+08:00 ] ERR: (ThinkException) 非法操作css
[ 2014-06-27T14:50:55+08:00 ] ERR: (ThinkException) 非法操作css
[ 2014-06-27T14:50:55+08:00 ] ERR: (ThinkException) 非法操作js
[ 2014-06-27T14:50:55+08:00 ] ERR: (ThinkException) 非法操作js
[ 2014-06-27T14:50:55+08:00 ] ERR: (ThinkException) 非法操作css
[ 2014-06-27T14:50:55+08:00 ] ERR: (ThinkException) 非法操作img
[ 2014-06-27T14:50:55+08:00 ] ERR: (ThinkException) 非法操作img
[ 2014-06-27T14:50:55+08:00 ] ERR: (ThinkException) 非法操作img
[ 2014-06-27T14:57:18+08:00 ] ERR: (ThinkException) 非法操作img
[ 2014-06-27T14:57:18+08:00 ] ERR: (ThinkException) 非法操作img
[ 2014-06-27T14:57:18+08:00 ] ERR: (ThinkException) 非法操作img
[ 2014-06-27T14:57:20+08:00 ] ERR: (ThinkException) 非法操作css
[ 2014-06-27T14:57:20+08:00 ] ERR: (ThinkException) 非法操作css
[ 2014-06-27T14:57:20+08:00 ] ERR: (ThinkException) 非法操作css
[ 2014-06-27T14:57:20+08:00 ] ERR: (ThinkException) 非法操作js
[ 2014-06-27T14:57:20+08:00 ] ERR: (ThinkException) 非法操作js
[ 2014-06-27T14:57:20+08:00 ] ERR: (ThinkException) 非法操作img
[ 2014-06-27T14:57:20+08:00 ] ERR: (ThinkException) 非法操作img
[ 2014-06-27T14:57:20+08:00 ] ERR: (ThinkException) 非法操作img
[ 2014-06-27T14:57:20+08:00 ] ERR: (ThinkException) 非法操作css
[ 2014-06-27T14:57:20+08:00 ] ERR: (ThinkException) 非法操作css
[ 2014-06-27T14:57:20+08:00 ] ERR: (ThinkException) 非法操作css
[ 2014-06-27T14:57:20+08:00 ] ERR: (ThinkException) 非法操作js
[ 2014-06-27T14:57:20+08:00 ] ERR: (ThinkException) 非法操作js
[ 2014-06-27T14:57:20+08:00 ] ERR: (ThinkException) 非法操作img
[ 2014-06-27T14:57:20+08:00 ] ERR: (ThinkException) 非法操作img
[ 2014-06-27T14:57:20+08:00 ] ERR: (ThinkException) 非法操作img
[ 2014-06-27T14:57:21+08:00 ] ERR: (ThinkException) 非法操作css
[ 2014-06-27T14:57:21+08:00 ] ERR: (ThinkException) 非法操作css
[ 2014-06-27T14:57:21+08:00 ] ERR: (ThinkException) 非法操作css
[ 2014-06-27T14:57:21+08:00 ] ERR: (ThinkException) 非法操作js
[ 2014-06-27T14:57:21+08:00 ] ERR: (ThinkException) 非法操作js
[ 2014-06-27T14:57:21+08:00 ] ERR: (ThinkException) 非法操作img
[ 2014-06-27T14:57:21+08:00 ] ERR: (ThinkException) 非法操作img
[ 2014-06-27T14:57:21+08:00 ] ERR: (ThinkException) 非法操作img
[ 2014-06-27T14:59:30+08:00 ] ERR: (ThinkException) 非法操作img
[ 2014-06-27T14:59:30+08:00 ] ERR: (ThinkException) 非法操作img
[ 2014-06-27T14:59:30+08:00 ] ERR: (ThinkException) 非法操作img
[ 2014-06-27T14:59:30+08:00 ] ERR: (ThinkException) 非法操作css
[ 2014-06-27T14:59:30+08:00 ] ERR: (ThinkException) 非法操作css
[ 2014-06-27T14:59:30+08:00 ] ERR: (ThinkException) 非法操作css
[ 2014-06-27T14:59:30+08:00 ] ERR: (ThinkException) 非法操作js
[ 2014-06-27T14:59:30+08:00 ] ERR: (ThinkException) 非法操作js
[ 2014-06-27T14:59:30+08:00 ] ERR: (ThinkException) 非法操作img
[ 2014-06-27T14:59:30+08:00 ] ERR: (ThinkException) 非法操作img
[ 2014-06-27T14:59:30+08:00 ] ERR: (ThinkException) 非法操作img
[ 2014-06-27T15:00:01+08:00 ] ERR: (ThinkException) 非法操作img
[ 2014-06-27T15:00:01+08:00 ] ERR: (ThinkException) 非法操作img
[ 2014-06-27T15:00:01+08:00 ] ERR: (ThinkException) 非法操作img
[ 2014-06-27T15:00:02+08:00 ] ERR: (ThinkException) 非法操作css
[ 2014-06-27T15:00:02+08:00 ] ERR: (ThinkException) 非法操作css
[ 2014-06-27T15:00:02+08:00 ] ERR: (ThinkException) 非法操作js
[ 2014-06-27T15:00:02+08:00 ] ERR: (ThinkException) 非法操作css
[ 2014-06-27T15:00:02+08:00 ] ERR: (ThinkException) 非法操作js
[ 2014-06-27T15:00:02+08:00 ] ERR: (ThinkException) 非法操作img
[ 2014-06-27T15:00:02+08:00 ] ERR: (ThinkException) 非法操作img
[ 2014-06-27T15:00:02+08:00 ] ERR: (ThinkException) 非法操作img
[ 2014-06-27T15:00:02+08:00 ] ERR: (ThinkException) 非法操作css
[ 2014-06-27T15:00:02+08:00 ] ERR: (ThinkException) 非法操作css
[ 2014-06-27T15:00:02+08:00 ] ERR: (ThinkException) 非法操作js
[ 2014-06-27T15:00:02+08:00 ] ERR: (ThinkException) 非法操作js
[ 2014-06-27T15:00:02+08:00 ] ERR: (ThinkException) 非法操作css
[ 2014-06-27T15:00:02+08:00 ] ERR: (ThinkException) 非法操作img
[ 2014-06-27T15:00:02+08:00 ] ERR: (ThinkException) 非法操作img
[ 2014-06-27T15:00:02+08:00 ] ERR: (ThinkException) 非法操作img
[ 2014-06-27T15:00:33+08:00 ] ERR: (ThinkException) 非法操作img
[ 2014-06-27T15:00:33+08:00 ] ERR: (ThinkException) 非法操作img
[ 2014-06-27T15:00:33+08:00 ] ERR: (ThinkException) 非法操作img
[ 2014-06-27T15:00:34+08:00 ] ERR: (ThinkException) 非法操作css
[ 2014-06-27T15:00:34+08:00 ] ERR: (ThinkException) 非法操作css
[ 2014-06-27T15:00:34+08:00 ] ERR: (ThinkException) 非法操作css
[ 2014-06-27T15:00:34+08:00 ] ERR: (ThinkException) 非法操作js
[ 2014-06-27T15:00:34+08:00 ] ERR: (ThinkException) 非法操作img
[ 2014-06-27T15:00:34+08:00 ] ERR: (ThinkException) 非法操作js
[ 2014-06-27T15:00:34+08:00 ] ERR: (ThinkException) 非法操作img
[ 2014-06-27T15:00:34+08:00 ] ERR: (ThinkException) 非法操作img
[ 2014-06-27T15:00:34+08:00 ] ERR: (ThinkException) 非法操作img
[ 2014-06-27T15:00:39+08:00 ] ERR: (ThinkException) 非法操作img
[ 2014-06-27T15:00:39+08:00 ] ERR: (ThinkException) 非法操作img
[ 2014-06-27T15:00:39+08:00 ] ERR: (ThinkException) 非法操作img
[ 2014-06-27T15:00:39+08:00 ] ERR: (ThinkException) 非法操作css
[ 2014-06-27T15:00:39+08:00 ] ERR: (ThinkException) 非法操作css
[ 2014-06-27T15:00:39+08:00 ] ERR: (ThinkException) 非法操作css
[ 2014-06-27T15:00:39+08:00 ] ERR: (ThinkException) 非法操作js
[ 2014-06-27T15:00:39+08:00 ] ERR: (ThinkException) 非法操作js
[ 2014-06-27T15:00:39+08:00 ] ERR: (ThinkException) 非法操作img
[ 2014-06-27T15:00:39+08:00 ] ERR: (ThinkException) 非法操作img
[ 2014-06-27T15:00:39+08:00 ] ERR: (ThinkException) 非法操作img
[ 2014-06-27T15:00:44+08:00 ] ERR: (ThinkException) 非法操作img
[ 2014-06-27T15:00:44+08:00 ] ERR: (ThinkException) 非法操作img
[ 2014-06-27T15:00:44+08:00 ] ERR: (ThinkException) 非法操作img
[ 2014-06-27T15:00:44+08:00 ] ERR: (ThinkException) 非法操作css
[ 2014-06-27T15:00:44+08:00 ] ERR: (ThinkException) 非法操作css
[ 2014-06-27T15:00:44+08:00 ] ERR: (ThinkException) 非法操作js
[ 2014-06-27T15:00:44+08:00 ] ERR: (ThinkException) 非法操作css
[ 2014-06-27T15:00:44+08:00 ] ERR: (ThinkException) 非法操作js
[ 2014-06-27T15:00:44+08:00 ] ERR: (ThinkException) 非法操作img
[ 2014-06-27T15:00:44+08:00 ] ERR: (ThinkException) 非法操作img
[ 2014-06-27T15:00:44+08:00 ] ERR: (ThinkException) 非法操作img
[ 2014-06-27T15:01:54+08:00 ] ERR: (ThinkException) 非法操作css
[ 2014-06-27T15:01:54+08:00 ] ERR: (ThinkException) 非法操作css
[ 2014-06-27T15:01:54+08:00 ] ERR: (ThinkException) 非法操作css
[ 2014-06-27T15:01:54+08:00 ] ERR: (ThinkException) 非法操作js
[ 2014-06-27T15:01:54+08:00 ] ERR: (ThinkException) 非法操作js
[ 2014-06-27T15:01:54+08:00 ] ERR: (ThinkException) 非法操作img
[ 2014-06-27T15:01:54+08:00 ] ERR: (ThinkException) 非法操作img
[ 2014-06-27T15:01:54+08:00 ] ERR: (ThinkException) 非法操作img
[ 2014-06-27T15:01:58+08:00 ] ERR: (ThinkException) 非法操作img
[ 2014-06-27T15:01:58+08:00 ] ERR: (ThinkException) 非法操作img
[ 2014-06-27T15:01:58+08:00 ] ERR: (ThinkException) 非法操作img
[ 2014-06-27T15:01:58+08:00 ] ERR: (ThinkException) 非法操作css
[ 2014-06-27T15:01:58+08:00 ] ERR: (ThinkException) 非法操作css
[ 2014-06-27T15:01:58+08:00 ] ERR: (ThinkException) 非法操作css
[ 2014-06-27T15:01:58+08:00 ] ERR: (ThinkException) 非法操作img
[ 2014-06-27T15:01:58+08:00 ] ERR: (ThinkException) 非法操作js
[ 2014-06-27T15:01:58+08:00 ] ERR: (ThinkException) 非法操作js
[ 2014-06-27T15:01:58+08:00 ] ERR: (ThinkException) 非法操作img
[ 2014-06-27T15:01:58+08:00 ] ERR: (ThinkException) 非法操作img
[ 2014-06-27T15:01:58+08:00 ] ERR: (ThinkException) 非法操作img
[ 2014-06-27T15:02:07+08:00 ] ERR: (ThinkException) 非法操作img
[ 2014-06-27T15:02:07+08:00 ] ERR: (ThinkException) 非法操作img
[ 2014-06-27T15:02:07+08:00 ] ERR: (ThinkException) 非法操作img
[ 2014-06-27T15:02:08+08:00 ] ERR: (ThinkException) 非法操作css
[ 2014-06-27T15:02:08+08:00 ] ERR: (ThinkException) 非法操作css
[ 2014-06-27T15:02:08+08:00 ] ERR: (ThinkException) 非法操作js
[ 2014-06-27T15:02:08+08:00 ] ERR: (ThinkException) 非法操作js
[ 2014-06-27T15:02:08+08:00 ] ERR: (ThinkException) 非法操作img
[ 2014-06-27T15:02:08+08:00 ] ERR: (ThinkException) 非法操作img
[ 2014-06-27T15:02:08+08:00 ] ERR: (ThinkException) 非法操作css
[ 2014-06-27T15:02:08+08:00 ] ERR: (ThinkException) 非法操作img
[ 2014-06-27T15:02:08+08:00 ] ERR: (ThinkException) 非法操作img
[ 2014-06-27T15:02:08+08:00 ] ERR: (ThinkException) 非法操作img
[ 2014-06-27T15:02:36+08:00 ] ERR: (ThinkException) 非法操作css
[ 2014-06-27T15:02:36+08:00 ] ERR: (ThinkException) 非法操作css
[ 2014-06-27T15:02:36+08:00 ] ERR: (ThinkException) 非法操作img
[ 2014-06-27T15:02:36+08:00 ] ERR: (ThinkException) 非法操作js
[ 2014-06-27T15:02:36+08:00 ] ERR: (ThinkException) 非法操作css
[ 2014-06-27T15:02:36+08:00 ] ERR: (ThinkException) 非法操作js
[ 2014-06-27T15:02:36+08:00 ] ERR: (ThinkException) 非法操作img
[ 2014-06-27T15:02:36+08:00 ] ERR: (ThinkException) 非法操作img
[ 2014-06-27T15:02:36+08:00 ] ERR: (ThinkException) 非法操作img
[ 2014-06-27T15:05:05+08:00 ] ERR: (ThinkException) 非法操作img
[ 2014-06-27T15:05:05+08:00 ] ERR: (ThinkException) 非法操作img
[ 2014-06-27T15:05:05+08:00 ] ERR: (ThinkException) 非法操作img
[ 2014-06-27T15:05:06+08:00 ] ERR: (ThinkException) 非法操作css
[ 2014-06-27T15:05:06+08:00 ] ERR: (ThinkException) 非法操作css
[ 2014-06-27T15:05:06+08:00 ] ERR: (ThinkException) 非法操作js
[ 2014-06-27T15:05:06+08:00 ] ERR: (ThinkException) 非法操作js
[ 2014-06-27T15:05:06+08:00 ] ERR: (ThinkException) 非法操作img
[ 2014-06-27T15:05:06+08:00 ] ERR: (ThinkException) 非法操作img
[ 2014-06-27T15:05:06+08:00 ] ERR: (ThinkException) 非法操作img
[ 2014-06-27T15:05:06+08:00 ] ERR: (ThinkException) 非法操作css
[ 2014-06-27T15:05:06+08:00 ] ERR: (ThinkException) 非法操作img
[ 2014-06-27T15:05:06+08:00 ] ERR: (ThinkException) 非法操作img
[ 2014-06-27T15:05:06+08:00 ] ERR: (ThinkException) 非法操作img
[ 2014-06-27T15:05:08+08:00 ] ERR: (ThinkException) 非法操作css
[ 2014-06-27T15:05:08+08:00 ] ERR: (ThinkException) 非法操作css
[ 2014-06-27T15:05:08+08:00 ] ERR: (ThinkException) 非法操作css
[ 2014-06-27T15:05:08+08:00 ] ERR: (ThinkException) 非法操作js
[ 2014-06-27T15:05:08+08:00 ] ERR: (ThinkException) 非法操作img
[ 2014-06-27T15:05:08+08:00 ] ERR: (ThinkException) 非法操作js
[ 2014-06-27T15:05:08+08:00 ] ERR: (ThinkException) 非法操作img
[ 2014-06-27T15:05:08+08:00 ] ERR: (ThinkException) 非法操作img
[ 2014-06-27T15:05:08+08:00 ] ERR: (ThinkException) 非法操作img
[ 2014-06-27T15:05:09+08:00 ] ERR: (ThinkException) 非法操作css
[ 2014-06-27T15:05:09+08:00 ] ERR: (ThinkException) 非法操作css
[ 2014-06-27T15:05:09+08:00 ] ERR: (ThinkException) 非法操作css
[ 2014-06-27T15:05:09+08:00 ] ERR: (ThinkException) 非法操作js
[ 2014-06-27T15:05:09+08:00 ] ERR: (ThinkException) 非法操作js
[ 2014-06-27T15:05:09+08:00 ] ERR: (ThinkException) 非法操作img
[ 2014-06-27T15:05:09+08:00 ] ERR: (ThinkException) 非法操作img
[ 2014-06-27T15:05:09+08:00 ] ERR: (ThinkException) 非法操作img
[ 2014-06-27T15:05:49+08:00 ] ERR: (ThinkException) 非法操作css
[ 2014-06-27T15:05:49+08:00 ] ERR: (ThinkException) 非法操作css
[ 2014-06-27T15:05:49+08:00 ] ERR: (ThinkException) 非法操作css
[ 2014-06-27T15:05:49+08:00 ] ERR: (ThinkException) 非法操作js
[ 2014-06-27T15:05:49+08:00 ] ERR: (ThinkException) 非法操作js
[ 2014-06-27T15:05:49+08:00 ] ERR: (ThinkException) 非法操作img
[ 2014-06-27T15:05:49+08:00 ] ERR: (ThinkException) 非法操作img
[ 2014-06-27T15:05:49+08:00 ] ERR: (ThinkException) 非法操作img
[ 2014-06-27T15:06:28+08:00 ] ERR: (ThinkException) 非法操作js
[ 2014-06-27T15:06:28+08:00 ] ERR: (ThinkException) 非法操作img
[ 2014-06-27T15:06:28+08:00 ] ERR: (ThinkException) 非法操作img
[ 2014-06-27T15:06:28+08:00 ] ERR: (ThinkException) 非法操作js
[ 2014-06-27T15:06:28+08:00 ] ERR: (ThinkException) 非法操作img
[ 2014-06-27T15:06:28+08:00 ] ERR: (ThinkException) 非法操作img
[ 2014-06-27T15:06:28+08:00 ] ERR: (ThinkException) 非法操作img
[ 2014-06-27T15:06:31+08:00 ] ERR: (ThinkException) 非法操作css
[ 2014-06-27T15:06:31+08:00 ] ERR: (ThinkException) 非法操作css
[ 2014-06-27T15:06:31+08:00 ] ERR: (ThinkException) 非法操作js
[ 2014-06-27T15:06:31+08:00 ] ERR: (ThinkException) 非法操作css
[ 2014-06-27T15:06:31+08:00 ] ERR: (ThinkException) 非法操作js
[ 2014-06-27T15:06:31+08:00 ] ERR: (ThinkException) 非法操作img
[ 2014-06-27T15:06:31+08:00 ] ERR: (ThinkException) 非法操作img
[ 2014-06-27T15:06:31+08:00 ] ERR: (ThinkException) 非法操作img
