[ 2014-07-04T09:40:41+08:00 ] ERR: (ThinkException) 非法操作js
[ 2014-07-04T09:40:41+08:00 ] ERR: (ThinkException) 非法操作js
[ 2014-07-04T09:40:52+08:00 ] ERR: (ThinkException) 非法操作js
[ 2014-07-04T09:40:52+08:00 ] ERR: (ThinkException) 非法操作js
[ 2014-07-04T09:41:06+08:00 ] ERR: (ThinkException) 非法操作js
[ 2014-07-04T09:41:06+08:00 ] ERR: (ThinkException) 非法操作js
[ 2014-07-04T12:54:34+08:00 ] ERR: (ThinkException) 非法操作Login
[ 2014-07-04T12:54:50+08:00 ] ERR: (ThinkException) 非法操作Login
[ 2014-07-04T12:56:25+08:00 ] ERR: (ThinkException) 非法操作js
[ 2014-07-04T12:56:25+08:00 ] ERR: (ThinkException) 非法操作js
[ 2014-07-04T13:08:57+08:00 ] ERR: (ThinkException) 模板不存在[./admin//Tpl/default/Email/index.html]
[ 2014-07-04T13:22:41+08:00 ] ERR: (ThinkException) 模板不存在[./admin//Tpl/default/Email/do_send.html]
[ 2014-07-04T13:23:26+08:00 ] ERR: (ThinkException) 模板不存在[./admin//Tpl/default/Public/success.html]
[ 2014-07-04T13:25:50+08:00 ] ERR: (ThinkException) 模板不存在[./admin//Tpl/default/Public/success.html]
[ 2014-07-04T13:26:24+08:00 ] ERR: (ThinkException) 模板不存在[./admin//Tpl/default/Public/success.html]
[ 2014-07-04T13:27:10+08:00 ] ERR: (ThinkException) 模板不存在[./admin//Tpl/default/Public/success.html]
[ 2014-07-04T13:28:57+08:00 ] ERR: (ThinkException) 模板不存在[./admin//Tpl/default/Public/success.html]
[ 2014-07-04T14:22:41+08:00 ] ERR: (ThinkException) 非法操作ipll
[ 2014-07-04T15:05:28+08:00 ] ERR: (ThinkException) 非法操作js
[ 2014-07-04T15:05:28+08:00 ] ERR: (ThinkException) 非法操作js
[ 2014-07-04T15:05:32+08:00 ] ERR: (ThinkException) 非法操作js
[ 2014-07-04T15:05:32+08:00 ] ERR: (ThinkException) 非法操作js
[ 2014-07-04T15:05:38+08:00 ] ERR: (ThinkException) 非法操作js
[ 2014-07-04T15:05:38+08:00 ] ERR: (ThinkException) 非法操作js
[ 2014-07-04T15:07:24+08:00 ] ERR: (ThinkException) 非法操作js
[ 2014-07-04T15:07:24+08:00 ] ERR: (ThinkException) 非法操作js
[ 2014-07-04T16:13:24+08:00 ] ERR: (ThinkException) 非法操作checklogin
[ 2014-07-04T16:13:25+08:00 ] ERR: (ThinkException) 非法操作checklogin
[ 2014-07-04T16:17:11+08:00 ] ERR: (ThinkException) 非法操作checklogin
[ 2014-07-04T16:17:13+08:00 ] ERR: (ThinkException) 非法操作checklogin
[ 2014-07-04T16:17:15+08:00 ] ERR: (ThinkException) 非法操作checklogin
[ 2014-07-04T16:17:16+08:00 ] ERR: (ThinkException) 非法操作checklogin
[ 2014-07-04T16:17:17+08:00 ] ERR: (ThinkException) 非法操作checklogin
[ 2014-07-04T16:17:17+08:00 ] ERR: (ThinkException) 非法操作checklogin
[ 2014-07-04T16:17:17+08:00 ] ERR: (ThinkException) 非法操作checklogin
[ 2014-07-04T16:18:56+08:00 ] ERR: (ThinkException) 非法操作checklogin
[ 2014-07-04T16:18:58+08:00 ] ERR: (ThinkException) 非法操作checklogin
[ 2014-07-04T16:18:59+08:00 ] ERR: (ThinkException) 非法操作checklogin
[ 2014-07-04T16:18:59+08:00 ] ERR: (ThinkException) 非法操作checklogin
[ 2014-07-04T16:19:00+08:00 ] ERR: (ThinkException) 非法操作checklogin
[ 2014-07-04T16:19:36+08:00 ] ERR: (ThinkException) 非法操作checklogin
[ 2014-07-04T16:31:28+08:00 ] ERR: (ThinkException) 非法操作js
[ 2014-07-04T16:31:28+08:00 ] ERR: (ThinkException) 非法操作js
[ 2014-07-04T16:32:31+08:00 ] ERR: (ThinkException) 非法操作js
[ 2014-07-04T16:32:31+08:00 ] ERR: (ThinkException) 非法操作js
[ 2014-07-04T16:39:33+08:00 ] ERR: (ThinkException) 非法操作__GROUP__
[ 2014-07-04T16:39:52+08:00 ] ERR: (ThinkException) 非法操作index
[ 2014-07-04T16:40:35+08:00 ] ERR: (ThinkException) 非法操作js
[ 2014-07-04T16:40:35+08:00 ] ERR: (ThinkException) 非法操作js
[ 2014-07-04T16:47:16+08:00 ] ERR: (ThinkException) 非法操作js
[ 2014-07-04T16:47:16+08:00 ] ERR: (ThinkException) 非法操作js
[ 2014-07-04T17:00:30+08:00 ] ERR: (ThinkException) 非法操作Login
[ 2014-07-04T17:00:32+08:00 ] ERR: (ThinkException) 非法操作Login
[ 2014-07-04T17:02:30+08:00 ] ERR: (ThinkException) 非法操作__GROUP__
[ 2014-07-04T17:06:46+08:00 ] ERR: (ThinkException) 非法操作Login
[ 2014-07-04T17:06:47+08:00 ] ERR: (ThinkException) 非法操作Login
[ 2014-07-04T17:06:48+08:00 ] ERR: (ThinkException) 非法操作Login
[ 2014-07-04T17:06:48+08:00 ] ERR: (ThinkException) 非法操作Login
[ 2014-07-04T17:06:48+08:00 ] ERR: (ThinkException) 非法操作Login
[ 2014-07-04T17:06:48+08:00 ] ERR: (ThinkException) 非法操作Login
[ 2014-07-04T17:06:48+08:00 ] ERR: (ThinkException) 非法操作Login
[ 2014-07-04T17:08:53+08:00 ] ERR: (ThinkException) 非法操作Login
[ 2014-07-04T17:24:47+08:00 ] ERR: (ThinkException) 非法操作js
[ 2014-07-04T17:24:47+08:00 ] ERR: (ThinkException) 非法操作js
