[ 2014-07-01T11:01:04+08:00 ] ERR: (ThinkException) 模板不存在[./admin//Tpl/default/Index/xxll.html]
[ 2014-07-01T11:04:17+08:00 ] ERR: (ThinkException) 非法操作js
[ 2014-07-01T11:04:17+08:00 ] ERR: (ThinkException) 非法操作js
[ 2014-07-01T11:15:19+08:00 ] ERR: (ThinkException) 非法操作js
[ 2014-07-01T11:17:32+08:00 ] ERR: (ThinkException) 非法操作js
[ 2014-07-01T11:18:43+08:00 ] ERR: (ThinkException) 非法操作js
[ 2014-07-01T11:19:11+08:00 ] ERR: (ThinkException) 非法操作js
[ 2014-07-01T11:19:11+08:00 ] ERR: (ThinkException) 非法操作js
[ 2014-07-01T11:21:55+08:00 ] ERR: (ThinkException) 非法操作js
[ 2014-07-01T11:21:55+08:00 ] ERR: (ThinkException) 非法操作js
[ 2014-07-01T11:22:16+08:00 ] ERR: (ThinkException) 非法操作js
[ 2014-07-01T11:22:16+08:00 ] ERR: (ThinkException) 非法操作js
[ 2014-07-01T11:50:57+08:00 ] ERR: (ThinkException) 非法操作js
[ 2014-07-01T11:50:57+08:00 ] ERR: (ThinkException) 非法操作js
[ 2014-07-01T11:51:33+08:00 ] ERR: (ThinkException) 非法操作js
[ 2014-07-01T11:51:33+08:00 ] ERR: (ThinkException) 非法操作js
[ 2014-07-01T11:51:47+08:00 ] ERR: (ThinkException) 非法操作js
[ 2014-07-01T11:51:47+08:00 ] ERR: (ThinkException) 非法操作js
[ 2014-07-01T11:52:34+08:00 ] ERR: (ThinkException) 非法操作js
[ 2014-07-01T11:52:34+08:00 ] ERR: (ThinkException) 非法操作js
[ 2014-07-01T11:52:45+08:00 ] ERR: (ThinkException) 非法操作js
[ 2014-07-01T11:52:45+08:00 ] ERR: (ThinkException) 非法操作js
[ 2014-07-01T11:56:25+08:00 ] ERR: (ThinkException) 非法操作js
[ 2014-07-01T11:56:25+08:00 ] ERR: (ThinkException) 非法操作js
[ 2014-07-01T11:57:15+08:00 ] ERR: (ThinkException) 非法操作js
[ 2014-07-01T11:57:15+08:00 ] ERR: (ThinkException) 非法操作js
[ 2014-07-01T11:57:35+08:00 ] ERR: (ThinkException) 非法操作js
[ 2014-07-01T11:57:35+08:00 ] ERR: (ThinkException) 非法操作js
[ 2014-07-01T11:57:45+08:00 ] ERR: (ThinkException) 非法操作js
[ 2014-07-01T11:57:45+08:00 ] ERR: (ThinkException) 非法操作js
[ 2014-07-01T11:57:59+08:00 ] ERR: (ThinkException) 非法操作js
[ 2014-07-01T11:57:59+08:00 ] ERR: (ThinkException) 非法操作js
[ 2014-07-01T11:58:00+08:00 ] ERR: (ThinkException) 非法操作js
[ 2014-07-01T11:58:00+08:00 ] ERR: (ThinkException) 非法操作js
[ 2014-07-01T11:58:00+08:00 ] ERR: (ThinkException) 非法操作js
[ 2014-07-01T11:58:00+08:00 ] ERR: (ThinkException) 非法操作js
[ 2014-07-01T11:59:25+08:00 ] ERR: (ThinkException) 非法操作js
[ 2014-07-01T11:59:25+08:00 ] ERR: (ThinkException) 非法操作js
[ 2014-07-01T11:59:56+08:00 ] ERR: (ThinkException) 非法操作js
[ 2014-07-01T11:59:56+08:00 ] ERR: (ThinkException) 非法操作js
[ 2014-07-01T11:59:57+08:00 ] ERR: (ThinkException) 非法操作js
[ 2014-07-01T11:59:57+08:00 ] ERR: (ThinkException) 非法操作js
[ 2014-07-01T11:59:58+08:00 ] ERR: (ThinkException) 非法操作js
[ 2014-07-01T11:59:58+08:00 ] ERR: (ThinkException) 非法操作js
[ 2014-07-01T12:00:05+08:00 ] ERR: (ThinkException) 非法操作js
[ 2014-07-01T12:00:05+08:00 ] ERR: (ThinkException) 非法操作js
[ 2014-07-01T12:00:28+08:00 ] ERR: (ThinkException) 非法操作js
[ 2014-07-01T12:00:28+08:00 ] ERR: (ThinkException) 非法操作js
[ 2014-07-01T12:00:43+08:00 ] ERR: (ThinkException) 非法操作js
[ 2014-07-01T12:00:43+08:00 ] ERR: (ThinkException) 非法操作js
[ 2014-07-01T12:01:48+08:00 ] ERR: (ThinkException) 非法操作js
[ 2014-07-01T12:01:49+08:00 ] ERR: (ThinkException) 非法操作js
[ 2014-07-01T12:02:34+08:00 ] ERR: (ThinkException) 非法操作js
[ 2014-07-01T12:02:34+08:00 ] ERR: (ThinkException) 非法操作js
[ 2014-07-01T12:02:46+08:00 ] ERR: (ThinkException) 非法操作js
[ 2014-07-01T12:02:46+08:00 ] ERR: (ThinkException) 非法操作js
[ 2014-07-01T12:02:55+08:00 ] ERR: (ThinkException) 非法操作js
[ 2014-07-01T12:02:55+08:00 ] ERR: (ThinkException) 非法操作js
[ 2014-07-01T12:55:22+08:00 ] ERR: (ThinkException) 非法操作js
[ 2014-07-01T12:55:22+08:00 ] ERR: (ThinkException) 非法操作js
[ 2014-07-01T12:58:05+08:00 ] ERR: (ThinkException) 非法操作js
[ 2014-07-01T12:58:05+08:00 ] ERR: (ThinkException) 非法操作js
[ 2014-07-01T13:01:18+08:00 ] ERR: (ThinkException) 非法操作js
[ 2014-07-01T13:01:18+08:00 ] ERR: (ThinkException) 非法操作js
[ 2014-07-01T13:01:56+08:00 ] ERR: (ThinkException) 非法操作js
[ 2014-07-01T13:01:56+08:00 ] ERR: (ThinkException) 非法操作js
[ 2014-07-01T13:02:12+08:00 ] ERR: (ThinkException) 非法操作js
[ 2014-07-01T13:02:12+08:00 ] ERR: (ThinkException) 非法操作js
[ 2014-07-01T13:02:49+08:00 ] ERR: (ThinkException) 非法操作js
[ 2014-07-01T13:02:49+08:00 ] ERR: (ThinkException) 非法操作js
[ 2014-07-01T13:04:07+08:00 ] ERR: (ThinkException) 非法操作js
[ 2014-07-01T13:04:08+08:00 ] ERR: (ThinkException) 非法操作js
[ 2014-07-01T13:05:06+08:00 ] ERR: (ThinkException) 非法操作js
[ 2014-07-01T13:05:06+08:00 ] ERR: (ThinkException) 非法操作js
[ 2014-07-01T13:05:27+08:00 ] ERR: (ThinkException) 非法操作js
[ 2014-07-01T13:05:27+08:00 ] ERR: (ThinkException) 非法操作js
[ 2014-07-01T13:05:44+08:00 ] ERR: (ThinkException) 非法操作js
[ 2014-07-01T13:05:44+08:00 ] ERR: (ThinkException) 非法操作js
[ 2014-07-01T13:08:44+08:00 ] ERR: (ThinkException) 非法操作js
[ 2014-07-01T13:08:44+08:00 ] ERR: (ThinkException) 非法操作js
[ 2014-07-01T13:08:49+08:00 ] ERR: (ThinkException) 非法操作js
[ 2014-07-01T13:08:49+08:00 ] ERR: (ThinkException) 非法操作js
[ 2014-07-01T13:08:51+08:00 ] ERR: (ThinkException) 非法操作js
[ 2014-07-01T13:08:51+08:00 ] ERR: (ThinkException) 非法操作js
[ 2014-07-01T13:09:21+08:00 ] ERR: (ThinkException) 非法操作js
[ 2014-07-01T13:09:21+08:00 ] ERR: (ThinkException) 非法操作js
[ 2014-07-01T13:15:34+08:00 ] ERR: (ThinkException) 非法操作js
[ 2014-07-01T13:15:34+08:00 ] ERR: (ThinkException) 非法操作js
[ 2014-07-01T13:15:38+08:00 ] ERR: (ThinkException) 非法操作js
[ 2014-07-01T13:15:38+08:00 ] ERR: (ThinkException) 非法操作js
[ 2014-07-01T13:21:08+08:00 ] ERR: (ThinkException) 非法操作js
[ 2014-07-01T13:21:08+08:00 ] ERR: (ThinkException) 非法操作js
[ 2014-07-01T13:22:14+08:00 ] ERR: (ThinkException) 非法操作js
[ 2014-07-01T13:22:14+08:00 ] ERR: (ThinkException) 非法操作js
[ 2014-07-01T13:22:18+08:00 ] ERR: (ThinkException) 非法操作js
[ 2014-07-01T13:22:18+08:00 ] ERR: (ThinkException) 非法操作js
[ 2014-07-01T13:22:32+08:00 ] ERR: (ThinkException) 非法操作js
[ 2014-07-01T13:22:32+08:00 ] ERR: (ThinkException) 非法操作js
[ 2014-07-01T13:24:42+08:00 ] ERR: (ThinkException) 非法操作js
[ 2014-07-01T13:24:42+08:00 ] ERR: (ThinkException) 非法操作js
[ 2014-07-01T13:27:31+08:00 ] ERR: (ThinkException) 非法操作js
[ 2014-07-01T13:27:31+08:00 ] ERR: (ThinkException) 非法操作js
[ 2014-07-01T13:28:12+08:00 ] ERR: (ThinkException) 非法操作js
[ 2014-07-01T13:28:12+08:00 ] ERR: (ThinkException) 非法操作js
[ 2014-07-01T13:28:27+08:00 ] ERR: (ThinkException) 非法操作js
[ 2014-07-01T13:28:27+08:00 ] ERR: (ThinkException) 非法操作js
[ 2014-07-01T13:28:32+08:00 ] ERR: (ThinkException) 非法操作js
[ 2014-07-01T13:28:32+08:00 ] ERR: (ThinkException) 非法操作js
[ 2014-07-01T13:29:13+08:00 ] ERR: (ThinkException) 非法操作js
[ 2014-07-01T13:29:13+08:00 ] ERR: (ThinkException) 非法操作js
[ 2014-07-01T13:29:29+08:00 ] ERR: (ThinkException) 非法操作js
[ 2014-07-01T13:29:29+08:00 ] ERR: (ThinkException) 非法操作js
[ 2014-07-01T13:29:46+08:00 ] ERR: (ThinkException) 非法操作js
[ 2014-07-01T13:29:46+08:00 ] ERR: (ThinkException) 非法操作js
[ 2014-07-01T13:33:18+08:00 ] ERR: (ThinkException) 非法操作js
[ 2014-07-01T13:33:18+08:00 ] ERR: (ThinkException) 非法操作js
[ 2014-07-01T13:33:22+08:00 ] ERR: (ThinkException) 非法操作js
[ 2014-07-01T13:33:22+08:00 ] ERR: (ThinkException) 非法操作js
[ 2014-07-01T13:34:14+08:00 ] ERR: (ThinkException) 非法操作js
[ 2014-07-01T13:34:14+08:00 ] ERR: (ThinkException) 非法操作js
[ 2014-07-01T13:35:06+08:00 ] ERR: (ThinkException) 非法操作js
[ 2014-07-01T13:35:06+08:00 ] ERR: (ThinkException) 非法操作js
[ 2014-07-01T13:36:47+08:00 ] ERR: (ThinkException) 非法操作js
[ 2014-07-01T13:36:47+08:00 ] ERR: (ThinkException) 非法操作js
[ 2014-07-01T13:36:52+08:00 ] ERR: (ThinkException) 非法操作js
[ 2014-07-01T13:36:52+08:00 ] ERR: (ThinkException) 非法操作js
[ 2014-07-01T13:39:45+08:00 ] ERR: (ThinkException) 非法操作js
[ 2014-07-01T13:39:45+08:00 ] ERR: (ThinkException) 非法操作js
[ 2014-07-01T13:39:49+08:00 ] ERR: (ThinkException) 非法操作js
[ 2014-07-01T13:39:49+08:00 ] ERR: (ThinkException) 非法操作js
[ 2014-07-01T13:41:39+08:00 ] ERR: (ThinkException) 非法操作js
[ 2014-07-01T13:41:39+08:00 ] ERR: (ThinkException) 非法操作js
[ 2014-07-01T13:41:40+08:00 ] ERR: (ThinkException) 非法操作js
[ 2014-07-01T13:41:40+08:00 ] ERR: (ThinkException) 非法操作js
[ 2014-07-01T13:41:46+08:00 ] ERR: (ThinkException) 非法操作js
[ 2014-07-01T13:41:47+08:00 ] ERR: (ThinkException) 非法操作js
[ 2014-07-01T13:43:22+08:00 ] ERR: (ThinkException) 非法操作js
[ 2014-07-01T13:43:22+08:00 ] ERR: (ThinkException) 非法操作js
[ 2014-07-01T13:43:32+08:00 ] ERR: (ThinkException) 非法操作js
[ 2014-07-01T13:43:32+08:00 ] ERR: (ThinkException) 非法操作js
[ 2014-07-01T13:44:56+08:00 ] ERR: (ThinkException) 非法操作js
[ 2014-07-01T13:44:56+08:00 ] ERR: (ThinkException) 非法操作js
[ 2014-07-01T13:45:00+08:00 ] ERR: (ThinkException) 非法操作js
[ 2014-07-01T13:45:00+08:00 ] ERR: (ThinkException) 非法操作js
[ 2014-07-01T13:45:03+08:00 ] ERR: (ThinkException) 非法操作js
[ 2014-07-01T13:45:03+08:00 ] ERR: (ThinkException) 非法操作js
[ 2014-07-01T13:45:08+08:00 ] ERR: (ThinkException) 非法操作js
[ 2014-07-01T13:45:08+08:00 ] ERR: (ThinkException) 非法操作js
[ 2014-07-01T13:45:33+08:00 ] ERR: (ThinkException) 非法操作js
[ 2014-07-01T13:45:33+08:00 ] ERR: (ThinkException) 非法操作js
[ 2014-07-01T13:48:47+08:00 ] ERR: (ThinkException) 非法操作js
[ 2014-07-01T13:48:47+08:00 ] ERR: (ThinkException) 非法操作js
[ 2014-07-01T13:49:01+08:00 ] ERR: (ThinkException) 非法操作js
[ 2014-07-01T13:49:01+08:00 ] ERR: (ThinkException) 非法操作js
[ 2014-07-01T13:51:51+08:00 ] ERR: (ThinkException) 非法操作js
[ 2014-07-01T13:51:51+08:00 ] ERR: (ThinkException) 非法操作js
[ 2014-07-01T13:51:55+08:00 ] ERR: (ThinkException) 非法操作js
[ 2014-07-01T13:51:55+08:00 ] ERR: (ThinkException) 非法操作js
[ 2014-07-01T13:52:42+08:00 ] ERR: (ThinkException) 模板不存在[./admin//Tpl/default/Public/success.html]
[ 2014-07-01T13:53:17+08:00 ] ERR: (ThinkException) 非法操作js
[ 2014-07-01T13:53:17+08:00 ] ERR: (ThinkException) 非法操作js
[ 2014-07-01T13:55:22+08:00 ] ERR: (ThinkException) 非法操作js
[ 2014-07-01T13:55:22+08:00 ] ERR: (ThinkException) 非法操作js
[ 2014-07-01T14:05:58+08:00 ] ERR: (ThinkException) 非法操作js
[ 2014-07-01T14:05:58+08:00 ] ERR: (ThinkException) 非法操作js
[ 2014-07-01T14:06:23+08:00 ] ERR: (ThinkException) 非法操作js
[ 2014-07-01T14:06:23+08:00 ] ERR: (ThinkException) 非法操作js
[ 2014-07-01T14:08:28+08:00 ] ERR: (ThinkException) 非法操作js
[ 2014-07-01T14:08:28+08:00 ] ERR: (ThinkException) 非法操作js
[ 2014-07-01T14:08:32+08:00 ] ERR: (ThinkException) 非法操作js
[ 2014-07-01T14:08:32+08:00 ] ERR: (ThinkException) 非法操作js
[ 2014-07-01T14:10:16+08:00 ] ERR: (ThinkException) 非法操作js
[ 2014-07-01T14:10:16+08:00 ] ERR: (ThinkException) 非法操作js
[ 2014-07-01T14:10:58+08:00 ] ERR: (ThinkException) 模板不存在[./admin//Tpl/default/Public/success.html]
[ 2014-07-01T14:11:00+08:00 ] ERR: (ThinkException) 非法操作js
[ 2014-07-01T14:11:03+08:00 ] ERR: (ThinkException) 模板不存在[./admin//Tpl/default/Public/success.html]
[ 2014-07-01T14:11:05+08:00 ] ERR: (ThinkException) 非法操作js
[ 2014-07-01T14:11:06+08:00 ] ERR: (ThinkException) 非法操作js
[ 2014-07-01T14:11:06+08:00 ] ERR: (ThinkException) 非法操作js
[ 2014-07-01T14:11:06+08:00 ] ERR: (ThinkException) 非法操作js
[ 2014-07-01T14:11:06+08:00 ] ERR: (ThinkException) 非法操作js
[ 2014-07-01T14:11:15+08:00 ] ERR: (ThinkException) 模板不存在[./admin//Tpl/default/Public/success.html]
[ 2014-07-01T14:11:21+08:00 ] ERR: (ThinkException) 模板不存在[./admin//Tpl/default/Public/success.html]
[ 2014-07-01T14:11:50+08:00 ] ERR: (ThinkException) 非法操作js
[ 2014-07-01T14:11:50+08:00 ] ERR: (ThinkException) 非法操作js
[ 2014-07-01T14:11:59+08:00 ] ERR: (ThinkException) 模板不存在[./admin//Tpl/default/Public/success.html]
[ 2014-07-01T14:12:17+08:00 ] ERR: (ThinkException) 非法操作js
[ 2014-07-01T14:12:17+08:00 ] ERR: (ThinkException) 非法操作js
[ 2014-07-01T14:12:20+08:00 ] ERR: (ThinkException) 非法操作js
[ 2014-07-01T14:12:20+08:00 ] ERR: (ThinkException) 非法操作js
[ 2014-07-01T14:13:26+08:00 ] ERR: (ThinkException) 模板不存在[./admin//Tpl/default/Public/success.html]
[ 2014-07-01T14:13:34+08:00 ] ERR: (ThinkException) 非法操作js
[ 2014-07-01T14:13:34+08:00 ] ERR: (ThinkException) 非法操作js
[ 2014-07-01T14:13:38+08:00 ] ERR: (ThinkException) 非法操作insert
[ 2014-07-01T14:13:42+08:00 ] ERR: (ThinkException) 非法操作js
[ 2014-07-01T14:14:39+08:00 ] ERR: (ThinkException) 模板不存在[./admin//Tpl/default/Public/success.html]
[ 2014-07-01T14:14:43+08:00 ] ERR: (ThinkException) 非法操作js
[ 2014-07-01T14:14:43+08:00 ] ERR: (ThinkException) 非法操作js
[ 2014-07-01T14:14:48+08:00 ] ERR: (ThinkException) 模板不存在[./admin//Tpl/default/Public/success.html]
[ 2014-07-01T14:14:53+08:00 ] ERR: (ThinkException) 模板不存在[./admin//Tpl/default/Public/success.html]
[ 2014-07-01T14:14:57+08:00 ] ERR: (ThinkException) 模板不存在[./admin//Tpl/default/Public/success.html]
[ 2014-07-01T14:15:19+08:00 ] ERR: (ThinkException) 模板不存在[./admin//Tpl/default/Public/success.html]
[ 2014-07-01T14:15:22+08:00 ] ERR: (ThinkException) 非法操作js
[ 2014-07-01T14:15:22+08:00 ] ERR: (ThinkException) 非法操作js
[ 2014-07-01T14:15:23+08:00 ] ERR: (ThinkException) 非法操作js
[ 2014-07-01T14:15:23+08:00 ] ERR: (ThinkException) 非法操作js
[ 2014-07-01T14:15:33+08:00 ] ERR: (ThinkException) 模板不存在[./admin//Tpl/default/Public/success.html]
[ 2014-07-01T14:15:37+08:00 ] ERR: (ThinkException) 非法操作js
[ 2014-07-01T14:15:37+08:00 ] ERR: (ThinkException) 非法操作js
[ 2014-07-01T14:15:40+08:00 ] ERR: (ThinkException) 非法操作js
[ 2014-07-01T14:15:40+08:00 ] ERR: (ThinkException) 非法操作js
[ 2014-07-01T14:17:02+08:00 ] ERR: (ThinkException) 非法操作js
[ 2014-07-01T14:17:02+08:00 ] ERR: (ThinkException) 非法操作js
[ 2014-07-01T14:17:11+08:00 ] ERR: (ThinkException) 模板不存在[./admin//Tpl/default/Public/success.html]
[ 2014-07-01T14:18:26+08:00 ] ERR: (ThinkException) 非法操作js
[ 2014-07-01T14:18:26+08:00 ] ERR: (ThinkException) 非法操作js
[ 2014-07-01T14:18:51+08:00 ] ERR: (ThinkException) 非法操作js
[ 2014-07-01T14:18:51+08:00 ] ERR: (ThinkException) 非法操作js
[ 2014-07-01T14:18:56+08:00 ] ERR: (ThinkException) 模板不存在[./admin//Tpl/default/Public/success.html]
[ 2014-07-01T14:19:15+08:00 ] ERR: (ThinkException) 模板不存在[./admin//Tpl/default/Public/success.html]
[ 2014-07-01T14:19:43+08:00 ] ERR: (ThinkException) 模板不存在[./admin//Tpl/default/Public/success.html]
[ 2014-07-01T14:21:28+08:00 ] ERR: (ThinkException) 非法操作js
[ 2014-07-01T14:21:29+08:00 ] ERR: (ThinkException) 非法操作js
[ 2014-07-01T14:21:34+08:00 ] ERR: (ThinkException) 非法操作js
[ 2014-07-01T14:21:34+08:00 ] ERR: (ThinkException) 非法操作js
[ 2014-07-01T14:21:45+08:00 ] ERR: (ThinkException) 非法操作js
[ 2014-07-01T14:21:45+08:00 ] ERR: (ThinkException) 非法操作js
[ 2014-07-01T14:22:30+08:00 ] ERR: (ThinkException) 非法操作js
[ 2014-07-01T14:22:30+08:00 ] ERR: (ThinkException) 非法操作js
[ 2014-07-01T14:22:38+08:00 ] ERR: (ThinkException) 无法加载模块Upload
[ 2014-07-01T14:23:13+08:00 ] ERR: (ThinkException) 模板不存在[./admin//Tpl/default/Public/success.html]
[ 2014-07-01T14:23:15+08:00 ] ERR: (ThinkException) 非法操作js
[ 2014-07-01T14:23:15+08:00 ] ERR: (ThinkException) 非法操作js
[ 2014-07-01T14:23:21+08:00 ] ERR: (ThinkException) 模板不存在[./admin//Tpl/default/Public/success.html]
[ 2014-07-01T14:24:40+08:00 ] ERR: (ThinkException) 模板不存在[./admin//Tpl/default/Public/success.html]
[ 2014-07-01T14:24:45+08:00 ] ERR: (ThinkException) 非法操作js
[ 2014-07-01T14:24:45+08:00 ] ERR: (ThinkException) 非法操作js
[ 2014-07-01T14:24:47+08:00 ] ERR: (ThinkException) 非法操作js
[ 2014-07-01T14:24:47+08:00 ] ERR: (ThinkException) 非法操作js
[ 2014-07-01T14:24:53+08:00 ] ERR: (ThinkException) 模板不存在[./admin//Tpl/default/Public/success.html]
[ 2014-07-01T14:25:12+08:00 ] ERR: (ThinkException) 模板不存在[./admin//Tpl/default/Public/success.html]
[ 2014-07-01T14:25:33+08:00 ] ERR: (ThinkException) 模板不存在[./admin//Tpl/default/Public/success.html]
[ 2014-07-01T14:25:41+08:00 ] ERR: (ThinkException) 非法操作js
[ 2014-07-01T14:25:41+08:00 ] ERR: (ThinkException) 非法操作js
[ 2014-07-01T14:25:47+08:00 ] ERR: (ThinkException) 模板不存在[./admin//Tpl/default/Public/success.html]
[ 2014-07-01T14:25:50+08:00 ] ERR: (ThinkException) 模板不存在[./admin//Tpl/default/Public/success.html]
[ 2014-07-01T14:25:59+08:00 ] ERR: (ThinkException) 模板不存在[./admin//Tpl/default/Public/success.html]
[ 2014-07-01T14:26:00+08:00 ] ERR: (ThinkException) 非法操作js
[ 2014-07-01T14:26:00+08:00 ] ERR: (ThinkException) 非法操作js
[ 2014-07-01T14:26:07+08:00 ] ERR: (ThinkException) 模板不存在[./admin//Tpl/default/Public/success.html]
[ 2014-07-01T14:26:33+08:00 ] ERR: (ThinkException) 非法操作js
[ 2014-07-01T14:26:33+08:00 ] ERR: (ThinkException) 非法操作js
[ 2014-07-01T14:27:05+08:00 ] ERR: (ThinkException) 非法操作js
[ 2014-07-01T14:27:05+08:00 ] ERR: (ThinkException) 非法操作js
[ 2014-07-01T14:27:07+08:00 ] ERR: (ThinkException) 非法操作js
[ 2014-07-01T14:27:07+08:00 ] ERR: (ThinkException) 非法操作js
[ 2014-07-01T14:28:36+08:00 ] ERR: (ThinkException) 非法操作js
[ 2014-07-01T14:28:36+08:00 ] ERR: (ThinkException) 非法操作js
[ 2014-07-01T14:29:30+08:00 ] ERR: (ThinkException) 非法操作js
[ 2014-07-01T14:29:30+08:00 ] ERR: (ThinkException) 非法操作js
[ 2014-07-01T14:29:46+08:00 ] ERR: (ThinkException) 非法操作js
[ 2014-07-01T14:29:46+08:00 ] ERR: (ThinkException) 非法操作js
[ 2014-07-01T14:30:40+08:00 ] ERR: (ThinkException) 非法操作js
[ 2014-07-01T14:30:40+08:00 ] ERR: (ThinkException) 非法操作js
[ 2014-07-01T14:30:58+08:00 ] ERR: (ThinkException) 非法操作js
[ 2014-07-01T14:30:58+08:00 ] ERR: (ThinkException) 非法操作js
[ 2014-07-01T14:31:08+08:00 ] ERR: (ThinkException) 非法操作js
[ 2014-07-01T14:31:08+08:00 ] ERR: (ThinkException) 非法操作js
[ 2014-07-01T14:31:15+08:00 ] ERR: (ThinkException) 非法操作js
[ 2014-07-01T14:31:15+08:00 ] ERR: (ThinkException) 非法操作js
[ 2014-07-01T14:31:15+08:00 ] ERR: (ThinkException) 非法操作js
[ 2014-07-01T14:31:15+08:00 ] ERR: (ThinkException) 非法操作js
[ 2014-07-01T14:31:19+08:00 ] ERR: (ThinkException) 非法操作js
[ 2014-07-01T14:31:19+08:00 ] ERR: (ThinkException) 非法操作js
[ 2014-07-01T14:31:31+08:00 ] ERR: (ThinkException) 非法操作js
[ 2014-07-01T14:31:31+08:00 ] ERR: (ThinkException) 非法操作js
[ 2014-07-01T14:31:33+08:00 ] ERR: (ThinkException) 非法操作js
[ 2014-07-01T14:31:33+08:00 ] ERR: (ThinkException) 非法操作js
[ 2014-07-01T14:31:44+08:00 ] ERR: (ThinkException) 非法操作js
[ 2014-07-01T14:31:44+08:00 ] ERR: (ThinkException) 非法操作js
[ 2014-07-01T14:32:07+08:00 ] ERR: (ThinkException) 非法操作js
[ 2014-07-01T14:32:07+08:00 ] ERR: (ThinkException) 非法操作js
[ 2014-07-01T14:32:08+08:00 ] ERR: (ThinkException) 非法操作js
[ 2014-07-01T14:32:08+08:00 ] ERR: (ThinkException) 非法操作js
[ 2014-07-01T14:33:21+08:00 ] ERR: (ThinkException) 非法操作js
[ 2014-07-01T14:33:21+08:00 ] ERR: (ThinkException) 非法操作js
[ 2014-07-01T14:34:07+08:00 ] ERR: (ThinkException) 非法操作js
[ 2014-07-01T14:34:07+08:00 ] ERR: (ThinkException) 非法操作js
[ 2014-07-01T14:34:39+08:00 ] ERR: (ThinkException) 非法操作js
[ 2014-07-01T14:34:39+08:00 ] ERR: (ThinkException) 非法操作js
[ 2014-07-01T14:35:04+08:00 ] ERR: (ThinkException) 非法操作js
[ 2014-07-01T14:35:04+08:00 ] ERR: (ThinkException) 非法操作js
[ 2014-07-01T14:35:28+08:00 ] ERR: (ThinkException) 非法操作js
[ 2014-07-01T14:35:28+08:00 ] ERR: (ThinkException) 非法操作js
[ 2014-07-01T14:35:53+08:00 ] ERR: (ThinkException) 非法操作js
[ 2014-07-01T14:35:53+08:00 ] ERR: (ThinkException) 非法操作js
[ 2014-07-01T14:36:07+08:00 ] ERR: (ThinkException) 非法操作js
[ 2014-07-01T14:36:07+08:00 ] ERR: (ThinkException) 非法操作js
[ 2014-07-01T14:36:26+08:00 ] ERR: (ThinkException) 非法操作js
[ 2014-07-01T14:36:26+08:00 ] ERR: (ThinkException) 非法操作js
[ 2014-07-01T14:36:35+08:00 ] ERR: (ThinkException) 非法操作js
[ 2014-07-01T14:36:35+08:00 ] ERR: (ThinkException) 非法操作js
[ 2014-07-01T14:36:48+08:00 ] ERR: (ThinkException) 非法操作js
[ 2014-07-01T14:36:48+08:00 ] ERR: (ThinkException) 非法操作js
[ 2014-07-01T14:36:56+08:00 ] ERR: (ThinkException) 非法操作js
[ 2014-07-01T14:36:56+08:00 ] ERR: (ThinkException) 非法操作js
[ 2014-07-01T14:41:46+08:00 ] ERR: (ThinkException) 非法操作js
[ 2014-07-01T14:41:46+08:00 ] ERR: (ThinkException) 非法操作js
[ 2014-07-01T14:42:39+08:00 ] ERR: (ThinkException) 非法操作js
[ 2014-07-01T14:42:39+08:00 ] ERR: (ThinkException) 非法操作js
[ 2014-07-01T14:42:40+08:00 ] ERR: (ThinkException) 非法操作js
[ 2014-07-01T14:42:40+08:00 ] ERR: (ThinkException) 非法操作js
[ 2014-07-01T14:42:41+08:00 ] ERR: (ThinkException) 非法操作js
[ 2014-07-01T14:42:41+08:00 ] ERR: (ThinkException) 非法操作js
[ 2014-07-01T14:42:41+08:00 ] ERR: (ThinkException) 非法操作js
[ 2014-07-01T14:42:41+08:00 ] ERR: (ThinkException) 非法操作js
[ 2014-07-01T14:42:43+08:00 ] ERR: (ThinkException) 非法操作js
[ 2014-07-01T14:42:43+08:00 ] ERR: (ThinkException) 非法操作js
[ 2014-07-01T14:43:51+08:00 ] ERR: (ThinkException) 非法操作js
[ 2014-07-01T14:43:51+08:00 ] ERR: (ThinkException) 非法操作js
[ 2014-07-01T14:43:51+08:00 ] ERR: (ThinkException) 非法操作undefinedlang
[ 2014-07-01T14:43:51+08:00 ] ERR: (ThinkException) 非法操作undefinedthemes
[ 2014-07-01T14:43:57+08:00 ] ERR: (ThinkException) 非法操作js
[ 2014-07-01T14:43:57+08:00 ] ERR: (ThinkException) 非法操作js
[ 2014-07-01T14:43:59+08:00 ] ERR: (ThinkException) 非法操作js
[ 2014-07-01T14:43:59+08:00 ] ERR: (ThinkException) 非法操作js
[ 2014-07-01T14:44:00+08:00 ] ERR: (ThinkException) 非法操作js
[ 2014-07-01T14:44:00+08:00 ] ERR: (ThinkException) 非法操作js
[ 2014-07-01T14:44:00+08:00 ] ERR: (ThinkException) 非法操作undefinedlang
[ 2014-07-01T14:44:00+08:00 ] ERR: (ThinkException) 非法操作undefinedthemes
[ 2014-07-01T14:44:01+08:00 ] ERR: (ThinkException) 非法操作js
[ 2014-07-01T14:44:01+08:00 ] ERR: (ThinkException) 非法操作js
[ 2014-07-01T14:44:01+08:00 ] ERR: (ThinkException) 非法操作undefinedthemes
[ 2014-07-01T14:44:01+08:00 ] ERR: (ThinkException) 非法操作undefinedlang
[ 2014-07-01T14:44:01+08:00 ] ERR: (ThinkException) 非法操作js
[ 2014-07-01T14:44:01+08:00 ] ERR: (ThinkException) 非法操作js
[ 2014-07-01T14:44:01+08:00 ] ERR: (ThinkException) 非法操作undefinedlang
[ 2014-07-01T14:44:01+08:00 ] ERR: (ThinkException) 非法操作undefinedthemes
[ 2014-07-01T14:44:17+08:00 ] ERR: (ThinkException) 非法操作js
[ 2014-07-01T14:44:17+08:00 ] ERR: (ThinkException) 非法操作js
[ 2014-07-01T14:44:17+08:00 ] ERR: (ThinkException) 非法操作js
[ 2014-07-01T14:44:17+08:00 ] ERR: (ThinkException) 非法操作js
[ 2014-07-01T14:44:17+08:00 ] ERR: (ThinkException) 非法操作js
[ 2014-07-01T14:44:17+08:00 ] ERR: (ThinkException) 非法操作js
[ 2014-07-01T14:44:18+08:00 ] ERR: (ThinkException) 非法操作js
[ 2014-07-01T14:44:18+08:00 ] ERR: (ThinkException) 非法操作js
[ 2014-07-01T14:44:18+08:00 ] ERR: (ThinkException) 非法操作js
[ 2014-07-01T14:44:18+08:00 ] ERR: (ThinkException) 非法操作js
[ 2014-07-01T14:44:21+08:00 ] ERR: (ThinkException) 非法操作js
[ 2014-07-01T14:44:21+08:00 ] ERR: (ThinkException) 非法操作js
[ 2014-07-01T14:44:22+08:00 ] ERR: (ThinkException) 非法操作js
[ 2014-07-01T14:44:22+08:00 ] ERR: (ThinkException) 非法操作js
[ 2014-07-01T14:44:22+08:00 ] ERR: (ThinkException) 非法操作js
[ 2014-07-01T14:44:22+08:00 ] ERR: (ThinkException) 非法操作js
[ 2014-07-01T14:44:23+08:00 ] ERR: (ThinkException) 非法操作js
[ 2014-07-01T14:44:23+08:00 ] ERR: (ThinkException) 非法操作js
[ 2014-07-01T14:44:23+08:00 ] ERR: (ThinkException) 非法操作js
[ 2014-07-01T14:44:23+08:00 ] ERR: (ThinkException) 非法操作js
[ 2014-07-01T14:44:40+08:00 ] ERR: (ThinkException) 非法操作js
[ 2014-07-01T14:44:40+08:00 ] ERR: (ThinkException) 非法操作js
[ 2014-07-01T14:44:41+08:00 ] ERR: (ThinkException) 非法操作js
[ 2014-07-01T14:44:41+08:00 ] ERR: (ThinkException) 非法操作js
[ 2014-07-01T14:44:41+08:00 ] ERR: (ThinkException) 非法操作js
[ 2014-07-01T14:44:41+08:00 ] ERR: (ThinkException) 非法操作js
[ 2014-07-01T14:44:43+08:00 ] ERR: (ThinkException) 非法操作js
[ 2014-07-01T14:44:43+08:00 ] ERR: (ThinkException) 非法操作js
[ 2014-07-01T14:44:44+08:00 ] ERR: (ThinkException) 非法操作js
[ 2014-07-01T14:44:44+08:00 ] ERR: (ThinkException) 非法操作js
[ 2014-07-01T14:44:59+08:00 ] ERR: (ThinkException) 非法操作js
[ 2014-07-01T14:44:59+08:00 ] ERR: (ThinkException) 非法操作js
[ 2014-07-01T14:44:59+08:00 ] ERR: (ThinkException) 非法操作js
[ 2014-07-01T14:44:59+08:00 ] ERR: (ThinkException) 非法操作js
[ 2014-07-01T14:45:00+08:00 ] ERR: (ThinkException) 非法操作js
[ 2014-07-01T14:45:00+08:00 ] ERR: (ThinkException) 非法操作js
[ 2014-07-01T14:45:00+08:00 ] ERR: (ThinkException) 非法操作js
[ 2014-07-01T14:45:00+08:00 ] ERR: (ThinkException) 非法操作js
[ 2014-07-01T14:45:00+08:00 ] ERR: (ThinkException) 非法操作js
[ 2014-07-01T14:45:00+08:00 ] ERR: (ThinkException) 非法操作js
[ 2014-07-01T14:45:00+08:00 ] ERR: (ThinkException) 非法操作js
[ 2014-07-01T14:45:00+08:00 ] ERR: (ThinkException) 非法操作js
[ 2014-07-01T14:45:00+08:00 ] ERR: (ThinkException) 非法操作js
[ 2014-07-01T14:45:00+08:00 ] ERR: (ThinkException) 非法操作js
[ 2014-07-01T14:45:01+08:00 ] ERR: (ThinkException) 非法操作js
[ 2014-07-01T14:45:01+08:00 ] ERR: (ThinkException) 非法操作js
[ 2014-07-01T14:45:01+08:00 ] ERR: (ThinkException) 非法操作js
[ 2014-07-01T14:45:01+08:00 ] ERR: (ThinkException) 非法操作js
[ 2014-07-01T14:45:01+08:00 ] ERR: (ThinkException) 非法操作js
[ 2014-07-01T14:45:01+08:00 ] ERR: (ThinkException) 非法操作js
[ 2014-07-01T14:45:01+08:00 ] ERR: (ThinkException) 非法操作js
[ 2014-07-01T14:45:01+08:00 ] ERR: (ThinkException) 非法操作js
[ 2014-07-01T14:45:06+08:00 ] ERR: (ThinkException) 非法操作js
[ 2014-07-01T14:45:06+08:00 ] ERR: (ThinkException) 非法操作js
[ 2014-07-01T14:45:06+08:00 ] ERR: (ThinkException) 非法操作undefinedlang
[ 2014-07-01T14:45:06+08:00 ] ERR: (ThinkException) 非法操作undefinedthemes
[ 2014-07-01T14:45:06+08:00 ] ERR: (ThinkException) 非法操作js
[ 2014-07-01T14:45:06+08:00 ] ERR: (ThinkException) 非法操作js
[ 2014-07-01T14:45:07+08:00 ] ERR: (ThinkException) 非法操作undefinedlang
[ 2014-07-01T14:45:07+08:00 ] ERR: (ThinkException) 非法操作undefinedthemes
[ 2014-07-01T14:45:07+08:00 ] ERR: (ThinkException) 非法操作js
[ 2014-07-01T14:45:07+08:00 ] ERR: (ThinkException) 非法操作js
[ 2014-07-01T14:45:07+08:00 ] ERR: (ThinkException) 非法操作undefinedlang
[ 2014-07-01T14:45:07+08:00 ] ERR: (ThinkException) 非法操作undefinedthemes
[ 2014-07-01T14:45:07+08:00 ] ERR: (ThinkException) 非法操作js
[ 2014-07-01T14:45:07+08:00 ] ERR: (ThinkException) 非法操作js
[ 2014-07-01T14:45:07+08:00 ] ERR: (ThinkException) 非法操作undefinedlang
[ 2014-07-01T14:45:07+08:00 ] ERR: (ThinkException) 非法操作undefinedthemes
[ 2014-07-01T14:45:07+08:00 ] ERR: (ThinkException) 非法操作js
[ 2014-07-01T14:45:07+08:00 ] ERR: (ThinkException) 非法操作js
[ 2014-07-01T14:45:07+08:00 ] ERR: (ThinkException) 非法操作undefinedlang
[ 2014-07-01T14:45:07+08:00 ] ERR: (ThinkException) 非法操作undefinedthemes
[ 2014-07-01T14:45:07+08:00 ] ERR: (ThinkException) 非法操作js
[ 2014-07-01T14:45:07+08:00 ] ERR: (ThinkException) 非法操作js
[ 2014-07-01T14:45:07+08:00 ] ERR: (ThinkException) 非法操作undefinedthemes
[ 2014-07-01T14:45:07+08:00 ] ERR: (ThinkException) 非法操作undefinedlang
[ 2014-07-01T14:45:07+08:00 ] ERR: (ThinkException) 非法操作js
[ 2014-07-01T14:45:07+08:00 ] ERR: (ThinkException) 非法操作js
[ 2014-07-01T14:45:07+08:00 ] ERR: (ThinkException) 非法操作undefinedlang
[ 2014-07-01T14:45:07+08:00 ] ERR: (ThinkException) 非法操作undefinedthemes
[ 2014-07-01T14:45:08+08:00 ] ERR: (ThinkException) 非法操作js
[ 2014-07-01T14:45:08+08:00 ] ERR: (ThinkException) 非法操作js
[ 2014-07-01T14:45:08+08:00 ] ERR: (ThinkException) 非法操作undefinedlang
[ 2014-07-01T14:45:08+08:00 ] ERR: (ThinkException) 非法操作undefinedthemes
[ 2014-07-01T14:45:08+08:00 ] ERR: (ThinkException) 非法操作js
[ 2014-07-01T14:45:08+08:00 ] ERR: (ThinkException) 非法操作js
[ 2014-07-01T14:45:08+08:00 ] ERR: (ThinkException) 非法操作undefinedlang
[ 2014-07-01T14:45:08+08:00 ] ERR: (ThinkException) 非法操作undefinedthemes
[ 2014-07-01T14:45:08+08:00 ] ERR: (ThinkException) 非法操作js
[ 2014-07-01T14:45:08+08:00 ] ERR: (ThinkException) 非法操作js
[ 2014-07-01T14:45:08+08:00 ] ERR: (ThinkException) 非法操作undefinedthemes
[ 2014-07-01T14:45:08+08:00 ] ERR: (ThinkException) 非法操作undefinedlang
[ 2014-07-01T14:45:08+08:00 ] ERR: (ThinkException) 非法操作js
[ 2014-07-01T14:45:08+08:00 ] ERR: (ThinkException) 非法操作js
[ 2014-07-01T14:45:08+08:00 ] ERR: (ThinkException) 非法操作undefinedlang
[ 2014-07-01T14:45:08+08:00 ] ERR: (ThinkException) 非法操作undefinedthemes
[ 2014-07-01T14:45:08+08:00 ] ERR: (ThinkException) 非法操作js
[ 2014-07-01T14:45:08+08:00 ] ERR: (ThinkException) 非法操作js
[ 2014-07-01T14:45:08+08:00 ] ERR: (ThinkException) 非法操作undefinedlang
[ 2014-07-01T14:45:08+08:00 ] ERR: (ThinkException) 非法操作undefinedthemes
[ 2014-07-01T14:45:10+08:00 ] ERR: (ThinkException) 非法操作js
[ 2014-07-01T14:45:10+08:00 ] ERR: (ThinkException) 非法操作js
[ 2014-07-01T14:45:12+08:00 ] ERR: (ThinkException) 非法操作js
[ 2014-07-01T14:45:12+08:00 ] ERR: (ThinkException) 非法操作js
[ 2014-07-01T14:45:12+08:00 ] ERR: (ThinkException) 非法操作undefinedthemes
[ 2014-07-01T14:45:12+08:00 ] ERR: (ThinkException) 非法操作undefinedlang
[ 2014-07-01T14:45:13+08:00 ] ERR: (ThinkException) 非法操作js
[ 2014-07-01T14:45:13+08:00 ] ERR: (ThinkException) 非法操作js
[ 2014-07-01T14:45:13+08:00 ] ERR: (ThinkException) 非法操作undefinedlang
[ 2014-07-01T14:45:13+08:00 ] ERR: (ThinkException) 非法操作undefinedthemes
[ 2014-07-01T14:45:13+08:00 ] ERR: (ThinkException) 非法操作js
[ 2014-07-01T14:45:13+08:00 ] ERR: (ThinkException) 非法操作js
[ 2014-07-01T14:45:13+08:00 ] ERR: (ThinkException) 非法操作undefinedlang
[ 2014-07-01T14:45:13+08:00 ] ERR: (ThinkException) 非法操作undefinedthemes
[ 2014-07-01T14:45:13+08:00 ] ERR: (ThinkException) 非法操作js
[ 2014-07-01T14:45:13+08:00 ] ERR: (ThinkException) 非法操作js
[ 2014-07-01T14:45:13+08:00 ] ERR: (ThinkException) 非法操作undefinedlang
[ 2014-07-01T14:45:13+08:00 ] ERR: (ThinkException) 非法操作undefinedthemes
[ 2014-07-01T14:45:14+08:00 ] ERR: (ThinkException) 非法操作js
[ 2014-07-01T14:45:14+08:00 ] ERR: (ThinkException) 非法操作js
[ 2014-07-01T14:45:14+08:00 ] ERR: (ThinkException) 非法操作undefinedlang
[ 2014-07-01T14:45:14+08:00 ] ERR: (ThinkException) 非法操作undefinedthemes
[ 2014-07-01T14:45:14+08:00 ] ERR: (ThinkException) 非法操作js
[ 2014-07-01T14:45:14+08:00 ] ERR: (ThinkException) 非法操作js
[ 2014-07-01T14:45:14+08:00 ] ERR: (ThinkException) 非法操作undefinedlang
[ 2014-07-01T14:45:14+08:00 ] ERR: (ThinkException) 非法操作undefinedthemes
[ 2014-07-01T14:45:14+08:00 ] ERR: (ThinkException) 非法操作js
[ 2014-07-01T14:45:14+08:00 ] ERR: (ThinkException) 非法操作js
[ 2014-07-01T14:45:14+08:00 ] ERR: (ThinkException) 非法操作undefinedlang
[ 2014-07-01T14:45:14+08:00 ] ERR: (ThinkException) 非法操作undefinedthemes
[ 2014-07-01T14:45:15+08:00 ] ERR: (ThinkException) 非法操作js
[ 2014-07-01T14:45:15+08:00 ] ERR: (ThinkException) 非法操作js
[ 2014-07-01T14:45:15+08:00 ] ERR: (ThinkException) 非法操作undefinedlang
[ 2014-07-01T14:45:15+08:00 ] ERR: (ThinkException) 非法操作undefinedthemes
[ 2014-07-01T14:45:15+08:00 ] ERR: (ThinkException) 非法操作js
[ 2014-07-01T14:45:15+08:00 ] ERR: (ThinkException) 非法操作js
[ 2014-07-01T14:45:15+08:00 ] ERR: (ThinkException) 非法操作undefinedthemes
[ 2014-07-01T14:45:15+08:00 ] ERR: (ThinkException) 非法操作undefinedlang
[ 2014-07-01T14:45:15+08:00 ] ERR: (ThinkException) 非法操作js
[ 2014-07-01T14:45:15+08:00 ] ERR: (ThinkException) 非法操作js
[ 2014-07-01T14:45:15+08:00 ] ERR: (ThinkException) 非法操作undefinedlang
[ 2014-07-01T14:45:15+08:00 ] ERR: (ThinkException) 非法操作undefinedthemes
[ 2014-07-01T14:45:15+08:00 ] ERR: (ThinkException) 非法操作js
[ 2014-07-01T14:45:15+08:00 ] ERR: (ThinkException) 非法操作js
[ 2014-07-01T14:45:15+08:00 ] ERR: (ThinkException) 非法操作undefinedthemes
[ 2014-07-01T14:45:15+08:00 ] ERR: (ThinkException) 非法操作undefinedlang
[ 2014-07-01T14:45:15+08:00 ] ERR: (ThinkException) 非法操作js
[ 2014-07-01T14:45:15+08:00 ] ERR: (ThinkException) 非法操作js
[ 2014-07-01T14:45:15+08:00 ] ERR: (ThinkException) 非法操作undefinedlang
[ 2014-07-01T14:45:15+08:00 ] ERR: (ThinkException) 非法操作undefinedthemes
[ 2014-07-01T14:45:15+08:00 ] ERR: (ThinkException) 非法操作js
[ 2014-07-01T14:45:15+08:00 ] ERR: (ThinkException) 非法操作js
[ 2014-07-01T14:45:15+08:00 ] ERR: (ThinkException) 非法操作undefinedlang
[ 2014-07-01T14:45:15+08:00 ] ERR: (ThinkException) 非法操作undefinedthemes
[ 2014-07-01T14:45:17+08:00 ] ERR: (ThinkException) 非法操作js
[ 2014-07-01T14:45:17+08:00 ] ERR: (ThinkException) 非法操作js
[ 2014-07-01T14:45:18+08:00 ] ERR: (ThinkException) 非法操作js
[ 2014-07-01T14:45:18+08:00 ] ERR: (ThinkException) 非法操作js
[ 2014-07-01T14:45:19+08:00 ] ERR: (ThinkException) 非法操作undefinedthemes
[ 2014-07-01T14:45:19+08:00 ] ERR: (ThinkException) 非法操作undefinedlang
[ 2014-07-01T14:45:19+08:00 ] ERR: (ThinkException) 非法操作js
[ 2014-07-01T14:45:19+08:00 ] ERR: (ThinkException) 非法操作js
[ 2014-07-01T14:45:19+08:00 ] ERR: (ThinkException) 非法操作undefinedlang
[ 2014-07-01T14:45:19+08:00 ] ERR: (ThinkException) 非法操作undefinedthemes
[ 2014-07-01T14:45:19+08:00 ] ERR: (ThinkException) 非法操作js
[ 2014-07-01T14:45:19+08:00 ] ERR: (ThinkException) 非法操作js
[ 2014-07-01T14:45:19+08:00 ] ERR: (ThinkException) 非法操作undefinedlang
[ 2014-07-01T14:45:19+08:00 ] ERR: (ThinkException) 非法操作undefinedthemes
[ 2014-07-01T14:45:19+08:00 ] ERR: (ThinkException) 非法操作js
[ 2014-07-01T14:45:19+08:00 ] ERR: (ThinkException) 非法操作js
[ 2014-07-01T14:45:19+08:00 ] ERR: (ThinkException) 非法操作undefinedthemes
[ 2014-07-01T14:45:19+08:00 ] ERR: (ThinkException) 非法操作undefinedlang
[ 2014-07-01T14:45:19+08:00 ] ERR: (ThinkException) 非法操作js
[ 2014-07-01T14:45:19+08:00 ] ERR: (ThinkException) 非法操作js
[ 2014-07-01T14:45:19+08:00 ] ERR: (ThinkException) 非法操作undefinedlang
[ 2014-07-01T14:45:19+08:00 ] ERR: (ThinkException) 非法操作undefinedthemes
[ 2014-07-01T14:45:20+08:00 ] ERR: (ThinkException) 非法操作js
[ 2014-07-01T14:45:20+08:00 ] ERR: (ThinkException) 非法操作js
[ 2014-07-01T14:45:20+08:00 ] ERR: (ThinkException) 非法操作undefinedthemes
[ 2014-07-01T14:45:20+08:00 ] ERR: (ThinkException) 非法操作undefinedlang
[ 2014-07-01T14:45:20+08:00 ] ERR: (ThinkException) 非法操作js
[ 2014-07-01T14:45:20+08:00 ] ERR: (ThinkException) 非法操作js
[ 2014-07-01T14:45:20+08:00 ] ERR: (ThinkException) 非法操作undefinedlang
[ 2014-07-01T14:45:20+08:00 ] ERR: (ThinkException) 非法操作undefinedthemes
[ 2014-07-01T14:45:20+08:00 ] ERR: (ThinkException) 非法操作js
[ 2014-07-01T14:45:20+08:00 ] ERR: (ThinkException) 非法操作js
[ 2014-07-01T14:45:20+08:00 ] ERR: (ThinkException) 非法操作undefinedlang
[ 2014-07-01T14:45:20+08:00 ] ERR: (ThinkException) 非法操作undefinedthemes
[ 2014-07-01T14:45:26+08:00 ] ERR: (ThinkException) 非法操作js
[ 2014-07-01T14:45:26+08:00 ] ERR: (ThinkException) 非法操作js
[ 2014-07-01T14:45:26+08:00 ] ERR: (ThinkException) 非法操作undefinedlang
[ 2014-07-01T14:45:26+08:00 ] ERR: (ThinkException) 非法操作undefinedthemes
[ 2014-07-01T14:45:26+08:00 ] ERR: (ThinkException) 非法操作js
[ 2014-07-01T14:45:26+08:00 ] ERR: (ThinkException) 非法操作js
[ 2014-07-01T14:45:26+08:00 ] ERR: (ThinkException) 非法操作undefinedlang
[ 2014-07-01T14:45:26+08:00 ] ERR: (ThinkException) 非法操作undefinedthemes
[ 2014-07-01T14:45:27+08:00 ] ERR: (ThinkException) 非法操作js
[ 2014-07-01T14:45:27+08:00 ] ERR: (ThinkException) 非法操作js
[ 2014-07-01T14:45:27+08:00 ] ERR: (ThinkException) 非法操作undefinedthemes
[ 2014-07-01T14:45:27+08:00 ] ERR: (ThinkException) 非法操作undefinedlang
[ 2014-07-01T14:45:27+08:00 ] ERR: (ThinkException) 非法操作js
[ 2014-07-01T14:45:27+08:00 ] ERR: (ThinkException) 非法操作js
[ 2014-07-01T14:45:27+08:00 ] ERR: (ThinkException) 非法操作undefinedthemes
[ 2014-07-01T14:45:27+08:00 ] ERR: (ThinkException) 非法操作undefinedlang
[ 2014-07-01T14:45:27+08:00 ] ERR: (ThinkException) 非法操作js
[ 2014-07-01T14:45:27+08:00 ] ERR: (ThinkException) 非法操作js
[ 2014-07-01T14:45:27+08:00 ] ERR: (ThinkException) 非法操作undefinedlang
[ 2014-07-01T14:45:27+08:00 ] ERR: (ThinkException) 非法操作undefinedthemes
[ 2014-07-01T14:45:27+08:00 ] ERR: (ThinkException) 非法操作js
[ 2014-07-01T14:45:27+08:00 ] ERR: (ThinkException) 非法操作js
[ 2014-07-01T14:45:27+08:00 ] ERR: (ThinkException) 非法操作undefinedlang
[ 2014-07-01T14:45:27+08:00 ] ERR: (ThinkException) 非法操作undefinedthemes
[ 2014-07-01T14:45:30+08:00 ] ERR: (ThinkException) 非法操作js
[ 2014-07-01T14:45:30+08:00 ] ERR: (ThinkException) 非法操作js
[ 2014-07-01T14:45:30+08:00 ] ERR: (ThinkException) 非法操作undefinedlang
[ 2014-07-01T14:45:30+08:00 ] ERR: (ThinkException) 非法操作undefinedthemes
[ 2014-07-01T14:45:31+08:00 ] ERR: (ThinkException) 非法操作js
[ 2014-07-01T14:45:31+08:00 ] ERR: (ThinkException) 非法操作js
[ 2014-07-01T14:45:31+08:00 ] ERR: (ThinkException) 非法操作undefinedlang
[ 2014-07-01T14:45:31+08:00 ] ERR: (ThinkException) 非法操作undefinedthemes
[ 2014-07-01T14:45:31+08:00 ] ERR: (ThinkException) 非法操作js
[ 2014-07-01T14:45:31+08:00 ] ERR: (ThinkException) 非法操作js
[ 2014-07-01T14:45:31+08:00 ] ERR: (ThinkException) 非法操作undefinedlang
[ 2014-07-01T14:45:31+08:00 ] ERR: (ThinkException) 非法操作undefinedthemes
[ 2014-07-01T14:45:43+08:00 ] ERR: (ThinkException) 非法操作js
[ 2014-07-01T14:45:44+08:00 ] ERR: (ThinkException) 非法操作js
[ 2014-07-01T14:45:54+08:00 ] ERR: (ThinkException) 非法操作js
[ 2014-07-01T14:45:54+08:00 ] ERR: (ThinkException) 非法操作js
[ 2014-07-01T14:45:54+08:00 ] ERR: (ThinkException) 非法操作undefinedlang
[ 2014-07-01T14:45:54+08:00 ] ERR: (ThinkException) 非法操作undefinedthemes
[ 2014-07-01T14:45:55+08:00 ] ERR: (ThinkException) 非法操作js
[ 2014-07-01T14:45:55+08:00 ] ERR: (ThinkException) 非法操作js
[ 2014-07-01T14:45:55+08:00 ] ERR: (ThinkException) 非法操作undefinedlang
[ 2014-07-01T14:45:55+08:00 ] ERR: (ThinkException) 非法操作undefinedthemes
[ 2014-07-01T14:45:55+08:00 ] ERR: (ThinkException) 非法操作js
[ 2014-07-01T14:45:55+08:00 ] ERR: (ThinkException) 非法操作js
[ 2014-07-01T14:45:55+08:00 ] ERR: (ThinkException) 非法操作undefinedlang
[ 2014-07-01T14:45:55+08:00 ] ERR: (ThinkException) 非法操作undefinedthemes
[ 2014-07-01T14:45:56+08:00 ] ERR: (ThinkException) 非法操作js
[ 2014-07-01T14:45:56+08:00 ] ERR: (ThinkException) 非法操作js
[ 2014-07-01T14:45:56+08:00 ] ERR: (ThinkException) 非法操作undefinedlang
[ 2014-07-01T14:45:56+08:00 ] ERR: (ThinkException) 非法操作undefinedthemes
[ 2014-07-01T14:45:56+08:00 ] ERR: (ThinkException) 非法操作js
[ 2014-07-01T14:45:56+08:00 ] ERR: (ThinkException) 非法操作js
[ 2014-07-01T14:45:56+08:00 ] ERR: (ThinkException) 非法操作undefinedlang
[ 2014-07-01T14:45:56+08:00 ] ERR: (ThinkException) 非法操作undefinedthemes
[ 2014-07-01T14:45:56+08:00 ] ERR: (ThinkException) 非法操作js
[ 2014-07-01T14:45:56+08:00 ] ERR: (ThinkException) 非法操作js
[ 2014-07-01T14:45:56+08:00 ] ERR: (ThinkException) 非法操作undefinedlang
[ 2014-07-01T14:45:56+08:00 ] ERR: (ThinkException) 非法操作undefinedthemes
[ 2014-07-01T14:45:56+08:00 ] ERR: (ThinkException) 非法操作js
[ 2014-07-01T14:45:56+08:00 ] ERR: (ThinkException) 非法操作js
[ 2014-07-01T14:45:56+08:00 ] ERR: (ThinkException) 非法操作undefinedlang
[ 2014-07-01T14:45:56+08:00 ] ERR: (ThinkException) 非法操作undefinedthemes
[ 2014-07-01T14:45:56+08:00 ] ERR: (ThinkException) 非法操作js
[ 2014-07-01T14:45:56+08:00 ] ERR: (ThinkException) 非法操作js
[ 2014-07-01T14:45:56+08:00 ] ERR: (ThinkException) 非法操作undefinedlang
[ 2014-07-01T14:45:56+08:00 ] ERR: (ThinkException) 非法操作undefinedthemes
[ 2014-07-01T14:45:56+08:00 ] ERR: (ThinkException) 非法操作js
[ 2014-07-01T14:45:56+08:00 ] ERR: (ThinkException) 非法操作js
[ 2014-07-01T14:45:56+08:00 ] ERR: (ThinkException) 非法操作undefinedlang
[ 2014-07-01T14:45:56+08:00 ] ERR: (ThinkException) 非法操作undefinedthemes
[ 2014-07-01T14:46:04+08:00 ] ERR: (ThinkException) 非法操作js
[ 2014-07-01T14:46:04+08:00 ] ERR: (ThinkException) 非法操作js
[ 2014-07-01T14:46:14+08:00 ] ERR: (ThinkException) 非法操作js
[ 2014-07-01T14:46:14+08:00 ] ERR: (ThinkException) 非法操作js
[ 2014-07-01T14:46:18+08:00 ] ERR: (ThinkException) 非法操作js
[ 2014-07-01T14:46:18+08:00 ] ERR: (ThinkException) 非法操作js
[ 2014-07-01T14:46:20+08:00 ] ERR: (ThinkException) 非法操作js
[ 2014-07-01T14:46:20+08:00 ] ERR: (ThinkException) 非法操作js
[ 2014-07-01T14:46:22+08:00 ] ERR: (ThinkException) 非法操作js
[ 2014-07-01T14:46:22+08:00 ] ERR: (ThinkException) 非法操作js
[ 2014-07-01T14:46:24+08:00 ] ERR: (ThinkException) 非法操作js
[ 2014-07-01T14:46:24+08:00 ] ERR: (ThinkException) 非法操作js
[ 2014-07-01T14:46:36+08:00 ] ERR: (ThinkException) 非法操作js
[ 2014-07-01T14:46:36+08:00 ] ERR: (ThinkException) 非法操作js
[ 2014-07-01T14:46:45+08:00 ] ERR: (ThinkException) 非法操作js
[ 2014-07-01T14:46:45+08:00 ] ERR: (ThinkException) 非法操作js
[ 2014-07-01T14:46:49+08:00 ] ERR: (ThinkException) 非法操作js
[ 2014-07-01T14:46:49+08:00 ] ERR: (ThinkException) 非法操作js
[ 2014-07-01T14:46:49+08:00 ] ERR: (ThinkException) 非法操作js
[ 2014-07-01T14:46:49+08:00 ] ERR: (ThinkException) 非法操作js
[ 2014-07-01T14:46:50+08:00 ] ERR: (ThinkException) 非法操作js
[ 2014-07-01T14:46:50+08:00 ] ERR: (ThinkException) 非法操作js
[ 2014-07-01T14:46:53+08:00 ] ERR: (ThinkException) 非法操作js
[ 2014-07-01T14:46:53+08:00 ] ERR: (ThinkException) 非法操作js
[ 2014-07-01T14:47:08+08:00 ] ERR: (ThinkException) 非法操作js
[ 2014-07-01T14:47:08+08:00 ] ERR: (ThinkException) 非法操作js
[ 2014-07-01T14:47:10+08:00 ] ERR: (ThinkException) 非法操作js
[ 2014-07-01T14:47:10+08:00 ] ERR: (ThinkException) 非法操作js
[ 2014-07-01T14:47:11+08:00 ] ERR: (ThinkException) 非法操作js
[ 2014-07-01T14:47:11+08:00 ] ERR: (ThinkException) 非法操作js
[ 2014-07-01T14:47:12+08:00 ] ERR: (ThinkException) 非法操作js
[ 2014-07-01T14:47:12+08:00 ] ERR: (ThinkException) 非法操作js
[ 2014-07-01T14:48:03+08:00 ] ERR: (ThinkException) 非法操作js
[ 2014-07-01T14:48:03+08:00 ] ERR: (ThinkException) 非法操作js
[ 2014-07-01T14:48:10+08:00 ] ERR: (ThinkException) 非法操作js
[ 2014-07-01T14:48:10+08:00 ] ERR: (ThinkException) 非法操作js
[ 2014-07-01T14:48:11+08:00 ] ERR: (ThinkException) 非法操作js
[ 2014-07-01T14:48:11+08:00 ] ERR: (ThinkException) 非法操作js
[ 2014-07-01T14:48:14+08:00 ] ERR: (ThinkException) 非法操作js
[ 2014-07-01T14:48:14+08:00 ] ERR: (ThinkException) 非法操作js
[ 2014-07-01T14:48:16+08:00 ] ERR: (ThinkException) 非法操作js
[ 2014-07-01T14:48:16+08:00 ] ERR: (ThinkException) 非法操作js
[ 2014-07-01T14:49:36+08:00 ] ERR: (ThinkException) 非法操作js
[ 2014-07-01T14:49:36+08:00 ] ERR: (ThinkException) 非法操作js
[ 2014-07-01T14:50:39+08:00 ] ERR: (ThinkException) 非法操作js
[ 2014-07-01T14:50:39+08:00 ] ERR: (ThinkException) 非法操作js
[ 2014-07-01T14:50:49+08:00 ] ERR: (ThinkException) 非法操作js
[ 2014-07-01T14:50:49+08:00 ] ERR: (ThinkException) 非法操作js
[ 2014-07-01T14:51:35+08:00 ] ERR: (ThinkException) 非法操作js
[ 2014-07-01T14:51:35+08:00 ] ERR: (ThinkException) 非法操作js
[ 2014-07-01T14:51:37+08:00 ] ERR: (ThinkException) 非法操作js
[ 2014-07-01T14:51:37+08:00 ] ERR: (ThinkException) 非法操作js
[ 2014-07-01T14:51:40+08:00 ] ERR: (ThinkException) 非法操作js
[ 2014-07-01T14:51:40+08:00 ] ERR: (ThinkException) 非法操作js
[ 2014-07-01T14:51:52+08:00 ] ERR: (ThinkException) 非法操作js
[ 2014-07-01T14:51:52+08:00 ] ERR: (ThinkException) 非法操作js
[ 2014-07-01T14:52:03+08:00 ] ERR: (ThinkException) 非法操作js
[ 2014-07-01T14:52:03+08:00 ] ERR: (ThinkException) 非法操作js
[ 2014-07-01T14:52:06+08:00 ] ERR: (ThinkException) 非法操作js
[ 2014-07-01T14:52:06+08:00 ] ERR: (ThinkException) 非法操作js
[ 2014-07-01T14:52:07+08:00 ] ERR: (ThinkException) 非法操作js
[ 2014-07-01T14:52:07+08:00 ] ERR: (ThinkException) 非法操作js
[ 2014-07-01T14:53:11+08:00 ] ERR: (ThinkException) 模板不存在[./admin//Tpl/default/Public/success.html]
[ 2014-07-01T14:53:17+08:00 ] ERR: (ThinkException) 非法操作js
[ 2014-07-01T14:53:17+08:00 ] ERR: (ThinkException) 非法操作js
[ 2014-07-01T14:53:33+08:00 ] ERR: (ThinkException) 非法操作js
[ 2014-07-01T14:53:33+08:00 ] ERR: (ThinkException) 非法操作js
[ 2014-07-01T14:56:13+08:00 ] ERR: (ThinkException) 非法操作js
[ 2014-07-01T14:56:13+08:00 ] ERR: (ThinkException) 非法操作js
[ 2014-07-01T14:56:42+08:00 ] ERR: (ThinkException) 非法操作js
[ 2014-07-01T14:56:42+08:00 ] ERR: (ThinkException) 非法操作js
[ 2014-07-01T14:56:44+08:00 ] ERR: (ThinkException) 非法操作js
[ 2014-07-01T14:56:44+08:00 ] ERR: (ThinkException) 非法操作js
[ 2014-07-01T14:57:04+08:00 ] ERR: (ThinkException) 非法操作js
[ 2014-07-01T14:57:04+08:00 ] ERR: (ThinkException) 非法操作js
[ 2014-07-01T14:57:28+08:00 ] ERR: (ThinkException) 非法操作js
[ 2014-07-01T14:57:28+08:00 ] ERR: (ThinkException) 非法操作js
[ 2014-07-01T14:57:29+08:00 ] ERR: (ThinkException) 非法操作js
[ 2014-07-01T14:57:29+08:00 ] ERR: (ThinkException) 非法操作js
[ 2014-07-01T14:57:29+08:00 ] ERR: (ThinkException) 非法操作js
[ 2014-07-01T14:57:29+08:00 ] ERR: (ThinkException) 非法操作js
[ 2014-07-01T14:57:30+08:00 ] ERR: (ThinkException) 非法操作js
[ 2014-07-01T14:57:30+08:00 ] ERR: (ThinkException) 非法操作js
[ 2014-07-01T14:57:30+08:00 ] ERR: (ThinkException) 非法操作js
[ 2014-07-01T14:57:30+08:00 ] ERR: (ThinkException) 非法操作js
[ 2014-07-01T14:58:20+08:00 ] ERR: (ThinkException) 非法操作js
[ 2014-07-01T14:58:20+08:00 ] ERR: (ThinkException) 非法操作js
[ 2014-07-01T14:58:21+08:00 ] ERR: (ThinkException) 非法操作js
[ 2014-07-01T14:58:21+08:00 ] ERR: (ThinkException) 非法操作js
[ 2014-07-01T14:58:22+08:00 ] ERR: (ThinkException) 非法操作js
[ 2014-07-01T14:58:22+08:00 ] ERR: (ThinkException) 非法操作js
[ 2014-07-01T14:58:23+08:00 ] ERR: (ThinkException) 非法操作js
[ 2014-07-01T14:58:23+08:00 ] ERR: (ThinkException) 非法操作js
[ 2014-07-01T14:58:52+08:00 ] ERR: (ThinkException) 非法操作js
[ 2014-07-01T14:58:52+08:00 ] ERR: (ThinkException) 非法操作js
[ 2014-07-01T14:58:57+08:00 ] ERR: (ThinkException) 非法操作js
[ 2014-07-01T14:58:57+08:00 ] ERR: (ThinkException) 非法操作js
[ 2014-07-01T14:59:10+08:00 ] ERR: (ThinkException) 非法操作js
[ 2014-07-01T14:59:10+08:00 ] ERR: (ThinkException) 非法操作js
[ 2014-07-01T14:59:12+08:00 ] ERR: (ThinkException) 非法操作js
[ 2014-07-01T14:59:12+08:00 ] ERR: (ThinkException) 非法操作js
[ 2014-07-01T14:59:27+08:00 ] ERR: (ThinkException) 非法操作js
[ 2014-07-01T14:59:27+08:00 ] ERR: (ThinkException) 非法操作js
[ 2014-07-01T14:59:37+08:00 ] ERR: (ThinkException) 模板不存在[./admin//Tpl/default/Public/success.html]
[ 2014-07-01T14:59:39+08:00 ] ERR: (ThinkException) 非法操作js
[ 2014-07-01T14:59:46+08:00 ] ERR: (ThinkException) 非法操作js
[ 2014-07-01T14:59:46+08:00 ] ERR: (ThinkException) 非法操作js
[ 2014-07-01T15:01:08+08:00 ] ERR: (ThinkException) 非法操作js
[ 2014-07-01T15:01:08+08:00 ] ERR: (ThinkException) 非法操作js
[ 2014-07-01T15:01:35+08:00 ] ERR: (ThinkException) 非法操作js
[ 2014-07-01T15:01:35+08:00 ] ERR: (ThinkException) 非法操作js
[ 2014-07-01T15:05:44+08:00 ] ERR: (ThinkException) 非法操作js
[ 2014-07-01T15:05:44+08:00 ] ERR: (ThinkException) 非法操作js
[ 2014-07-01T15:06:30+08:00 ] ERR: (ThinkException) 非法操作js
[ 2014-07-01T15:06:30+08:00 ] ERR: (ThinkException) 非法操作js
[ 2014-07-01T15:30:09+08:00 ] ERR: (ThinkException) 非法操作js
[ 2014-07-01T15:30:09+08:00 ] ERR: (ThinkException) 非法操作js
[ 2014-07-01T15:30:10+08:00 ] ERR: (ThinkException) 非法操作js
[ 2014-07-01T15:30:10+08:00 ] ERR: (ThinkException) 非法操作js
[ 2014-07-01T15:40:26+08:00 ] ERR: (ThinkException) 模板不存在[./admin//Tpl/default/Public/success.html]
[ 2014-07-01T15:40:30+08:00 ] ERR: (ThinkException) 非法操作js
[ 2014-07-01T15:40:30+08:00 ] ERR: (ThinkException) 非法操作js
[ 2014-07-01T15:41:44+08:00 ] ERR: (ThinkException) 非法操作js
[ 2014-07-01T15:41:44+08:00 ] ERR: (ThinkException) 非法操作js
[ 2014-07-01T15:42:26+08:00 ] ERR: (ThinkException) 非法操作js
[ 2014-07-01T15:42:26+08:00 ] ERR: (ThinkException) 非法操作js
[ 2014-07-01T15:42:51+08:00 ] ERR: (ThinkException) 非法操作js
[ 2014-07-01T15:42:51+08:00 ] ERR: (ThinkException) 非法操作js
[ 2014-07-01T15:44:42+08:00 ] ERR: (ThinkException) 非法操作js
[ 2014-07-01T15:47:12+08:00 ] ERR: (ThinkException) 非法操作js
[ 2014-07-01T15:47:12+08:00 ] ERR: (ThinkException) 非法操作js
[ 2014-07-01T15:48:12+08:00 ] ERR: (ThinkException) 非法操作js
[ 2014-07-01T15:48:12+08:00 ] ERR: (ThinkException) 非法操作js
[ 2014-07-01T15:48:19+08:00 ] ERR: (ThinkException) 非法操作js
[ 2014-07-01T15:48:19+08:00 ] ERR: (ThinkException) 非法操作js
[ 2014-07-01T15:49:16+08:00 ] ERR: (ThinkException) 模板不存在[./admin//Tpl/default/Public/success.html]
[ 2014-07-01T15:49:18+08:00 ] ERR: (ThinkException) 非法操作js
[ 2014-07-01T15:49:18+08:00 ] ERR: (ThinkException) 非法操作js
[ 2014-07-01T15:57:52+08:00 ] ERR: (ThinkException) 非法操作js
[ 2014-07-01T15:57:52+08:00 ] ERR: (ThinkException) 非法操作js
[ 2014-07-01T15:57:54+08:00 ] ERR: (ThinkException) 模板不存在[./admin//Tpl/default/Public/success.html]
[ 2014-07-01T15:57:56+08:00 ] ERR: (ThinkException) 非法操作js
[ 2014-07-01T15:57:56+08:00 ] ERR: (ThinkException) 非法操作js
[ 2014-07-01T15:57:58+08:00 ] ERR: (ThinkException) 非法操作js
[ 2014-07-01T15:57:58+08:00 ] ERR: (ThinkException) 非法操作js
[ 2014-07-01T15:57:59+08:00 ] ERR: (ThinkException) 非法操作js
[ 2014-07-01T15:57:59+08:00 ] ERR: (ThinkException) 非法操作js
[ 2014-07-01T15:58:01+08:00 ] ERR: (ThinkException) 模板不存在[./admin//Tpl/default/Public/success.html]
[ 2014-07-01T15:58:18+08:00 ] ERR: (ThinkException) 非法操作js
[ 2014-07-01T15:58:18+08:00 ] ERR: (ThinkException) 非法操作js
[ 2014-07-01T15:58:19+08:00 ] ERR: (ThinkException) 模板不存在[./admin//Tpl/default/Public/success.html]
[ 2014-07-01T15:58:23+08:00 ] ERR: (ThinkException) 模板不存在[./admin//Tpl/default/Public/success.html]
[ 2014-07-01T15:58:53+08:00 ] ERR: (ThinkException) 模板不存在[./admin//Tpl/default/Public/success.html]
[ 2014-07-01T15:58:57+08:00 ] ERR: (ThinkException) 非法操作js
[ 2014-07-01T15:58:57+08:00 ] ERR: (ThinkException) 非法操作js
[ 2014-07-01T16:00:14+08:00 ] ERR: (ThinkException) 非法操作js
[ 2014-07-01T16:00:14+08:00 ] ERR: (ThinkException) 非法操作js
[ 2014-07-01T16:00:52+08:00 ] ERR: (ThinkException) 非法操作js
[ 2014-07-01T16:00:52+08:00 ] ERR: (ThinkException) 非法操作js
[ 2014-07-01T16:01:14+08:00 ] ERR: (ThinkException) 非法操作js
[ 2014-07-01T16:01:14+08:00 ] ERR: (ThinkException) 非法操作js
[ 2014-07-01T16:01:30+08:00 ] ERR: (ThinkException) 非法操作js
[ 2014-07-01T16:01:30+08:00 ] ERR: (ThinkException) 非法操作js
[ 2014-07-01T16:01:56+08:00 ] ERR: (ThinkException) 非法操作js
[ 2014-07-01T16:01:56+08:00 ] ERR: (ThinkException) 非法操作js
[ 2014-07-01T16:02:44+08:00 ] ERR: (ThinkException) 非法操作js
[ 2014-07-01T16:02:44+08:00 ] ERR: (ThinkException) 非法操作js
[ 2014-07-01T16:35:13+08:00 ] ERR: (ThinkException) 模板不存在[./admin//Tpl/default/Public/success.html]
[ 2014-07-01T16:35:19+08:00 ] ERR: (ThinkException) 非法操作images
[ 2014-07-01T16:35:19+08:00 ] ERR: (ThinkException) 非法操作images
[ 2014-07-01T16:36:45+08:00 ] ERR: (ThinkException) 非法操作images
[ 2014-07-01T16:36:46+08:00 ] ERR: (ThinkException) 非法操作images
[ 2014-07-01T16:37:30+08:00 ] ERR: (ThinkException) 非法操作images
[ 2014-07-01T16:37:30+08:00 ] ERR: (ThinkException) 非法操作images
[ 2014-07-01T16:37:31+08:00 ] ERR: (ThinkException) 非法操作images
[ 2014-07-01T16:37:31+08:00 ] ERR: (ThinkException) 非法操作images
[ 2014-07-01T16:38:21+08:00 ] ERR: (ThinkException) 非法操作images
[ 2014-07-01T16:38:21+08:00 ] ERR: (ThinkException) 非法操作images
[ 2014-07-01T16:38:22+08:00 ] ERR: (ThinkException) 非法操作images
[ 2014-07-01T16:38:22+08:00 ] ERR: (ThinkException) 非法操作images
[ 2014-07-01T16:38:22+08:00 ] ERR: (ThinkException) 非法操作images
[ 2014-07-01T16:38:22+08:00 ] ERR: (ThinkException) 非法操作images
[ 2014-07-01T16:38:22+08:00 ] ERR: (ThinkException) 非法操作images
[ 2014-07-01T16:38:22+08:00 ] ERR: (ThinkException) 非法操作images
[ 2014-07-01T16:38:22+08:00 ] ERR: (ThinkException) 非法操作images
[ 2014-07-01T16:38:22+08:00 ] ERR: (ThinkException) 非法操作images
[ 2014-07-01T16:38:22+08:00 ] ERR: (ThinkException) 非法操作images
[ 2014-07-01T16:38:22+08:00 ] ERR: (ThinkException) 非法操作images
[ 2014-07-01T16:38:23+08:00 ] ERR: (ThinkException) 非法操作images
[ 2014-07-01T16:38:23+08:00 ] ERR: (ThinkException) 非法操作images
[ 2014-07-01T16:39:38+08:00 ] ERR: (ThinkException) 非法操作images
[ 2014-07-01T16:39:38+08:00 ] ERR: (ThinkException) 非法操作images
[ 2014-07-01T16:40:40+08:00 ] ERR: (ThinkException) Action:getLastSql您所请求的方法不存在！
[ 2014-07-01T16:41:50+08:00 ] ERR: (ThinkException) 非法操作images
[ 2014-07-01T16:41:50+08:00 ] ERR: (ThinkException) 非法操作images
[ 2014-07-01T16:43:33+08:00 ] ERR: (ThinkException) 非法操作images
[ 2014-07-01T16:43:34+08:00 ] ERR: (ThinkException) 非法操作images
[ 2014-07-01T16:43:34+08:00 ] ERR: (ThinkException) 非法操作images
[ 2014-07-01T16:43:34+08:00 ] ERR: (ThinkException) 非法操作images
[ 2014-07-01T16:43:35+08:00 ] ERR: (ThinkException) 非法操作images
[ 2014-07-01T16:43:35+08:00 ] ERR: (ThinkException) 非法操作images
[ 2014-07-01T16:43:44+08:00 ] ERR: (ThinkException) 非法操作images
[ 2014-07-01T16:43:44+08:00 ] ERR: (ThinkException) 非法操作images
[ 2014-07-01T16:43:44+08:00 ] ERR: (ThinkException) 非法操作images
[ 2014-07-01T16:43:44+08:00 ] ERR: (ThinkException) 非法操作images
[ 2014-07-01T16:43:45+08:00 ] ERR: (ThinkException) 非法操作images
[ 2014-07-01T16:43:45+08:00 ] ERR: (ThinkException) 非法操作images
[ 2014-07-01T16:43:45+08:00 ] ERR: (ThinkException) 非法操作images
[ 2014-07-01T16:43:45+08:00 ] ERR: (ThinkException) 非法操作images
[ 2014-07-01T16:44:03+08:00 ] ERR: (ThinkException) 非法操作images
[ 2014-07-01T16:44:03+08:00 ] ERR: (ThinkException) 非法操作images
[ 2014-07-01T16:44:03+08:00 ] ERR: (ThinkException) 非法操作images
[ 2014-07-01T16:44:04+08:00 ] ERR: (ThinkException) 非法操作images
[ 2014-07-01T16:45:35+08:00 ] ERR: (ThinkException) 非法操作images
[ 2014-07-01T16:45:35+08:00 ] ERR: (ThinkException) 非法操作images
[ 2014-07-01T16:45:37+08:00 ] ERR: (ThinkException) 非法操作images
[ 2014-07-01T16:45:37+08:00 ] ERR: (ThinkException) 非法操作images
[ 2014-07-01T16:46:58+08:00 ] ERR: (ThinkException) 模板不存在[./admin//Tpl/default/Public/success.html]
[ 2014-07-01T16:47:41+08:00 ] ERR: (ThinkException) 非法操作images
[ 2014-07-01T16:47:41+08:00 ] ERR: (ThinkException) 非法操作images
[ 2014-07-01T16:48:17+08:00 ] ERR: (ThinkException) 非法操作images
[ 2014-07-01T16:48:17+08:00 ] ERR: (ThinkException) 非法操作images
[ 2014-07-01T16:48:35+08:00 ] ERR: (ThinkException) 非法操作js
[ 2014-07-01T16:48:35+08:00 ] ERR: (ThinkException) 非法操作js
[ 2014-07-01T16:58:17+08:00 ] ERR: (ThinkException) 非法操作js
[ 2014-07-01T16:58:17+08:00 ] ERR: (ThinkException) 非法操作js
[ 2014-07-01T17:02:57+08:00 ] ERR: (ThinkException) 非法操作js
[ 2014-07-01T17:02:57+08:00 ] ERR: (ThinkException) 非法操作js
[ 2014-07-01T17:02:58+08:00 ] ERR: (ThinkException) 非法操作Public
[ 2014-07-01T17:02:58+08:00 ] ERR: (ThinkException) 非法操作Public
[ 2014-07-01T17:02:58+08:00 ] ERR: (ThinkException) 非法操作Public
[ 2014-07-01T17:02:58+08:00 ] ERR: (ThinkException) 非法操作Public
[ 2014-07-01T17:02:58+08:00 ] ERR: (ThinkException) 非法操作Public
[ 2014-07-01T17:04:08+08:00 ] ERR: (ThinkException) 无法加载模块Public
[ 2014-07-01T17:04:08+08:00 ] ERR: (ThinkException) 无法加载模块Public
[ 2014-07-01T17:04:08+08:00 ] ERR: (ThinkException) 无法加载模块Public
[ 2014-07-01T17:04:08+08:00 ] ERR: (ThinkException) 无法加载模块Public
[ 2014-07-01T17:04:08+08:00 ] ERR: (ThinkException) 无法加载模块Public
[ 2014-07-01T17:04:23+08:00 ] ERR: (ThinkException) 无法加载模块Public
[ 2014-07-01T17:05:21+08:00 ] ERR: (ThinkException) 非法操作js
[ 2014-07-01T17:05:21+08:00 ] ERR: (ThinkException) 非法操作js
[ 2014-07-01T17:05:42+08:00 ] ERR: (ThinkException) 无法加载模块Public
[ 2014-07-01T17:05:42+08:00 ] ERR: (ThinkException) 无法加载模块Public
[ 2014-07-01T17:05:42+08:00 ] ERR: (ThinkException) 无法加载模块Public
[ 2014-07-01T17:05:42+08:00 ] ERR: (ThinkException) 无法加载模块Public
[ 2014-07-01T17:05:42+08:00 ] ERR: (ThinkException) 无法加载模块Public
[ 2014-07-01T17:05:42+08:00 ] ERR: (ThinkException) 无法加载模块Public
[ 2014-07-01T17:07:29+08:00 ] ERR: (ThinkException) 非法操作js
[ 2014-07-01T17:07:29+08:00 ] ERR: (ThinkException) 非法操作js
[ 2014-07-01T17:12:13+08:00 ] ERR: (ThinkException) 非法操作images
[ 2014-07-01T17:12:13+08:00 ] ERR: (ThinkException) 非法操作images
[ 2014-07-01T17:14:06+08:00 ] ERR: (ThinkException) 非法操作js
[ 2014-07-01T17:14:06+08:00 ] ERR: (ThinkException) 非法操作js
[ 2014-07-01T17:19:40+08:00 ] ERR: (ThinkException) 非法操作images
[ 2014-07-01T17:19:40+08:00 ] ERR: (ThinkException) 非法操作images
[ 2014-07-01T17:20:05+08:00 ] ERR: (ThinkException) 非法操作images
[ 2014-07-01T17:20:05+08:00 ] ERR: (ThinkException) 非法操作images
[ 2014-07-01T17:21:34+08:00 ] ERR: (ThinkException) 非法操作js
[ 2014-07-01T17:21:34+08:00 ] ERR: (ThinkException) 非法操作js
[ 2014-07-01T17:33:24+08:00 ] ERR: (ThinkException) 非法操作js
[ 2014-07-01T17:33:24+08:00 ] ERR: (ThinkException) 非法操作js
