[ 2014-06-30T08:42:29+08:00 ] ERR: (ThinkException) 非法操作css
[ 2014-06-30T08:42:29+08:00 ] ERR: (ThinkException) 非法操作css
[ 2014-06-30T08:42:29+08:00 ] ERR: (ThinkException) 非法操作css
[ 2014-06-30T08:42:29+08:00 ] ERR: (ThinkException) 非法操作img
[ 2014-06-30T08:42:29+08:00 ] ERR: (ThinkException) 非法操作js
[ 2014-06-30T08:42:29+08:00 ] ERR: (ThinkException) 非法操作js
[ 2014-06-30T08:42:29+08:00 ] ERR: (ThinkException) 非法操作img
[ 2014-06-30T08:42:29+08:00 ] ERR: (ThinkException) 非法操作img
[ 2014-06-30T08:42:31+08:00 ] ERR: (ThinkException) 非法操作img
[ 2014-06-30T08:44:13+08:00 ] ERR: (ThinkException) 非法操作css
[ 2014-06-30T08:44:13+08:00 ] ERR: (ThinkException) 非法操作css
[ 2014-06-30T08:44:13+08:00 ] ERR: (ThinkException) 非法操作css
[ 2014-06-30T08:44:13+08:00 ] ERR: (ThinkException) 非法操作js
[ 2014-06-30T08:44:13+08:00 ] ERR: (ThinkException) 非法操作img
[ 2014-06-30T08:44:13+08:00 ] ERR: (ThinkException) 非法操作js
[ 2014-06-30T08:44:13+08:00 ] ERR: (ThinkException) 非法操作img
[ 2014-06-30T08:44:13+08:00 ] ERR: (ThinkException) 非法操作img
[ 2014-06-30T08:44:13+08:00 ] ERR: (ThinkException) 非法操作img
[ 2014-06-30T08:44:19+08:00 ] ERR: (ThinkException) 非法操作css
[ 2014-06-30T08:44:19+08:00 ] ERR: (ThinkException) 非法操作css
[ 2014-06-30T08:44:19+08:00 ] ERR: (ThinkException) 非法操作css
[ 2014-06-30T08:44:19+08:00 ] ERR: (ThinkException) 非法操作js
[ 2014-06-30T08:44:19+08:00 ] ERR: (ThinkException) 非法操作img
[ 2014-06-30T08:44:19+08:00 ] ERR: (ThinkException) 非法操作img
[ 2014-06-30T08:44:19+08:00 ] ERR: (ThinkException) 非法操作js
[ 2014-06-30T08:44:19+08:00 ] ERR: (ThinkException) 非法操作img
[ 2014-06-30T08:44:19+08:00 ] ERR: (ThinkException) 非法操作img
[ 2014-06-30T08:44:19+08:00 ] ERR: (ThinkException) 非法操作img
[ 2014-06-30T08:44:49+08:00 ] ERR: (ThinkException) 非法操作css
[ 2014-06-30T08:44:49+08:00 ] ERR: (ThinkException) 非法操作css
[ 2014-06-30T08:44:49+08:00 ] ERR: (ThinkException) 非法操作css
[ 2014-06-30T08:44:49+08:00 ] ERR: (ThinkException) 非法操作js
[ 2014-06-30T08:44:49+08:00 ] ERR: (ThinkException) 非法操作js
[ 2014-06-30T08:44:49+08:00 ] ERR: (ThinkException) 非法操作img
[ 2014-06-30T08:44:49+08:00 ] ERR: (ThinkException) 非法操作img
[ 2014-06-30T08:44:49+08:00 ] ERR: (ThinkException) 非法操作img
[ 2014-06-30T08:48:43+08:00 ] ERR: (ThinkException) 非法操作css
[ 2014-06-30T08:48:43+08:00 ] ERR: (ThinkException) 非法操作css
[ 2014-06-30T08:48:43+08:00 ] ERR: (ThinkException) 非法操作css
[ 2014-06-30T08:48:43+08:00 ] ERR: (ThinkException) 非法操作js
[ 2014-06-30T08:48:43+08:00 ] ERR: (ThinkException) 非法操作js
[ 2014-06-30T08:48:43+08:00 ] ERR: (ThinkException) 非法操作img
[ 2014-06-30T08:48:43+08:00 ] ERR: (ThinkException) 非法操作img
[ 2014-06-30T08:48:43+08:00 ] ERR: (ThinkException) 非法操作img
[ 2014-06-30T08:48:43+08:00 ] ERR: (ThinkException) 非法操作img
[ 2014-06-30T08:49:25+08:00 ] ERR: (ThinkException) 非法操作css
[ 2014-06-30T08:49:26+08:00 ] ERR: (ThinkException) 非法操作js
[ 2014-06-30T08:49:26+08:00 ] ERR: (ThinkException) 非法操作img
[ 2014-06-30T08:49:26+08:00 ] ERR: (ThinkException) 非法操作css
[ 2014-06-30T08:49:26+08:00 ] ERR: (ThinkException) 非法操作js
[ 2014-06-30T08:49:26+08:00 ] ERR: (ThinkException) 非法操作img
[ 2014-06-30T08:49:26+08:00 ] ERR: (ThinkException) 非法操作img
[ 2014-06-30T08:49:26+08:00 ] ERR: (ThinkException) 非法操作img
[ 2014-06-30T08:57:58+08:00 ] ERR: (ThinkException) 非法操作js
[ 2014-06-30T08:57:58+08:00 ] ERR: (ThinkException) 非法操作js
[ 2014-06-30T08:58:13+08:00 ] ERR: (ThinkException) 非法操作js
[ 2014-06-30T08:58:13+08:00 ] ERR: (ThinkException) 非法操作js
[ 2014-06-30T09:04:20+08:00 ] ERR: (ThinkException) 非法操作Login
[ 2014-06-30T09:14:03+08:00 ] ERR: (ThinkException) 无法加载模块Public
[ 2014-06-30T09:14:56+08:00 ] ERR: (ThinkException) 无法加载模块Public
[ 2014-06-30T09:14:57+08:00 ] ERR: (ThinkException) 无法加载模块Public
[ 2014-06-30T09:14:57+08:00 ] ERR: (ThinkException) 无法加载模块Public
[ 2014-06-30T09:14:57+08:00 ] ERR: (ThinkException) 无法加载模块Public
[ 2014-06-30T09:14:57+08:00 ] ERR: (ThinkException) 无法加载模块Public
[ 2014-06-30T09:14:57+08:00 ] ERR: (ThinkException) 无法加载模块Public
[ 2014-06-30T09:19:19+08:00 ] ERR: (ThinkException) 无法加载模块Public
[ 2014-06-30T09:19:20+08:00 ] ERR: (ThinkException) 无法加载模块Public
[ 2014-06-30T09:19:20+08:00 ] ERR: (ThinkException) 无法加载模块Public
[ 2014-06-30T09:19:20+08:00 ] ERR: (ThinkException) 无法加载模块Public
[ 2014-06-30T09:19:20+08:00 ] ERR: (ThinkException) 无法加载模块Public
[ 2014-06-30T09:20:31+08:00 ] ERR: (ThinkException) 无法加载模块CodeVerify
[ 2014-06-30T09:20:32+08:00 ] ERR: (ThinkException) 无法加载模块CodeVerify
[ 2014-06-30T09:20:32+08:00 ] ERR: (ThinkException) 无法加载模块CodeVerify
[ 2014-06-30T09:20:32+08:00 ] ERR: (ThinkException) 无法加载模块CodeVerify
[ 2014-06-30T09:20:32+08:00 ] ERR: (ThinkException) 无法加载模块CodeVerify
[ 2014-06-30T09:32:44+08:00 ] ERR: (ThinkException) 非法操作js
[ 2014-06-30T09:32:44+08:00 ] ERR: (ThinkException) 非法操作js
[ 2014-06-30T09:45:24+08:00 ] ERR: (ThinkException) 非法操作js
[ 2014-06-30T09:45:24+08:00 ] ERR: (ThinkException) 非法操作js
[ 2014-06-30T09:45:50+08:00 ] ERR: (ThinkException) 无法加载模块registration.html
[ 2014-06-30T10:21:00+08:00 ] ERR: (ThinkException) 无法加载模块Public
[ 2014-06-30T10:21:04+08:00 ] ERR: (ThinkException) 无法加载模块Public
[ 2014-06-30T10:21:05+08:00 ] ERR: (ThinkException) 无法加载模块Public
[ 2014-06-30T10:21:05+08:00 ] ERR: (ThinkException) 无法加载模块Public
[ 2014-06-30T10:21:05+08:00 ] ERR: (ThinkException) 无法加载模块Public
[ 2014-06-30T10:21:08+08:00 ] ERR: (ThinkException) 无法加载模块Public
[ 2014-06-30T10:21:37+08:00 ] ERR: (ThinkException) 无法加载模块Public
[ 2014-06-30T10:21:38+08:00 ] ERR: (ThinkException) 无法加载模块Public
[ 2014-06-30T10:21:38+08:00 ] ERR: (ThinkException) 无法加载模块Public
[ 2014-06-30T10:21:38+08:00 ] ERR: (ThinkException) 无法加载模块Public
[ 2014-06-30T10:21:38+08:00 ] ERR: (ThinkException) 无法加载模块Public
[ 2014-06-30T10:21:39+08:00 ] ERR: (ThinkException) 无法加载模块Public
[ 2014-06-30T10:21:39+08:00 ] ERR: (ThinkException) 无法加载模块Public
[ 2014-06-30T10:23:06+08:00 ] ERR: (ThinkException) 无法加载模块Public
[ 2014-06-30T10:23:07+08:00 ] ERR: (ThinkException) 无法加载模块Public
[ 2014-06-30T10:23:07+08:00 ] ERR: (ThinkException) 无法加载模块Public
[ 2014-06-30T10:23:07+08:00 ] ERR: (ThinkException) 无法加载模块Public
[ 2014-06-30T10:23:07+08:00 ] ERR: (ThinkException) 无法加载模块Public
[ 2014-06-30T12:02:01+08:00 ] ERR: (ThinkException) 非法操作index.html
[ 2014-06-30T13:55:02+08:00 ] ERR: (ThinkException) 无法加载模块Pl
[ 2014-06-30T14:57:08+08:00 ] ERR: (ThinkException) 非法操作js
[ 2014-06-30T14:57:08+08:00 ] ERR: (ThinkException) 非法操作js
[ 2014-06-30T14:57:15+08:00 ] ERR: (ThinkException) 非法操作about.html
[ 2014-06-30T14:57:22+08:00 ] ERR: (ThinkException) 非法操作index.html
[ 2014-06-30T14:57:25+08:00 ] ERR: (ThinkException) 非法操作about.html
[ 2014-06-30T14:57:33+08:00 ] ERR: (ThinkException) 无法加载模块about.html
[ 2014-06-30T15:16:53+08:00 ] ERR: (ThinkException) 无法加载模块registration.html
[ 2014-06-30T15:21:52+08:00 ] ERR: (ThinkException) 无法加载模块about.html
[ 2014-06-30T15:22:30+08:00 ] ERR: (ThinkException) 无法加载模块left.html
[ 2014-06-30T15:32:55+08:00 ] ERR: (ThinkException) 无法加载模块60,*
[ 2014-06-30T15:34:24+08:00 ] ERR: (ThinkException) 非法操作top
[ 2014-06-30T15:34:24+08:00 ] ERR: (ThinkException) 非法操作mainfra
[ 2014-06-30T15:35:08+08:00 ] ERR: (ThinkException) 非法操作mainfra
[ 2014-06-30T15:35:40+08:00 ] ERR: (ThinkException) 非法操作mainfra
[ 2014-06-30T15:35:43+08:00 ] ERR: (ThinkException) 非法操作mainfra
[ 2014-06-30T15:35:43+08:00 ] ERR: (ThinkException) 非法操作mainfra
[ 2014-06-30T15:35:49+08:00 ] ERR: (ThinkException) 非法操作mainfra
[ 2014-06-30T15:36:17+08:00 ] ERR: (ThinkException) 非法操作mainfra
[ 2014-06-30T15:36:17+08:00 ] ERR: (ThinkException) 非法操作mainfra
[ 2014-06-30T15:36:17+08:00 ] ERR: (ThinkException) 非法操作mainfra
[ 2014-06-30T15:36:31+08:00 ] ERR: (ThinkException) 非法操作mainfra
[ 2014-06-30T15:36:48+08:00 ] ERR: (ThinkException) 非法操作mainfra
[ 2014-06-30T15:36:49+08:00 ] ERR: (ThinkException) 非法操作mainfra
[ 2014-06-30T15:36:49+08:00 ] ERR: (ThinkException) 非法操作mainfra
[ 2014-06-30T15:36:49+08:00 ] ERR: (ThinkException) 非法操作mainfra
[ 2014-06-30T15:36:50+08:00 ] ERR: (ThinkException) 非法操作mainfra
[ 2014-06-30T15:36:50+08:00 ] ERR: (ThinkException) 非法操作mainfra
[ 2014-06-30T15:36:50+08:00 ] ERR: (ThinkException) 非法操作mainfra
[ 2014-06-30T15:36:50+08:00 ] ERR: (ThinkException) 非法操作mainfra
[ 2014-06-30T15:36:51+08:00 ] ERR: (ThinkException) 非法操作mainfra
[ 2014-06-30T15:36:51+08:00 ] ERR: (ThinkException) 非法操作mainfra
[ 2014-06-30T15:36:51+08:00 ] ERR: (ThinkException) 非法操作mainfra
[ 2014-06-30T15:36:51+08:00 ] ERR: (ThinkException) 非法操作mainfra
[ 2014-06-30T15:36:51+08:00 ] ERR: (ThinkException) 非法操作mainfra
[ 2014-06-30T15:36:52+08:00 ] ERR: (ThinkException) 非法操作mainfra
[ 2014-06-30T15:36:52+08:00 ] ERR: (ThinkException) 非法操作mainfra
[ 2014-06-30T15:41:45+08:00 ] ERR: (ThinkException) 非法操作top
[ 2014-06-30T15:41:46+08:00 ] ERR: (ThinkException) 非法操作top
[ 2014-06-30T15:41:47+08:00 ] ERR: (ThinkException) 非法操作top
[ 2014-06-30T15:44:11+08:00 ] ERR: (ThinkException) 模板不存在[./admin//Tpl/default/Index/left.html]
[ 2014-06-30T16:11:52+08:00 ] ERR: (ThinkException) 非法操作mainfra.html
[ 2014-06-30T17:06:27+08:00 ] ERR: (ThinkException) 非法操作zszq.html
[ 2014-06-30T17:07:09+08:00 ] ERR: (ThinkException) 非法操作zszq.html
[ 2014-06-30T17:08:13+08:00 ] ERR: (ThinkException) 非法操作zszq.html
[ 2014-06-30T17:08:44+08:00 ] ERR: (ThinkException) 非法操作zszq.html
[ 2014-06-30T17:08:47+08:00 ] ERR: (ThinkException) 非法操作zszq.html
