[ 2014-07-02T09:03:29+08:00 ] ERR: (ThinkException) 非法操作js
[ 2014-07-02T09:03:29+08:00 ] ERR: (ThinkException) 非法操作js
[ 2014-07-02T09:23:43+08:00 ] ERR: (ThinkException) 非法操作js
[ 2014-07-02T09:23:43+08:00 ] ERR: (ThinkException) 非法操作js
[ 2014-07-02T09:25:27+08:00 ] ERR: (ThinkException) 非法操作js
[ 2014-07-02T09:25:27+08:00 ] ERR: (ThinkException) 非法操作js
[ 2014-07-02T09:27:12+08:00 ] ERR: (ThinkException) 非法操作js
[ 2014-07-02T09:27:12+08:00 ] ERR: (ThinkException) 非法操作js
[ 2014-07-02T09:30:28+08:00 ] ERR: (ThinkException) 非法操作lbgl.html
[ 2014-07-02T10:57:45+08:00 ] ERR: (ThinkException) 非法操作js
[ 2014-07-02T10:57:45+08:00 ] ERR: (ThinkException) 非法操作js
[ 2014-07-02T10:57:56+08:00 ] ERR: (ThinkException) 非法操作js
[ 2014-07-02T10:57:56+08:00 ] ERR: (ThinkException) 非法操作js
[ 2014-07-02T11:07:54+08:00 ] ERR: (ThinkException) 非法操作js
[ 2014-07-02T11:07:54+08:00 ] ERR: (ThinkException) 非法操作js
[ 2014-07-02T11:10:55+08:00 ] ERR: (ThinkException) 非法操作js
[ 2014-07-02T11:10:55+08:00 ] ERR: (ThinkException) 非法操作js
[ 2014-07-02T11:11:51+08:00 ] ERR: (ThinkException) 非法操作js
[ 2014-07-02T11:11:51+08:00 ] ERR: (ThinkException) 非法操作js
[ 2014-07-02T11:16:48+08:00 ] ERR: (ThinkException) 非法操作js
[ 2014-07-02T11:16:48+08:00 ] ERR: (ThinkException) 非法操作js
[ 2014-07-02T11:17:21+08:00 ] ERR: (ThinkException) 非法操作js
[ 2014-07-02T11:17:21+08:00 ] ERR: (ThinkException) 非法操作js
[ 2014-07-02T11:36:38+08:00 ] ERR: (ThinkException) 非法操作js
[ 2014-07-02T11:36:38+08:00 ] ERR: (ThinkException) 非法操作js
[ 2014-07-02T11:37:46+08:00 ] ERR: (ThinkException) 非法操作js
[ 2014-07-02T11:37:46+08:00 ] ERR: (ThinkException) 非法操作js
[ 2014-07-02T11:48:35+08:00 ] ERR: (ThinkException) 非法操作js
[ 2014-07-02T11:48:35+08:00 ] ERR: (ThinkException) 非法操作js
[ 2014-07-02T12:03:02+08:00 ] ERR: (ThinkException) 非法操作__URL__
[ 2014-07-02T12:05:26+08:00 ] ERR: (ThinkException) 非法操作js
[ 2014-07-02T12:05:26+08:00 ] ERR: (ThinkException) 非法操作js
[ 2014-07-02T13:01:19+08:00 ] ERR: (ThinkException) 非法操作js
[ 2014-07-02T13:01:19+08:00 ] ERR: (ThinkException) 非法操作js
[ 2014-07-02T13:01:30+08:00 ] ERR: (ThinkException) 非法操作js
[ 2014-07-02T13:01:30+08:00 ] ERR: (ThinkException) 非法操作js
[ 2014-07-02T13:02:10+08:00 ] ERR: (ThinkException) 非法操作js
[ 2014-07-02T13:02:10+08:00 ] ERR: (ThinkException) 非法操作js
[ 2014-07-02T13:02:27+08:00 ] ERR: (ThinkException) 非法操作js
[ 2014-07-02T13:02:27+08:00 ] ERR: (ThinkException) 非法操作js
[ 2014-07-02T13:05:22+08:00 ] ERR: (ThinkException) 非法操作js
[ 2014-07-02T13:05:22+08:00 ] ERR: (ThinkException) 非法操作js
[ 2014-07-02T13:27:26+08:00 ] ERR: (ThinkException) 非法操作js
[ 2014-07-02T13:27:26+08:00 ] ERR: (ThinkException) 非法操作js
[ 2014-07-02T13:29:58+08:00 ] ERR: (ThinkException) 非法操作js
[ 2014-07-02T13:29:58+08:00 ] ERR: (ThinkException) 非法操作js
[ 2014-07-02T13:56:19+08:00 ] ERR: (ThinkException) 非法操作js
[ 2014-07-02T13:56:19+08:00 ] ERR: (ThinkException) 非法操作js
[ 2014-07-02T13:57:28+08:00 ] ERR: (ThinkException) 非法操作js
[ 2014-07-02T13:57:28+08:00 ] ERR: (ThinkException) 非法操作js
[ 2014-07-02T14:56:37+08:00 ] ERR: (ThinkException) 非法操作js
[ 2014-07-02T14:56:37+08:00 ] ERR: (ThinkException) 非法操作js
[ 2014-07-02T14:59:01+08:00 ] ERR: (ThinkException) 非法操作js
[ 2014-07-02T14:59:01+08:00 ] ERR: (ThinkException) 非法操作js
[ 2014-07-02T15:03:55+08:00 ] ERR: (ThinkException) 非法操作js
[ 2014-07-02T15:03:55+08:00 ] ERR: (ThinkException) 非法操作js
[ 2014-07-02T15:04:16+08:00 ] ERR: (ThinkException) 非法操作js
[ 2014-07-02T15:04:16+08:00 ] ERR: (ThinkException) 非法操作js
[ 2014-07-02T15:06:17+08:00 ] ERR: (ThinkException) 非法操作js
[ 2014-07-02T15:06:18+08:00 ] ERR: (ThinkException) 非法操作js
[ 2014-07-02T15:06:18+08:00 ] ERR: (ThinkException) 非法操作js
[ 2014-07-02T15:06:18+08:00 ] ERR: (ThinkException) 非法操作js
[ 2014-07-02T15:20:57+08:00 ] ERR: (ThinkException) 非法操作js
[ 2014-07-02T15:20:58+08:00 ] ERR: (ThinkException) 非法操作js
[ 2014-07-02T15:22:54+08:00 ] ERR: (ThinkException) 非法操作js
[ 2014-07-02T15:22:54+08:00 ] ERR: (ThinkException) 非法操作js
[ 2014-07-02T15:23:25+08:00 ] ERR: (ThinkException) 非法操作js
[ 2014-07-02T15:23:25+08:00 ] ERR: (ThinkException) 非法操作js
[ 2014-07-02T15:23:40+08:00 ] ERR: (ThinkException) 非法操作js
[ 2014-07-02T15:23:40+08:00 ] ERR: (ThinkException) 非法操作js
[ 2014-07-02T15:23:56+08:00 ] ERR: (ThinkException) 非法操作js
[ 2014-07-02T15:23:56+08:00 ] ERR: (ThinkException) 非法操作js
[ 2014-07-02T15:24:20+08:00 ] ERR: (ThinkException) 非法操作js
[ 2014-07-02T15:24:20+08:00 ] ERR: (ThinkException) 非法操作js
[ 2014-07-02T15:24:50+08:00 ] ERR: (ThinkException) 非法操作js
[ 2014-07-02T15:24:50+08:00 ] ERR: (ThinkException) 非法操作js
[ 2014-07-02T15:37:36+08:00 ] ERR: (ThinkException) 非法操作js
[ 2014-07-02T15:37:37+08:00 ] ERR: (ThinkException) 非法操作js
[ 2014-07-02T15:40:52+08:00 ] ERR: (ThinkException) 模板不存在[./admin//Tpl/default/Public/success.html]
[ 2014-07-02T15:41:00+08:00 ] ERR: (ThinkException) 非法操作js
[ 2014-07-02T15:41:00+08:00 ] ERR: (ThinkException) 非法操作js
[ 2014-07-02T15:41:40+08:00 ] ERR: (ThinkException) 模板不存在[./admin//Tpl/default/Public/success.html]
[ 2014-07-02T15:41:45+08:00 ] ERR: (ThinkException) 模板不存在[./admin//Tpl/default/Public/success.html]
[ 2014-07-02T15:41:46+08:00 ] ERR: (ThinkException) 模板不存在[./admin//Tpl/default/Public/success.html]
[ 2014-07-02T15:42:23+08:00 ] ERR: (ThinkException) 非法操作js
[ 2014-07-02T15:42:23+08:00 ] ERR: (ThinkException) 非法操作js
[ 2014-07-02T15:42:28+08:00 ] ERR: (ThinkException) 模板不存在[./admin//Tpl/default/Public/success.html]
[ 2014-07-02T15:42:50+08:00 ] ERR: (ThinkException) 非法操作js
[ 2014-07-02T15:42:50+08:00 ] ERR: (ThinkException) 非法操作js
[ 2014-07-02T15:43:33+08:00 ] ERR: (ThinkException) 非法操作js
[ 2014-07-02T15:43:33+08:00 ] ERR: (ThinkException) 非法操作js
[ 2014-07-02T15:51:49+08:00 ] ERR: (ThinkException) 非法操作js
[ 2014-07-02T15:51:49+08:00 ] ERR: (ThinkException) 非法操作js
[ 2014-07-02T15:55:07+08:00 ] ERR: (ThinkException) 非法操作js
[ 2014-07-02T15:55:07+08:00 ] ERR: (ThinkException) 非法操作js
[ 2014-07-02T15:55:30+08:00 ] ERR: (ThinkException) 非法操作js
[ 2014-07-02T15:55:30+08:00 ] ERR: (ThinkException) 非法操作js
[ 2014-07-02T16:10:54+08:00 ] ERR: (ThinkException) 非法操作js
[ 2014-07-02T16:10:54+08:00 ] ERR: (ThinkException) 非法操作js
[ 2014-07-02T16:13:29+08:00 ] ERR: (ThinkException) 非法操作js
[ 2014-07-02T16:13:29+08:00 ] ERR: (ThinkException) 非法操作js
[ 2014-07-02T16:15:20+08:00 ] ERR: (ThinkException) 非法操作js
[ 2014-07-02T16:15:20+08:00 ] ERR: (ThinkException) 非法操作js
[ 2014-07-02T16:16:20+08:00 ] ERR: (ThinkException) Action:"http您所请求的方法不存在！
[ 2014-07-02T16:16:57+08:00 ] ERR: (ThinkException) 非法操作js
[ 2014-07-02T16:27:21+08:00 ] ERR: (ThinkException) 非法操作js
[ 2014-07-02T16:27:21+08:00 ] ERR: (ThinkException) 非法操作js
[ 2014-07-02T16:35:58+08:00 ] ERR: (ThinkException) 非法操作js
[ 2014-07-02T16:35:58+08:00 ] ERR: (ThinkException) 非法操作js
[ 2014-07-02T16:36:59+08:00 ] ERR: (ThinkException) 非法操作js
[ 2014-07-02T16:36:59+08:00 ] ERR: (ThinkException) 非法操作js
[ 2014-07-02T16:38:49+08:00 ] ERR: (ThinkException) 非法操作js
[ 2014-07-02T16:38:49+08:00 ] ERR: (ThinkException) 非法操作js
[ 2014-07-02T16:41:30+08:00 ] ERR: (ThinkException) 非法操作js
[ 2014-07-02T16:41:30+08:00 ] ERR: (ThinkException) 非法操作js
[ 2014-07-02T16:56:03+08:00 ] ERR: (ThinkException) 非法操作js
[ 2014-07-02T16:56:03+08:00 ] ERR: (ThinkException) 非法操作js
[ 2014-07-02T16:59:20+08:00 ] ERR: (ThinkException) 非法操作js
[ 2014-07-02T16:59:20+08:00 ] ERR: (ThinkException) 非法操作js
[ 2014-07-02T17:02:10+08:00 ] ERR: (ThinkException) 非法操作js
[ 2014-07-02T17:02:10+08:00 ] ERR: (ThinkException) 非法操作js
[ 2014-07-02T17:09:03+08:00 ] ERR: (ThinkException) 非法操作js
[ 2014-07-02T17:09:03+08:00 ] ERR: (ThinkException) 非法操作js
